2024-08-30 21:25:30,535 [INFO] Activator:176 - 


2024-08-30 21:25:30,559 [INFO] Activator:177 - !SESSION log4j initialized
2024-08-30 21:25:45,231 [INFO] LogOutputStream:77 - [STDOUT_REDIRECT] 
2024-08-30 21:25:55,764 [INFO] ApplicationProperties:184 - Using Application install path: E:\STM32CubeIDE_1.14.1\STM32CubeIDE\plugins\com.st.stm32cube.common.mx_6.10.0.202311202037
2024-08-30 21:25:55,786 [INFO] DbMcusXml:78 - Set database path to: E:\STM32CubeIDE_1.14.1\STM32CubeIDE\plugins\com.st.stm32cube.common.mx_6.10.0.202311202037\\db\/mcu/
2024-08-30 21:25:55,787 [INFO] ApiDb:274 - Set plugin database path to: E:\STM32CubeIDE_1.14.1\STM32CubeIDE\plugins\com.st.stm32cube.common.mx_6.10.0.202311202037\\db\/plugins/boardmanager/
2024-08-30 21:25:55,799 [WARN] ApiDb:259 - Overriding images path with different value:  => E:\STM32CubeIDE_1.14.1\STM32CubeIDE\plugins\com.st.stm32cube.common.mx_6.10.0.202311202037\\db\/plugins/mcufinder/images/
2024-08-30 21:25:55,817 [INFO] ApiDb:250 - Set database path to: C:\Users\Danil\.stmcufinder\plugins\mcufinder//mcu/
2024-08-30 21:25:55,819 [INFO] DbMcusAds:125 - Set database path to: C:\Users\Danil\.stmcufinder\plugins\mcufinder//mcu/
2024-08-30 21:25:55,821 [INFO] CrossReferenceDbSqlite:203 - Set database path to: C:\Users\Danil\.stmcufinder\plugins\mcufinder//mcu/cs/
2024-08-30 21:25:55,952 [INFO] RulesReader:64 - Compatibility file has been processed (297 Rules)
2024-08-30 21:25:56,037 [INFO] DbMcusXml:78 - Set database path to: E:\STM32CubeIDE_1.14.1\STM32CubeIDE\plugins\com.st.stm32cube.common.mx_6.10.0.202311202037\\db\/mcu/
2024-08-30 21:25:56,037 [INFO] ApiDb:274 - Set plugin database path to: E:\STM32CubeIDE_1.14.1\STM32CubeIDE\plugins\com.st.stm32cube.common.mx_6.10.0.202311202037\\db\/plugins/boardmanager/
2024-08-30 21:25:56,037 [INFO] ApiDb:261 - Set plugin images path to: E:\STM32CubeIDE_1.14.1\STM32CubeIDE\plugins\com.st.stm32cube.common.mx_6.10.0.202311202037\\db\/plugins/mcufinder/images/
2024-08-30 21:25:56,037 [WARN] DbFile:41 - Overriding database path with different value: C:\Users\Danil\.stmcufinder\plugins\mcufinder/ => C:\Users\Danil\.stmcufinder\plugins\mcufinder
2024-08-30 21:25:56,037 [INFO] ApiDb:250 - Set database path to: C:\Users\Danil\.stmcufinder\plugins\mcufinder//mcu/
2024-08-30 21:25:56,037 [WARN] DbFile:41 - Overriding database path with different value: C:\Users\Danil\.stmcufinder\plugins\mcufinder/ => C:\Users\Danil\.stmcufinder\plugins\mcufinder
2024-08-30 21:25:56,038 [INFO] DbMcusAds:125 - Set database path to: C:\Users\Danil\.stmcufinder\plugins\mcufinder//mcu/
2024-08-30 21:25:56,038 [WARN] DbFile:41 - Overriding database path with different value: C:\Users\Danil\.stmcufinder\plugins\mcufinder/ => C:\Users\Danil\.stmcufinder\plugins\mcufinder
2024-08-30 21:25:56,038 [WARN] DbFile:41 - Overriding database path with different value: C:\Users\Danil\.stmcufinder\plugins\mcufinder/ => C:\Users\Danil\.stmcufinder\plugins\mcufinder
2024-08-30 21:25:56,038 [INFO] CrossReferenceDbSqlite:203 - Set database path to: C:\Users\Danil\.stmcufinder\plugins\mcufinder//mcu/cs/
2024-08-30 21:25:56,114 [INFO] MainPanel:264 - HeapMemory: 268435456
2024-08-30 21:25:56,216 [INFO] DbMcusXml:78 - Set database path to: E:\STM32CubeIDE_1.14.1\STM32CubeIDE\plugins\com.st.stm32cube.common.mx_6.10.0.202311202037\\db\/mcu/
2024-08-30 21:25:56,216 [INFO] ApiDb:274 - Set plugin database path to: E:\STM32CubeIDE_1.14.1\STM32CubeIDE\plugins\com.st.stm32cube.common.mx_6.10.0.202311202037\\db\/plugins/boardmanager/
2024-08-30 21:25:56,216 [INFO] ApiDb:261 - Set plugin images path to: E:\STM32CubeIDE_1.14.1\STM32CubeIDE\plugins\com.st.stm32cube.common.mx_6.10.0.202311202037\\db\/plugins/mcufinder/images/
2024-08-30 21:25:56,217 [WARN] DbFile:41 - Overriding database path with different value: C:\Users\Danil\.stmcufinder\plugins\mcufinder/ => C:\Users\Danil\.stmcufinder\plugins\mcufinder
2024-08-30 21:25:56,217 [INFO] ApiDb:250 - Set database path to: C:\Users\Danil\.stmcufinder\plugins\mcufinder//mcu/
2024-08-30 21:25:56,217 [WARN] DbFile:41 - Overriding database path with different value: C:\Users\Danil\.stmcufinder\plugins\mcufinder/ => C:\Users\Danil\.stmcufinder\plugins\mcufinder
2024-08-30 21:25:56,217 [INFO] DbMcusAds:125 - Set database path to: C:\Users\Danil\.stmcufinder\plugins\mcufinder//mcu/
2024-08-30 21:25:56,217 [WARN] DbFile:41 - Overriding database path with different value: C:\Users\Danil\.stmcufinder\plugins\mcufinder/ => C:\Users\Danil\.stmcufinder\plugins\mcufinder
2024-08-30 21:25:56,217 [WARN] DbFile:41 - Overriding database path with different value: C:\Users\Danil\.stmcufinder\plugins\mcufinder/ => C:\Users\Danil\.stmcufinder\plugins\mcufinder
2024-08-30 21:25:56,217 [INFO] CrossReferenceDbSqlite:203 - Set database path to: C:\Users\Danil\.stmcufinder\plugins\mcufinder//mcu/cs/
2024-08-30 21:25:56,237 [INFO] ApplicationProperties:184 - Using Application install path: E:\STM32CubeIDE_1.14.1\STM32CubeIDE\plugins\com.st.stm32cube.common.mx_6.10.0.202311202037
2024-08-30 21:25:56,239 [INFO] PluginManage:196 - Search for loadable plugins [exclusion list=, ]
2024-08-30 21:25:56,240 [INFO] PluginManage:310 - Check plugin analytics
2024-08-30 21:25:56,437 [INFO] AnalyticsPlugin:253 - Accepted Software Licenses: 
2024-08-30 21:25:56,437 [INFO] AnalyticsPlugin:255 - Accepted CMSIS Pack Licenses: 
2024-08-30 21:25:56,438 [INFO] AnalyticsPlugin:257 - Accepted Firmware Licenses: FW.F4.1.28.0
2024-08-30 21:25:56,440 [INFO] PluginManage:359 - Loaded plugin analytics (category:tool,tabindex:-1)
2024-08-30 21:25:56,440 [INFO] PluginManage:310 - Check plugin cadmodel
2024-08-30 21:25:56,450 [INFO] CADModel:105 - Init CAD model plugin
2024-08-30 21:25:56,450 [INFO] PluginManage:359 - Loaded plugin cadmodel (category:power,tabindex:5)
2024-08-30 21:25:56,451 [INFO] PluginManage:310 - Check plugin clock
2024-08-30 21:25:56,467 [INFO] PluginManage:359 - Loaded plugin clock (category:base,tabindex:2)
2024-08-30 21:25:56,467 [INFO] PluginManage:310 - Check plugin ddr
2024-08-30 21:25:56,470 [INFO] PluginManage:359 - Loaded plugin ddr (category:tool,tabindex:6)
2024-08-30 21:25:56,470 [INFO] PluginManage:310 - Check plugin filemanager
2024-08-30 21:25:56,677 [INFO] PluginManage:359 - Loaded plugin filemanager (category:base,tabindex:10)
2024-08-30 21:25:56,677 [INFO] PluginManage:310 - Check plugin ipmanager
2024-08-30 21:25:56,685 [INFO] PluginManage:359 - Loaded plugin ipmanager (category:base,tabindex:5)
2024-08-30 21:25:56,685 [INFO] PluginManage:310 - Check plugin lpbam
2024-08-30 21:25:56,695 [INFO] PluginManage:359 - Loaded plugin lpbam (category:base,tabindex:0)
2024-08-30 21:25:56,696 [INFO] PluginManage:310 - Check plugin memorymap
2024-08-30 21:25:56,715 [INFO] PluginManage:359 - Loaded plugin memorymap (category:base,tabindex:4)
2024-08-30 21:25:56,715 [INFO] PluginManage:310 - Check plugin pinoutandconfiguration
2024-08-30 21:25:56,725 [INFO] PluginManage:359 - Loaded plugin pinoutandconfiguration (category:base,tabindex:1)
2024-08-30 21:25:56,725 [INFO] PluginManage:310 - Check plugin pinoutconfig
2024-08-30 21:25:56,819 [WARN] SupportedApi:132 - Cannot load RTOS API schema: s4s-elt-must-match.1: The content of 'definitions' must match (annotation?, (simpleType | complexType)?, (unique | key | keyref)*)). A problem was found starting at: attribute.
2024-08-30 21:25:56,962 [INFO] PluginManage:359 - Loaded plugin pinoutconfig (category:base,tabindex:0)
2024-08-30 21:25:56,962 [INFO] PluginManage:310 - Check plugin power
2024-08-30 21:25:56,977 [INFO] PluginManage:359 - Loaded plugin power (category:power,tabindex:4)
2024-08-30 21:25:56,977 [INFO] PluginManage:310 - Check plugin projectmanager
2024-08-30 21:25:56,995 [INFO] PluginManage:359 - Loaded plugin projectmanager (category:projectmanager,tabindex:3)
2024-08-30 21:25:56,995 [INFO] PluginManage:310 - Check plugin thirdparty
2024-08-30 21:25:57,155 [INFO] PluginManage:359 - Loaded plugin thirdparty (category:base,tabindex:-1)
2024-08-30 21:25:57,155 [WARN] IntegrityCheckThread:84 - waiting for thirdparty lock release [integrity check]
2024-08-30 21:25:57,155 [INFO] PluginManage:310 - Check plugin tools
2024-08-30 21:25:57,155 [INFO] IntegrityCheckThread:86 - entering critical section [integrity check]
2024-08-30 21:25:57,155 [INFO] ThirdPartyUpdaterWithRetryManager:70 - Updater plugin not ready yet. [1/15]
2024-08-30 21:25:57,158 [INFO] PluginManage:359 - Loaded plugin tools (category:base,tabindex:7)
2024-08-30 21:25:57,159 [INFO] PluginManage:310 - Check plugin tutovideos
2024-08-30 21:25:57,346 [INFO] PluginManage:359 - Loaded plugin tutovideos (category:base,tabindex:-1)
2024-08-30 21:25:57,346 [INFO] PluginManage:310 - Check plugin updater
2024-08-30 21:25:57,359 [INFO] PluginManage:359 - Loaded plugin updater (category:base,tabindex:12)
2024-08-30 21:25:57,359 [INFO] PluginManage:310 - Check plugin userauth
2024-08-30 21:25:57,365 [INFO] UserAuth:114 - Init User Auth plugin
2024-08-30 21:25:57,365 [INFO] PluginManage:359 - Loaded plugin userauth (category:base,tabindex:14)
2024-08-30 21:25:57,366 [INFO] PluginManage:283 - PluginManage : Loaded plugins [17]
2024-08-30 21:25:57,586 [INFO] PinOutPanel:1499 - setPackage(No Configuration,No Configuration)
2024-08-30 21:25:57,694 [INFO] CADModel:165 - CPN selected for project level
2024-08-30 21:25:57,694 [INFO] CADModel:114 - Register for checkConnection events
2024-08-30 21:25:57,716 [INFO] IPUIPlugin:80 - create IPUIPlugin
2024-08-30 21:25:57,716 [INFO] PluginManager:220 - loadIPPluginJar : add adc
2024-08-30 21:25:57,720 [INFO] IPUIPlugin:80 - create IPUIPlugin
2024-08-30 21:25:57,720 [INFO] PluginManager:220 - loadIPPluginJar : add aes
2024-08-30 21:25:57,724 [INFO] IPUIPlugin:80 - create IPUIPlugin
2024-08-30 21:25:57,725 [INFO] PluginManager:220 - loadIPPluginJar : add can
2024-08-30 21:25:57,727 [INFO] IPUIPlugin:80 - create IPUIPlugin
2024-08-30 21:25:57,727 [INFO] PluginManager:220 - loadIPPluginJar : add comp
2024-08-30 21:25:57,731 [INFO] IPUIPlugin:80 - create IPUIPlugin
2024-08-30 21:25:57,731 [INFO] PluginManager:220 - loadIPPluginJar : add cryp
2024-08-30 21:25:57,734 [INFO] IPUIPlugin:80 - create IPUIPlugin
2024-08-30 21:25:57,734 [INFO] PluginManager:220 - loadIPPluginJar : add dfsdm
2024-08-30 21:25:57,741 [INFO] IPUIPlugin:80 - create IPUIPlugin
2024-08-30 21:25:57,742 [INFO] PluginManager:220 - loadIPPluginJar : add dma
2024-08-30 21:25:57,745 [INFO] IPUIPlugin:80 - create IPUIPlugin
2024-08-30 21:25:57,745 [INFO] PluginManager:220 - loadIPPluginJar : add dma3
2024-08-30 21:25:57,748 [INFO] IPUIPlugin:80 - create IPUIPlugin
2024-08-30 21:25:57,748 [INFO] PluginManager:220 - loadIPPluginJar : add fatfs
2024-08-30 21:25:57,753 [INFO] IPUIPlugin:80 - create IPUIPlugin
2024-08-30 21:25:57,753 [INFO] PluginManager:220 - loadIPPluginJar : add fmc
2024-08-30 21:25:57,759 [INFO] IPUIPlugin:80 - create IPUIPlugin
2024-08-30 21:25:57,759 [INFO] PluginManager:220 - loadIPPluginJar : add freertos
2024-08-30 21:25:57,762 [INFO] IPUIPlugin:80 - create IPUIPlugin
2024-08-30 21:25:57,762 [INFO] PluginManager:220 - loadIPPluginJar : add genericplugin
2024-08-30 21:25:57,765 [INFO] IPUIPlugin:80 - create IPUIPlugin
2024-08-30 21:25:57,765 [INFO] PluginManager:220 - loadIPPluginJar : add gfxmmu
2024-08-30 21:25:57,771 [INFO] IPUIPlugin:80 - create IPUIPlugin
2024-08-30 21:25:57,771 [INFO] PluginManager:220 - loadIPPluginJar : add gic
2024-08-30 21:25:57,777 [INFO] IPUIPlugin:80 - create IPUIPlugin
2024-08-30 21:25:57,777 [INFO] PluginManager:220 - loadIPPluginJar : add gpio
2024-08-30 21:25:57,781 [INFO] IPUIPlugin:80 - create IPUIPlugin
2024-08-30 21:25:57,781 [INFO] PluginManager:220 - loadIPPluginJar : add gtzc
2024-08-30 21:25:57,785 [INFO] IPUIPlugin:80 - create IPUIPlugin
2024-08-30 21:25:57,785 [INFO] PluginManager:220 - loadIPPluginJar : add hash
2024-08-30 21:25:57,789 [INFO] IPUIPlugin:80 - create IPUIPlugin
2024-08-30 21:25:57,789 [INFO] PluginManager:220 - loadIPPluginJar : add i2c
2024-08-30 21:25:57,793 [INFO] IPUIPlugin:80 - create IPUIPlugin
2024-08-30 21:25:57,793 [INFO] PluginManager:220 - loadIPPluginJar : add i2s
2024-08-30 21:25:57,797 [INFO] IPUIPlugin:80 - create IPUIPlugin
2024-08-30 21:25:57,797 [INFO] PluginManager:220 - loadIPPluginJar : add i3c
2024-08-30 21:25:57,801 [INFO] IPUIPlugin:80 - create IPUIPlugin
2024-08-30 21:25:57,801 [INFO] PluginManager:220 - loadIPPluginJar : add ipddr
2024-08-30 21:25:57,810 [INFO] IPUIPlugin:80 - create IPUIPlugin
2024-08-30 21:25:57,810 [INFO] PluginManager:220 - loadIPPluginJar : add linkedlist
2024-08-30 21:25:57,814 [INFO] IPUIPlugin:80 - create IPUIPlugin
2024-08-30 21:25:57,814 [INFO] PluginManager:220 - loadIPPluginJar : add lorawan
2024-08-30 21:25:57,817 [INFO] IPUIPlugin:80 - create IPUIPlugin
2024-08-30 21:25:57,817 [INFO] PluginManager:220 - loadIPPluginJar : add ltdc
2024-08-30 21:25:57,823 [INFO] IPUIPlugin:80 - create IPUIPlugin
2024-08-30 21:25:57,823 [INFO] PluginManager:220 - loadIPPluginJar : add mdma
2024-08-30 21:25:57,828 [INFO] IPUIPlugin:80 - create IPUIPlugin
2024-08-30 21:25:57,829 [INFO] PluginManager:220 - loadIPPluginJar : add nvic
2024-08-30 21:25:57,832 [INFO] IPUIPlugin:80 - create IPUIPlugin
2024-08-30 21:25:57,833 [INFO] PluginManager:220 - loadIPPluginJar : add opamp
2024-08-30 21:25:57,837 [INFO] IPUIPlugin:80 - create IPUIPlugin
2024-08-30 21:25:57,837 [INFO] PluginManager:220 - loadIPPluginJar : add openamp
2024-08-30 21:25:57,841 [INFO] IPUIPlugin:80 - create IPUIPlugin
2024-08-30 21:25:57,841 [INFO] PluginManager:220 - loadIPPluginJar : add pdm2pcm
2024-08-30 21:25:57,848 [INFO] IPUIPlugin:80 - create IPUIPlugin
2024-08-30 21:25:57,850 [INFO] PluginManager:220 - loadIPPluginJar : add plateformsettings
2024-08-30 21:25:57,852 [INFO] IPUIPlugin:80 - create IPUIPlugin
2024-08-30 21:25:57,852 [INFO] PluginManager:220 - loadIPPluginJar : add quadspi
2024-08-30 21:25:57,857 [INFO] IPUIPlugin:80 - create IPUIPlugin
2024-08-30 21:25:57,857 [INFO] PluginManager:220 - loadIPPluginJar : add resmgrutility
2024-08-30 21:25:57,861 [INFO] IPUIPlugin:80 - create IPUIPlugin
2024-08-30 21:25:57,861 [INFO] PluginManager:220 - loadIPPluginJar : add sai
2024-08-30 21:25:57,864 [INFO] IPUIPlugin:80 - create IPUIPlugin
2024-08-30 21:25:57,864 [INFO] PluginManager:220 - loadIPPluginJar : add spi
2024-08-30 21:25:57,870 [INFO] IPUIPlugin:80 - create IPUIPlugin
2024-08-30 21:25:57,870 [INFO] PluginManager:220 - loadIPPluginJar : add stm32_wpan
2024-08-30 21:25:57,873 [INFO] IPUIPlugin:80 - create IPUIPlugin
2024-08-30 21:25:57,873 [INFO] PluginManager:220 - loadIPPluginJar : add tim
2024-08-30 21:25:57,877 [INFO] IPUIPlugin:80 - create IPUIPlugin
2024-08-30 21:25:57,877 [INFO] PluginManager:220 - loadIPPluginJar : add touchsensing
2024-08-30 21:25:57,880 [INFO] IPUIPlugin:80 - create IPUIPlugin
2024-08-30 21:25:57,880 [INFO] PluginManager:220 - loadIPPluginJar : add tracer_emb
2024-08-30 21:25:57,883 [INFO] IPUIPlugin:80 - create IPUIPlugin
2024-08-30 21:25:57,883 [INFO] PluginManager:220 - loadIPPluginJar : add ts
2024-08-30 21:25:57,886 [INFO] IPUIPlugin:80 - create IPUIPlugin
2024-08-30 21:25:57,886 [INFO] PluginManager:220 - loadIPPluginJar : add tsc
2024-08-30 21:25:57,889 [INFO] IPUIPlugin:80 - create IPUIPlugin
2024-08-30 21:25:57,889 [INFO] PluginManager:220 - loadIPPluginJar : add ucpd
2024-08-30 21:25:57,893 [INFO] IPUIPlugin:80 - create IPUIPlugin
2024-08-30 21:25:57,893 [INFO] PluginManager:220 - loadIPPluginJar : add usart
2024-08-30 21:25:57,898 [INFO] IPUIPlugin:80 - create IPUIPlugin
2024-08-30 21:25:57,898 [INFO] PluginManager:220 - loadIPPluginJar : add usbx
2024-08-30 21:25:58,030 [INFO] CADModel:165 - CPN selected for project level
2024-08-30 21:25:58,030 [INFO] CADModel:114 - Register for checkConnection events
2024-08-30 21:25:58,031 [FATAL] Updater:308 - Updater called before beeing initialized
2024-08-30 21:25:58,031 [ERROR] CADModel:125 - Updater not yet initialized, retry later 
2024-08-30 21:25:58,225 [INFO] CADModel:165 - CPN selected for project level
2024-08-30 21:25:58,225 [INFO] CADModel:114 - Register for checkConnection events
2024-08-30 21:25:58,226 [FATAL] Updater:308 - Updater called before beeing initialized
2024-08-30 21:25:58,226 [ERROR] CADModel:125 - Updater not yet initialized, retry later 
2024-08-30 21:25:58,230 [FATAL] Updater:308 - Updater called before beeing initialized
2024-08-30 21:25:58,348 [FATAL] Updater:308 - Updater called before beeing initialized
2024-08-30 21:25:58,354 [INFO] DbMcusAds:53 - JSON generation date=Wed Nov 29 18:52:27 IRKT 2023 (1701255147349)
2024-08-30 21:25:58,354 [FATAL] Updater:308 - Updater called before beeing initialized
2024-08-30 21:25:58,407 [WARN] DetailPanel:346 - Failed to get advertising image, set to default
2024-08-30 21:25:58,508 [FATAL] Updater:308 - Updater called before beeing initialized
2024-08-30 21:25:58,510 [FATAL] Updater:308 - Updater called before beeing initialized
2024-08-30 21:25:58,510 [FATAL] Updater:308 - Updater called before beeing initialized
2024-08-30 21:25:58,510 [WARN] DetailPanel:346 - Failed to get advertising image, set to default
2024-08-30 21:25:58,511 [FATAL] Updater:308 - Updater called before beeing initialized
2024-08-30 21:25:58,568 [ERROR] Updater:1120 - MainUpdater not yet initialized. External WinMGr cannot be set.
2024-08-30 21:25:58,571 [INFO] Updater:1056 - Updater Version found : 6.10.0
2024-08-30 21:25:58,594 [INFO] ApplicationProperties:184 - Using Application install path: E:\STM32CubeIDE_1.14.1\STM32CubeIDE\plugins\com.st.stm32cube.common.mx_6.10.0.202311202037
2024-08-30 21:26:00,157 [INFO] ThirdPartyUpdaterWithRetryManager:70 - Updater plugin not ready yet. [2/15]
2024-08-30 21:26:00,183 [ERROR] LogOutputStream:75 - [STDERR_REDIRECT] Aug 30, 2024 9:26:00 PM java.util.prefs.WindowsPreferences <init>
2024-08-30 21:26:00,193 [ERROR] LogOutputStream:75 - [STDERR_REDIRECT] WARNING: Could not open/create prefs root node Software\JavaSoft\Prefs at root 0xffffffff80000002. Windows RegCreateKeyEx(...) returned error code 5.
2024-08-30 21:26:00,194 [ERROR] LogOutputStream:75 - [STDERR_REDIRECT] 
2024-08-30 21:26:00,812 [ERROR] CheckConnectionManager:249 - Problem, Http access forbiden
2024-08-30 21:26:00,818 [INFO] MainUpdater:2873 - connection check result : 22
2024-08-30 21:26:00,818 [INFO] MainUpdater:290 - Updater Check For Update Now.
2024-08-30 21:26:00,819 [INFO] MicroXplorer:498 - Change Database Version : DB.6.0.100
2024-08-30 21:26:00,828 [INFO] McuFinderGlobals:63 - Set McuFinder mode to 2 (CubeIDE integrated)
2024-08-30 21:26:00,904 [INFO] UserAuth:404 - Internet connection configuration mode: 2
2024-08-30 21:26:00,995 [INFO] CheckServerUpdateThread:120 - End of CheckServer Thread
2024-08-30 21:26:03,317 [WARN] PackLoader:240 - Cannot read IP mode file for STMicroelectronics.X-CUBE-SMBUS.2.1.0
2024-08-30 21:26:03,326 [WARN] PackLoader:240 - Cannot read IP mode file for STMicroelectronics.X-CUBE-TOUCHGFX.4.23.0
2024-08-30 21:26:03,331 [WARN] PackLoader:240 - Cannot read IP mode file for STMicroelectronics.X-CUBE-TOUCHGFX.4.23.2
2024-08-30 21:26:03,366 [WARN] PackLoader:240 - Cannot read IP mode file for STMicroelectronics.X-CUBE-AZRTOS-F7.1.1.0
2024-08-30 21:26:03,379 [WARN] PackLoader:240 - Cannot read IP mode file for STMicroelectronics.FP-SNS-MOTENV1.4.3.2
2024-08-30 21:26:03,390 [WARN] PackLoader:240 - Cannot read IP mode file for STMicroelectronics.FP-SNS-FLIGHT1.5.0.2
2024-08-30 21:26:03,402 [WARN] PackLoader:240 - Cannot read IP mode file for STMicroelectronics.X-CUBE-DISPLAY.3.0.0
2024-08-30 21:26:03,417 [WARN] PackLoader:240 - Cannot read IP mode file for STMicroelectronics.X-CUBE-BLE1.7.0.0
2024-08-30 21:26:03,426 [WARN] PackLoader:240 - Cannot read IP mode file for emotas.I-CUBE-CANOPEN.1.3.0
2024-08-30 21:26:03,443 [WARN] PackLoader:240 - Cannot read IP mode file for STMicroelectronics.X-CUBE-BLEMGR.3.1.0
2024-08-30 21:26:03,455 [WARN] PackLoader:240 - Cannot read IP mode file for STMicroelectronics.FP-SNS-SMARTAG2.1.2.0
2024-08-30 21:26:03,470 [INFO] LogOutputStream:77 - [STDOUT_REDIRECT] 1 : Invalid condition id : UX_CORESTACK_Condition cause : null
2024-08-30 21:26:03,471 [INFO] LogOutputStream:77 - [STDOUT_REDIRECT] 1 : Invalid condition id : UX_CORESTACK_Condition cause : null
2024-08-30 21:26:03,473 [INFO] LogOutputStream:77 - [STDOUT_REDIRECT] 1 : Invalid condition id : UX_CORESTACK_Condition cause : null
2024-08-30 21:26:03,475 [INFO] LogOutputStream:77 - [STDOUT_REDIRECT] 1 : Invalid condition id : UX_CORESTACK_Condition cause : null
2024-08-30 21:26:03,477 [INFO] LogOutputStream:77 - [STDOUT_REDIRECT] 1 : Invalid condition id : UX_CORESTACK_Condition cause : null
2024-08-30 21:26:03,483 [WARN] PackLoader:240 - Cannot read IP mode file for STMicroelectronics.X-CUBE-AZRTOS-WL.2.0.0
2024-08-30 21:26:03,492 [WARN] PackLoader:240 - Cannot read IP mode file for STMicroelectronics.FP-SNS-MOTENV1.5.0.0
2024-08-30 21:26:03,502 [WARN] PackLoader:240 - Cannot read IP mode file for WES.I-CUBE-Cesium.1.3.0
2024-08-30 21:26:03,509 [WARN] PackLoader:240 - Cannot read IP mode file for STMicroelectronics.X-CUBE-BLE2.3.3.0
2024-08-30 21:26:03,517 [WARN] PackLoader:240 - Cannot read IP mode file for STMicroelectronics.X-CUBE-TCPP.4.1.0
2024-08-30 21:26:03,526 [WARN] PackLoader:240 - Cannot read IP mode file for STMicroelectronics.X-CUBE-ALGOBUILD.1.3.0
2024-08-30 21:26:03,547 [WARN] PackLoader:240 - Cannot read IP mode file for STMicroelectronics.X-CUBE-AZRTOS-G0.1.1.0
2024-08-30 21:26:03,561 [WARN] PackLoader:240 - Cannot read IP mode file for STMicroelectronics.X-CUBE-SAFEA1.1.2.2
2024-08-30 21:26:03,575 [WARN] PackLoader:240 - Cannot read IP mode file for STMicroelectronics.X-CUBE-NFC4.3.0.0
2024-08-30 21:26:03,588 [WARN] PackLoader:240 - Cannot read IP mode file for STMicroelectronics.X-CUBE-BLEMGR.3.0.0
2024-08-30 21:26:03,595 [WARN] PackLoader:240 - Cannot read IP mode file for STMicroelectronics.FP-ATR-SIGFOX1.3.2.0
2024-08-30 21:26:03,603 [WARN] PackLoader:240 - Cannot read IP mode file for STMicroelectronics.X-CUBE-EEPRMA1.5.1.0
2024-08-30 21:26:03,646 [WARN] PackLoader:240 - Cannot read IP mode file for SEGGER.I-CUBE-embOS.1.3.1
2024-08-30 21:26:03,693 [WARN] PackLoader:240 - Cannot read IP mode file for STMicroelectronics.X-CUBE-GNSS1.6.0.0
2024-08-30 21:26:03,715 [WARN] PackLoader:240 - Cannot read IP mode file for STMicroelectronics.X-CUBE-AZRTOS-F4.1.1.0
2024-08-30 21:26:03,725 [WARN] PackLoader:240 - Cannot read IP mode file for wolfSSL.I-CUBE-wolfSSL.5.6.6
2024-08-30 21:26:03,745 [WARN] PackLoader:240 - Cannot read IP mode file for STMicroelectronics.X-CUBE-AZRTOS-L5.2.0.0
2024-08-30 21:26:03,756 [WARN] PackLoader:240 - Cannot read IP mode file for STMicroelectronics.X-CUBE-NFC6.3.1.0
2024-08-30 21:26:03,766 [WARN] PackLoader:240 - Cannot read IP mode file for ITTIA_DB.I-CUBE-ITTIADB.8.8.0
2024-08-30 21:26:03,773 [WARN] PackLoader:240 - Cannot read IP mode file for STMicroelectronics.X-CUBE-NFC7.1.0.1
2024-08-30 21:26:03,783 [WARN] PackLoader:240 - Cannot read IP mode file for STMicroelectronics.X-CUBE-NFC6.3.0.0
2024-08-30 21:26:03,789 [WARN] PackLoader:240 - Cannot read IP mode file for STMicroelectronics.X-CUBE-AI.8.1.0
2024-08-30 21:26:03,809 [WARN] ConditionMgr:438 - getConditionDescription Invalid condition id : LAN8742 Phy interface Condition cause : null
2024-08-30 21:26:03,810 [WARN] PackLoader:240 - Cannot read IP mode file for STMicroelectronics.X-CUBE-AZRTOS-L4.2.0.0
2024-08-30 21:26:03,813 [WARN] ConditionMgr:1039 - genDependencies : Invalid condition id : LAN8742 Phy interface Condition cause : null
2024-08-30 21:26:03,813 [WARN] ConditionMgr:1039 - genDependencies : Invalid condition id : LAN8742 Phy interface Condition cause : null
2024-08-30 21:26:03,814 [WARN] ConditionMgr:1039 - genDependencies : Invalid condition id : LAN8742 Phy interface Condition cause : null
2024-08-30 21:26:03,834 [WARN] PackLoader:240 - Cannot read IP mode file for STMicroelectronics.X-CUBE-SFXS2LP1.4.0.0
2024-08-30 21:26:03,860 [WARN] ConditionMgr:438 - getConditionDescription Invalid condition id : UX DEVICE CLASS RTOS Condition cause : null
2024-08-30 21:26:03,861 [WARN] ConditionMgr:438 - getConditionDescription Invalid condition id : UX DEVICE CLASS RTOS Condition cause : null
2024-08-30 21:26:03,865 [WARN] PackLoader:240 - Cannot read IP mode file for STMicroelectronics.X-CUBE-AZRTOS-WB.2.0.0
2024-08-30 21:26:03,867 [WARN] ConditionMgr:1039 - genDependencies : Invalid condition id : UX DEVICE CLASS RTOS Condition cause : null
2024-08-30 21:26:03,867 [WARN] ConditionMgr:1039 - genDependencies : Invalid condition id : UX DEVICE CLASS RTOS Condition cause : null
2024-08-30 21:26:03,868 [WARN] ConditionMgr:1039 - genDependencies : Invalid condition id : UX DEVICE CLASS RTOS Condition cause : null
2024-08-30 21:26:03,868 [WARN] ConditionMgr:1039 - genDependencies : Invalid condition id : UX DEVICE CLASS RTOS Condition cause : null
2024-08-30 21:26:03,869 [WARN] ConditionMgr:1039 - genDependencies : Invalid condition id : UX DEVICE CLASS RTOS Condition cause : null
2024-08-30 21:26:03,889 [WARN] PackLoader:240 - Cannot read IP mode file for STMicroelectronics.X-CUBE-SUBG2.5.0.0
2024-08-30 21:26:03,925 [WARN] PackLoader:240 - Cannot read IP mode file for STMicroelectronics.X-CUBE-AZRTOS-G4.2.0.0
2024-08-30 21:26:03,962 [WARN] PackLoader:240 - Cannot read IP mode file for Infineon.AIROC-Wi-Fi-Bluetooth-STM32.1.5.1
2024-08-30 21:26:03,973 [WARN] PackLoader:240 - Cannot read IP mode file for STMicroelectronics.FP-SNS-MOTENVWB1.1.3.1
2024-08-30 21:26:03,982 [WARN] PackLoader:240 - Cannot read IP mode file for STMicroelectronics.X-CUBE-ISPU.2.0.0
2024-08-30 21:26:04,059 [WARN] PackLoader:240 - Cannot read IP mode file for STMicroelectronics.X-CUBE-MEMS1.10.0.0
2024-08-30 21:26:04,278 [WARN] PackLoader:240 - Cannot read IP mode file for STMicroelectronics.X-CUBE-FREERTOS.1.1.0
2024-08-30 21:26:04,287 [WARN] PackLoader:240 - Cannot read IP mode file for portGmbH.I-Cube-SoM-uGOAL.1.1.0
2024-08-30 21:26:04,294 [WARN] PackLoader:240 - Cannot read IP mode file for STMicroelectronics.X-CUBE-ALS.1.0.1
2024-08-30 21:26:04,300 [WARN] PackLoader:240 - Cannot read IP mode file for STMicroelectronics.FP-ATR-ASTRA1.2.0.0
2024-08-30 21:26:04,316 [WARN] PackLoader:240 - Cannot read IP mode file for STMicroelectronics.X-CUBE-TOF1.3.4.0
2024-08-30 21:26:04,349 [WARN] PackLoader:240 - Cannot read IP mode file for STMicroelectronics.X-CUBE-TOF1.3.4.1
2024-08-30 21:26:04,398 [WARN] PackLoader:240 - Cannot read IP mode file for STMicroelectronics.X-CUBE-AZRTOS-H7.3.2.0
2024-08-30 21:26:04,402 [INFO] ThirdParty:978 - Integrity check success = true
2024-08-30 21:26:04,403 [INFO] IntegrityCheckThread:100 - exiting critical section [integrity check]
2024-08-30 21:26:04,403 [INFO] IntegrityCheckThread:103 - End integrity checks thread
2024-08-30 21:26:21,556 [ERROR] LogOutputStream:75 - [STDERR_REDIRECT] SLF4J: Failed to load class "org.slf4j.impl.StaticLoggerBinder".
2024-08-30 21:26:21,558 [ERROR] LogOutputStream:75 - [STDERR_REDIRECT] SLF4J: Defaulting to no-operation (NOP) logger implementation
2024-08-30 21:26:21,559 [ERROR] LogOutputStream:75 - [STDERR_REDIRECT] SLF4J: See http://www.slf4j.org/codes.html#StaticLoggerBinder for further details.
2024-08-30 21:36:01,513 [INFO] McuFinderGlobals:63 - Set McuFinder mode to 2 (CubeIDE integrated)
2024-08-30 21:36:02,222 [ERROR] CheckConnectionManager:249 - Problem, Http access forbiden
2024-08-30 21:36:02,226 [INFO] MainUpdater:2873 - connection check result : 22
2024-08-30 21:36:02,298 [INFO] MicroXplorer:468 - Change Database Path : 
2024-08-30 21:36:02,299 [INFO] MicroXplorer:498 - Change Database Version : DB.6.0.100
2024-08-30 21:36:02,305 [WARN] ThirdParty:871 - waiting for thirdparty lock release [close project]
2024-08-30 21:36:02,305 [INFO] ThirdParty:873 - entering critical section [close project]
2024-08-30 21:36:02,307 [INFO] ThirdParty:883 - exiting critical section [close project]
2024-08-30 21:36:02,309 [INFO] PinOutPanel:1499 - setPackage(No Configuration,No Configuration)
2024-08-30 21:36:02,313 [INFO] UtilMem:75 - Begin LoadConfig() Used Memory: 369522336 Bytes (587202560)
2024-08-30 21:36:02,314 [INFO] MicroXplorer:468 - Change Database Path : 
2024-08-30 21:36:02,314 [INFO] MicroXplorer:498 - Change Database Version : DB.6.0.100
2024-08-30 21:36:02,314 [INFO] OpenFileManager:312 - Change cursor
2024-08-30 21:36:02,345 [INFO] Mcu:2016 - Initializing MCU STM32F407V(E-G)Tx STM32F407VETx STM32F407VET6
2024-08-30 21:36:04,184 [INFO] Context:659 - Trying to add GPIOservice into a context  which must be forbidden
2024-08-30 21:36:04,895 [INFO] RtosManager:555 - Registered RTOS mode: class=CMSIS, group=RTOS, mode=CMSIS_V1, owner=FREERTOS
2024-08-30 21:36:04,895 [INFO] RtosManager:555 - Registered RTOS mode: class=CMSIS, group=RTOS2, mode=CMSIS_V2, owner=FREERTOS
2024-08-30 21:36:04,895 [INFO] RtosManager:555 - Registered RTOS mode: class=RTOS, group=Core, mode=CMSIS_V1, owner=FREERTOS
2024-08-30 21:36:04,896 [INFO] RtosManager:555 - Registered RTOS mode: class=RTOS, group=Core, mode=CMSIS_V2, owner=FREERTOS
2024-08-30 21:36:04,896 [WARN] ModelIntegratedComponent:184 - Missing modes for component STMicroelectronics:FreeRTOS:0.0.1:STMicroelectronics:RTOS:FreeRTOS:Core:::10.2.0:
2024-08-30 21:36:04,922 [WARN] ModelIntegratedComponent:63 - No mode defined for component null
2024-08-30 21:36:04,922 [WARN] ModelIntegratedComponent:63 - No mode defined for component null
2024-08-30 21:36:04,922 [WARN] ModelIntegratedComponent:63 - No mode defined for component null
2024-08-30 21:36:04,922 [WARN] ModelIntegratedComponent:63 - No mode defined for component null
2024-08-30 21:36:04,922 [WARN] ModelIntegratedComponent:63 - No mode defined for component null
2024-08-30 21:36:04,922 [WARN] ModelIntegratedComponent:63 - No mode defined for component null
2024-08-30 21:36:04,923 [WARN] ModelIntegratedComponent:63 - No mode defined for component null
2024-08-30 21:36:04,923 [WARN] ModelIntegratedComponent:63 - No mode defined for component null
2024-08-30 21:36:04,923 [WARN] ModelIntegratedComponent:63 - No mode defined for component null
2024-08-30 21:36:04,923 [WARN] ModelIntegratedComponent:63 - No mode defined for component null
2024-08-30 21:36:04,923 [WARN] ModelIntegratedComponent:63 - No mode defined for component null
2024-08-30 21:36:04,923 [WARN] ModelIntegratedComponent:63 - No mode defined for component null
2024-08-30 21:36:04,923 [WARN] ModelIntegratedComponent:63 - No mode defined for component null
2024-08-30 21:36:04,923 [WARN] ModelIntegratedComponent:63 - No mode defined for component null
2024-08-30 21:36:04,923 [WARN] ModelIntegratedComponent:63 - No mode defined for component null
2024-08-30 21:36:04,923 [WARN] ModelIntegratedComponent:63 - No mode defined for component null
2024-08-30 21:36:04,923 [WARN] ModelIntegratedComponent:63 - No mode defined for component null
2024-08-30 21:36:04,924 [WARN] ModelIntegratedComponent:63 - No mode defined for component null
2024-08-30 21:36:04,924 [WARN] ModelIntegratedComponent:63 - No mode defined for component null
2024-08-30 21:36:04,924 [WARN] ModelIntegratedComponent:63 - No mode defined for component null
2024-08-30 21:36:04,924 [WARN] ModelIntegratedComponent:63 - No mode defined for component null
2024-08-30 21:36:04,924 [WARN] ModelIntegratedComponent:63 - No mode defined for component null
2024-08-30 21:36:04,924 [WARN] ModelIntegratedComponent:63 - No mode defined for component null
2024-08-30 21:36:04,924 [WARN] ModelIntegratedComponent:63 - No mode defined for component null
2024-08-30 21:36:04,924 [WARN] ModelIntegratedComponent:63 - No mode defined for component null
2024-08-30 21:36:04,924 [WARN] ModelIntegratedComponent:63 - No mode defined for component null
2024-08-30 21:36:04,924 [WARN] ModelIntegratedComponent:63 - No mode defined for component null
2024-08-30 21:36:04,924 [WARN] ModelIntegratedComponent:63 - No mode defined for component null
2024-08-30 21:36:04,924 [WARN] ModelIntegratedComponent:63 - No mode defined for component null
2024-08-30 21:36:04,924 [WARN] ModelIntegratedComponent:63 - No mode defined for component null
2024-08-30 21:36:04,925 [WARN] ModelIntegratedComponent:63 - No mode defined for component null
2024-08-30 21:36:04,925 [WARN] ModelIntegratedComponent:63 - No mode defined for component null
2024-08-30 21:36:04,925 [WARN] ModelIntegratedComponent:63 - No mode defined for component null
2024-08-30 21:36:05,055 [INFO] ThirdPartyModel:298 - Start build external matchings
2024-08-30 21:36:05,475 [INFO] ThirdPartyModel:316 - End build external matchings
2024-08-30 21:36:05,494 [INFO] ImportTextPane:194 - (OptionalMessage_ERROR) IP (DMA) : Parameter (Instance) has Id (USART3_RX) currently not set
2024-08-30 21:36:05,495 [INFO] ImportTextPane:194 - (OptionalMessage_ERROR) IP (DMA) : Parameter (Channel) has Id (USART3_RX) currently not set
2024-08-30 21:36:05,495 [INFO] ImportTextPane:194 - (OptionalMessage_ERROR) IP (DMA) : Parameter (Direction) has Id (USART3_RX) currently not set
2024-08-30 21:36:05,495 [INFO] ImportTextPane:194 - (OptionalMessage_ERROR) IP (DMA) : Parameter (PeriphInc) has Id (USART3_RX) currently not set
2024-08-30 21:36:05,495 [INFO] ImportTextPane:194 - (OptionalMessage_ERROR) IP (DMA) : Parameter (MemInc) has Id (USART3_RX) currently not set
2024-08-30 21:36:05,495 [INFO] ImportTextPane:194 - (OptionalMessage_ERROR) IP (DMA) : Parameter (PeriphDataAlignment) has Id (USART3_RX) currently not set
2024-08-30 21:36:05,496 [INFO] ImportTextPane:194 - (OptionalMessage_ERROR) IP (DMA) : Parameter (MemDataAlignment) has Id (USART3_RX) currently not set
2024-08-30 21:36:05,496 [INFO] ImportTextPane:194 - (OptionalMessage_ERROR) IP (DMA) : Parameter (Mode) has Id (USART3_RX) currently not set
2024-08-30 21:36:05,496 [INFO] ImportTextPane:194 - (OptionalMessage_ERROR) IP (DMA) : Parameter (Priority) has Id (USART3_RX) currently not set
2024-08-30 21:36:05,496 [INFO] ImportTextPane:194 - (OptionalMessage_ERROR) IP (DMA) : Parameter (FIFOMode) has Id (USART3_RX) currently not set
2024-08-30 21:36:05,496 [INFO] ImportTextPane:194 - (OptionalMessage_ERROR) IP (DMA) : Parameter (Instance) has Id (USART3_TX) currently not set
2024-08-30 21:36:05,496 [INFO] ImportTextPane:194 - (OptionalMessage_ERROR) IP (DMA) : Parameter (Channel) has Id (USART3_TX) currently not set
2024-08-30 21:36:05,496 [INFO] ImportTextPane:194 - (OptionalMessage_ERROR) IP (DMA) : Parameter (Direction) has Id (USART3_TX) currently not set
2024-08-30 21:36:05,496 [INFO] ImportTextPane:194 - (OptionalMessage_ERROR) IP (DMA) : Parameter (PeriphInc) has Id (USART3_TX) currently not set
2024-08-30 21:36:05,496 [INFO] ImportTextPane:194 - (OptionalMessage_ERROR) IP (DMA) : Parameter (MemInc) has Id (USART3_TX) currently not set
2024-08-30 21:36:05,496 [INFO] ImportTextPane:194 - (OptionalMessage_ERROR) IP (DMA) : Parameter (PeriphDataAlignment) has Id (USART3_TX) currently not set
2024-08-30 21:36:05,496 [INFO] ImportTextPane:194 - (OptionalMessage_ERROR) IP (DMA) : Parameter (MemDataAlignment) has Id (USART3_TX) currently not set
2024-08-30 21:36:05,496 [INFO] ImportTextPane:194 - (OptionalMessage_ERROR) IP (DMA) : Parameter (Mode) has Id (USART3_TX) currently not set
2024-08-30 21:36:05,496 [INFO] ImportTextPane:194 - (OptionalMessage_ERROR) IP (DMA) : Parameter (Priority) has Id (USART3_TX) currently not set
2024-08-30 21:36:05,497 [INFO] ImportTextPane:194 - (OptionalMessage_ERROR) IP (DMA) : Parameter (FIFOMode) has Id (USART3_TX) currently not set
2024-08-30 21:36:05,500 [WARN] IP:2119 - CMSIS_VERSION not found: check if there is a RefParameter without a condition.
2024-08-30 21:36:05,514 [WARN] IP:2119 - LWIP_NETIF_HOSTNAME not found: check if there is a RefParameter without a condition.
2024-08-30 21:36:05,585 [INFO] ImportTextPane:194 - (OptionalMessage_ERROR) IP (RCC) : Parameter (RTCHSEDivFreq_Value) has invalid value (12500000)
2024-08-30 21:36:05,588 [WARN] IP:2119 - DEVICE_SERIAL0_CDC_FS not found: check if there is a RefParameter without a condition.
2024-08-30 21:36:05,588 [WARN] IP:2119 - DEVICE_SERIAL1_CDC_FS not found: check if there is a RefParameter without a condition.
2024-08-30 21:36:05,588 [WARN] IP:2119 - DEVICE_SERIAL2_CDC_FS not found: check if there is a RefParameter without a condition.
2024-08-30 21:36:06,024 [INFO] UtilMem:75 - End LoadConfig() Used Memory: 432961816 Bytes (722468864)
2024-08-30 21:36:06,180 [INFO] ApiDb:581 - Connected to CubeFinder SQLite database (C:\Users\Danil\.stmcufinder\plugins\mcufinder\mcu\cube-finder-db.db)
2024-08-30 21:36:06,269 [INFO] ApiDb:668 - CubeFinder database Data Model version=2.1
2024-08-30 21:36:06,269 [INFO] ApiDb:669 - CubeFinder database Configuration version=3.0.39
2024-08-30 21:36:06,270 [INFO] ApiDb:670 - CubeFinder database generation date=2024-03-25 (1711369621)
2024-08-30 21:36:06,270 [INFO] ApiDb:671 - CubeFinder database FW Pack versions=[FP-ATR-ASTRA1_V2.0.0, FP-SNS-FLIGHT1_V5.0.1, FP-SNS-FLIGHT1_V5.0.2, FP-SNS-MOTENV1_V4.3.1, FP-SNS-MOTENV1_V4.3.2, FP-SNS-MOTENVWB1_V1.3.1, FP-SNS-SMARTAG2_V1.2.0, STM32Cube_FW_C0_V1.1.0, STM32Cube_FW_F4_V1.28.0, STM32Cube_FW_F7_V1.17.0, STM32Cube_FW_G0_V1.6.2, STM32Cube_FW_G4_V1.5.2, STM32Cube_FW_H5_V0.5.1, STM32Cube_FW_H5_V1.1.1, STM32Cube_FW_H5_V1.2.0, STM32Cube_FW_H5_V1.2.0RC4, STM32Cube_FW_H7RS_V1.0.0, STM32Cube_FW_H7RS_V1.0.0RC4, STM32Cube_FW_H7_V1.11.0, STM32Cube_FW_L0_V1.12.2, STM32Cube_FW_L5_V1.5.1, STM32Cube_FW_U0_V1.0.0, STM32Cube_FW_U0_V1.0.0RC1, STM32Cube_FW_U5_V1.3.0RC4, STM32Cube_FW_U5_V1.5.0, STM32Cube_FW_U5_V1.5.0RC1, STM32Cube_FW_WBA_V1.0.0RC1, STM32Cube_FW_WBA_V1.2.0, STM32Cube_FW_WBA_V1.2.0RC2, STM32Cube_FW_WBA_V1.3.0, STM32Cube_FW_WBA_V1.3.0RC1, STM32Cube_FW_WB_V1.15.0RC1, STM32Cube_FW_WB_V1.16.0, STM32Cube_FW_WB_V1.16.0RC2, STM32Cube_FW_WB_V1.18.0, STM32Cube_FW_WB_V1.19.0, STM32Cube_FW_WL_V1.3.0, X-CUBE-ALGOBUILD_V1.3.0, X-CUBE-ALS_V1.0.1, X-CUBE-AZRTOS-F4_V1.1.0, X-CUBE-AZRTOS-F7_V1.1.0, X-CUBE-AZRTOS-G0_V1.1.0, X-CUBE-AZRTOS-G4_V2.0.0, X-CUBE-AZRTOS-H7_V3.2.0, X-CUBE-AZRTOS-L4_V1.0.0, X-CUBE-AZRTOS-L4_V2.0.0, X-CUBE-AZRTOS-L5_V1.1.0, X-CUBE-AZRTOS-WB_V2.0.0, X-CUBE-AZRTOS-WL_V2.0.0, X-CUBE-BLE1_V7.0.0, X-CUBE-BLE2_V3.3.0, X-CUBE-BLEMGR_V3.1.0, X-CUBE-EEPRMA1_V4.1.0, X-CUBE-EEPRMA1_V5.1.0, X-CUBE-FREERTOS_V1.1.0, X-CUBE-GNSS1_V6.0.0, X-CUBE-MEMS1_V10.0.0, X-CUBE-MEMS1_V9.1.0, X-CUBE-MEMS1_V9.4.0, X-CUBE-MEMS1_V9.6.0, X-CUBE-NFC4_V3.0.0, X-CUBE-NFC7_V1.0.1, X-CUBE-SFXS2LP1_V4.0.0, X-CUBE-SUBG2_V5.0.0, X-CUBE-TOF1_V3.4.0]
2024-08-30 21:36:09,745 [INFO] ApiDb:240 - Found 371 in-development CPN: [B-G473E-ZEST1S, B-WB1M-WPAN1, B-WL5M-SUBG1, NUCLEO-C031C6, NUCLEO-H503RB, NUCLEO-H563ZI, NUCLEO-U545RE-Q, NUCLEO-U5A5ZJ-Q, NUCLEO-WBA52CG, NUCLEO-WBA55CG, STEVAL-MKBOXPRO, STEVAL-PROTEUS1, STEVAL-STWINBX1, STM320518-EVAL, STM32C0116-DK, STM32C011D6Y3TR, STM32C011D6Y6TR, STM32C011F4P3, STM32C011F4P6, STM32C011F4U3, STM32C011F4U6TR, STM32C011F6P3, STM32C011F6P6, STM32C011F6U3, STM32C011F6U6TR, STM32C011J4M3, STM32C011J4M6, STM32C011J6M3, STM32C011J6M6, STM32C0316-DK, STM32C031C4T3, STM32C031C4T6, STM32C031C4U3, STM32C031C4U6, STM32C031C6T3, STM32C031C6T6, STM32C031C6U3, STM32C031C6U6, STM32C031F4P3, STM32C031F4P6, STM32C031F6P3, STM32C031F6P6, STM32C031G4U3, STM32C031G4U6, STM32C031G6U3, STM32C031G6U6, STM32C031K4T3, STM32C031K4T6, STM32C031K4U3, STM32C031K4U6, STM32C031K6T3, STM32C031K6T6, STM32C031K6U3, STM32C031K6U6, STM32G071K8TXN, STM32G071K8UXN, STM32G081GBU6N, STM32G081KBT6N, STM32G081KBUXN, STM32G0B1CCT6N, STM32G0B1KCT6, STM32G0B1NEY6TR, STM32G0B1RCT6N, STM32G0C1CCT6, STM32G0C1CCT6N, STM32G0C1CCU6N, STM32G0C1CET6N, STM32G0C1CEU6N, STM32G0C1KCT6, STM32G0C1NEY6TR, STM32G0C1RCI6N, STM32G0C1RCT6N, STM32G0C1REI6N, STM32G0C1RET6N, STM32G0C1VCI6, STM32G0C1VEI6, STM32G471CCT6, STM32G471CCU6, STM32G471CET3, STM32G471CET6, STM32G471CEU3, STM32G471CEU6, STM32G471MCT6, STM32G471MET3, STM32G471MET6, STM32G471MEY6TR, STM32G471QCT6, STM32G471QET3, STM32G471RCT6, STM32G471RET3, STM32G471RET6, STM32G471VCH6, STM32G471VCI6, STM32G471VCT6, STM32G471VEH3, STM32G471VEH6, STM32G471VEI3, STM32G471VEI6, STM32G471VET3, STM32G471VET6, STM32G474CCT6, STM32H503CBT6, STM32H503CBU6, STM32H503EBY6TR, STM32H503KBU6, STM32H503RBT6, STM32H562AGI6, STM32H562AII6, STM32H562IGK6, STM32H562IGT6, STM32H562IIK6, STM32H562IIT6, STM32H562RGT6, STM32H562RGV6, STM32H562RIT6, STM32H562RIV6, STM32H562VGT6, STM32H562VIT6, STM32H562ZGT6, STM32H562ZIT6, STM32H563AGI6, STM32H563AII3Q, STM32H563AII6, STM32H563IGK6, STM32H563IGT6, STM32H563IIK3Q, STM32H563IIK6, STM32H563IIT3Q, STM32H563IIT6, STM32H563MIY3QTR, STM32H563RGT6, STM32H563RGV6, STM32H563RIT6, STM32H563RIV6, STM32H563VGT6, STM32H563VIT3Q, STM32H563VIT6, STM32H563ZGT6, STM32H563ZIT3Q, STM32H563ZIT6, STM32H573AII3Q, STM32H573AII6, STM32H573I-DK, STM32H573IIK3Q, STM32H573IIK6, STM32H573IIT3Q, STM32H573IIT6, STM32H573MIY3QTR, STM32H573RIT6, STM32H573RIV6, STM32H573VIT3Q, STM32H573VIT6, STM32H573ZIT3Q, STM32H573ZIT6, STM32L4R5QGI6STR, STM32MP131AAE3, STM32MP131AAF3, STM32MP131AAG3, STM32MP131CAE3, STM32MP131CAF3, STM32MP131CAG3, STM32MP131DAE7, STM32MP131DAF7, STM32MP131DAG7, STM32MP131FAE7, STM32MP131FAF7, STM32MP131FAG7, STM32MP133AAE3, STM32MP133AAF3, STM32MP133AAG3, STM32MP133CAE3, STM32MP133CAF3, STM32MP133CAG3, STM32MP133DAE7, STM32MP133DAF7, STM32MP133DAG7, STM32MP133FAE7, STM32MP133FAF7, STM32MP133FAG7, STM32MP135AAE3, STM32MP135AAF3, STM32MP135AAG3, STM32MP135CAE3, STM32MP135CAF3, STM32MP135CAG3, STM32MP135DAE7, STM32MP135DAF7, STM32MP135DAG7, STM32MP135F-DK, STM32MP135FAE7, STM32MP135FAF7, STM32MP135FAF7T, STM32MP135FAF7U, STM32MP135FAG7, STM32U535CBT6, STM32U535CBT6Q, STM32U535CBU6, STM32U535CBU6Q, STM32U535CCT6, STM32U535CCT6Q, STM32U535CCU6, STM32U535CCU6Q, STM32U535CET6, STM32U535CET6Q, STM32U535CEU6, STM32U535CEU6Q, STM32U535JEY6QTR, STM32U535NCY6QTR, STM32U535NEY6QTR, STM32U535RBI6, STM32U535RBI6Q, STM32U535RBT6, STM32U535RBT6Q, STM32U535RCI6, STM32U535RCI6Q, STM32U535RCT6, STM32U535RCT6Q, STM32U535REI6, STM32U535REI6Q, STM32U535RET6, STM32U535RET6Q, STM32U535VCI6, STM32U535VCI6Q, STM32U535VCT6, STM32U535VCT6Q, STM32U535VEI6, STM32U535VEI6Q, STM32U535VET6, STM32U535VET6Q, STM32U545CET6, STM32U545CET6Q, STM32U545CEU6, STM32U545CEU6Q, STM32U545JEY6QTR, STM32U545NEY6QTR, STM32U545REI6, STM32U545REI6Q, STM32U545RET6, STM32U545RET6Q, STM32U545VEI6, STM32U545VEI6Q, STM32U545VET6, STM32U545VET6Q, STM32U595AIH6, STM32U595AIH6Q, STM32U595AJH6, STM32U595AJH6Q, STM32U595QII6, STM32U595QII6Q, STM32U595QJI6, STM32U595QJI6Q, STM32U595RIT6, STM32U595RIT6Q, STM32U595RJT6, STM32U595RJT6Q, STM32U595VIT6, STM32U595VIT6Q, STM32U595VJT6, STM32U595VJT6Q, STM32U595ZIT6, STM32U595ZIT6Q, STM32U595ZIY6QTR, STM32U595ZJT6, STM32U595ZJT6Q, STM32U595ZJY6QTR, STM32U599BJY6QTR, STM32U599NIH6Q, STM32U599NJH6Q, STM32U599VIT6Q, STM32U599VJT6, STM32U599VJT6Q, STM32U599ZIT6Q, STM32U599ZIY6QTR, STM32U599ZJT6Q, STM32U599ZJY6QTR, STM32U5A5AJH6, STM32U5A5AJH6Q, STM32U5A5QJI6, STM32U5A5QJI6Q, STM32U5A5RJT6, STM32U5A5RJT6Q, STM32U5A5VJT6, STM32U5A5VJT6Q, STM32U5A5ZJT6, STM32U5A5ZJT6Q, STM32U5A5ZJY6QTR, STM32U5A9BJY6QTR, STM32U5A9J-DK, STM32U5A9NJH6Q, STM32U5A9VJT6Q, STM32U5A9ZJT6Q, STM32U5A9ZJY6QTR, STM32U5F7VIT6, STM32U5F7VIT6Q, STM32U5F7VJT6, STM32U5F7VJT6Q, STM32U5F9BJY6QTR, STM32U5F9NJH6Q, STM32U5F9VIT6Q, STM32U5F9VJT6Q, STM32U5F9ZIJ6QTR, STM32U5F9ZIT6Q, STM32U5F9ZJJ6QTR, STM32U5F9ZJT6Q, STM32U5G7VJT6, STM32U5G7VJT6Q, STM32U5G9BJY6QTR, STM32U5G9J-DK1, STM32U5G9J-DK2, STM32U5G9NJH6Q, STM32U5G9VJT6Q, STM32U5G9ZJJ6QTR, STM32U5G9ZJT6Q, STM32WB1MMCH6, STM32WBA50KEU6, STM32WBA50KEU6TR, STM32WBA50KGU6, STM32WBA50KGU6TR, STM32WBA52CEU6, STM32WBA52CEU6TR, STM32WBA52CEU7, STM32WBA52CEU7TR, STM32WBA52CGU6, STM32WBA52CGU6TR, STM32WBA52CGU6U, STM32WBA52CGU7, STM32WBA52CGU7TR, STM32WBA52KEU6, STM32WBA52KEU6TR, STM32WBA52KGU6, STM32WBA52KGU6TR, STM32WBA54CEU6, STM32WBA54CEU6TR, STM32WBA54CEU7, STM32WBA54CEU7TR, STM32WBA54CGU6, STM32WBA54CGU6TR, STM32WBA54CGU7, STM32WBA54CGU7TR, STM32WBA54KEU6, STM32WBA54KEU6TR, STM32WBA54KEU7, STM32WBA54KEU7TR, STM32WBA54KGU6, STM32WBA54KGU6TR, STM32WBA54KGU7, STM32WBA54KGU7TR, STM32WBA55CEU6, STM32WBA55CEU6TR, STM32WBA55CEU7, STM32WBA55CEU7TR, STM32WBA55CGU6, STM32WBA55CGU6TR, STM32WBA55CGU6U, STM32WBA55CGU7, STM32WBA55CGU7TR, STM32WBA55G-DK1, STM32WBA55HEF6, STM32WBA55HEF7, STM32WBA55HGF6, STM32WBA55HGF7, STM32WBA55UEI6, STM32WBA55UEI6TR, STM32WBA55UEI7, STM32WBA55UEI7TR, STM32WBA55UGI6, STM32WBA55UGI6TR, STM32WBA55UGI7, STM32WBA55UGI7TR, STM32WL5MOCH6, STM32WL5MOCH6TR]
2024-08-30 21:36:09,748 [INFO] DbMcus:218 - Found 4069 MCUs, 4069 are supported
2024-08-30 21:36:09,750 [INFO] ApiDb:423 - Load user favorites file C:\Users\Danil/.stm32cubeide/favorites.mcus.txt: 0 item(s)
2024-08-30 21:36:09,750 [INFO] ApiDb:427 - User favorites MCUs=[]
2024-08-30 21:36:09,750 [INFO] DbMcus:224 - Set 0 / 0 favorites MCUs
2024-08-30 21:36:10,235 [INFO] MicroXplorer:468 - Change Database Path : 
2024-08-30 21:36:10,235 [INFO] MicroXplorer:498 - Change Database Version : DB.6.0.100
2024-08-30 21:36:10,236 [WARN] ThirdParty:833 - waiting for thirdparty lock release [change project]
2024-08-30 21:36:10,236 [INFO] ThirdParty:835 - entering critical section [change project]
2024-08-30 21:36:10,236 [INFO] ThirdParty:1030 - CMSIS Pack Vendor :STMicroelectronics USBPD 4.1
2024-08-30 21:36:10,236 [INFO] ThirdParty:1030 - CMSIS Pack Vendor :STMicroelectronics X-CUBE-GNSS1 6.0.0
2024-08-30 21:36:10,236 [INFO] ThirdParty:1030 - CMSIS Pack Vendor :STMicroelectronics USB_HOST 2.0.0
2024-08-30 21:36:10,236 [INFO] ThirdParty:1030 - CMSIS Pack Vendor :STMicroelectronics X-CUBE-AZRTOS-F4 1.1.0
2024-08-30 21:36:10,236 [INFO] ThirdParty:1030 - CMSIS Pack Vendor :STMicroelectronics LIBJPEG 8.0.0
2024-08-30 21:36:10,236 [INFO] ThirdParty:1030 - CMSIS Pack Vendor :STMicroelectronics X-CUBE-SMBUS 2.1.0
2024-08-30 21:36:10,236 [INFO] ThirdParty:1030 - CMSIS Pack Vendor :STMicroelectronics USB_DEVICE 3.0.0
2024-08-30 21:36:10,237 [INFO] ThirdParty:1030 - CMSIS Pack Vendor :STMicroelectronics X-CUBE-TCPP 4.1.0
2024-08-30 21:36:10,237 [INFO] ThirdParty:1030 - CMSIS Pack Vendor :STMicroelectronics X-CUBE-AZRTOS-WB 2.0.0
2024-08-30 21:36:10,237 [INFO] ThirdParty:1030 - CMSIS Pack Vendor :wolfSSL I-CUBE-wolfSSL 5.6.6
2024-08-30 21:36:10,237 [INFO] ThirdParty:1030 - CMSIS Pack Vendor :STMicroelectronics X-CUBE-TOUCHGFX 4.23.0
2024-08-30 21:36:10,237 [INFO] ThirdParty:1030 - CMSIS Pack Vendor :STMicroelectronics X-CUBE-TOUCHGFX 4.23.2
2024-08-30 21:36:10,237 [INFO] ThirdParty:1030 - CMSIS Pack Vendor :STMicroelectronics X-CUBE-AZRTOS-F7 1.1.0
2024-08-30 21:36:10,237 [INFO] ThirdParty:1030 - CMSIS Pack Vendor :STMicroelectronics X-CUBE-AZRTOS-L5 2.0.0
2024-08-30 21:36:10,237 [INFO] ThirdParty:1030 - CMSIS Pack Vendor :STMicroelectronics USB_DEVICE 2.0.0
2024-08-30 21:36:10,237 [INFO] ThirdParty:1030 - CMSIS Pack Vendor :STMicroelectronics X-CUBE-NFC6 3.1.0
2024-08-30 21:36:10,237 [INFO] ThirdParty:1030 - CMSIS Pack Vendor :ITTIA_DB I-CUBE-ITTIADB 8.8.0
2024-08-30 21:36:10,237 [INFO] ThirdParty:1030 - CMSIS Pack Vendor :STMicroelectronics FP-SNS-MOTENV1 4.3.2
2024-08-30 21:36:10,237 [INFO] ThirdParty:1030 - CMSIS Pack Vendor :STMicroelectronics X-CUBE-ALGOBUILD 1.3.0
2024-08-30 21:36:10,237 [INFO] ThirdParty:1030 - CMSIS Pack Vendor :STMicroelectronics FreeRTOS 0.0.1
2024-08-30 21:36:10,237 [INFO] ThirdParty:1030 - CMSIS Pack Vendor :STMicroelectronics X-CUBE-AZRTOS-G0 1.1.0
2024-08-30 21:36:10,237 [INFO] ThirdParty:1030 - CMSIS Pack Vendor :STMicroelectronics X-CUBE-SAFEA1 1.2.2
2024-08-30 21:36:10,237 [INFO] ThirdParty:1030 - CMSIS Pack Vendor :STMicroelectronics X-CUBE-NFC4 3.0.0
2024-08-30 21:36:10,237 [INFO] ThirdParty:1030 - CMSIS Pack Vendor :STMicroelectronics X-CUBE-SUBG2 5.0.0
2024-08-30 21:36:10,238 [INFO] ThirdParty:1030 - CMSIS Pack Vendor :STMicroelectronics STM32_WPAN 1.0.0
2024-08-30 21:36:10,238 [INFO] ThirdParty:1030 - CMSIS Pack Vendor :STMicroelectronics lwIP 2.0.3
2024-08-30 21:36:10,238 [INFO] ThirdParty:1030 - CMSIS Pack Vendor :STMicroelectronics FP-SNS-FLIGHT1 5.0.2
2024-08-30 21:36:10,238 [INFO] ThirdParty:1030 - CMSIS Pack Vendor :STMicroelectronics USB_HOST 1.0.0
2024-08-30 21:36:10,238 [INFO] ThirdParty:1030 - CMSIS Pack Vendor :STMicroelectronics X-CUBE-AZRTOS-G4 2.0.0
2024-08-30 21:36:10,238 [INFO] ThirdParty:1030 - CMSIS Pack Vendor :STMicroelectronics PDM2PCM 3.1.0
2024-08-30 21:36:10,238 [INFO] ThirdParty:1030 - CMSIS Pack Vendor :Infineon AIROC-Wi-Fi-Bluetooth-STM32 1.5.1
2024-08-30 21:36:10,238 [INFO] ThirdParty:1030 - CMSIS Pack Vendor :STMicroelectronics X-CUBE-BLEMGR 3.0.0
2024-08-30 21:36:10,238 [INFO] ThirdParty:1030 - CMSIS Pack Vendor :STMicroelectronics PDM2PCM 3.3.0
2024-08-30 21:36:10,238 [INFO] ThirdParty:1030 - CMSIS Pack Vendor :STMicroelectronics X-CUBE-DISPLAY 3.0.0
2024-08-30 21:36:10,238 [INFO] ThirdParty:1030 - CMSIS Pack Vendor :STMicroelectronics FP-SNS-MOTENVWB1 1.3.1
2024-08-30 21:36:10,238 [INFO] ThirdParty:1030 - CMSIS Pack Vendor :STMicroelectronics X-CUBE-BLE1 7.0.0
2024-08-30 21:36:10,238 [INFO] ThirdParty:1030 - CMSIS Pack Vendor :STMicroelectronics FP-ATR-SIGFOX1 3.2.0
2024-08-30 21:36:10,238 [INFO] ThirdParty:1030 - CMSIS Pack Vendor :STMicroelectronics X-CUBE-ISPU 2.0.0
2024-08-30 21:36:10,238 [INFO] ThirdParty:1030 - CMSIS Pack Vendor :STMicroelectronics X-CUBE-EEPRMA1 5.1.0
2024-08-30 21:36:10,238 [INFO] ThirdParty:1030 - CMSIS Pack Vendor :STMicroelectronics HAL Drivers 0.0.0
2024-08-30 21:36:10,238 [INFO] ThirdParty:1030 - CMSIS Pack Vendor :STMicroelectronics MBEDTLS 2.16.2
2024-08-30 21:36:10,238 [INFO] ThirdParty:1030 - CMSIS Pack Vendor :emotas I-CUBE-CANOPEN 1.3.0
2024-08-30 21:36:10,239 [INFO] ThirdParty:1030 - CMSIS Pack Vendor :STMicroelectronics X-CUBE-MEMS1 10.0.0
2024-08-30 21:36:10,239 [INFO] ThirdParty:1030 - CMSIS Pack Vendor :STMicroelectronics X-CUBE-FREERTOS 1.1.0
2024-08-30 21:36:10,239 [INFO] ThirdParty:1030 - CMSIS Pack Vendor :STMicroelectronics X-CUBE-NFC7 1.0.1
2024-08-30 21:36:10,239 [INFO] ThirdParty:1030 - CMSIS Pack Vendor :STMicroelectronics MBEDTLS 2.14.1
2024-08-30 21:36:10,239 [INFO] ThirdParty:1030 - CMSIS Pack Vendor :STMicroelectronics X-CUBE-NFC6 3.0.0
2024-08-30 21:36:10,239 [INFO] ThirdParty:1030 - CMSIS Pack Vendor :portGmbH I-Cube-SoM-uGOAL 1.1.0
2024-08-30 21:36:10,239 [INFO] ThirdParty:1030 - CMSIS Pack Vendor :STMicroelectronics X-CUBE-ALS 1.0.1
2024-08-30 21:36:10,239 [INFO] ThirdParty:1030 - CMSIS Pack Vendor :STMicroelectronics X-CUBE-BLEMGR 3.1.0
2024-08-30 21:36:10,239 [INFO] ThirdParty:1030 - CMSIS Pack Vendor :STMicroelectronics ThreadX 1.0.0
2024-08-30 21:36:10,239 [INFO] ThirdParty:1030 - CMSIS Pack Vendor :STMicroelectronics FP-SNS-SMARTAG2 1.2.0
2024-08-30 21:36:10,239 [INFO] ThirdParty:1030 - CMSIS Pack Vendor :STMicroelectronics X-CUBE-AZRTOS-WL 2.0.0
2024-08-30 21:36:10,239 [INFO] ThirdParty:1030 - CMSIS Pack Vendor :SEGGER I-CUBE-embOS 1.3.1
2024-08-30 21:36:10,239 [INFO] ThirdParty:1030 - CMSIS Pack Vendor :STMicroelectronics FP-SNS-MOTENV1 5.0.0
2024-08-30 21:36:10,239 [INFO] ThirdParty:1030 - CMSIS Pack Vendor :STMicroelectronics USB_DEVICE 1.0.0
2024-08-30 21:36:10,239 [INFO] ThirdParty:1030 - CMSIS Pack Vendor :STMicroelectronics X-CUBE-AI 8.1.0
2024-08-30 21:36:10,239 [INFO] ThirdParty:1030 - CMSIS Pack Vendor :STMicroelectronics X-CUBE-AZRTOS-L4 2.0.0
2024-08-30 21:36:10,239 [INFO] ThirdParty:1030 - CMSIS Pack Vendor :STMicroelectronics ThreadX 0.0.2
2024-08-30 21:36:10,239 [INFO] ThirdParty:1030 - CMSIS Pack Vendor :WES I-CUBE-Cesium 1.3.0
2024-08-30 21:36:10,239 [INFO] ThirdParty:1030 - CMSIS Pack Vendor :STMicroelectronics FP-ATR-ASTRA1 2.0.0
2024-08-30 21:36:10,240 [INFO] ThirdParty:1030 - CMSIS Pack Vendor :STMicroelectronics lwIP 2.1.2
2024-08-30 21:36:10,240 [INFO] ThirdParty:1030 - CMSIS Pack Vendor :STMicroelectronics X-CUBE-SFXS2LP1 4.0.0
2024-08-30 21:36:10,240 [INFO] ThirdParty:1030 - CMSIS Pack Vendor :STMicroelectronics X-CUBE-BLE2 3.3.0
2024-08-30 21:36:10,240 [INFO] ThirdParty:1030 - CMSIS Pack Vendor :STMicroelectronics X-CUBE-TOF1 3.4.0
2024-08-30 21:36:10,240 [INFO] ThirdParty:1030 - CMSIS Pack Vendor :STMicroelectronics X-CUBE-TOF1 3.4.1
2024-08-30 21:36:10,240 [INFO] ThirdParty:1030 - CMSIS Pack Vendor :STMicroelectronics X-CUBE-AZRTOS-H7 3.2.0
2024-08-30 21:36:10,240 [INFO] ThirdParty:1030 - CMSIS Pack Vendor :STMicroelectronics PDM2PCM 3.2.0
2024-08-30 21:36:10,240 [INFO] ThirdParty:841 - exiting critical section [change project]
2024-08-30 21:36:10,765 [INFO] PinOutPanel:1499 - setPackage(No Configuration,No Configuration)
2024-08-30 21:36:10,766 [INFO] PinOutPanel:1499 - setPackage(STM32F407VETx,LQFP100)
2024-08-30 21:36:11,272 [INFO] UtilMem:75 - Before build in PCC Used Memory: 490134408 Bytes (722468864)
2024-08-30 21:36:12,103 [INFO] UtilMem:75 - After build in PCC Used Memory: 584479928 Bytes (722468864)
2024-08-30 21:36:12,185 [INFO] ApiDbMcu:508 - Load IP Config File for FATFS
2024-08-30 21:36:12,263 [INFO] ApiDbMcu:508 - Load IP Config File for LWIP
2024-08-30 21:36:12,285 [INFO] ApiDbMcu:508 - Load IP Config File for USB_DEVICE
2024-08-30 21:36:12,347 [INFO] IPUIPlugin:80 - create IPUIPlugin
2024-08-30 21:36:12,347 [INFO] IPUIPlugin:80 - create IPUIPlugin
2024-08-30 21:36:12,348 [INFO] IPUIPlugin:80 - create IPUIPlugin
2024-08-30 21:36:12,348 [INFO] IPUIPlugin:80 - create IPUIPlugin
2024-08-30 21:36:12,348 [INFO] IPUIPlugin:80 - create IPUIPlugin
2024-08-30 21:36:12,348 [INFO] IPUIPlugin:80 - create IPUIPlugin
2024-08-30 21:36:12,348 [INFO] IPUIPlugin:80 - create IPUIPlugin
2024-08-30 21:36:12,349 [INFO] IPUIPlugin:80 - create IPUIPlugin
2024-08-30 21:36:12,349 [INFO] IPUIPlugin:80 - create IPUIPlugin
2024-08-30 21:36:12,349 [INFO] IPUIPlugin:80 - create IPUIPlugin
2024-08-30 21:36:12,349 [INFO] IPUIPlugin:80 - create IPUIPlugin
2024-08-30 21:36:12,349 [INFO] IPUIPlugin:80 - create IPUIPlugin
2024-08-30 21:36:12,350 [INFO] IPUIPlugin:80 - create IPUIPlugin
2024-08-30 21:36:12,350 [INFO] IPUIPlugin:80 - create IPUIPlugin
2024-08-30 21:36:12,350 [INFO] IPUIPlugin:80 - create IPUIPlugin
2024-08-30 21:36:12,350 [INFO] IPUIPlugin:80 - create IPUIPlugin
2024-08-30 21:36:12,350 [INFO] IPUIPlugin:80 - create IPUIPlugin
2024-08-30 21:36:12,351 [INFO] IPUIPlugin:80 - create IPUIPlugin
2024-08-30 21:36:12,351 [INFO] IPUIPlugin:80 - create IPUIPlugin
2024-08-30 21:36:12,351 [INFO] IPUIPlugin:80 - create IPUIPlugin
2024-08-30 21:36:12,352 [INFO] IPUIPlugin:80 - create IPUIPlugin
2024-08-30 21:36:12,352 [INFO] IPUIPlugin:80 - create IPUIPlugin
2024-08-30 21:36:12,352 [INFO] IPUIPlugin:80 - create IPUIPlugin
2024-08-30 21:36:12,353 [INFO] IPUIPlugin:80 - create IPUIPlugin
2024-08-30 21:36:12,353 [INFO] IPUIPlugin:80 - create IPUIPlugin
2024-08-30 21:36:12,354 [INFO] IPUIPlugin:80 - create IPUIPlugin
2024-08-30 21:36:12,354 [INFO] IPUIPlugin:80 - create IPUIPlugin
2024-08-30 21:36:12,355 [INFO] IPUIPlugin:80 - create IPUIPlugin
2024-08-30 21:36:12,355 [INFO] IPUIPlugin:80 - create IPUIPlugin
2024-08-30 21:36:12,356 [INFO] IPUIPlugin:80 - create IPUIPlugin
2024-08-30 21:36:12,356 [INFO] IPUIPlugin:80 - create IPUIPlugin
2024-08-30 21:36:12,356 [INFO] IPUIPlugin:80 - create IPUIPlugin
2024-08-30 21:36:12,357 [INFO] IPUIPlugin:80 - create IPUIPlugin
2024-08-30 21:36:12,357 [INFO] IPUIPlugin:80 - create IPUIPlugin
2024-08-30 21:36:12,358 [INFO] IPUIPlugin:80 - create IPUIPlugin
2024-08-30 21:36:12,358 [INFO] IPUIPlugin:80 - create IPUIPlugin
2024-08-30 21:36:12,359 [INFO] IPUIPlugin:80 - create IPUIPlugin
2024-08-30 21:36:12,359 [INFO] IPUIPlugin:80 - create IPUIPlugin
2024-08-30 21:36:12,360 [INFO] IPUIPlugin:80 - create IPUIPlugin
2024-08-30 21:36:12,360 [INFO] IPUIPlugin:80 - create IPUIPlugin
2024-08-30 21:36:12,361 [INFO] IPUIPlugin:80 - create IPUIPlugin
2024-08-30 21:36:12,362 [INFO] IPUIPlugin:80 - create IPUIPlugin
2024-08-30 21:36:12,362 [INFO] IPUIPlugin:80 - create IPUIPlugin
2024-08-30 21:36:12,363 [INFO] IPUIPlugin:80 - create IPUIPlugin
2024-08-30 21:36:12,363 [INFO] IPUIPlugin:80 - create IPUIPlugin
2024-08-30 21:36:12,364 [INFO] IPUIPlugin:80 - create IPUIPlugin
2024-08-30 21:36:12,364 [INFO] IPUIPlugin:80 - create IPUIPlugin
2024-08-30 21:36:12,365 [INFO] IPUIPlugin:80 - create IPUIPlugin
2024-08-30 21:36:12,366 [INFO] IPUIPlugin:80 - create IPUIPlugin
2024-08-30 21:36:12,366 [INFO] IPUIPlugin:80 - create IPUIPlugin
2024-08-30 21:36:12,367 [INFO] IPUIPlugin:80 - create IPUIPlugin
2024-08-30 21:36:12,368 [INFO] IPUIPlugin:80 - create IPUIPlugin
2024-08-30 21:36:12,369 [INFO] IPUIPlugin:80 - create IPUIPlugin
2024-08-30 21:36:12,369 [INFO] IPUIPlugin:80 - create IPUIPlugin
2024-08-30 21:36:12,371 [INFO] IPUIPlugin:80 - create IPUIPlugin
2024-08-30 21:36:12,371 [INFO] IPUIPlugin:80 - create IPUIPlugin
2024-08-30 21:36:12,372 [INFO] IPUIPlugin:80 - create IPUIPlugin
2024-08-30 21:36:12,373 [INFO] IPUIPlugin:80 - create IPUIPlugin
2024-08-30 21:36:12,383 [INFO] ApiDbMcu:508 - Load IP Config File for PDM2PCM
2024-08-30 21:36:12,634 [INFO] CADModel:165 - CPN selected for project levelSTM32F407VET6
2024-08-30 21:36:12,634 [INFO] CADModel:114 - Register for checkConnection events
2024-08-30 21:36:12,685 [INFO] OpenFileManager:343 - Restore cursor
2024-08-30 21:36:12,833 [WARN] IP:2119 - DEVICE_SERIAL0_CDC_FS not found: check if there is a RefParameter without a condition.
2024-08-30 21:36:12,833 [WARN] IP:2119 - DEVICE_SERIAL1_CDC_FS not found: check if there is a RefParameter without a condition.
2024-08-30 21:36:12,833 [WARN] IP:2119 - DEVICE_SERIAL2_CDC_FS not found: check if there is a RefParameter without a condition.
2024-08-30 21:36:12,834 [WARN] IP:2119 - DEVICE_SERIAL0_CDC_FS not found: check if there is a RefParameter without a condition.
2024-08-30 21:36:12,834 [WARN] IP:2119 - DEVICE_SERIAL1_CDC_FS not found: check if there is a RefParameter without a condition.
2024-08-30 21:36:12,834 [WARN] IP:2119 - DEVICE_SERIAL2_CDC_FS not found: check if there is a RefParameter without a condition.
2024-08-30 21:36:12,874 [WARN] IP:2119 - CMSIS_VERSION not found: check if there is a RefParameter without a condition.
2024-08-30 21:36:12,880 [WARN] IP:2119 - LWIP_NETIF_HOSTNAME not found: check if there is a RefParameter without a condition.
2024-08-30 21:36:12,970 [WARN] IP:2119 - CMSIS_VERSION not found: check if there is a RefParameter without a condition.
2024-08-30 21:36:12,978 [WARN] IP:2119 - LWIP_NETIF_HOSTNAME not found: check if there is a RefParameter without a condition.
2024-08-30 21:36:38,380 [WARN] IP:2119 - DEVICE_SERIAL0_CDC_FS not found: check if there is a RefParameter without a condition.
2024-08-30 21:36:38,380 [WARN] IP:2119 - DEVICE_SERIAL1_CDC_FS not found: check if there is a RefParameter without a condition.
2024-08-30 21:36:38,380 [WARN] IP:2119 - DEVICE_SERIAL2_CDC_FS not found: check if there is a RefParameter without a condition.
2024-08-30 21:36:53,168 [WARN] IP:2119 - DEVICE_SERIAL0_CDC_FS not found: check if there is a RefParameter without a condition.
2024-08-30 21:36:53,168 [WARN] IP:2119 - DEVICE_SERIAL1_CDC_FS not found: check if there is a RefParameter without a condition.
2024-08-30 21:36:53,168 [WARN] IP:2119 - DEVICE_SERIAL2_CDC_FS not found: check if there is a RefParameter without a condition.
2024-08-30 21:36:54,740 [WARN] IP:2119 - DEVICE_SERIAL0_CDC_FS not found: check if there is a RefParameter without a condition.
2024-08-30 21:36:54,741 [WARN] IP:2119 - DEVICE_SERIAL1_CDC_FS not found: check if there is a RefParameter without a condition.
2024-08-30 21:36:54,741 [WARN] IP:2119 - DEVICE_SERIAL2_CDC_FS not found: check if there is a RefParameter without a condition.
2024-08-30 21:36:58,358 [WARN] IP:2119 - DEVICE_SERIAL0_CDC_FS not found: check if there is a RefParameter without a condition.
2024-08-30 21:36:58,358 [WARN] IP:2119 - DEVICE_SERIAL1_CDC_FS not found: check if there is a RefParameter without a condition.
2024-08-30 21:36:58,359 [WARN] IP:2119 - DEVICE_SERIAL2_CDC_FS not found: check if there is a RefParameter without a condition.
2024-08-30 21:37:04,203 [WARN] IP:2119 - DEVICE_SERIAL0_CDC_FS not found: check if there is a RefParameter without a condition.
2024-08-30 21:37:04,203 [WARN] IP:2119 - DEVICE_SERIAL1_CDC_FS not found: check if there is a RefParameter without a condition.
2024-08-30 21:37:04,203 [WARN] IP:2119 - DEVICE_SERIAL2_CDC_FS not found: check if there is a RefParameter without a condition.
2024-08-30 21:37:05,972 [WARN] IP:2119 - DEVICE_SERIAL0_CDC_FS not found: check if there is a RefParameter without a condition.
2024-08-30 21:37:05,973 [WARN] IP:2119 - DEVICE_SERIAL1_CDC_FS not found: check if there is a RefParameter without a condition.
2024-08-30 21:37:05,973 [WARN] IP:2119 - DEVICE_SERIAL2_CDC_FS not found: check if there is a RefParameter without a condition.
2024-08-30 21:37:14,259 [WARN] IP:2119 - DEVICE_SERIAL0_CDC_FS not found: check if there is a RefParameter without a condition.
2024-08-30 21:37:14,259 [WARN] IP:2119 - DEVICE_SERIAL1_CDC_FS not found: check if there is a RefParameter without a condition.
2024-08-30 21:37:14,260 [WARN] IP:2119 - DEVICE_SERIAL2_CDC_FS not found: check if there is a RefParameter without a condition.
2024-08-30 21:37:18,916 [WARN] IP:2119 - DEVICE_SERIAL0_CDC_FS not found: check if there is a RefParameter without a condition.
2024-08-30 21:37:18,916 [WARN] IP:2119 - DEVICE_SERIAL1_CDC_FS not found: check if there is a RefParameter without a condition.
2024-08-30 21:37:18,917 [WARN] IP:2119 - DEVICE_SERIAL2_CDC_FS not found: check if there is a RefParameter without a condition.
2024-08-30 21:37:40,281 [INFO] NvicIntPanel:101 - NVIC parent = com.st.microxplorer.plugins.ip.nvic.MultiNvicIntPanel[,0,0,930x404,layout=javax.swing.BoxLayout,alignmentX=0.0,alignmentY=0.0,border=,flags=9,maximumSize=,minimumSize=,preferredSize=]
2024-08-30 21:37:55,697 [WARN] IP:2119 - DEVICE_SERIAL0_CDC_FS not found: check if there is a RefParameter without a condition.
2024-08-30 21:37:55,697 [WARN] IP:2119 - DEVICE_SERIAL1_CDC_FS not found: check if there is a RefParameter without a condition.
2024-08-30 21:37:55,697 [WARN] IP:2119 - DEVICE_SERIAL2_CDC_FS not found: check if there is a RefParameter without a condition.
2024-08-30 21:58:13,353 [ERROR] ConfigurationRetriever:142 - IOException on connection: Connect timed out
