2024-08-28 20:17:39,895 [INFO] Activator:176 - 


2024-08-28 20:17:39,902 [INFO] Activator:177 - !SESSION log4j initialized
2024-08-28 20:17:45,869 [INFO] LogOutputStream:77 - [STDOUT_REDIRECT] 
2024-08-28 20:17:56,416 [INFO] ApplicationProperties:184 - Using Application install path: E:\STM32CubeIDE_1.14.1\STM32CubeIDE\plugins\com.st.stm32cube.common.mx_6.10.0.202311202037
2024-08-28 20:17:56,438 [INFO] DbMcusXml:78 - Set database path to: E:\STM32CubeIDE_1.14.1\STM32CubeIDE\plugins\com.st.stm32cube.common.mx_6.10.0.202311202037\\db\/mcu/
2024-08-28 20:17:56,439 [INFO] ApiDb:274 - Set plugin database path to: E:\STM32CubeIDE_1.14.1\STM32CubeIDE\plugins\com.st.stm32cube.common.mx_6.10.0.202311202037\\db\/plugins/boardmanager/
2024-08-28 20:17:56,440 [WARN] ApiDb:259 - Overriding images path with different value:  => E:\STM32CubeIDE_1.14.1\STM32CubeIDE\plugins\com.st.stm32cube.common.mx_6.10.0.202311202037\\db\/plugins/mcufinder/images/
2024-08-28 20:17:56,448 [INFO] ApiDb:250 - Set database path to: C:\Users\Danil\.stmcufinder\plugins\mcufinder//mcu/
2024-08-28 20:17:56,450 [INFO] DbMcusAds:125 - Set database path to: C:\Users\Danil\.stmcufinder\plugins\mcufinder//mcu/
2024-08-28 20:17:56,452 [INFO] CrossReferenceDbSqlite:203 - Set database path to: C:\Users\Danil\.stmcufinder\plugins\mcufinder//mcu/cs/
2024-08-28 20:17:56,580 [INFO] RulesReader:64 - Compatibility file has been processed (297 Rules)
2024-08-28 20:17:56,678 [INFO] DbMcusXml:78 - Set database path to: E:\STM32CubeIDE_1.14.1\STM32CubeIDE\plugins\com.st.stm32cube.common.mx_6.10.0.202311202037\\db\/mcu/
2024-08-28 20:17:56,678 [INFO] ApiDb:274 - Set plugin database path to: E:\STM32CubeIDE_1.14.1\STM32CubeIDE\plugins\com.st.stm32cube.common.mx_6.10.0.202311202037\\db\/plugins/boardmanager/
2024-08-28 20:17:56,678 [INFO] ApiDb:261 - Set plugin images path to: E:\STM32CubeIDE_1.14.1\STM32CubeIDE\plugins\com.st.stm32cube.common.mx_6.10.0.202311202037\\db\/plugins/mcufinder/images/
2024-08-28 20:17:56,679 [WARN] DbFile:41 - Overriding database path with different value: C:\Users\Danil\.stmcufinder\plugins\mcufinder/ => C:\Users\Danil\.stmcufinder\plugins\mcufinder
2024-08-28 20:17:56,679 [INFO] ApiDb:250 - Set database path to: C:\Users\Danil\.stmcufinder\plugins\mcufinder//mcu/
2024-08-28 20:17:56,679 [WARN] DbFile:41 - Overriding database path with different value: C:\Users\Danil\.stmcufinder\plugins\mcufinder/ => C:\Users\Danil\.stmcufinder\plugins\mcufinder
2024-08-28 20:17:56,679 [INFO] DbMcusAds:125 - Set database path to: C:\Users\Danil\.stmcufinder\plugins\mcufinder//mcu/
2024-08-28 20:17:56,679 [WARN] DbFile:41 - Overriding database path with different value: C:\Users\Danil\.stmcufinder\plugins\mcufinder/ => C:\Users\Danil\.stmcufinder\plugins\mcufinder
2024-08-28 20:17:56,679 [WARN] DbFile:41 - Overriding database path with different value: C:\Users\Danil\.stmcufinder\plugins\mcufinder/ => C:\Users\Danil\.stmcufinder\plugins\mcufinder
2024-08-28 20:17:57,633 [INFO] CrossReferenceDbSqlite:203 - Set database path to: C:\Users\Danil\.stmcufinder\plugins\mcufinder//mcu/cs/
2024-08-28 20:17:57,742 [INFO] MainPanel:264 - HeapMemory: 268435456
2024-08-28 20:17:57,854 [INFO] DbMcusXml:78 - Set database path to: E:\STM32CubeIDE_1.14.1\STM32CubeIDE\plugins\com.st.stm32cube.common.mx_6.10.0.202311202037\\db\/mcu/
2024-08-28 20:17:57,855 [INFO] ApiDb:274 - Set plugin database path to: E:\STM32CubeIDE_1.14.1\STM32CubeIDE\plugins\com.st.stm32cube.common.mx_6.10.0.202311202037\\db\/plugins/boardmanager/
2024-08-28 20:17:57,855 [INFO] ApiDb:261 - Set plugin images path to: E:\STM32CubeIDE_1.14.1\STM32CubeIDE\plugins\com.st.stm32cube.common.mx_6.10.0.202311202037\\db\/plugins/mcufinder/images/
2024-08-28 20:17:57,855 [WARN] DbFile:41 - Overriding database path with different value: C:\Users\Danil\.stmcufinder\plugins\mcufinder/ => C:\Users\Danil\.stmcufinder\plugins\mcufinder
2024-08-28 20:17:57,855 [INFO] ApiDb:250 - Set database path to: C:\Users\Danil\.stmcufinder\plugins\mcufinder//mcu/
2024-08-28 20:17:57,855 [WARN] DbFile:41 - Overriding database path with different value: C:\Users\Danil\.stmcufinder\plugins\mcufinder/ => C:\Users\Danil\.stmcufinder\plugins\mcufinder
2024-08-28 20:17:57,855 [INFO] DbMcusAds:125 - Set database path to: C:\Users\Danil\.stmcufinder\plugins\mcufinder//mcu/
2024-08-28 20:17:57,855 [WARN] DbFile:41 - Overriding database path with different value: C:\Users\Danil\.stmcufinder\plugins\mcufinder/ => C:\Users\Danil\.stmcufinder\plugins\mcufinder
2024-08-28 20:17:57,856 [WARN] DbFile:41 - Overriding database path with different value: C:\Users\Danil\.stmcufinder\plugins\mcufinder/ => C:\Users\Danil\.stmcufinder\plugins\mcufinder
2024-08-28 20:17:57,856 [INFO] CrossReferenceDbSqlite:203 - Set database path to: C:\Users\Danil\.stmcufinder\plugins\mcufinder//mcu/cs/
2024-08-28 20:17:57,875 [INFO] ApplicationProperties:184 - Using Application install path: E:\STM32CubeIDE_1.14.1\STM32CubeIDE\plugins\com.st.stm32cube.common.mx_6.10.0.202311202037
2024-08-28 20:17:57,876 [INFO] PluginManage:196 - Search for loadable plugins [exclusion list=, ]
2024-08-28 20:17:57,878 [INFO] PluginManage:310 - Check plugin analytics
2024-08-28 20:17:58,077 [INFO] AnalyticsPlugin:253 - Accepted Software Licenses: 
2024-08-28 20:17:58,078 [INFO] AnalyticsPlugin:255 - Accepted CMSIS Pack Licenses: 
2024-08-28 20:17:58,078 [INFO] AnalyticsPlugin:257 - Accepted Firmware Licenses: FW.F4.1.28.0
2024-08-28 20:17:58,080 [INFO] PluginManage:359 - Loaded plugin analytics (category:tool,tabindex:-1)
2024-08-28 20:17:58,081 [INFO] PluginManage:310 - Check plugin cadmodel
2024-08-28 20:17:58,089 [INFO] CADModel:105 - Init CAD model plugin
2024-08-28 20:17:58,090 [INFO] PluginManage:359 - Loaded plugin cadmodel (category:power,tabindex:5)
2024-08-28 20:17:58,090 [INFO] PluginManage:310 - Check plugin clock
2024-08-28 20:17:58,104 [INFO] PluginManage:359 - Loaded plugin clock (category:base,tabindex:2)
2024-08-28 20:17:58,104 [INFO] PluginManage:310 - Check plugin ddr
2024-08-28 20:17:58,106 [INFO] PluginManage:359 - Loaded plugin ddr (category:tool,tabindex:6)
2024-08-28 20:17:58,106 [INFO] PluginManage:310 - Check plugin filemanager
2024-08-28 20:17:58,384 [INFO] PluginManage:359 - Loaded plugin filemanager (category:base,tabindex:10)
2024-08-28 20:17:58,384 [INFO] PluginManage:310 - Check plugin ipmanager
2024-08-28 20:17:58,391 [INFO] PluginManage:359 - Loaded plugin ipmanager (category:base,tabindex:5)
2024-08-28 20:17:58,392 [INFO] PluginManage:310 - Check plugin lpbam
2024-08-28 20:17:58,402 [INFO] PluginManage:359 - Loaded plugin lpbam (category:base,tabindex:0)
2024-08-28 20:17:58,402 [INFO] PluginManage:310 - Check plugin memorymap
2024-08-28 20:17:58,418 [INFO] PluginManage:359 - Loaded plugin memorymap (category:base,tabindex:4)
2024-08-28 20:17:58,418 [INFO] PluginManage:310 - Check plugin pinoutandconfiguration
2024-08-28 20:17:58,427 [INFO] PluginManage:359 - Loaded plugin pinoutandconfiguration (category:base,tabindex:1)
2024-08-28 20:17:58,428 [INFO] PluginManage:310 - Check plugin pinoutconfig
2024-08-28 20:17:58,533 [WARN] SupportedApi:132 - Cannot load RTOS API schema: s4s-elt-must-match.1: The content of 'definitions' must match (annotation?, (simpleType | complexType)?, (unique | key | keyref)*)). A problem was found starting at: attribute.
2024-08-28 20:17:58,675 [INFO] PluginManage:359 - Loaded plugin pinoutconfig (category:base,tabindex:0)
2024-08-28 20:17:58,675 [INFO] PluginManage:310 - Check plugin power
2024-08-28 20:17:58,691 [INFO] PluginManage:359 - Loaded plugin power (category:power,tabindex:4)
2024-08-28 20:17:58,691 [INFO] PluginManage:310 - Check plugin projectmanager
2024-08-28 20:17:58,711 [INFO] PluginManage:359 - Loaded plugin projectmanager (category:projectmanager,tabindex:3)
2024-08-28 20:17:58,711 [INFO] PluginManage:310 - Check plugin thirdparty
2024-08-28 20:17:58,876 [INFO] PluginManage:359 - Loaded plugin thirdparty (category:base,tabindex:-1)
2024-08-28 20:17:58,876 [INFO] PluginManage:310 - Check plugin tools
2024-08-28 20:17:58,876 [WARN] IntegrityCheckThread:84 - waiting for thirdparty lock release [integrity check]
2024-08-28 20:17:58,877 [INFO] IntegrityCheckThread:86 - entering critical section [integrity check]
2024-08-28 20:17:58,877 [INFO] ThirdPartyUpdaterWithRetryManager:70 - Updater plugin not ready yet. [1/15]
2024-08-28 20:17:58,880 [INFO] PluginManage:359 - Loaded plugin tools (category:base,tabindex:7)
2024-08-28 20:17:58,880 [INFO] PluginManage:310 - Check plugin tutovideos
2024-08-28 20:17:59,067 [INFO] PluginManage:359 - Loaded plugin tutovideos (category:base,tabindex:-1)
2024-08-28 20:17:59,067 [INFO] PluginManage:310 - Check plugin updater
2024-08-28 20:17:59,080 [INFO] PluginManage:359 - Loaded plugin updater (category:base,tabindex:12)
2024-08-28 20:17:59,080 [INFO] PluginManage:310 - Check plugin userauth
2024-08-28 20:17:59,085 [INFO] UserAuth:114 - Init User Auth plugin
2024-08-28 20:17:59,085 [INFO] PluginManage:359 - Loaded plugin userauth (category:base,tabindex:14)
2024-08-28 20:17:59,086 [INFO] PluginManage:283 - PluginManage : Loaded plugins [17]
2024-08-28 20:17:59,345 [INFO] PinOutPanel:1499 - setPackage(No Configuration,No Configuration)
2024-08-28 20:17:59,423 [INFO] CADModel:165 - CPN selected for project level
2024-08-28 20:17:59,423 [INFO] CADModel:114 - Register for checkConnection events
2024-08-28 20:17:59,441 [INFO] IPUIPlugin:80 - create IPUIPlugin
2024-08-28 20:17:59,441 [INFO] PluginManager:220 - loadIPPluginJar : add adc
2024-08-28 20:17:59,446 [INFO] IPUIPlugin:80 - create IPUIPlugin
2024-08-28 20:17:59,446 [INFO] PluginManager:220 - loadIPPluginJar : add aes
2024-08-28 20:17:59,450 [INFO] IPUIPlugin:80 - create IPUIPlugin
2024-08-28 20:17:59,450 [INFO] PluginManager:220 - loadIPPluginJar : add can
2024-08-28 20:17:59,452 [INFO] IPUIPlugin:80 - create IPUIPlugin
2024-08-28 20:17:59,452 [INFO] PluginManager:220 - loadIPPluginJar : add comp
2024-08-28 20:17:59,456 [INFO] IPUIPlugin:80 - create IPUIPlugin
2024-08-28 20:17:59,456 [INFO] PluginManager:220 - loadIPPluginJar : add cryp
2024-08-28 20:17:59,459 [INFO] IPUIPlugin:80 - create IPUIPlugin
2024-08-28 20:17:59,460 [INFO] PluginManager:220 - loadIPPluginJar : add dfsdm
2024-08-28 20:17:59,466 [INFO] IPUIPlugin:80 - create IPUIPlugin
2024-08-28 20:17:59,466 [INFO] PluginManager:220 - loadIPPluginJar : add dma
2024-08-28 20:17:59,470 [INFO] IPUIPlugin:80 - create IPUIPlugin
2024-08-28 20:17:59,470 [INFO] PluginManager:220 - loadIPPluginJar : add dma3
2024-08-28 20:17:59,473 [INFO] IPUIPlugin:80 - create IPUIPlugin
2024-08-28 20:17:59,473 [INFO] PluginManager:220 - loadIPPluginJar : add fatfs
2024-08-28 20:17:59,477 [INFO] IPUIPlugin:80 - create IPUIPlugin
2024-08-28 20:17:59,478 [INFO] PluginManager:220 - loadIPPluginJar : add fmc
2024-08-28 20:17:59,485 [INFO] IPUIPlugin:80 - create IPUIPlugin
2024-08-28 20:17:59,485 [INFO] PluginManager:220 - loadIPPluginJar : add freertos
2024-08-28 20:17:59,487 [INFO] IPUIPlugin:80 - create IPUIPlugin
2024-08-28 20:17:59,488 [INFO] PluginManager:220 - loadIPPluginJar : add genericplugin
2024-08-28 20:17:59,491 [INFO] IPUIPlugin:80 - create IPUIPlugin
2024-08-28 20:17:59,491 [INFO] PluginManager:220 - loadIPPluginJar : add gfxmmu
2024-08-28 20:17:59,497 [INFO] IPUIPlugin:80 - create IPUIPlugin
2024-08-28 20:17:59,498 [INFO] PluginManager:220 - loadIPPluginJar : add gic
2024-08-28 20:17:59,503 [INFO] IPUIPlugin:80 - create IPUIPlugin
2024-08-28 20:17:59,503 [INFO] PluginManager:220 - loadIPPluginJar : add gpio
2024-08-28 20:17:59,507 [INFO] IPUIPlugin:80 - create IPUIPlugin
2024-08-28 20:17:59,507 [INFO] PluginManager:220 - loadIPPluginJar : add gtzc
2024-08-28 20:17:59,511 [INFO] IPUIPlugin:80 - create IPUIPlugin
2024-08-28 20:17:59,511 [INFO] PluginManager:220 - loadIPPluginJar : add hash
2024-08-28 20:17:59,515 [INFO] IPUIPlugin:80 - create IPUIPlugin
2024-08-28 20:17:59,515 [INFO] PluginManager:220 - loadIPPluginJar : add i2c
2024-08-28 20:17:59,518 [INFO] IPUIPlugin:80 - create IPUIPlugin
2024-08-28 20:17:59,518 [INFO] PluginManager:220 - loadIPPluginJar : add i2s
2024-08-28 20:17:59,521 [INFO] IPUIPlugin:80 - create IPUIPlugin
2024-08-28 20:17:59,522 [INFO] PluginManager:220 - loadIPPluginJar : add i3c
2024-08-28 20:17:59,526 [INFO] IPUIPlugin:80 - create IPUIPlugin
2024-08-28 20:17:59,526 [INFO] PluginManager:220 - loadIPPluginJar : add ipddr
2024-08-28 20:17:59,535 [INFO] IPUIPlugin:80 - create IPUIPlugin
2024-08-28 20:17:59,535 [INFO] PluginManager:220 - loadIPPluginJar : add linkedlist
2024-08-28 20:17:59,539 [INFO] IPUIPlugin:80 - create IPUIPlugin
2024-08-28 20:17:59,539 [INFO] PluginManager:220 - loadIPPluginJar : add lorawan
2024-08-28 20:17:59,542 [INFO] IPUIPlugin:80 - create IPUIPlugin
2024-08-28 20:17:59,542 [INFO] PluginManager:220 - loadIPPluginJar : add ltdc
2024-08-28 20:17:59,547 [INFO] IPUIPlugin:80 - create IPUIPlugin
2024-08-28 20:17:59,548 [INFO] PluginManager:220 - loadIPPluginJar : add mdma
2024-08-28 20:17:59,552 [INFO] IPUIPlugin:80 - create IPUIPlugin
2024-08-28 20:17:59,552 [INFO] PluginManager:220 - loadIPPluginJar : add nvic
2024-08-28 20:17:59,556 [INFO] IPUIPlugin:80 - create IPUIPlugin
2024-08-28 20:17:59,556 [INFO] PluginManager:220 - loadIPPluginJar : add opamp
2024-08-28 20:17:59,560 [INFO] IPUIPlugin:80 - create IPUIPlugin
2024-08-28 20:17:59,560 [INFO] PluginManager:220 - loadIPPluginJar : add openamp
2024-08-28 20:17:59,564 [INFO] IPUIPlugin:80 - create IPUIPlugin
2024-08-28 20:17:59,565 [INFO] PluginManager:220 - loadIPPluginJar : add pdm2pcm
2024-08-28 20:17:59,573 [INFO] IPUIPlugin:80 - create IPUIPlugin
2024-08-28 20:17:59,575 [INFO] PluginManager:220 - loadIPPluginJar : add plateformsettings
2024-08-28 20:17:59,578 [INFO] IPUIPlugin:80 - create IPUIPlugin
2024-08-28 20:17:59,578 [INFO] PluginManager:220 - loadIPPluginJar : add quadspi
2024-08-28 20:17:59,582 [INFO] IPUIPlugin:80 - create IPUIPlugin
2024-08-28 20:17:59,583 [INFO] PluginManager:220 - loadIPPluginJar : add resmgrutility
2024-08-28 20:17:59,587 [INFO] IPUIPlugin:80 - create IPUIPlugin
2024-08-28 20:17:59,587 [INFO] PluginManager:220 - loadIPPluginJar : add sai
2024-08-28 20:17:59,591 [INFO] IPUIPlugin:80 - create IPUIPlugin
2024-08-28 20:17:59,591 [INFO] PluginManager:220 - loadIPPluginJar : add spi
2024-08-28 20:17:59,597 [INFO] IPUIPlugin:80 - create IPUIPlugin
2024-08-28 20:17:59,597 [INFO] PluginManager:220 - loadIPPluginJar : add stm32_wpan
2024-08-28 20:17:59,600 [INFO] IPUIPlugin:80 - create IPUIPlugin
2024-08-28 20:17:59,600 [INFO] PluginManager:220 - loadIPPluginJar : add tim
2024-08-28 20:17:59,603 [INFO] IPUIPlugin:80 - create IPUIPlugin
2024-08-28 20:17:59,603 [INFO] PluginManager:220 - loadIPPluginJar : add touchsensing
2024-08-28 20:17:59,606 [INFO] IPUIPlugin:80 - create IPUIPlugin
2024-08-28 20:17:59,606 [INFO] PluginManager:220 - loadIPPluginJar : add tracer_emb
2024-08-28 20:17:59,609 [INFO] IPUIPlugin:80 - create IPUIPlugin
2024-08-28 20:17:59,609 [INFO] PluginManager:220 - loadIPPluginJar : add ts
2024-08-28 20:17:59,612 [INFO] IPUIPlugin:80 - create IPUIPlugin
2024-08-28 20:17:59,612 [INFO] PluginManager:220 - loadIPPluginJar : add tsc
2024-08-28 20:17:59,615 [INFO] IPUIPlugin:80 - create IPUIPlugin
2024-08-28 20:17:59,615 [INFO] PluginManager:220 - loadIPPluginJar : add ucpd
2024-08-28 20:17:59,619 [INFO] IPUIPlugin:80 - create IPUIPlugin
2024-08-28 20:17:59,619 [INFO] PluginManager:220 - loadIPPluginJar : add usart
2024-08-28 20:17:59,623 [INFO] IPUIPlugin:80 - create IPUIPlugin
2024-08-28 20:17:59,623 [INFO] PluginManager:220 - loadIPPluginJar : add usbx
2024-08-28 20:17:59,754 [INFO] CADModel:165 - CPN selected for project level
2024-08-28 20:17:59,754 [INFO] CADModel:114 - Register for checkConnection events
2024-08-28 20:17:59,755 [FATAL] Updater:308 - Updater called before beeing initialized
2024-08-28 20:17:59,755 [ERROR] CADModel:125 - Updater not yet initialized, retry later 
2024-08-28 20:17:59,949 [INFO] CADModel:165 - CPN selected for project level
2024-08-28 20:17:59,949 [INFO] CADModel:114 - Register for checkConnection events
2024-08-28 20:17:59,949 [FATAL] Updater:308 - Updater called before beeing initialized
2024-08-28 20:17:59,950 [ERROR] CADModel:125 - Updater not yet initialized, retry later 
2024-08-28 20:17:59,953 [FATAL] Updater:308 - Updater called before beeing initialized
2024-08-28 20:18:00,070 [FATAL] Updater:308 - Updater called before beeing initialized
2024-08-28 20:18:00,075 [INFO] DbMcusAds:53 - JSON generation date=Wed Nov 29 18:52:27 IRKT 2023 (1701255147349)
2024-08-28 20:18:00,075 [FATAL] Updater:308 - Updater called before beeing initialized
2024-08-28 20:18:00,124 [WARN] DetailPanel:346 - Failed to get advertising image, set to default
2024-08-28 20:18:00,220 [FATAL] Updater:308 - Updater called before beeing initialized
2024-08-28 20:18:00,222 [FATAL] Updater:308 - Updater called before beeing initialized
2024-08-28 20:18:00,222 [FATAL] Updater:308 - Updater called before beeing initialized
2024-08-28 20:18:00,222 [WARN] DetailPanel:346 - Failed to get advertising image, set to default
2024-08-28 20:18:00,223 [FATAL] Updater:308 - Updater called before beeing initialized
2024-08-28 20:18:00,276 [ERROR] Updater:1120 - MainUpdater not yet initialized. External WinMGr cannot be set.
2024-08-28 20:18:00,279 [INFO] Updater:1056 - Updater Version found : 6.10.0
2024-08-28 20:18:00,301 [INFO] ApplicationProperties:184 - Using Application install path: E:\STM32CubeIDE_1.14.1\STM32CubeIDE\plugins\com.st.stm32cube.common.mx_6.10.0.202311202037
2024-08-28 20:18:01,878 [ERROR] LogOutputStream:75 - [STDERR_REDIRECT] Aug 28, 2024 8:18:01 PM java.util.prefs.WindowsPreferences <init>
2024-08-28 20:18:01,880 [ERROR] LogOutputStream:75 - [STDERR_REDIRECT] WARNING: Could not open/create prefs root node Software\JavaSoft\Prefs at root 0xffffffff80000002. Windows RegCreateKeyEx(...) returned error code 5.
2024-08-28 20:18:01,881 [INFO] ThirdPartyUpdaterWithRetryManager:70 - Updater plugin not ready yet. [2/15]
2024-08-28 20:18:01,881 [ERROR] LogOutputStream:75 - [STDERR_REDIRECT] 
2024-08-28 20:18:02,425 [ERROR] CheckConnectionManager:249 - Problem, Http access forbiden
2024-08-28 20:18:02,428 [INFO] MainUpdater:2873 - connection check result : 22
2024-08-28 20:18:02,428 [INFO] MainUpdater:290 - Updater Check For Update Now.
2024-08-28 20:18:02,429 [INFO] MicroXplorer:498 - Change Database Version : DB.6.0.100
2024-08-28 20:18:02,435 [INFO] McuFinderGlobals:63 - Set McuFinder mode to 2 (CubeIDE integrated)
2024-08-28 20:18:02,509 [INFO] UserAuth:404 - Internet connection configuration mode: 2
2024-08-28 20:18:02,620 [INFO] CheckServerUpdateThread:120 - End of CheckServer Thread
2024-08-28 20:18:05,033 [WARN] PackLoader:240 - Cannot read IP mode file for STMicroelectronics.X-CUBE-SMBUS.2.1.0
2024-08-28 20:18:05,042 [WARN] PackLoader:240 - Cannot read IP mode file for STMicroelectronics.X-CUBE-TOUCHGFX.4.23.0
2024-08-28 20:18:05,046 [WARN] PackLoader:240 - Cannot read IP mode file for STMicroelectronics.X-CUBE-TOUCHGFX.4.23.2
2024-08-28 20:18:05,084 [WARN] PackLoader:240 - Cannot read IP mode file for STMicroelectronics.X-CUBE-AZRTOS-F7.1.1.0
2024-08-28 20:18:05,098 [WARN] PackLoader:240 - Cannot read IP mode file for STMicroelectronics.FP-SNS-MOTENV1.4.3.2
2024-08-28 20:18:05,107 [WARN] PackLoader:240 - Cannot read IP mode file for STMicroelectronics.FP-SNS-FLIGHT1.5.0.2
2024-08-28 20:18:05,120 [WARN] PackLoader:240 - Cannot read IP mode file for STMicroelectronics.X-CUBE-DISPLAY.3.0.0
2024-08-28 20:18:05,139 [WARN] PackLoader:240 - Cannot read IP mode file for STMicroelectronics.X-CUBE-BLE1.7.0.0
2024-08-28 20:18:05,146 [WARN] PackLoader:240 - Cannot read IP mode file for emotas.I-CUBE-CANOPEN.1.3.0
2024-08-28 20:18:05,162 [WARN] PackLoader:240 - Cannot read IP mode file for STMicroelectronics.X-CUBE-BLEMGR.3.1.0
2024-08-28 20:18:05,173 [WARN] PackLoader:240 - Cannot read IP mode file for STMicroelectronics.FP-SNS-SMARTAG2.1.2.0
2024-08-28 20:18:05,197 [INFO] LogOutputStream:77 - [STDOUT_REDIRECT] 1 : Invalid condition id : UX_CORESTACK_Condition cause : null
2024-08-28 20:18:05,197 [INFO] LogOutputStream:77 - [STDOUT_REDIRECT] 1 : Invalid condition id : UX_CORESTACK_Condition cause : null
2024-08-28 20:18:05,199 [INFO] LogOutputStream:77 - [STDOUT_REDIRECT] 1 : Invalid condition id : UX_CORESTACK_Condition cause : null
2024-08-28 20:18:05,201 [INFO] LogOutputStream:77 - [STDOUT_REDIRECT] 1 : Invalid condition id : UX_CORESTACK_Condition cause : null
2024-08-28 20:18:05,202 [INFO] LogOutputStream:77 - [STDOUT_REDIRECT] 1 : Invalid condition id : UX_CORESTACK_Condition cause : null
2024-08-28 20:18:05,208 [WARN] PackLoader:240 - Cannot read IP mode file for STMicroelectronics.X-CUBE-AZRTOS-WL.2.0.0
2024-08-28 20:18:05,217 [WARN] PackLoader:240 - Cannot read IP mode file for STMicroelectronics.FP-SNS-MOTENV1.5.0.0
2024-08-28 20:18:05,231 [WARN] PackLoader:240 - Cannot read IP mode file for WES.I-CUBE-Cesium.1.3.0
2024-08-28 20:18:05,239 [WARN] PackLoader:240 - Cannot read IP mode file for STMicroelectronics.X-CUBE-BLE2.3.3.0
2024-08-28 20:18:05,248 [WARN] PackLoader:240 - Cannot read IP mode file for STMicroelectronics.X-CUBE-TCPP.4.1.0
2024-08-28 20:18:05,261 [WARN] PackLoader:240 - Cannot read IP mode file for STMicroelectronics.X-CUBE-ALGOBUILD.1.3.0
2024-08-28 20:18:05,291 [WARN] PackLoader:240 - Cannot read IP mode file for STMicroelectronics.X-CUBE-AZRTOS-G0.1.1.0
2024-08-28 20:18:05,316 [WARN] PackLoader:240 - Cannot read IP mode file for STMicroelectronics.X-CUBE-SAFEA1.1.2.2
2024-08-28 20:18:05,326 [WARN] PackLoader:240 - Cannot read IP mode file for STMicroelectronics.X-CUBE-NFC4.3.0.0
2024-08-28 20:18:05,340 [WARN] PackLoader:240 - Cannot read IP mode file for STMicroelectronics.X-CUBE-BLEMGR.3.0.0
2024-08-28 20:18:05,351 [WARN] PackLoader:240 - Cannot read IP mode file for STMicroelectronics.FP-ATR-SIGFOX1.3.2.0
2024-08-28 20:18:05,361 [WARN] PackLoader:240 - Cannot read IP mode file for STMicroelectronics.X-CUBE-EEPRMA1.5.1.0
2024-08-28 20:18:05,412 [WARN] PackLoader:240 - Cannot read IP mode file for SEGGER.I-CUBE-embOS.1.3.1
2024-08-28 20:18:05,462 [WARN] PackLoader:240 - Cannot read IP mode file for STMicroelectronics.X-CUBE-GNSS1.6.0.0
2024-08-28 20:18:05,489 [WARN] PackLoader:240 - Cannot read IP mode file for STMicroelectronics.X-CUBE-AZRTOS-F4.1.1.0
2024-08-28 20:18:05,499 [WARN] PackLoader:240 - Cannot read IP mode file for wolfSSL.I-CUBE-wolfSSL.5.6.6
2024-08-28 20:18:05,527 [WARN] PackLoader:240 - Cannot read IP mode file for STMicroelectronics.X-CUBE-AZRTOS-L5.2.0.0
2024-08-28 20:18:05,542 [WARN] PackLoader:240 - Cannot read IP mode file for STMicroelectronics.X-CUBE-NFC6.3.1.0
2024-08-28 20:18:05,552 [WARN] PackLoader:240 - Cannot read IP mode file for ITTIA_DB.I-CUBE-ITTIADB.8.8.0
2024-08-28 20:18:05,563 [WARN] PackLoader:240 - Cannot read IP mode file for STMicroelectronics.X-CUBE-NFC7.1.0.1
2024-08-28 20:18:05,575 [WARN] PackLoader:240 - Cannot read IP mode file for STMicroelectronics.X-CUBE-NFC6.3.0.0
2024-08-28 20:18:05,584 [WARN] PackLoader:240 - Cannot read IP mode file for STMicroelectronics.X-CUBE-AI.8.1.0
2024-08-28 20:18:05,611 [WARN] ConditionMgr:438 - getConditionDescription Invalid condition id : LAN8742 Phy interface Condition cause : null
2024-08-28 20:18:05,612 [WARN] PackLoader:240 - Cannot read IP mode file for STMicroelectronics.X-CUBE-AZRTOS-L4.2.0.0
2024-08-28 20:18:05,615 [WARN] ConditionMgr:1039 - genDependencies : Invalid condition id : LAN8742 Phy interface Condition cause : null
2024-08-28 20:18:05,615 [WARN] ConditionMgr:1039 - genDependencies : Invalid condition id : LAN8742 Phy interface Condition cause : null
2024-08-28 20:18:05,616 [WARN] ConditionMgr:1039 - genDependencies : Invalid condition id : LAN8742 Phy interface Condition cause : null
2024-08-28 20:18:05,627 [WARN] PackLoader:240 - Cannot read IP mode file for STMicroelectronics.X-CUBE-SFXS2LP1.4.0.0
2024-08-28 20:18:05,641 [WARN] ConditionMgr:438 - getConditionDescription Invalid condition id : UX DEVICE CLASS RTOS Condition cause : null
2024-08-28 20:18:05,642 [WARN] ConditionMgr:438 - getConditionDescription Invalid condition id : UX DEVICE CLASS RTOS Condition cause : null
2024-08-28 20:18:05,645 [WARN] PackLoader:240 - Cannot read IP mode file for STMicroelectronics.X-CUBE-AZRTOS-WB.2.0.0
2024-08-28 20:18:05,646 [WARN] ConditionMgr:1039 - genDependencies : Invalid condition id : UX DEVICE CLASS RTOS Condition cause : null
2024-08-28 20:18:05,646 [WARN] ConditionMgr:1039 - genDependencies : Invalid condition id : UX DEVICE CLASS RTOS Condition cause : null
2024-08-28 20:18:05,647 [WARN] ConditionMgr:1039 - genDependencies : Invalid condition id : UX DEVICE CLASS RTOS Condition cause : null
2024-08-28 20:18:05,648 [WARN] ConditionMgr:1039 - genDependencies : Invalid condition id : UX DEVICE CLASS RTOS Condition cause : null
2024-08-28 20:18:05,648 [WARN] ConditionMgr:1039 - genDependencies : Invalid condition id : UX DEVICE CLASS RTOS Condition cause : null
2024-08-28 20:18:05,666 [WARN] PackLoader:240 - Cannot read IP mode file for STMicroelectronics.X-CUBE-SUBG2.5.0.0
2024-08-28 20:18:05,692 [WARN] PackLoader:240 - Cannot read IP mode file for STMicroelectronics.X-CUBE-AZRTOS-G4.2.0.0
2024-08-28 20:18:05,712 [WARN] PackLoader:240 - Cannot read IP mode file for Infineon.AIROC-Wi-Fi-Bluetooth-STM32.1.5.1
2024-08-28 20:18:05,721 [WARN] PackLoader:240 - Cannot read IP mode file for STMicroelectronics.FP-SNS-MOTENVWB1.1.3.1
2024-08-28 20:18:05,727 [WARN] PackLoader:240 - Cannot read IP mode file for STMicroelectronics.X-CUBE-ISPU.2.0.0
2024-08-28 20:18:05,774 [WARN] PackLoader:240 - Cannot read IP mode file for STMicroelectronics.X-CUBE-MEMS1.10.0.0
2024-08-28 20:18:05,948 [WARN] PackLoader:240 - Cannot read IP mode file for STMicroelectronics.X-CUBE-FREERTOS.1.1.0
2024-08-28 20:18:05,957 [WARN] PackLoader:240 - Cannot read IP mode file for portGmbH.I-Cube-SoM-uGOAL.1.1.0
2024-08-28 20:18:05,963 [WARN] PackLoader:240 - Cannot read IP mode file for STMicroelectronics.X-CUBE-ALS.1.0.1
2024-08-28 20:18:05,970 [WARN] PackLoader:240 - Cannot read IP mode file for STMicroelectronics.FP-ATR-ASTRA1.2.0.0
2024-08-28 20:18:05,986 [WARN] PackLoader:240 - Cannot read IP mode file for STMicroelectronics.X-CUBE-TOF1.3.4.0
2024-08-28 20:18:06,029 [WARN] PackLoader:240 - Cannot read IP mode file for STMicroelectronics.X-CUBE-TOF1.3.4.1
2024-08-28 20:18:06,078 [WARN] PackLoader:240 - Cannot read IP mode file for STMicroelectronics.X-CUBE-AZRTOS-H7.3.2.0
2024-08-28 20:18:06,084 [INFO] ThirdParty:978 - Integrity check success = true
2024-08-28 20:18:06,085 [INFO] IntegrityCheckThread:100 - exiting critical section [integrity check]
2024-08-28 20:18:06,085 [INFO] IntegrityCheckThread:103 - End integrity checks thread
2024-08-28 20:18:21,604 [INFO] McuFinderGlobals:63 - Set McuFinder mode to 2 (CubeIDE integrated)
2024-08-28 20:18:21,992 [ERROR] CheckConnectionManager:249 - Problem, Http access forbiden
2024-08-28 20:18:21,994 [INFO] MainUpdater:2873 - connection check result : 22
2024-08-28 20:18:22,042 [INFO] MicroXplorer:468 - Change Database Path : 
2024-08-28 20:18:22,043 [INFO] MicroXplorer:498 - Change Database Version : DB.6.0.100
2024-08-28 20:18:22,048 [WARN] ThirdParty:871 - waiting for thirdparty lock release [close project]
2024-08-28 20:18:22,048 [INFO] ThirdParty:873 - entering critical section [close project]
2024-08-28 20:18:22,048 [INFO] ThirdParty:883 - exiting critical section [close project]
2024-08-28 20:18:22,050 [INFO] PinOutPanel:1499 - setPackage(No Configuration,No Configuration)
2024-08-28 20:18:22,054 [INFO] UtilMem:75 - Begin LoadConfig() Used Memory: 213731152 Bytes (314572800)
2024-08-28 20:18:22,055 [INFO] MicroXplorer:468 - Change Database Path : 
2024-08-28 20:18:22,056 [INFO] MicroXplorer:498 - Change Database Version : DB.6.0.100
2024-08-28 20:18:22,056 [INFO] OpenFileManager:312 - Change cursor
2024-08-28 20:18:22,094 [INFO] Mcu:2016 - Initializing MCU STM32F407V(E-G)Tx STM32F407VETx STM32F407VET6
2024-08-28 20:18:23,304 [ERROR] LogOutputStream:75 - [STDERR_REDIRECT] SLF4J: Failed to load class "org.slf4j.impl.StaticLoggerBinder".
2024-08-28 20:18:23,306 [ERROR] LogOutputStream:75 - [STDERR_REDIRECT] SLF4J: Defaulting to no-operation (NOP) logger implementation
2024-08-28 20:18:23,307 [ERROR] LogOutputStream:75 - [STDERR_REDIRECT] SLF4J: See http://www.slf4j.org/codes.html#StaticLoggerBinder for further details.
2024-08-28 20:18:23,974 [INFO] Context:659 - Trying to add GPIOservice into a context  which must be forbidden
2024-08-28 20:18:24,653 [INFO] RtosManager:555 - Registered RTOS mode: class=CMSIS, group=RTOS, mode=CMSIS_V1, owner=FREERTOS
2024-08-28 20:18:24,653 [INFO] RtosManager:555 - Registered RTOS mode: class=CMSIS, group=RTOS2, mode=CMSIS_V2, owner=FREERTOS
2024-08-28 20:18:24,653 [INFO] RtosManager:555 - Registered RTOS mode: class=RTOS, group=Core, mode=CMSIS_V1, owner=FREERTOS
2024-08-28 20:18:24,653 [INFO] RtosManager:555 - Registered RTOS mode: class=RTOS, group=Core, mode=CMSIS_V2, owner=FREERTOS
2024-08-28 20:18:24,653 [WARN] ModelIntegratedComponent:184 - Missing modes for component STMicroelectronics:FreeRTOS:0.0.1:STMicroelectronics:RTOS:FreeRTOS:Core:::10.2.0:
2024-08-28 20:18:24,684 [WARN] ModelIntegratedComponent:63 - No mode defined for component null
2024-08-28 20:18:24,684 [WARN] ModelIntegratedComponent:63 - No mode defined for component null
2024-08-28 20:18:24,684 [WARN] ModelIntegratedComponent:63 - No mode defined for component null
2024-08-28 20:18:24,684 [WARN] ModelIntegratedComponent:63 - No mode defined for component null
2024-08-28 20:18:24,684 [WARN] ModelIntegratedComponent:63 - No mode defined for component null
2024-08-28 20:18:24,684 [WARN] ModelIntegratedComponent:63 - No mode defined for component null
2024-08-28 20:18:24,684 [WARN] ModelIntegratedComponent:63 - No mode defined for component null
2024-08-28 20:18:24,684 [WARN] ModelIntegratedComponent:63 - No mode defined for component null
2024-08-28 20:18:24,685 [WARN] ModelIntegratedComponent:63 - No mode defined for component null
2024-08-28 20:18:24,685 [WARN] ModelIntegratedComponent:63 - No mode defined for component null
2024-08-28 20:18:24,685 [WARN] ModelIntegratedComponent:63 - No mode defined for component null
2024-08-28 20:18:24,685 [WARN] ModelIntegratedComponent:63 - No mode defined for component null
2024-08-28 20:18:24,685 [WARN] ModelIntegratedComponent:63 - No mode defined for component null
2024-08-28 20:18:24,685 [WARN] ModelIntegratedComponent:63 - No mode defined for component null
2024-08-28 20:18:24,685 [WARN] ModelIntegratedComponent:63 - No mode defined for component null
2024-08-28 20:18:24,685 [WARN] ModelIntegratedComponent:63 - No mode defined for component null
2024-08-28 20:18:24,685 [WARN] ModelIntegratedComponent:63 - No mode defined for component null
2024-08-28 20:18:24,686 [WARN] ModelIntegratedComponent:63 - No mode defined for component null
2024-08-28 20:18:24,686 [WARN] ModelIntegratedComponent:63 - No mode defined for component null
2024-08-28 20:18:24,686 [WARN] ModelIntegratedComponent:63 - No mode defined for component null
2024-08-28 20:18:24,686 [WARN] ModelIntegratedComponent:63 - No mode defined for component null
2024-08-28 20:18:24,686 [WARN] ModelIntegratedComponent:63 - No mode defined for component null
2024-08-28 20:18:24,686 [WARN] ModelIntegratedComponent:63 - No mode defined for component null
2024-08-28 20:18:24,686 [WARN] ModelIntegratedComponent:63 - No mode defined for component null
2024-08-28 20:18:24,686 [WARN] ModelIntegratedComponent:63 - No mode defined for component null
2024-08-28 20:18:24,687 [WARN] ModelIntegratedComponent:63 - No mode defined for component null
2024-08-28 20:18:24,687 [WARN] ModelIntegratedComponent:63 - No mode defined for component null
2024-08-28 20:18:24,687 [WARN] ModelIntegratedComponent:63 - No mode defined for component null
2024-08-28 20:18:24,687 [WARN] ModelIntegratedComponent:63 - No mode defined for component null
2024-08-28 20:18:24,687 [WARN] ModelIntegratedComponent:63 - No mode defined for component null
2024-08-28 20:18:24,687 [WARN] ModelIntegratedComponent:63 - No mode defined for component null
2024-08-28 20:18:24,687 [WARN] ModelIntegratedComponent:63 - No mode defined for component null
2024-08-28 20:18:24,687 [WARN] ModelIntegratedComponent:63 - No mode defined for component null
2024-08-28 20:18:24,880 [INFO] ThirdPartyModel:298 - Start build external matchings
2024-08-28 20:18:25,253 [INFO] ThirdPartyModel:316 - End build external matchings
2024-08-28 20:18:25,274 [INFO] ImportTextPane:194 - (OptionalMessage_ERROR) IP (DMA) : Parameter (Instance) has Id (USART3_RX) currently not set
2024-08-28 20:18:25,274 [INFO] ImportTextPane:194 - (OptionalMessage_ERROR) IP (DMA) : Parameter (Channel) has Id (USART3_RX) currently not set
2024-08-28 20:18:25,274 [INFO] ImportTextPane:194 - (OptionalMessage_ERROR) IP (DMA) : Parameter (Direction) has Id (USART3_RX) currently not set
2024-08-28 20:18:25,274 [INFO] ImportTextPane:194 - (OptionalMessage_ERROR) IP (DMA) : Parameter (PeriphInc) has Id (USART3_RX) currently not set
2024-08-28 20:18:25,274 [INFO] ImportTextPane:194 - (OptionalMessage_ERROR) IP (DMA) : Parameter (MemInc) has Id (USART3_RX) currently not set
2024-08-28 20:18:25,275 [INFO] ImportTextPane:194 - (OptionalMessage_ERROR) IP (DMA) : Parameter (PeriphDataAlignment) has Id (USART3_RX) currently not set
2024-08-28 20:18:25,275 [INFO] ImportTextPane:194 - (OptionalMessage_ERROR) IP (DMA) : Parameter (MemDataAlignment) has Id (USART3_RX) currently not set
2024-08-28 20:18:25,275 [INFO] ImportTextPane:194 - (OptionalMessage_ERROR) IP (DMA) : Parameter (Mode) has Id (USART3_RX) currently not set
2024-08-28 20:18:25,275 [INFO] ImportTextPane:194 - (OptionalMessage_ERROR) IP (DMA) : Parameter (Priority) has Id (USART3_RX) currently not set
2024-08-28 20:18:25,275 [INFO] ImportTextPane:194 - (OptionalMessage_ERROR) IP (DMA) : Parameter (FIFOMode) has Id (USART3_RX) currently not set
2024-08-28 20:18:25,275 [INFO] ImportTextPane:194 - (OptionalMessage_ERROR) IP (DMA) : Parameter (Instance) has Id (USART3_TX) currently not set
2024-08-28 20:18:25,275 [INFO] ImportTextPane:194 - (OptionalMessage_ERROR) IP (DMA) : Parameter (Channel) has Id (USART3_TX) currently not set
2024-08-28 20:18:25,275 [INFO] ImportTextPane:194 - (OptionalMessage_ERROR) IP (DMA) : Parameter (Direction) has Id (USART3_TX) currently not set
2024-08-28 20:18:25,275 [INFO] ImportTextPane:194 - (OptionalMessage_ERROR) IP (DMA) : Parameter (PeriphInc) has Id (USART3_TX) currently not set
2024-08-28 20:18:25,276 [INFO] ImportTextPane:194 - (OptionalMessage_ERROR) IP (DMA) : Parameter (MemInc) has Id (USART3_TX) currently not set
2024-08-28 20:18:25,276 [INFO] ImportTextPane:194 - (OptionalMessage_ERROR) IP (DMA) : Parameter (PeriphDataAlignment) has Id (USART3_TX) currently not set
2024-08-28 20:18:25,276 [INFO] ImportTextPane:194 - (OptionalMessage_ERROR) IP (DMA) : Parameter (MemDataAlignment) has Id (USART3_TX) currently not set
2024-08-28 20:18:25,276 [INFO] ImportTextPane:194 - (OptionalMessage_ERROR) IP (DMA) : Parameter (Mode) has Id (USART3_TX) currently not set
2024-08-28 20:18:25,276 [INFO] ImportTextPane:194 - (OptionalMessage_ERROR) IP (DMA) : Parameter (Priority) has Id (USART3_TX) currently not set
2024-08-28 20:18:25,276 [INFO] ImportTextPane:194 - (OptionalMessage_ERROR) IP (DMA) : Parameter (FIFOMode) has Id (USART3_TX) currently not set
2024-08-28 20:18:25,279 [WARN] IP:2119 - CMSIS_VERSION not found: check if there is a RefParameter without a condition.
2024-08-28 20:18:25,289 [WARN] IP:2119 - LWIP_NETIF_HOSTNAME not found: check if there is a RefParameter without a condition.
2024-08-28 20:18:25,341 [INFO] ImportTextPane:194 - (OptionalMessage_ERROR) IP (RCC) : Parameter (RTCHSEDivFreq_Value) has invalid value (12500000)
2024-08-28 20:18:25,342 [WARN] IP:2119 - DEVICE_SERIAL0_CDC_HS not found: check if there is a RefParameter without a condition.
2024-08-28 20:18:25,342 [WARN] IP:2119 - DEVICE_SERIAL1_CDC_HS not found: check if there is a RefParameter without a condition.
2024-08-28 20:18:25,343 [WARN] IP:2119 - DEVICE_SERIAL2_CDC_HS not found: check if there is a RefParameter without a condition.
2024-08-28 20:18:25,344 [WARN] IP:2119 - DEVICE_SERIAL0_CDC_HS not found: check if there is a RefParameter without a condition.
2024-08-28 20:18:25,345 [WARN] IP:2119 - DEVICE_SERIAL1_CDC_HS not found: check if there is a RefParameter without a condition.
2024-08-28 20:18:25,345 [WARN] IP:2119 - DEVICE_SERIAL2_CDC_HS not found: check if there is a RefParameter without a condition.
2024-08-28 20:18:25,651 [INFO] UtilMem:75 - End LoadConfig() Used Memory: 167787288 Bytes (358612992)
2024-08-28 20:18:25,805 [INFO] ApiDb:581 - Connected to CubeFinder SQLite database (C:\Users\Danil\.stmcufinder\plugins\mcufinder\mcu\cube-finder-db.db)
2024-08-28 20:18:25,914 [INFO] ApiDb:668 - CubeFinder database Data Model version=2.1
2024-08-28 20:18:25,914 [INFO] ApiDb:669 - CubeFinder database Configuration version=3.0.39
2024-08-28 20:18:25,914 [INFO] ApiDb:670 - CubeFinder database generation date=2024-03-25 (1711369621)
2024-08-28 20:18:25,914 [INFO] ApiDb:671 - CubeFinder database FW Pack versions=[FP-ATR-ASTRA1_V2.0.0, FP-SNS-FLIGHT1_V5.0.1, FP-SNS-FLIGHT1_V5.0.2, FP-SNS-MOTENV1_V4.3.1, FP-SNS-MOTENV1_V4.3.2, FP-SNS-MOTENVWB1_V1.3.1, FP-SNS-SMARTAG2_V1.2.0, STM32Cube_FW_C0_V1.1.0, STM32Cube_FW_F4_V1.28.0, STM32Cube_FW_F7_V1.17.0, STM32Cube_FW_G0_V1.6.2, STM32Cube_FW_G4_V1.5.2, STM32Cube_FW_H5_V0.5.1, STM32Cube_FW_H5_V1.1.1, STM32Cube_FW_H5_V1.2.0, STM32Cube_FW_H5_V1.2.0RC4, STM32Cube_FW_H7RS_V1.0.0, STM32Cube_FW_H7RS_V1.0.0RC4, STM32Cube_FW_H7_V1.11.0, STM32Cube_FW_L0_V1.12.2, STM32Cube_FW_L5_V1.5.1, STM32Cube_FW_U0_V1.0.0, STM32Cube_FW_U0_V1.0.0RC1, STM32Cube_FW_U5_V1.3.0RC4, STM32Cube_FW_U5_V1.5.0, STM32Cube_FW_U5_V1.5.0RC1, STM32Cube_FW_WBA_V1.0.0RC1, STM32Cube_FW_WBA_V1.2.0, STM32Cube_FW_WBA_V1.2.0RC2, STM32Cube_FW_WBA_V1.3.0, STM32Cube_FW_WBA_V1.3.0RC1, STM32Cube_FW_WB_V1.15.0RC1, STM32Cube_FW_WB_V1.16.0, STM32Cube_FW_WB_V1.16.0RC2, STM32Cube_FW_WB_V1.18.0, STM32Cube_FW_WB_V1.19.0, STM32Cube_FW_WL_V1.3.0, X-CUBE-ALGOBUILD_V1.3.0, X-CUBE-ALS_V1.0.1, X-CUBE-AZRTOS-F4_V1.1.0, X-CUBE-AZRTOS-F7_V1.1.0, X-CUBE-AZRTOS-G0_V1.1.0, X-CUBE-AZRTOS-G4_V2.0.0, X-CUBE-AZRTOS-H7_V3.2.0, X-CUBE-AZRTOS-L4_V1.0.0, X-CUBE-AZRTOS-L4_V2.0.0, X-CUBE-AZRTOS-L5_V1.1.0, X-CUBE-AZRTOS-WB_V2.0.0, X-CUBE-AZRTOS-WL_V2.0.0, X-CUBE-BLE1_V7.0.0, X-CUBE-BLE2_V3.3.0, X-CUBE-BLEMGR_V3.1.0, X-CUBE-EEPRMA1_V4.1.0, X-CUBE-EEPRMA1_V5.1.0, X-CUBE-FREERTOS_V1.1.0, X-CUBE-GNSS1_V6.0.0, X-CUBE-MEMS1_V10.0.0, X-CUBE-MEMS1_V9.1.0, X-CUBE-MEMS1_V9.4.0, X-CUBE-MEMS1_V9.6.0, X-CUBE-NFC4_V3.0.0, X-CUBE-NFC7_V1.0.1, X-CUBE-SFXS2LP1_V4.0.0, X-CUBE-SUBG2_V5.0.0, X-CUBE-TOF1_V3.4.0]
2024-08-28 20:18:29,312 [INFO] ApiDb:240 - Found 371 in-development CPN: [B-G473E-ZEST1S, B-WB1M-WPAN1, B-WL5M-SUBG1, NUCLEO-C031C6, NUCLEO-H503RB, NUCLEO-H563ZI, NUCLEO-U545RE-Q, NUCLEO-U5A5ZJ-Q, NUCLEO-WBA52CG, NUCLEO-WBA55CG, STEVAL-MKBOXPRO, STEVAL-PROTEUS1, STEVAL-STWINBX1, STM320518-EVAL, STM32C0116-DK, STM32C011D6Y3TR, STM32C011D6Y6TR, STM32C011F4P3, STM32C011F4P6, STM32C011F4U3, STM32C011F4U6TR, STM32C011F6P3, STM32C011F6P6, STM32C011F6U3, STM32C011F6U6TR, STM32C011J4M3, STM32C011J4M6, STM32C011J6M3, STM32C011J6M6, STM32C0316-DK, STM32C031C4T3, STM32C031C4T6, STM32C031C4U3, STM32C031C4U6, STM32C031C6T3, STM32C031C6T6, STM32C031C6U3, STM32C031C6U6, STM32C031F4P3, STM32C031F4P6, STM32C031F6P3, STM32C031F6P6, STM32C031G4U3, STM32C031G4U6, STM32C031G6U3, STM32C031G6U6, STM32C031K4T3, STM32C031K4T6, STM32C031K4U3, STM32C031K4U6, STM32C031K6T3, STM32C031K6T6, STM32C031K6U3, STM32C031K6U6, STM32G071K8TXN, STM32G071K8UXN, STM32G081GBU6N, STM32G081KBT6N, STM32G081KBUXN, STM32G0B1CCT6N, STM32G0B1KCT6, STM32G0B1NEY6TR, STM32G0B1RCT6N, STM32G0C1CCT6, STM32G0C1CCT6N, STM32G0C1CCU6N, STM32G0C1CET6N, STM32G0C1CEU6N, STM32G0C1KCT6, STM32G0C1NEY6TR, STM32G0C1RCI6N, STM32G0C1RCT6N, STM32G0C1REI6N, STM32G0C1RET6N, STM32G0C1VCI6, STM32G0C1VEI6, STM32G471CCT6, STM32G471CCU6, STM32G471CET3, STM32G471CET6, STM32G471CEU3, STM32G471CEU6, STM32G471MCT6, STM32G471MET3, STM32G471MET6, STM32G471MEY6TR, STM32G471QCT6, STM32G471QET3, STM32G471RCT6, STM32G471RET3, STM32G471RET6, STM32G471VCH6, STM32G471VCI6, STM32G471VCT6, STM32G471VEH3, STM32G471VEH6, STM32G471VEI3, STM32G471VEI6, STM32G471VET3, STM32G471VET6, STM32G474CCT6, STM32H503CBT6, STM32H503CBU6, STM32H503EBY6TR, STM32H503KBU6, STM32H503RBT6, STM32H562AGI6, STM32H562AII6, STM32H562IGK6, STM32H562IGT6, STM32H562IIK6, STM32H562IIT6, STM32H562RGT6, STM32H562RGV6, STM32H562RIT6, STM32H562RIV6, STM32H562VGT6, STM32H562VIT6, STM32H562ZGT6, STM32H562ZIT6, STM32H563AGI6, STM32H563AII3Q, STM32H563AII6, STM32H563IGK6, STM32H563IGT6, STM32H563IIK3Q, STM32H563IIK6, STM32H563IIT3Q, STM32H563IIT6, STM32H563MIY3QTR, STM32H563RGT6, STM32H563RGV6, STM32H563RIT6, STM32H563RIV6, STM32H563VGT6, STM32H563VIT3Q, STM32H563VIT6, STM32H563ZGT6, STM32H563ZIT3Q, STM32H563ZIT6, STM32H573AII3Q, STM32H573AII6, STM32H573I-DK, STM32H573IIK3Q, STM32H573IIK6, STM32H573IIT3Q, STM32H573IIT6, STM32H573MIY3QTR, STM32H573RIT6, STM32H573RIV6, STM32H573VIT3Q, STM32H573VIT6, STM32H573ZIT3Q, STM32H573ZIT6, STM32L4R5QGI6STR, STM32MP131AAE3, STM32MP131AAF3, STM32MP131AAG3, STM32MP131CAE3, STM32MP131CAF3, STM32MP131CAG3, STM32MP131DAE7, STM32MP131DAF7, STM32MP131DAG7, STM32MP131FAE7, STM32MP131FAF7, STM32MP131FAG7, STM32MP133AAE3, STM32MP133AAF3, STM32MP133AAG3, STM32MP133CAE3, STM32MP133CAF3, STM32MP133CAG3, STM32MP133DAE7, STM32MP133DAF7, STM32MP133DAG7, STM32MP133FAE7, STM32MP133FAF7, STM32MP133FAG7, STM32MP135AAE3, STM32MP135AAF3, STM32MP135AAG3, STM32MP135CAE3, STM32MP135CAF3, STM32MP135CAG3, STM32MP135DAE7, STM32MP135DAF7, STM32MP135DAG7, STM32MP135F-DK, STM32MP135FAE7, STM32MP135FAF7, STM32MP135FAF7T, STM32MP135FAF7U, STM32MP135FAG7, STM32U535CBT6, STM32U535CBT6Q, STM32U535CBU6, STM32U535CBU6Q, STM32U535CCT6, STM32U535CCT6Q, STM32U535CCU6, STM32U535CCU6Q, STM32U535CET6, STM32U535CET6Q, STM32U535CEU6, STM32U535CEU6Q, STM32U535JEY6QTR, STM32U535NCY6QTR, STM32U535NEY6QTR, STM32U535RBI6, STM32U535RBI6Q, STM32U535RBT6, STM32U535RBT6Q, STM32U535RCI6, STM32U535RCI6Q, STM32U535RCT6, STM32U535RCT6Q, STM32U535REI6, STM32U535REI6Q, STM32U535RET6, STM32U535RET6Q, STM32U535VCI6, STM32U535VCI6Q, STM32U535VCT6, STM32U535VCT6Q, STM32U535VEI6, STM32U535VEI6Q, STM32U535VET6, STM32U535VET6Q, STM32U545CET6, STM32U545CET6Q, STM32U545CEU6, STM32U545CEU6Q, STM32U545JEY6QTR, STM32U545NEY6QTR, STM32U545REI6, STM32U545REI6Q, STM32U545RET6, STM32U545RET6Q, STM32U545VEI6, STM32U545VEI6Q, STM32U545VET6, STM32U545VET6Q, STM32U595AIH6, STM32U595AIH6Q, STM32U595AJH6, STM32U595AJH6Q, STM32U595QII6, STM32U595QII6Q, STM32U595QJI6, STM32U595QJI6Q, STM32U595RIT6, STM32U595RIT6Q, STM32U595RJT6, STM32U595RJT6Q, STM32U595VIT6, STM32U595VIT6Q, STM32U595VJT6, STM32U595VJT6Q, STM32U595ZIT6, STM32U595ZIT6Q, STM32U595ZIY6QTR, STM32U595ZJT6, STM32U595ZJT6Q, STM32U595ZJY6QTR, STM32U599BJY6QTR, STM32U599NIH6Q, STM32U599NJH6Q, STM32U599VIT6Q, STM32U599VJT6, STM32U599VJT6Q, STM32U599ZIT6Q, STM32U599ZIY6QTR, STM32U599ZJT6Q, STM32U599ZJY6QTR, STM32U5A5AJH6, STM32U5A5AJH6Q, STM32U5A5QJI6, STM32U5A5QJI6Q, STM32U5A5RJT6, STM32U5A5RJT6Q, STM32U5A5VJT6, STM32U5A5VJT6Q, STM32U5A5ZJT6, STM32U5A5ZJT6Q, STM32U5A5ZJY6QTR, STM32U5A9BJY6QTR, STM32U5A9J-DK, STM32U5A9NJH6Q, STM32U5A9VJT6Q, STM32U5A9ZJT6Q, STM32U5A9ZJY6QTR, STM32U5F7VIT6, STM32U5F7VIT6Q, STM32U5F7VJT6, STM32U5F7VJT6Q, STM32U5F9BJY6QTR, STM32U5F9NJH6Q, STM32U5F9VIT6Q, STM32U5F9VJT6Q, STM32U5F9ZIJ6QTR, STM32U5F9ZIT6Q, STM32U5F9ZJJ6QTR, STM32U5F9ZJT6Q, STM32U5G7VJT6, STM32U5G7VJT6Q, STM32U5G9BJY6QTR, STM32U5G9J-DK1, STM32U5G9J-DK2, STM32U5G9NJH6Q, STM32U5G9VJT6Q, STM32U5G9ZJJ6QTR, STM32U5G9ZJT6Q, STM32WB1MMCH6, STM32WBA50KEU6, STM32WBA50KEU6TR, STM32WBA50KGU6, STM32WBA50KGU6TR, STM32WBA52CEU6, STM32WBA52CEU6TR, STM32WBA52CEU7, STM32WBA52CEU7TR, STM32WBA52CGU6, STM32WBA52CGU6TR, STM32WBA52CGU6U, STM32WBA52CGU7, STM32WBA52CGU7TR, STM32WBA52KEU6, STM32WBA52KEU6TR, STM32WBA52KGU6, STM32WBA52KGU6TR, STM32WBA54CEU6, STM32WBA54CEU6TR, STM32WBA54CEU7, STM32WBA54CEU7TR, STM32WBA54CGU6, STM32WBA54CGU6TR, STM32WBA54CGU7, STM32WBA54CGU7TR, STM32WBA54KEU6, STM32WBA54KEU6TR, STM32WBA54KEU7, STM32WBA54KEU7TR, STM32WBA54KGU6, STM32WBA54KGU6TR, STM32WBA54KGU7, STM32WBA54KGU7TR, STM32WBA55CEU6, STM32WBA55CEU6TR, STM32WBA55CEU7, STM32WBA55CEU7TR, STM32WBA55CGU6, STM32WBA55CGU6TR, STM32WBA55CGU6U, STM32WBA55CGU7, STM32WBA55CGU7TR, STM32WBA55G-DK1, STM32WBA55HEF6, STM32WBA55HEF7, STM32WBA55HGF6, STM32WBA55HGF7, STM32WBA55UEI6, STM32WBA55UEI6TR, STM32WBA55UEI7, STM32WBA55UEI7TR, STM32WBA55UGI6, STM32WBA55UGI6TR, STM32WBA55UGI7, STM32WBA55UGI7TR, STM32WL5MOCH6, STM32WL5MOCH6TR]
2024-08-28 20:18:29,319 [INFO] DbMcus:218 - Found 4069 MCUs, 4069 are supported
2024-08-28 20:18:29,320 [INFO] ApiDb:423 - Load user favorites file C:\Users\Danil/.stm32cubeide/favorites.mcus.txt: 0 item(s)
2024-08-28 20:18:29,321 [INFO] ApiDb:427 - User favorites MCUs=[]
2024-08-28 20:18:29,321 [INFO] DbMcus:224 - Set 0 / 0 favorites MCUs
2024-08-28 20:18:29,783 [INFO] MicroXplorer:468 - Change Database Path : 
2024-08-28 20:18:29,784 [INFO] MicroXplorer:498 - Change Database Version : DB.6.0.100
2024-08-28 20:18:29,784 [WARN] ThirdParty:833 - waiting for thirdparty lock release [change project]
2024-08-28 20:18:29,784 [INFO] ThirdParty:835 - entering critical section [change project]
2024-08-28 20:18:29,784 [INFO] ThirdParty:1030 - CMSIS Pack Vendor :STMicroelectronics USBPD 4.1
2024-08-28 20:18:29,784 [INFO] ThirdParty:1030 - CMSIS Pack Vendor :STMicroelectronics X-CUBE-GNSS1 6.0.0
2024-08-28 20:18:29,784 [INFO] ThirdParty:1030 - CMSIS Pack Vendor :STMicroelectronics USB_HOST 2.0.0
2024-08-28 20:18:29,784 [INFO] ThirdParty:1030 - CMSIS Pack Vendor :STMicroelectronics X-CUBE-AZRTOS-F4 1.1.0
2024-08-28 20:18:29,784 [INFO] ThirdParty:1030 - CMSIS Pack Vendor :STMicroelectronics LIBJPEG 8.0.0
2024-08-28 20:18:29,784 [INFO] ThirdParty:1030 - CMSIS Pack Vendor :STMicroelectronics X-CUBE-SMBUS 2.1.0
2024-08-28 20:18:29,784 [INFO] ThirdParty:1030 - CMSIS Pack Vendor :STMicroelectronics USB_DEVICE 3.0.0
2024-08-28 20:18:29,784 [INFO] ThirdParty:1030 - CMSIS Pack Vendor :STMicroelectronics X-CUBE-TCPP 4.1.0
2024-08-28 20:18:29,784 [INFO] ThirdParty:1030 - CMSIS Pack Vendor :STMicroelectronics X-CUBE-AZRTOS-WB 2.0.0
2024-08-28 20:18:29,785 [INFO] ThirdParty:1030 - CMSIS Pack Vendor :wolfSSL I-CUBE-wolfSSL 5.6.6
2024-08-28 20:18:29,785 [INFO] ThirdParty:1030 - CMSIS Pack Vendor :STMicroelectronics X-CUBE-TOUCHGFX 4.23.0
2024-08-28 20:18:29,785 [INFO] ThirdParty:1030 - CMSIS Pack Vendor :STMicroelectronics X-CUBE-TOUCHGFX 4.23.2
2024-08-28 20:18:29,785 [INFO] ThirdParty:1030 - CMSIS Pack Vendor :STMicroelectronics X-CUBE-AZRTOS-F7 1.1.0
2024-08-28 20:18:29,785 [INFO] ThirdParty:1030 - CMSIS Pack Vendor :STMicroelectronics X-CUBE-AZRTOS-L5 2.0.0
2024-08-28 20:18:29,785 [INFO] ThirdParty:1030 - CMSIS Pack Vendor :STMicroelectronics USB_DEVICE 2.0.0
2024-08-28 20:18:29,785 [INFO] ThirdParty:1030 - CMSIS Pack Vendor :STMicroelectronics X-CUBE-NFC6 3.1.0
2024-08-28 20:18:29,785 [INFO] ThirdParty:1030 - CMSIS Pack Vendor :ITTIA_DB I-CUBE-ITTIADB 8.8.0
2024-08-28 20:18:29,785 [INFO] ThirdParty:1030 - CMSIS Pack Vendor :STMicroelectronics FP-SNS-MOTENV1 4.3.2
2024-08-28 20:18:29,785 [INFO] ThirdParty:1030 - CMSIS Pack Vendor :STMicroelectronics X-CUBE-ALGOBUILD 1.3.0
2024-08-28 20:18:29,785 [INFO] ThirdParty:1030 - CMSIS Pack Vendor :STMicroelectronics FreeRTOS 0.0.1
2024-08-28 20:18:29,785 [INFO] ThirdParty:1030 - CMSIS Pack Vendor :STMicroelectronics X-CUBE-AZRTOS-G0 1.1.0
2024-08-28 20:18:29,785 [INFO] ThirdParty:1030 - CMSIS Pack Vendor :STMicroelectronics X-CUBE-SAFEA1 1.2.2
2024-08-28 20:18:29,785 [INFO] ThirdParty:1030 - CMSIS Pack Vendor :STMicroelectronics X-CUBE-NFC4 3.0.0
2024-08-28 20:18:29,785 [INFO] ThirdParty:1030 - CMSIS Pack Vendor :STMicroelectronics X-CUBE-SUBG2 5.0.0
2024-08-28 20:18:29,785 [INFO] ThirdParty:1030 - CMSIS Pack Vendor :STMicroelectronics STM32_WPAN 1.0.0
2024-08-28 20:18:29,785 [INFO] ThirdParty:1030 - CMSIS Pack Vendor :STMicroelectronics lwIP 2.0.3
2024-08-28 20:18:29,786 [INFO] ThirdParty:1030 - CMSIS Pack Vendor :STMicroelectronics FP-SNS-FLIGHT1 5.0.2
2024-08-28 20:18:29,786 [INFO] ThirdParty:1030 - CMSIS Pack Vendor :STMicroelectronics USB_HOST 1.0.0
2024-08-28 20:18:29,786 [INFO] ThirdParty:1030 - CMSIS Pack Vendor :STMicroelectronics X-CUBE-AZRTOS-G4 2.0.0
2024-08-28 20:18:29,786 [INFO] ThirdParty:1030 - CMSIS Pack Vendor :STMicroelectronics PDM2PCM 3.1.0
2024-08-28 20:18:29,786 [INFO] ThirdParty:1030 - CMSIS Pack Vendor :Infineon AIROC-Wi-Fi-Bluetooth-STM32 1.5.1
2024-08-28 20:18:29,786 [INFO] ThirdParty:1030 - CMSIS Pack Vendor :STMicroelectronics X-CUBE-BLEMGR 3.0.0
2024-08-28 20:18:29,786 [INFO] ThirdParty:1030 - CMSIS Pack Vendor :STMicroelectronics PDM2PCM 3.3.0
2024-08-28 20:18:29,786 [INFO] ThirdParty:1030 - CMSIS Pack Vendor :STMicroelectronics X-CUBE-DISPLAY 3.0.0
2024-08-28 20:18:29,786 [INFO] ThirdParty:1030 - CMSIS Pack Vendor :STMicroelectronics FP-SNS-MOTENVWB1 1.3.1
2024-08-28 20:18:29,786 [INFO] ThirdParty:1030 - CMSIS Pack Vendor :STMicroelectronics X-CUBE-BLE1 7.0.0
2024-08-28 20:18:29,786 [INFO] ThirdParty:1030 - CMSIS Pack Vendor :STMicroelectronics FP-ATR-SIGFOX1 3.2.0
2024-08-28 20:18:29,786 [INFO] ThirdParty:1030 - CMSIS Pack Vendor :STMicroelectronics X-CUBE-ISPU 2.0.0
2024-08-28 20:18:29,786 [INFO] ThirdParty:1030 - CMSIS Pack Vendor :STMicroelectronics X-CUBE-EEPRMA1 5.1.0
2024-08-28 20:18:29,786 [INFO] ThirdParty:1030 - CMSIS Pack Vendor :STMicroelectronics HAL Drivers 0.0.0
2024-08-28 20:18:29,786 [INFO] ThirdParty:1030 - CMSIS Pack Vendor :STMicroelectronics MBEDTLS 2.16.2
2024-08-28 20:18:29,786 [INFO] ThirdParty:1030 - CMSIS Pack Vendor :emotas I-CUBE-CANOPEN 1.3.0
2024-08-28 20:18:29,786 [INFO] ThirdParty:1030 - CMSIS Pack Vendor :STMicroelectronics X-CUBE-MEMS1 10.0.0
2024-08-28 20:18:29,786 [INFO] ThirdParty:1030 - CMSIS Pack Vendor :STMicroelectronics X-CUBE-FREERTOS 1.1.0
2024-08-28 20:18:29,786 [INFO] ThirdParty:1030 - CMSIS Pack Vendor :STMicroelectronics X-CUBE-NFC7 1.0.1
2024-08-28 20:18:29,787 [INFO] ThirdParty:1030 - CMSIS Pack Vendor :STMicroelectronics MBEDTLS 2.14.1
2024-08-28 20:18:29,787 [INFO] ThirdParty:1030 - CMSIS Pack Vendor :STMicroelectronics X-CUBE-NFC6 3.0.0
2024-08-28 20:18:29,787 [INFO] ThirdParty:1030 - CMSIS Pack Vendor :portGmbH I-Cube-SoM-uGOAL 1.1.0
2024-08-28 20:18:29,787 [INFO] ThirdParty:1030 - CMSIS Pack Vendor :STMicroelectronics X-CUBE-ALS 1.0.1
2024-08-28 20:18:29,787 [INFO] ThirdParty:1030 - CMSIS Pack Vendor :STMicroelectronics X-CUBE-BLEMGR 3.1.0
2024-08-28 20:18:29,787 [INFO] ThirdParty:1030 - CMSIS Pack Vendor :STMicroelectronics ThreadX 1.0.0
2024-08-28 20:18:29,787 [INFO] ThirdParty:1030 - CMSIS Pack Vendor :STMicroelectronics FP-SNS-SMARTAG2 1.2.0
2024-08-28 20:18:29,787 [INFO] ThirdParty:1030 - CMSIS Pack Vendor :STMicroelectronics X-CUBE-AZRTOS-WL 2.0.0
2024-08-28 20:18:29,787 [INFO] ThirdParty:1030 - CMSIS Pack Vendor :SEGGER I-CUBE-embOS 1.3.1
2024-08-28 20:18:29,787 [INFO] ThirdParty:1030 - CMSIS Pack Vendor :STMicroelectronics FP-SNS-MOTENV1 5.0.0
2024-08-28 20:18:29,787 [INFO] ThirdParty:1030 - CMSIS Pack Vendor :STMicroelectronics USB_DEVICE 1.0.0
2024-08-28 20:18:29,787 [INFO] ThirdParty:1030 - CMSIS Pack Vendor :STMicroelectronics X-CUBE-AI 8.1.0
2024-08-28 20:18:29,787 [INFO] ThirdParty:1030 - CMSIS Pack Vendor :STMicroelectronics X-CUBE-AZRTOS-L4 2.0.0
2024-08-28 20:18:29,787 [INFO] ThirdParty:1030 - CMSIS Pack Vendor :STMicroelectronics ThreadX 0.0.2
2024-08-28 20:18:29,787 [INFO] ThirdParty:1030 - CMSIS Pack Vendor :WES I-CUBE-Cesium 1.3.0
2024-08-28 20:18:29,787 [INFO] ThirdParty:1030 - CMSIS Pack Vendor :STMicroelectronics FP-ATR-ASTRA1 2.0.0
2024-08-28 20:18:29,787 [INFO] ThirdParty:1030 - CMSIS Pack Vendor :STMicroelectronics lwIP 2.1.2
2024-08-28 20:18:29,787 [INFO] ThirdParty:1030 - CMSIS Pack Vendor :STMicroelectronics X-CUBE-SFXS2LP1 4.0.0
2024-08-28 20:18:29,787 [INFO] ThirdParty:1030 - CMSIS Pack Vendor :STMicroelectronics X-CUBE-BLE2 3.3.0
2024-08-28 20:18:29,788 [INFO] ThirdParty:1030 - CMSIS Pack Vendor :STMicroelectronics X-CUBE-TOF1 3.4.0
2024-08-28 20:18:29,788 [INFO] ThirdParty:1030 - CMSIS Pack Vendor :STMicroelectronics X-CUBE-TOF1 3.4.1
2024-08-28 20:18:29,788 [INFO] ThirdParty:1030 - CMSIS Pack Vendor :STMicroelectronics X-CUBE-AZRTOS-H7 3.2.0
2024-08-28 20:18:29,788 [INFO] ThirdParty:1030 - CMSIS Pack Vendor :STMicroelectronics PDM2PCM 3.2.0
2024-08-28 20:18:29,788 [INFO] ThirdParty:841 - exiting critical section [change project]
2024-08-28 20:18:30,325 [INFO] PinOutPanel:1499 - setPackage(No Configuration,No Configuration)
2024-08-28 20:18:30,327 [INFO] PinOutPanel:1499 - setPackage(STM32F407VETx,LQFP100)
2024-08-28 20:18:30,788 [INFO] UtilMem:75 - Before build in PCC Used Memory: 211144544 Bytes (358612992)
2024-08-28 20:18:31,684 [INFO] UtilMem:75 - After build in PCC Used Memory: 237268992 Bytes (376438784)
2024-08-28 20:18:31,770 [INFO] ApiDbMcu:508 - Load IP Config File for FATFS
2024-08-28 20:18:31,828 [INFO] ApiDbMcu:508 - Load IP Config File for LWIP
2024-08-28 20:18:31,852 [INFO] ApiDbMcu:508 - Load IP Config File for USB_DEVICE
2024-08-28 20:18:31,901 [INFO] IPUIPlugin:80 - create IPUIPlugin
2024-08-28 20:18:31,901 [INFO] IPUIPlugin:80 - create IPUIPlugin
2024-08-28 20:18:31,901 [INFO] IPUIPlugin:80 - create IPUIPlugin
2024-08-28 20:18:31,902 [INFO] IPUIPlugin:80 - create IPUIPlugin
2024-08-28 20:18:31,902 [INFO] IPUIPlugin:80 - create IPUIPlugin
2024-08-28 20:18:31,902 [INFO] IPUIPlugin:80 - create IPUIPlugin
2024-08-28 20:18:31,902 [INFO] IPUIPlugin:80 - create IPUIPlugin
2024-08-28 20:18:31,903 [INFO] IPUIPlugin:80 - create IPUIPlugin
2024-08-28 20:18:31,903 [INFO] IPUIPlugin:80 - create IPUIPlugin
2024-08-28 20:18:31,903 [INFO] IPUIPlugin:80 - create IPUIPlugin
2024-08-28 20:18:31,903 [INFO] IPUIPlugin:80 - create IPUIPlugin
2024-08-28 20:18:31,904 [INFO] IPUIPlugin:80 - create IPUIPlugin
2024-08-28 20:18:31,904 [INFO] IPUIPlugin:80 - create IPUIPlugin
2024-08-28 20:18:31,904 [INFO] IPUIPlugin:80 - create IPUIPlugin
2024-08-28 20:18:31,904 [INFO] IPUIPlugin:80 - create IPUIPlugin
2024-08-28 20:18:31,905 [INFO] IPUIPlugin:80 - create IPUIPlugin
2024-08-28 20:18:31,905 [INFO] IPUIPlugin:80 - create IPUIPlugin
2024-08-28 20:18:31,905 [INFO] IPUIPlugin:80 - create IPUIPlugin
2024-08-28 20:18:31,905 [INFO] IPUIPlugin:80 - create IPUIPlugin
2024-08-28 20:18:31,906 [INFO] IPUIPlugin:80 - create IPUIPlugin
2024-08-28 20:18:31,906 [INFO] IPUIPlugin:80 - create IPUIPlugin
2024-08-28 20:18:31,907 [INFO] IPUIPlugin:80 - create IPUIPlugin
2024-08-28 20:18:31,907 [INFO] IPUIPlugin:80 - create IPUIPlugin
2024-08-28 20:18:31,908 [INFO] IPUIPlugin:80 - create IPUIPlugin
2024-08-28 20:18:31,908 [INFO] IPUIPlugin:80 - create IPUIPlugin
2024-08-28 20:18:31,909 [INFO] IPUIPlugin:80 - create IPUIPlugin
2024-08-28 20:18:31,909 [INFO] IPUIPlugin:80 - create IPUIPlugin
2024-08-28 20:18:31,909 [INFO] IPUIPlugin:80 - create IPUIPlugin
2024-08-28 20:18:31,910 [INFO] IPUIPlugin:80 - create IPUIPlugin
2024-08-28 20:18:31,910 [INFO] IPUIPlugin:80 - create IPUIPlugin
2024-08-28 20:18:31,910 [INFO] IPUIPlugin:80 - create IPUIPlugin
2024-08-28 20:18:31,911 [INFO] IPUIPlugin:80 - create IPUIPlugin
2024-08-28 20:18:31,911 [INFO] IPUIPlugin:80 - create IPUIPlugin
2024-08-28 20:18:31,911 [INFO] IPUIPlugin:80 - create IPUIPlugin
2024-08-28 20:18:31,912 [INFO] IPUIPlugin:80 - create IPUIPlugin
2024-08-28 20:18:31,912 [INFO] IPUIPlugin:80 - create IPUIPlugin
2024-08-28 20:18:31,912 [INFO] IPUIPlugin:80 - create IPUIPlugin
2024-08-28 20:18:31,913 [INFO] IPUIPlugin:80 - create IPUIPlugin
2024-08-28 20:18:31,913 [INFO] IPUIPlugin:80 - create IPUIPlugin
2024-08-28 20:18:31,913 [INFO] IPUIPlugin:80 - create IPUIPlugin
2024-08-28 20:18:31,914 [INFO] IPUIPlugin:80 - create IPUIPlugin
2024-08-28 20:18:31,914 [INFO] IPUIPlugin:80 - create IPUIPlugin
2024-08-28 20:18:31,914 [INFO] IPUIPlugin:80 - create IPUIPlugin
2024-08-28 20:18:31,915 [INFO] IPUIPlugin:80 - create IPUIPlugin
2024-08-28 20:18:31,915 [INFO] IPUIPlugin:80 - create IPUIPlugin
2024-08-28 20:18:31,915 [INFO] IPUIPlugin:80 - create IPUIPlugin
2024-08-28 20:18:31,916 [INFO] IPUIPlugin:80 - create IPUIPlugin
2024-08-28 20:18:31,916 [INFO] IPUIPlugin:80 - create IPUIPlugin
2024-08-28 20:18:31,917 [INFO] IPUIPlugin:80 - create IPUIPlugin
2024-08-28 20:18:31,917 [INFO] IPUIPlugin:80 - create IPUIPlugin
2024-08-28 20:18:31,918 [INFO] IPUIPlugin:80 - create IPUIPlugin
2024-08-28 20:18:31,918 [INFO] IPUIPlugin:80 - create IPUIPlugin
2024-08-28 20:18:31,919 [INFO] IPUIPlugin:80 - create IPUIPlugin
2024-08-28 20:18:31,920 [INFO] IPUIPlugin:80 - create IPUIPlugin
2024-08-28 20:18:31,921 [INFO] IPUIPlugin:80 - create IPUIPlugin
2024-08-28 20:18:31,922 [INFO] IPUIPlugin:80 - create IPUIPlugin
2024-08-28 20:18:31,922 [INFO] IPUIPlugin:80 - create IPUIPlugin
2024-08-28 20:18:31,923 [INFO] IPUIPlugin:80 - create IPUIPlugin
2024-08-28 20:18:31,933 [INFO] ApiDbMcu:508 - Load IP Config File for PDM2PCM
2024-08-28 20:18:32,243 [INFO] CADModel:165 - CPN selected for project levelSTM32F407VET6
2024-08-28 20:18:32,243 [INFO] CADModel:114 - Register for checkConnection events
2024-08-28 20:18:32,312 [INFO] OpenFileManager:343 - Restore cursor
2024-08-28 20:18:32,400 [WARN] IP:2119 - DEVICE_SERIAL0_CDC_HS not found: check if there is a RefParameter without a condition.
2024-08-28 20:18:32,400 [WARN] IP:2119 - DEVICE_SERIAL1_CDC_HS not found: check if there is a RefParameter without a condition.
2024-08-28 20:18:32,400 [WARN] IP:2119 - DEVICE_SERIAL2_CDC_HS not found: check if there is a RefParameter without a condition.
2024-08-28 20:18:32,403 [WARN] IP:2119 - DEVICE_SERIAL0_CDC_HS not found: check if there is a RefParameter without a condition.
2024-08-28 20:18:32,403 [WARN] IP:2119 - DEVICE_SERIAL1_CDC_HS not found: check if there is a RefParameter without a condition.
2024-08-28 20:18:32,404 [WARN] IP:2119 - DEVICE_SERIAL2_CDC_HS not found: check if there is a RefParameter without a condition.
2024-08-28 20:18:32,494 [WARN] IP:2119 - CMSIS_VERSION not found: check if there is a RefParameter without a condition.
2024-08-28 20:18:32,504 [WARN] IP:2119 - LWIP_NETIF_HOSTNAME not found: check if there is a RefParameter without a condition.
2024-08-28 20:18:32,615 [WARN] IP:2119 - CMSIS_VERSION not found: check if there is a RefParameter without a condition.
2024-08-28 20:18:32,623 [WARN] IP:2119 - LWIP_NETIF_HOSTNAME not found: check if there is a RefParameter without a condition.
2024-08-28 20:19:22,494 [WARN] IP:2119 - DEVICE_SERIAL0_CDC_FS not found: check if there is a RefParameter without a condition.
2024-08-28 20:19:22,494 [WARN] IP:2119 - DEVICE_SERIAL1_CDC_FS not found: check if there is a RefParameter without a condition.
2024-08-28 20:19:22,494 [WARN] IP:2119 - DEVICE_SERIAL2_CDC_FS not found: check if there is a RefParameter without a condition.
2024-08-28 20:19:22,529 [WARN] IP:2119 - DEVICE_SERIAL0_CDC_FS not found: check if there is a RefParameter without a condition.
2024-08-28 20:19:22,529 [WARN] IP:2119 - DEVICE_SERIAL1_CDC_FS not found: check if there is a RefParameter without a condition.
2024-08-28 20:19:22,529 [WARN] IP:2119 - DEVICE_SERIAL2_CDC_FS not found: check if there is a RefParameter without a condition.
2024-08-28 20:19:22,530 [WARN] IP:2119 - DEVICE_SERIAL0_CDC_FS not found: check if there is a RefParameter without a condition.
2024-08-28 20:19:22,530 [WARN] IP:2119 - DEVICE_SERIAL1_CDC_FS not found: check if there is a RefParameter without a condition.
2024-08-28 20:19:22,530 [WARN] IP:2119 - DEVICE_SERIAL2_CDC_FS not found: check if there is a RefParameter without a condition.
2024-08-28 20:19:22,663 [WARN] IP:2119 - DEVICE_SERIAL0_CDC_FS not found: check if there is a RefParameter without a condition.
2024-08-28 20:19:22,663 [WARN] IP:2119 - DEVICE_SERIAL1_CDC_FS not found: check if there is a RefParameter without a condition.
2024-08-28 20:19:22,663 [WARN] IP:2119 - DEVICE_SERIAL2_CDC_FS not found: check if there is a RefParameter without a condition.
2024-08-28 20:19:22,664 [WARN] IP:2119 - DEVICE_SERIAL0_CDC_FS not found: check if there is a RefParameter without a condition.
2024-08-28 20:19:22,664 [WARN] IP:2119 - DEVICE_SERIAL1_CDC_FS not found: check if there is a RefParameter without a condition.
2024-08-28 20:19:22,664 [WARN] IP:2119 - DEVICE_SERIAL2_CDC_FS not found: check if there is a RefParameter without a condition.
2024-08-28 20:19:38,534 [WARN] IP:2119 - DEVICE_SERIAL0_CDC_FS not found: check if there is a RefParameter without a condition.
2024-08-28 20:19:38,534 [WARN] IP:2119 - DEVICE_SERIAL1_CDC_FS not found: check if there is a RefParameter without a condition.
2024-08-28 20:19:38,534 [WARN] IP:2119 - DEVICE_SERIAL2_CDC_FS not found: check if there is a RefParameter without a condition.
2024-08-28 20:19:51,941 [WARN] IP:2119 - DEVICE_SERIAL0_CDC_FS not found: check if there is a RefParameter without a condition.
2024-08-28 20:19:51,941 [WARN] IP:2119 - DEVICE_SERIAL1_CDC_FS not found: check if there is a RefParameter without a condition.
2024-08-28 20:19:51,941 [WARN] IP:2119 - DEVICE_SERIAL2_CDC_FS not found: check if there is a RefParameter without a condition.
2024-08-28 20:19:51,973 [WARN] IP:2119 - DEVICE_SERIAL0_CDC_FS not found: check if there is a RefParameter without a condition.
2024-08-28 20:19:51,974 [WARN] IP:2119 - DEVICE_SERIAL1_CDC_FS not found: check if there is a RefParameter without a condition.
2024-08-28 20:19:51,974 [WARN] IP:2119 - DEVICE_SERIAL2_CDC_FS not found: check if there is a RefParameter without a condition.
2024-08-28 20:19:51,974 [WARN] IP:2119 - DEVICE_SERIAL0_CDC_FS not found: check if there is a RefParameter without a condition.
2024-08-28 20:19:51,974 [WARN] IP:2119 - DEVICE_SERIAL1_CDC_FS not found: check if there is a RefParameter without a condition.
2024-08-28 20:19:51,975 [WARN] IP:2119 - DEVICE_SERIAL2_CDC_FS not found: check if there is a RefParameter without a condition.
2024-08-28 20:19:52,083 [WARN] IP:2119 - DEVICE_SERIAL0_CDC_FS not found: check if there is a RefParameter without a condition.
2024-08-28 20:19:52,084 [WARN] IP:2119 - DEVICE_SERIAL1_CDC_FS not found: check if there is a RefParameter without a condition.
2024-08-28 20:19:52,084 [WARN] IP:2119 - DEVICE_SERIAL2_CDC_FS not found: check if there is a RefParameter without a condition.
2024-08-28 20:19:52,084 [WARN] IP:2119 - DEVICE_SERIAL0_CDC_FS not found: check if there is a RefParameter without a condition.
2024-08-28 20:19:52,084 [WARN] IP:2119 - DEVICE_SERIAL1_CDC_FS not found: check if there is a RefParameter without a condition.
2024-08-28 20:19:52,084 [WARN] IP:2119 - DEVICE_SERIAL2_CDC_FS not found: check if there is a RefParameter without a condition.
2024-08-28 20:19:55,802 [WARN] IP:2119 - DEVICE_SERIAL0_CDC_FS not found: check if there is a RefParameter without a condition.
2024-08-28 20:19:55,802 [WARN] IP:2119 - DEVICE_SERIAL1_CDC_FS not found: check if there is a RefParameter without a condition.
2024-08-28 20:19:55,803 [WARN] IP:2119 - DEVICE_SERIAL2_CDC_FS not found: check if there is a RefParameter without a condition.
2024-08-28 20:19:57,695 [WARN] IP:2119 - DEVICE_SERIAL0_CDC_FS not found: check if there is a RefParameter without a condition.
2024-08-28 20:19:57,695 [WARN] IP:2119 - DEVICE_SERIAL1_CDC_FS not found: check if there is a RefParameter without a condition.
2024-08-28 20:19:57,695 [WARN] IP:2119 - DEVICE_SERIAL2_CDC_FS not found: check if there is a RefParameter without a condition.
2024-08-28 20:20:02,906 [INFO] UtilMem:75 - End SaveConfig() Used Memory: 466711064 Bytes (657457152)
2024-08-28 20:20:03,768 [INFO] UtilMem:75 - End SaveConfig() Used Memory: 491181192 Bytes (657457152)
2024-08-28 20:20:04,185 [INFO] UtilMem:75 - End SaveConfig() Used Memory: 524735672 Bytes (657457152)
2024-08-28 20:20:04,901 [INFO] BlockDiagram:2759 - set Specific Code input for plugin: USB_OTG_HS
2024-08-28 20:20:04,902 [INFO] BlockDiagram:2759 - set Specific Code input for plugin: USB_DEVICE
2024-08-28 20:20:04,902 [INFO] BlockDiagram:2759 - set Specific Code input for plugin: SYS
2024-08-28 20:20:04,902 [INFO] BlockDiagram:2759 - set Specific Code input for plugin: RCC
2024-08-28 20:20:04,902 [INFO] BlockDiagram:2759 - set Specific Code input for plugin: USB_OTG_FS
2024-08-28 20:20:04,902 [INFO] BlockDiagram:2759 - set Specific Code input for plugin: NVIC
2024-08-28 20:20:04,902 [INFO] BlockDiagram:2759 - set Specific Code input for plugin: LWIP
2024-08-28 20:20:04,902 [INFO] BlockDiagram:2759 - set Specific Code input for plugin: USART
2024-08-28 20:20:04,902 [INFO] BlockDiagram:2759 - set Specific Code input for plugin: DMA
2024-08-28 20:20:04,903 [INFO] BlockDiagram:2759 - set Specific Code input for plugin: GPIO
2024-08-28 20:20:04,903 [INFO] BlockDiagram:2759 - set Specific Code input for plugin: ETH
2024-08-28 20:20:04,903 [INFO] BlockDiagram:2759 - set Specific Code input for plugin: FATFS
2024-08-28 20:20:04,905 [INFO] CodeGenerator:807 - code generatio: config db path: E:\STM32CubeIDE_1.14.1\STM32CubeIDE\plugins\com.st.stm32cube.common.mx_6.10.0.202311202037\\db\
2024-08-28 20:20:04,926 [WARN] IP:2119 - CMSIS_VERSION not found: check if there is a RefParameter without a condition.
2024-08-28 20:20:04,933 [WARN] IP:2119 - LWIP_NETIF_HOSTNAME not found: check if there is a RefParameter without a condition.
2024-08-28 20:20:05,014 [WARN] IP:2119 - DEVICE_SERIAL0_CDC_FS not found: check if there is a RefParameter without a condition.
2024-08-28 20:20:05,015 [WARN] IP:2119 - DEVICE_SERIAL1_CDC_FS not found: check if there is a RefParameter without a condition.
2024-08-28 20:20:05,015 [WARN] IP:2119 - DEVICE_SERIAL2_CDC_FS not found: check if there is a RefParameter without a condition.
2024-08-28 20:20:05,242 [INFO] CodeEngine:255 - oldGeneratedFile, D:\STM32CubeIDE\Study\Study\MXTmpFiles\license.tmp_save
2024-08-28 20:20:05,629 [INFO] CodeEngine:279 - Generated code: D:\STM32CubeIDE\Study\Study\MXTmpFiles\license.tmp
2024-08-28 20:20:05,725 [INFO] CodeEngine:255 - oldGeneratedFile, D:\STM32CubeIDE\Study\Study\MXTmpFiles\gpio.tmp_save
2024-08-28 20:20:05,859 [INFO] CodeEngine:279 - Generated code: D:\STM32CubeIDE\Study\Study\MXTmpFiles\gpio.tmp
2024-08-28 20:20:06,012 [INFO] CodeEngine:255 - oldGeneratedFile, D:\STM32CubeIDE\Study\Study\MXTmpFiles\eth_vars.tmp_save
2024-08-28 20:20:06,111 [INFO] CodeEngine:279 - Generated code: D:\STM32CubeIDE\Study\Study\MXTmpFiles\eth_vars.tmp
2024-08-28 20:20:06,116 [INFO] CodeEngine:255 - oldGeneratedFile, D:\STM32CubeIDE\Study\Study\MXTmpFiles\eth_inc.tmp_save
2024-08-28 20:20:06,193 [INFO] CodeEngine:279 - Generated code: D:\STM32CubeIDE\Study\Study\MXTmpFiles\eth_inc.tmp
2024-08-28 20:20:06,199 [INFO] CodeEngine:255 - oldGeneratedFile, D:\STM32CubeIDE\Study\Study\MXTmpFiles\eth_HalInit.tmp_save
2024-08-28 20:20:06,311 [INFO] CodeEngine:279 - Generated code: D:\STM32CubeIDE\Study\Study\MXTmpFiles\eth_HalInit.tmp
2024-08-28 20:20:06,316 [INFO] CodeEngine:255 - oldGeneratedFile, D:\STM32CubeIDE\Study\Study\MXTmpFiles\eth_Msp.tmp_save
2024-08-28 20:20:06,422 [INFO] CodeEngine:279 - Generated code: D:\STM32CubeIDE\Study\Study\MXTmpFiles\eth_Msp.tmp
2024-08-28 20:20:06,432 [INFO] CodeEngine:255 - oldGeneratedFile, D:\STM32CubeIDE\Study\Study\MXTmpFiles\eth_vars.tmp_save
2024-08-28 20:20:06,515 [INFO] CodeEngine:279 - Generated code: D:\STM32CubeIDE\Study\Study\MXTmpFiles\eth_vars.tmp
2024-08-28 20:20:06,519 [INFO] CodeEngine:255 - oldGeneratedFile, D:\STM32CubeIDE\Study\Study\MXTmpFiles\eth_inc.tmp_save
2024-08-28 20:20:06,601 [INFO] CodeEngine:279 - Generated code: D:\STM32CubeIDE\Study\Study\MXTmpFiles\eth_inc.tmp
2024-08-28 20:20:06,605 [INFO] CodeEngine:255 - oldGeneratedFile, D:\STM32CubeIDE\Study\Study\MXTmpFiles\eth_HalInit.tmp_save
2024-08-28 20:20:06,681 [INFO] CodeEngine:279 - Generated code: D:\STM32CubeIDE\Study\Study\MXTmpFiles\eth_HalInit.tmp
2024-08-28 20:20:06,686 [INFO] CodeEngine:255 - oldGeneratedFile, D:\STM32CubeIDE\Study\Study\MXTmpFiles\eth_Msp.tmp_save
2024-08-28 20:20:06,779 [INFO] CodeEngine:279 - Generated code: D:\STM32CubeIDE\Study\Study\MXTmpFiles\eth_Msp.tmp
2024-08-28 20:20:06,847 [WARN] IPConfigManager:2946 - Warning: the RefConfig PWREx_EnableUSBVoltageDetector is not available in your config.xml file
2024-08-28 20:20:06,876 [WARN] IPConfigManager:2946 - Warning: the RefConfig PWREx_EnableUSBVoltageDetector is not available in your config.xml file
2024-08-28 20:20:06,885 [INFO] CodeEngine:255 - oldGeneratedFile, D:\STM32CubeIDE\Study\Study\MXTmpFiles\usb_otg_hs_vars.tmp_save
2024-08-28 20:20:06,958 [INFO] CodeEngine:279 - Generated code: D:\STM32CubeIDE\Study\Study\MXTmpFiles\usb_otg_hs_vars.tmp
2024-08-28 20:20:06,961 [INFO] CodeEngine:255 - oldGeneratedFile, D:\STM32CubeIDE\Study\Study\MXTmpFiles\usb_otg_hs_inc.tmp_save
2024-08-28 20:20:07,029 [INFO] CodeEngine:279 - Generated code: D:\STM32CubeIDE\Study\Study\MXTmpFiles\usb_otg_hs_inc.tmp
2024-08-28 20:20:07,032 [INFO] CodeEngine:255 - oldGeneratedFile, D:\STM32CubeIDE\Study\Study\MXTmpFiles\usb_otg_hs_HalInit.tmp_save
2024-08-28 20:20:07,106 [INFO] CodeEngine:279 - Generated code: D:\STM32CubeIDE\Study\Study\MXTmpFiles\usb_otg_hs_HalInit.tmp
2024-08-28 20:20:07,109 [INFO] CodeEngine:255 - oldGeneratedFile, D:\STM32CubeIDE\Study\Study\MXTmpFiles\usb_otg_hs_Msp.tmp_save
2024-08-28 20:20:07,200 [INFO] CodeEngine:279 - Generated code: D:\STM32CubeIDE\Study\Study\MXTmpFiles\usb_otg_hs_Msp.tmp
2024-08-28 20:20:07,269 [WARN] IPConfigManager:2946 - Warning: the RefConfig PWREx_EnableUSBVoltageDetector is not available in your config.xml file
2024-08-28 20:20:07,308 [WARN] IPConfigManager:2946 - Warning: the RefConfig PWREx_EnableUSBVoltageDetector is not available in your config.xml file
2024-08-28 20:20:07,320 [INFO] CodeEngine:255 - oldGeneratedFile, D:\STM32CubeIDE\Study\Study\MXTmpFiles\usb_otg_fs_vars.tmp_save
2024-08-28 20:20:07,409 [INFO] CodeEngine:279 - Generated code: D:\STM32CubeIDE\Study\Study\MXTmpFiles\usb_otg_fs_vars.tmp
2024-08-28 20:20:07,412 [INFO] CodeEngine:255 - oldGeneratedFile, D:\STM32CubeIDE\Study\Study\MXTmpFiles\usb_otg_fs_inc.tmp_save
2024-08-28 20:20:07,486 [INFO] CodeEngine:279 - Generated code: D:\STM32CubeIDE\Study\Study\MXTmpFiles\usb_otg_fs_inc.tmp
2024-08-28 20:20:07,488 [INFO] CodeEngine:255 - oldGeneratedFile, D:\STM32CubeIDE\Study\Study\MXTmpFiles\usb_otg_fs_HalInit.tmp_save
2024-08-28 20:20:07,583 [INFO] CodeEngine:279 - Generated code: D:\STM32CubeIDE\Study\Study\MXTmpFiles\usb_otg_fs_HalInit.tmp
2024-08-28 20:20:07,587 [INFO] CodeEngine:255 - oldGeneratedFile, D:\STM32CubeIDE\Study\Study\MXTmpFiles\usb_otg_fs_Msp.tmp_save
2024-08-28 20:20:07,672 [INFO] CodeEngine:279 - Generated code: D:\STM32CubeIDE\Study\Study\MXTmpFiles\usb_otg_fs_Msp.tmp
2024-08-28 20:20:07,873 [WARN] IPConfigManager:2946 - Warning: the RefConfig PWREx_EnableUSBVoltageDetector is not available in your config.xml file
2024-08-28 20:20:07,898 [WARN] IPConfigManager:2946 - Warning: the RefConfig PWREx_EnableUSBVoltageDetector is not available in your config.xml file
2024-08-28 20:20:07,921 [INFO] Middleware:1439 - No code input for Bsp Dependency
2024-08-28 20:20:07,929 [INFO] CodeEngine:255 - oldGeneratedFile, D:\STM32CubeIDE\Study\Study\MXTmpFiles\fatfs_HalInit.tmp_save
2024-08-28 20:20:07,991 [INFO] CodeEngine:279 - Generated code: D:\STM32CubeIDE\Study\Study\MXTmpFiles\fatfs_HalInit.tmp
2024-08-28 20:20:07,995 [INFO] CodeEngine:255 - oldGeneratedFile, D:\STM32CubeIDE\Study\Study\MXTmpFiles\fatfs_vars.tmp_save
2024-08-28 20:20:08,055 [INFO] CodeEngine:279 - Generated code: D:\STM32CubeIDE\Study\Study\MXTmpFiles\fatfs_vars.tmp
2024-08-28 20:20:08,059 [INFO] CodeEngine:255 - oldGeneratedFile, D:\STM32CubeIDE\Study\Study\MXTmpFiles\fatfs_ext_vars.tmp_save
2024-08-28 20:20:08,109 [INFO] CodeEngine:279 - Generated code: D:\STM32CubeIDE\Study\Study\MXTmpFiles\fatfs_ext_vars.tmp
2024-08-28 20:20:08,113 [INFO] CodeEngine:255 - oldGeneratedFile, D:\STM32CubeIDE\Study\Study\MXTmpFiles\fatfs_inc.tmp_save
2024-08-28 20:20:08,166 [INFO] CodeEngine:279 - Generated code: D:\STM32CubeIDE\Study\Study\MXTmpFiles\fatfs_inc.tmp
2024-08-28 20:20:08,191 [INFO] Middleware:1439 - No code input for Bsp Dependency
2024-08-28 20:20:08,218 [INFO] Middleware:1439 - No code input for Bsp Dependency
2024-08-28 20:20:08,231 [INFO] Middleware:1439 - No code input for Bsp Dependency
2024-08-28 20:20:08,274 [INFO] CodeEngine:255 - oldGeneratedFile, D:\STM32CubeIDE\Study\Study\MXTmpFiles\dma.tmp_save
2024-08-28 20:20:08,331 [INFO] CodeEngine:279 - Generated code: D:\STM32CubeIDE\Study\Study\MXTmpFiles\dma.tmp
2024-08-28 20:20:08,336 [INFO] CodeEngine:255 - oldGeneratedFile, D:\STM32CubeIDE\Study\Study\MXTmpFiles\dma_GV.tmp_save
2024-08-28 20:20:08,391 [INFO] CodeEngine:279 - Generated code: D:\STM32CubeIDE\Study\Study\MXTmpFiles\dma_GV.tmp
2024-08-28 20:20:08,395 [INFO] Middleware:1439 - No code input for Bsp Dependency
2024-08-28 20:20:08,401 [INFO] CodeEngine:255 - oldGeneratedFile, D:\STM32CubeIDE\Study\Study\MXTmpFiles\fatfs_HalInit.tmp_save
2024-08-28 20:20:08,452 [INFO] CodeEngine:279 - Generated code: D:\STM32CubeIDE\Study\Study\MXTmpFiles\fatfs_HalInit.tmp
2024-08-28 20:20:08,456 [INFO] CodeEngine:255 - oldGeneratedFile, D:\STM32CubeIDE\Study\Study\MXTmpFiles\fatfs_vars.tmp_save
2024-08-28 20:20:08,513 [INFO] CodeEngine:279 - Generated code: D:\STM32CubeIDE\Study\Study\MXTmpFiles\fatfs_vars.tmp
2024-08-28 20:20:08,516 [INFO] CodeEngine:255 - oldGeneratedFile, D:\STM32CubeIDE\Study\Study\MXTmpFiles\fatfs_ext_vars.tmp_save
2024-08-28 20:20:08,567 [INFO] CodeEngine:279 - Generated code: D:\STM32CubeIDE\Study\Study\MXTmpFiles\fatfs_ext_vars.tmp
2024-08-28 20:20:08,571 [INFO] CodeEngine:255 - oldGeneratedFile, D:\STM32CubeIDE\Study\Study\MXTmpFiles\fatfs_inc.tmp_save
2024-08-28 20:20:08,624 [INFO] CodeEngine:279 - Generated code: D:\STM32CubeIDE\Study\Study\MXTmpFiles\fatfs_inc.tmp
2024-08-28 20:20:08,629 [INFO] CodeEngine:255 - oldGeneratedFile, D:\STM32CubeIDE\Study\Study\FATFS\Target\ffconf.h_save
2024-08-28 20:20:08,738 [INFO] CodeEngine:279 - Generated code: D:\STM32CubeIDE\Study\Study\FATFS\Target\ffconf.h
2024-08-28 20:20:08,759 [INFO] CodeEngine:255 - oldGeneratedFile, D:\STM32CubeIDE\Study\Study\FATFS\Target\user_diskio.c_save
2024-08-28 20:20:08,835 [INFO] CodeEngine:279 - Generated code: D:\STM32CubeIDE\Study\Study\FATFS\Target\user_diskio.c
2024-08-28 20:20:08,840 [INFO] CodeEngine:255 - oldGeneratedFile, D:\STM32CubeIDE\Study\Study\FATFS\Target\user_diskio.h_save
2024-08-28 20:20:08,912 [INFO] CodeEngine:279 - Generated code: D:\STM32CubeIDE\Study\Study\FATFS\Target\user_diskio.h
2024-08-28 20:20:08,917 [INFO] CodeEngine:255 - oldGeneratedFile, D:\STM32CubeIDE\Study\Study\FATFS\App\fatfs.c_save
2024-08-28 20:20:08,974 [INFO] CodeEngine:279 - Generated code: D:\STM32CubeIDE\Study\Study\FATFS\App\fatfs.c
2024-08-28 20:20:08,979 [INFO] CodeEngine:255 - oldGeneratedFile, D:\STM32CubeIDE\Study\Study\FATFS\App\fatfs.h_save
2024-08-28 20:20:09,051 [INFO] CodeEngine:279 - Generated code: D:\STM32CubeIDE\Study\Study\FATFS\App\fatfs.h
2024-08-28 20:20:09,062 [INFO] Middleware:1439 - No code input for Bsp Dependency
2024-08-28 20:20:09,078 [INFO] CodeEngine:255 - oldGeneratedFile, D:\STM32CubeIDE\Study\Study\LWIP\App\lwip.c_save
2024-08-28 20:20:09,165 [INFO] CodeEngine:279 - Generated code: D:\STM32CubeIDE\Study\Study\LWIP\App\lwip.c
2024-08-28 20:20:09,171 [INFO] CodeEngine:255 - oldGeneratedFile, D:\STM32CubeIDE\Study\Study\LWIP\App\lwip.h_save
2024-08-28 20:20:09,236 [INFO] CodeEngine:279 - Generated code: D:\STM32CubeIDE\Study\Study\LWIP\App\lwip.h
2024-08-28 20:20:09,253 [INFO] CodeEngine:255 - oldGeneratedFile, D:\STM32CubeIDE\Study\Study\LWIP\Target\lwipopts.h_save
2024-08-28 20:20:09,555 [INFO] CodeEngine:279 - Generated code: D:\STM32CubeIDE\Study\Study\LWIP\Target\lwipopts.h
2024-08-28 20:20:09,561 [INFO] CodeEngine:255 - oldGeneratedFile, D:\STM32CubeIDE\Study\Study\LWIP\Target\ethernetif.c_save
2024-08-28 20:20:09,677 [INFO] CodeEngine:279 - Generated code: D:\STM32CubeIDE\Study\Study\LWIP\Target\ethernetif.c
2024-08-28 20:20:09,685 [INFO] CodeEngine:255 - oldGeneratedFile, D:\STM32CubeIDE\Study\Study\LWIP\Target\ethernetif.h_save
2024-08-28 20:20:09,789 [INFO] CodeEngine:279 - Generated code: D:\STM32CubeIDE\Study\Study\LWIP\Target\ethernetif.h
2024-08-28 20:20:09,804 [INFO] Middleware:1439 - No code input for Bsp Dependency
2024-08-28 20:20:09,814 [INFO] Middleware:1439 - No code input for Bsp Dependency
2024-08-28 20:20:09,826 [INFO] CodeEngine:255 - oldGeneratedFile, D:\STM32CubeIDE\Study\Study\USB_DEVICE\App\usb_device.c_save
2024-08-28 20:20:09,907 [INFO] CodeEngine:279 - Generated code: D:\STM32CubeIDE\Study\Study\USB_DEVICE\App\usb_device.c
2024-08-28 20:20:09,914 [INFO] CodeEngine:255 - oldGeneratedFile, D:\STM32CubeIDE\Study\Study\USB_DEVICE\App\usb_device.h_save
2024-08-28 20:20:09,985 [INFO] CodeEngine:279 - Generated code: D:\STM32CubeIDE\Study\Study\USB_DEVICE\App\usb_device.h
2024-08-28 20:20:10,003 [INFO] CodeEngine:255 - oldGeneratedFile, D:\STM32CubeIDE\Study\Study\USB_DEVICE\Target\usbd_conf.h_save
2024-08-28 20:20:10,088 [INFO] CodeEngine:279 - Generated code: D:\STM32CubeIDE\Study\Study\USB_DEVICE\Target\usbd_conf.h
2024-08-28 20:20:10,093 [INFO] CodeEngine:255 - oldGeneratedFile, D:\STM32CubeIDE\Study\Study\USB_DEVICE\Target\usbd_conf.c_save
2024-08-28 20:20:10,204 [INFO] CodeEngine:279 - Generated code: D:\STM32CubeIDE\Study\Study\USB_DEVICE\Target\usbd_conf.c
2024-08-28 20:20:10,209 [INFO] CodeEngine:255 - oldGeneratedFile, D:\STM32CubeIDE\Study\Study\USB_DEVICE\App\usbd_desc.h_save
2024-08-28 20:20:10,284 [INFO] CodeEngine:279 - Generated code: D:\STM32CubeIDE\Study\Study\USB_DEVICE\App\usbd_desc.h
2024-08-28 20:20:10,290 [INFO] CodeEngine:255 - oldGeneratedFile, D:\STM32CubeIDE\Study\Study\USB_DEVICE\App\usbd_desc.c_save
2024-08-28 20:20:10,379 [INFO] CodeEngine:279 - Generated code: D:\STM32CubeIDE\Study\Study\USB_DEVICE\App\usbd_desc.c
2024-08-28 20:20:10,385 [INFO] CodeEngine:255 - oldGeneratedFile, D:\STM32CubeIDE\Study\Study\USB_DEVICE\App\usbd_storage_if.h_save
2024-08-28 20:20:10,455 [INFO] CodeEngine:279 - Generated code: D:\STM32CubeIDE\Study\Study\USB_DEVICE\App\usbd_storage_if.h
2024-08-28 20:20:10,462 [INFO] CodeEngine:255 - oldGeneratedFile, D:\STM32CubeIDE\Study\Study\USB_DEVICE\App\usbd_storage_if.c_save
2024-08-28 20:20:10,526 [INFO] CodeEngine:279 - Generated code: D:\STM32CubeIDE\Study\Study\USB_DEVICE\App\usbd_storage_if.c
2024-08-28 20:20:10,531 [INFO] CodeEngine:255 - oldGeneratedFile, D:\STM32CubeIDE\Study\Study\USB_DEVICE\App\usbd_cdc_if.h_save
2024-08-28 20:20:10,607 [INFO] CodeEngine:279 - Generated code: D:\STM32CubeIDE\Study\Study\USB_DEVICE\App\usbd_cdc_if.h
2024-08-28 20:20:10,613 [INFO] CodeEngine:255 - oldGeneratedFile, D:\STM32CubeIDE\Study\Study\USB_DEVICE\App\usbd_cdc_if.c_save
2024-08-28 20:20:10,679 [INFO] CodeEngine:279 - Generated code: D:\STM32CubeIDE\Study\Study\USB_DEVICE\App\usbd_cdc_if.c
2024-08-28 20:20:10,695 [INFO] CodeEngine:255 - oldGeneratedFile, D:\STM32CubeIDE\Study\Study\Core\Src\stm32f4xx_it.c_save
2024-08-28 20:20:10,824 [INFO] CodeEngine:279 - Generated code: D:\STM32CubeIDE\Study\Study\Core\Src\stm32f4xx_it.c
2024-08-28 20:20:10,831 [INFO] CodeEngine:255 - oldGeneratedFile, D:\STM32CubeIDE\Study\Study\Core\Inc\stm32f4xx_it.h_save
2024-08-28 20:20:10,900 [INFO] CodeEngine:279 - Generated code: D:\STM32CubeIDE\Study\Study\Core\Inc\stm32f4xx_it.h
2024-08-28 20:20:10,913 [INFO] CodeEngine:255 - oldGeneratedFile, D:\STM32CubeIDE\Study\Study\Core\Src\stm32f4xx_hal_msp.c_save
2024-08-28 20:20:11,029 [INFO] CodeEngine:279 - Generated code: D:\STM32CubeIDE\Study\Study\Core\Src\stm32f4xx_hal_msp.c
2024-08-28 20:20:11,034 [INFO] CodeEngine:255 - oldGeneratedFile, D:\STM32CubeIDE\Study\Study\MXTmpFiles\system.tmp_save
2024-08-28 20:20:11,088 [INFO] CodeEngine:279 - Generated code: D:\STM32CubeIDE\Study\Study\MXTmpFiles\system.tmp
2024-08-28 20:20:11,156 [INFO] CodeEngine:311 - oldGeneratedFile, D:\STM32CubeIDE\Study\Study\Core\Inc\stm32f4xx_hal_conf.h_save
2024-08-28 20:20:11,257 [INFO] CodeEngine:335 - Generated code: D:\STM32CubeIDE\Study\Study\Core\Inc\stm32f4xx_hal_conf.h
2024-08-28 20:20:11,301 [INFO] CodeEngine:255 - oldGeneratedFile, D:\STM32CubeIDE\Study\Study\Core\Inc\main.h_save
2024-08-28 20:20:11,418 [INFO] CodeEngine:279 - Generated code: D:\STM32CubeIDE\Study\Study\Core\Inc\main.h
2024-08-28 20:20:11,425 [INFO] CodeEngine:255 - oldGeneratedFile, D:\STM32CubeIDE\Study\Study\Core\Src\main.c_save
2024-08-28 20:20:11,576 [INFO] CodeEngine:279 - Generated code: D:\STM32CubeIDE\Study\Study\Core\Src\main.c
2024-08-28 20:20:12,795 [INFO] ProjectBuilder:3076 - Time for Copy HAL[1] : 650mS.
2024-08-28 20:20:12,813 [INFO] ProjectBuilder:4485 - Project Generator version: 4.2.0-B44
2024-08-28 20:20:13,142 [INFO] ConfigFileManager:1495 - The Die is : DIE413
2024-08-28 20:20:13,151 [INFO] ApiDbMcu:508 - Load IP Config File for FREERTOS
2024-08-28 20:20:13,155 [INFO] ApiDbMcu:508 - Load IP Config File for LIBJPEG
2024-08-28 20:20:13,166 [INFO] ApiDbMcu:508 - Load IP Config File for MBEDTLS
2024-08-28 20:20:13,173 [INFO] ApiDbMcu:508 - Load IP Config File for USB_HOST
2024-08-28 20:20:14,183 [INFO] LogOutputStream:77 - [STDOUT_REDIRECT] 
2024-08-28 20:20:16,401 [INFO] ProjectBuilder:4747 - Time for Generating toolchain IDE Files: 3589mS.
2024-08-28 20:20:16,402 [INFO] ProjectBuilder:2947 - Time for Copy CMSIS : 1mS.
2024-08-28 20:20:16,421 [INFO] ProjectBuilder:2947 - Time for Copy CMSIS : 1mS.
2024-08-28 22:29:44,165 [ERROR] LogOutputStream:75 - [STDERR_REDIRECT] 
