2024-07-10 13:58:37,494 [INFO] Activator:176 - 


2024-07-10 13:58:37,494 [INFO] Activator:177 - !SESSION log4j initialized
2024-07-10 13:58:43,518 [INFO] LogOutputStream:77 - [STDOUT_REDIRECT] 
2024-07-10 13:58:50,487 [INFO] ApplicationProperties:184 - Using Application install path: E:\STM32CubeIDE_1.14.1\STM32CubeIDE\plugins\com.st.stm32cube.common.mx_6.10.0.202311202037
2024-07-10 13:58:50,511 [INFO] DbMcusXml:78 - Set database path to: E:\STM32CubeIDE_1.14.1\STM32CubeIDE\plugins\com.st.stm32cube.common.mx_6.10.0.202311202037\\db\/mcu/
2024-07-10 13:58:50,511 [INFO] ApiDb:274 - Set plugin database path to: E:\STM32CubeIDE_1.14.1\STM32CubeIDE\plugins\com.st.stm32cube.common.mx_6.10.0.202311202037\\db\/plugins/boardmanager/
2024-07-10 13:58:50,512 [WARN] ApiDb:259 - Overriding images path with different value:  => E:\STM32CubeIDE_1.14.1\STM32CubeIDE\plugins\com.st.stm32cube.common.mx_6.10.0.202311202037\\db\/plugins/mcufinder/images/
2024-07-10 13:58:50,523 [INFO] ApiDb:250 - Set database path to: C:\Users\Danil\.stmcufinder\plugins\mcufinder//mcu/
2024-07-10 13:58:50,525 [INFO] DbMcusAds:125 - Set database path to: C:\Users\Danil\.stmcufinder\plugins\mcufinder//mcu/
2024-07-10 13:58:50,529 [INFO] CrossReferenceDbSqlite:203 - Set database path to: C:\Users\Danil\.stmcufinder\plugins\mcufinder//mcu/cs/
2024-07-10 13:58:50,663 [INFO] RulesReader:64 - Compatibility file has been processed (297 Rules)
2024-07-10 13:58:50,752 [INFO] DbMcusXml:78 - Set database path to: E:\STM32CubeIDE_1.14.1\STM32CubeIDE\plugins\com.st.stm32cube.common.mx_6.10.0.202311202037\\db\/mcu/
2024-07-10 13:58:50,753 [INFO] ApiDb:274 - Set plugin database path to: E:\STM32CubeIDE_1.14.1\STM32CubeIDE\plugins\com.st.stm32cube.common.mx_6.10.0.202311202037\\db\/plugins/boardmanager/
2024-07-10 13:58:50,753 [INFO] ApiDb:261 - Set plugin images path to: E:\STM32CubeIDE_1.14.1\STM32CubeIDE\plugins\com.st.stm32cube.common.mx_6.10.0.202311202037\\db\/plugins/mcufinder/images/
2024-07-10 13:58:50,753 [WARN] DbFile:41 - Overriding database path with different value: C:\Users\Danil\.stmcufinder\plugins\mcufinder/ => C:\Users\Danil\.stmcufinder\plugins\mcufinder
2024-07-10 13:58:50,753 [INFO] ApiDb:250 - Set database path to: C:\Users\Danil\.stmcufinder\plugins\mcufinder//mcu/
2024-07-10 13:58:50,753 [WARN] DbFile:41 - Overriding database path with different value: C:\Users\Danil\.stmcufinder\plugins\mcufinder/ => C:\Users\Danil\.stmcufinder\plugins\mcufinder
2024-07-10 13:58:50,753 [INFO] DbMcusAds:125 - Set database path to: C:\Users\Danil\.stmcufinder\plugins\mcufinder//mcu/
2024-07-10 13:58:50,753 [WARN] DbFile:41 - Overriding database path with different value: C:\Users\Danil\.stmcufinder\plugins\mcufinder/ => C:\Users\Danil\.stmcufinder\plugins\mcufinder
2024-07-10 13:58:50,753 [WARN] DbFile:41 - Overriding database path with different value: C:\Users\Danil\.stmcufinder\plugins\mcufinder/ => C:\Users\Danil\.stmcufinder\plugins\mcufinder
2024-07-10 13:58:50,754 [INFO] CrossReferenceDbSqlite:203 - Set database path to: C:\Users\Danil\.stmcufinder\plugins\mcufinder//mcu/cs/
2024-07-10 13:58:50,838 [INFO] MainPanel:264 - HeapMemory: 268435456
2024-07-10 13:58:50,943 [INFO] DbMcusXml:78 - Set database path to: E:\STM32CubeIDE_1.14.1\STM32CubeIDE\plugins\com.st.stm32cube.common.mx_6.10.0.202311202037\\db\/mcu/
2024-07-10 13:58:50,944 [INFO] ApiDb:274 - Set plugin database path to: E:\STM32CubeIDE_1.14.1\STM32CubeIDE\plugins\com.st.stm32cube.common.mx_6.10.0.202311202037\\db\/plugins/boardmanager/
2024-07-10 13:58:50,944 [INFO] ApiDb:261 - Set plugin images path to: E:\STM32CubeIDE_1.14.1\STM32CubeIDE\plugins\com.st.stm32cube.common.mx_6.10.0.202311202037\\db\/plugins/mcufinder/images/
2024-07-10 13:58:50,944 [WARN] DbFile:41 - Overriding database path with different value: C:\Users\Danil\.stmcufinder\plugins\mcufinder/ => C:\Users\Danil\.stmcufinder\plugins\mcufinder
2024-07-10 13:58:50,944 [INFO] ApiDb:250 - Set database path to: C:\Users\Danil\.stmcufinder\plugins\mcufinder//mcu/
2024-07-10 13:58:50,944 [WARN] DbFile:41 - Overriding database path with different value: C:\Users\Danil\.stmcufinder\plugins\mcufinder/ => C:\Users\Danil\.stmcufinder\plugins\mcufinder
2024-07-10 13:58:50,944 [INFO] DbMcusAds:125 - Set database path to: C:\Users\Danil\.stmcufinder\plugins\mcufinder//mcu/
2024-07-10 13:58:50,944 [WARN] DbFile:41 - Overriding database path with different value: C:\Users\Danil\.stmcufinder\plugins\mcufinder/ => C:\Users\Danil\.stmcufinder\plugins\mcufinder
2024-07-10 13:58:50,944 [WARN] DbFile:41 - Overriding database path with different value: C:\Users\Danil\.stmcufinder\plugins\mcufinder/ => C:\Users\Danil\.stmcufinder\plugins\mcufinder
2024-07-10 13:58:50,945 [INFO] CrossReferenceDbSqlite:203 - Set database path to: C:\Users\Danil\.stmcufinder\plugins\mcufinder//mcu/cs/
2024-07-10 13:58:50,963 [INFO] ApplicationProperties:184 - Using Application install path: E:\STM32CubeIDE_1.14.1\STM32CubeIDE\plugins\com.st.stm32cube.common.mx_6.10.0.202311202037
2024-07-10 13:58:50,966 [INFO] PluginManage:196 - Search for loadable plugins [exclusion list=, ]
2024-07-10 13:58:50,967 [INFO] PluginManage:310 - Check plugin analytics
2024-07-10 13:58:51,161 [INFO] AnalyticsPlugin:253 - Accepted Software Licenses: 
2024-07-10 13:58:51,162 [INFO] AnalyticsPlugin:255 - Accepted CMSIS Pack Licenses: 
2024-07-10 13:58:51,162 [INFO] AnalyticsPlugin:257 - Accepted Firmware Licenses: FW.F4.1.28.0
2024-07-10 13:58:51,165 [INFO] PluginManage:359 - Loaded plugin analytics (category:tool,tabindex:-1)
2024-07-10 13:58:51,166 [INFO] PluginManage:310 - Check plugin cadmodel
2024-07-10 13:58:51,173 [INFO] CADModel:105 - Init CAD model plugin
2024-07-10 13:58:51,173 [INFO] PluginManage:359 - Loaded plugin cadmodel (category:power,tabindex:5)
2024-07-10 13:58:51,173 [INFO] PluginManage:310 - Check plugin clock
2024-07-10 13:58:51,187 [INFO] PluginManage:359 - Loaded plugin clock (category:base,tabindex:2)
2024-07-10 13:58:51,187 [INFO] PluginManage:310 - Check plugin ddr
2024-07-10 13:58:51,188 [INFO] PluginManage:359 - Loaded plugin ddr (category:tool,tabindex:6)
2024-07-10 13:58:51,188 [INFO] PluginManage:310 - Check plugin filemanager
2024-07-10 13:58:51,390 [INFO] PluginManage:359 - Loaded plugin filemanager (category:base,tabindex:10)
2024-07-10 13:58:51,391 [INFO] PluginManage:310 - Check plugin ipmanager
2024-07-10 13:58:51,398 [INFO] PluginManage:359 - Loaded plugin ipmanager (category:base,tabindex:5)
2024-07-10 13:58:51,398 [INFO] PluginManage:310 - Check plugin lpbam
2024-07-10 13:58:51,408 [INFO] PluginManage:359 - Loaded plugin lpbam (category:base,tabindex:0)
2024-07-10 13:58:51,408 [INFO] PluginManage:310 - Check plugin memorymap
2024-07-10 13:58:51,426 [INFO] PluginManage:359 - Loaded plugin memorymap (category:base,tabindex:4)
2024-07-10 13:58:51,426 [INFO] PluginManage:310 - Check plugin pinoutandconfiguration
2024-07-10 13:58:51,436 [INFO] PluginManage:359 - Loaded plugin pinoutandconfiguration (category:base,tabindex:1)
2024-07-10 13:58:51,436 [INFO] PluginManage:310 - Check plugin pinoutconfig
2024-07-10 13:58:51,533 [WARN] SupportedApi:132 - Cannot load RTOS API schema: s4s-elt-must-match.1: The content of 'definitions' must match (annotation?, (simpleType | complexType)?, (unique | key | keyref)*)). A problem was found starting at: attribute.
2024-07-10 13:58:51,670 [INFO] PluginManage:359 - Loaded plugin pinoutconfig (category:base,tabindex:0)
2024-07-10 13:58:51,670 [INFO] PluginManage:310 - Check plugin power
2024-07-10 13:58:51,686 [INFO] PluginManage:359 - Loaded plugin power (category:power,tabindex:4)
2024-07-10 13:58:51,687 [INFO] PluginManage:310 - Check plugin projectmanager
2024-07-10 13:58:51,705 [INFO] PluginManage:359 - Loaded plugin projectmanager (category:projectmanager,tabindex:3)
2024-07-10 13:58:51,705 [INFO] PluginManage:310 - Check plugin thirdparty
2024-07-10 13:58:51,844 [INFO] PluginManage:359 - Loaded plugin thirdparty (category:base,tabindex:-1)
2024-07-10 13:58:51,844 [INFO] PluginManage:310 - Check plugin tools
2024-07-10 13:58:51,844 [WARN] IntegrityCheckThread:84 - waiting for thirdparty lock release [integrity check]
2024-07-10 13:58:51,844 [INFO] IntegrityCheckThread:86 - entering critical section [integrity check]
2024-07-10 13:58:51,845 [INFO] ThirdPartyUpdaterWithRetryManager:70 - Updater plugin not ready yet. [1/15]
2024-07-10 13:58:51,848 [INFO] PluginManage:359 - Loaded plugin tools (category:base,tabindex:7)
2024-07-10 13:58:51,848 [INFO] PluginManage:310 - Check plugin tutovideos
2024-07-10 13:58:52,051 [INFO] PluginManage:359 - Loaded plugin tutovideos (category:base,tabindex:-1)
2024-07-10 13:58:52,051 [INFO] PluginManage:310 - Check plugin updater
2024-07-10 13:58:52,064 [INFO] PluginManage:359 - Loaded plugin updater (category:base,tabindex:12)
2024-07-10 13:58:52,064 [INFO] PluginManage:310 - Check plugin userauth
2024-07-10 13:58:52,069 [INFO] UserAuth:114 - Init User Auth plugin
2024-07-10 13:58:52,069 [INFO] PluginManage:359 - Loaded plugin userauth (category:base,tabindex:14)
2024-07-10 13:58:52,070 [INFO] PluginManage:283 - PluginManage : Loaded plugins [17]
2024-07-10 13:58:52,308 [INFO] PinOutPanel:1499 - setPackage(No Configuration,No Configuration)
2024-07-10 13:58:52,392 [INFO] CADModel:165 - CPN selected for project level
2024-07-10 13:58:52,392 [INFO] CADModel:114 - Register for checkConnection events
2024-07-10 13:58:52,410 [INFO] IPUIPlugin:80 - create IPUIPlugin
2024-07-10 13:58:52,410 [INFO] PluginManager:220 - loadIPPluginJar : add adc
2024-07-10 13:58:52,413 [INFO] IPUIPlugin:80 - create IPUIPlugin
2024-07-10 13:58:52,413 [INFO] PluginManager:220 - loadIPPluginJar : add aes
2024-07-10 13:58:52,415 [INFO] IPUIPlugin:80 - create IPUIPlugin
2024-07-10 13:58:52,415 [INFO] PluginManager:220 - loadIPPluginJar : add can
2024-07-10 13:58:52,417 [INFO] IPUIPlugin:80 - create IPUIPlugin
2024-07-10 13:58:52,418 [INFO] PluginManager:220 - loadIPPluginJar : add comp
2024-07-10 13:58:52,421 [INFO] IPUIPlugin:80 - create IPUIPlugin
2024-07-10 13:58:52,421 [INFO] PluginManager:220 - loadIPPluginJar : add cryp
2024-07-10 13:58:52,423 [INFO] IPUIPlugin:80 - create IPUIPlugin
2024-07-10 13:58:52,423 [INFO] PluginManager:220 - loadIPPluginJar : add dfsdm
2024-07-10 13:58:52,429 [INFO] IPUIPlugin:80 - create IPUIPlugin
2024-07-10 13:58:52,429 [INFO] PluginManager:220 - loadIPPluginJar : add dma
2024-07-10 13:58:52,432 [INFO] IPUIPlugin:80 - create IPUIPlugin
2024-07-10 13:58:52,432 [INFO] PluginManager:220 - loadIPPluginJar : add dma3
2024-07-10 13:58:52,432 [INFO] IPUIPlugin:80 - create IPUIPlugin
2024-07-10 13:58:52,432 [INFO] PluginManager:220 - loadIPPluginJar : add fatfs
2024-07-10 13:58:52,437 [INFO] IPUIPlugin:80 - create IPUIPlugin
2024-07-10 13:58:52,437 [INFO] PluginManager:220 - loadIPPluginJar : add fmc
2024-07-10 13:58:52,442 [INFO] IPUIPlugin:80 - create IPUIPlugin
2024-07-10 13:58:52,443 [INFO] PluginManager:220 - loadIPPluginJar : add freertos
2024-07-10 13:58:52,444 [INFO] IPUIPlugin:80 - create IPUIPlugin
2024-07-10 13:58:52,444 [INFO] PluginManager:220 - loadIPPluginJar : add genericplugin
2024-07-10 13:58:52,447 [INFO] IPUIPlugin:80 - create IPUIPlugin
2024-07-10 13:58:52,447 [INFO] PluginManager:220 - loadIPPluginJar : add gfxmmu
2024-07-10 13:58:52,452 [INFO] IPUIPlugin:80 - create IPUIPlugin
2024-07-10 13:58:52,453 [INFO] PluginManager:220 - loadIPPluginJar : add gic
2024-07-10 13:58:52,457 [INFO] IPUIPlugin:80 - create IPUIPlugin
2024-07-10 13:58:52,458 [INFO] PluginManager:220 - loadIPPluginJar : add gpio
2024-07-10 13:58:52,461 [INFO] IPUIPlugin:80 - create IPUIPlugin
2024-07-10 13:58:52,461 [INFO] PluginManager:220 - loadIPPluginJar : add gtzc
2024-07-10 13:58:52,464 [INFO] IPUIPlugin:80 - create IPUIPlugin
2024-07-10 13:58:52,464 [INFO] PluginManager:220 - loadIPPluginJar : add hash
2024-07-10 13:58:52,467 [INFO] IPUIPlugin:80 - create IPUIPlugin
2024-07-10 13:58:52,467 [INFO] PluginManager:220 - loadIPPluginJar : add i2c
2024-07-10 13:58:52,469 [INFO] IPUIPlugin:80 - create IPUIPlugin
2024-07-10 13:58:52,469 [INFO] PluginManager:220 - loadIPPluginJar : add i2s
2024-07-10 13:58:52,472 [INFO] IPUIPlugin:80 - create IPUIPlugin
2024-07-10 13:58:52,472 [INFO] PluginManager:220 - loadIPPluginJar : add i3c
2024-07-10 13:58:52,475 [INFO] IPUIPlugin:80 - create IPUIPlugin
2024-07-10 13:58:52,475 [INFO] PluginManager:220 - loadIPPluginJar : add ipddr
2024-07-10 13:58:52,482 [INFO] IPUIPlugin:80 - create IPUIPlugin
2024-07-10 13:58:52,482 [INFO] PluginManager:220 - loadIPPluginJar : add linkedlist
2024-07-10 13:58:52,485 [INFO] IPUIPlugin:80 - create IPUIPlugin
2024-07-10 13:58:52,485 [INFO] PluginManager:220 - loadIPPluginJar : add lorawan
2024-07-10 13:58:52,487 [INFO] IPUIPlugin:80 - create IPUIPlugin
2024-07-10 13:58:52,488 [INFO] PluginManager:220 - loadIPPluginJar : add ltdc
2024-07-10 13:58:52,495 [INFO] IPUIPlugin:80 - create IPUIPlugin
2024-07-10 13:58:52,495 [INFO] PluginManager:220 - loadIPPluginJar : add mdma
2024-07-10 13:58:52,500 [INFO] IPUIPlugin:80 - create IPUIPlugin
2024-07-10 13:58:52,500 [INFO] PluginManager:220 - loadIPPluginJar : add nvic
2024-07-10 13:58:52,503 [INFO] IPUIPlugin:80 - create IPUIPlugin
2024-07-10 13:58:52,503 [INFO] PluginManager:220 - loadIPPluginJar : add opamp
2024-07-10 13:58:52,506 [INFO] IPUIPlugin:80 - create IPUIPlugin
2024-07-10 13:58:52,507 [INFO] PluginManager:220 - loadIPPluginJar : add openamp
2024-07-10 13:58:52,510 [INFO] IPUIPlugin:80 - create IPUIPlugin
2024-07-10 13:58:52,510 [INFO] PluginManager:220 - loadIPPluginJar : add pdm2pcm
2024-07-10 13:58:52,518 [INFO] IPUIPlugin:80 - create IPUIPlugin
2024-07-10 13:58:52,522 [INFO] PluginManager:220 - loadIPPluginJar : add plateformsettings
2024-07-10 13:58:52,524 [INFO] IPUIPlugin:80 - create IPUIPlugin
2024-07-10 13:58:52,524 [INFO] PluginManager:220 - loadIPPluginJar : add quadspi
2024-07-10 13:58:52,529 [INFO] IPUIPlugin:80 - create IPUIPlugin
2024-07-10 13:58:52,529 [INFO] PluginManager:220 - loadIPPluginJar : add resmgrutility
2024-07-10 13:58:52,532 [INFO] IPUIPlugin:80 - create IPUIPlugin
2024-07-10 13:58:52,532 [INFO] PluginManager:220 - loadIPPluginJar : add sai
2024-07-10 13:58:52,534 [INFO] IPUIPlugin:80 - create IPUIPlugin
2024-07-10 13:58:52,535 [INFO] PluginManager:220 - loadIPPluginJar : add spi
2024-07-10 13:58:52,539 [INFO] IPUIPlugin:80 - create IPUIPlugin
2024-07-10 13:58:52,539 [INFO] PluginManager:220 - loadIPPluginJar : add stm32_wpan
2024-07-10 13:58:52,541 [INFO] IPUIPlugin:80 - create IPUIPlugin
2024-07-10 13:58:52,541 [INFO] PluginManager:220 - loadIPPluginJar : add tim
2024-07-10 13:58:52,545 [INFO] IPUIPlugin:80 - create IPUIPlugin
2024-07-10 13:58:52,545 [INFO] PluginManager:220 - loadIPPluginJar : add touchsensing
2024-07-10 13:58:52,547 [INFO] IPUIPlugin:80 - create IPUIPlugin
2024-07-10 13:58:52,547 [INFO] PluginManager:220 - loadIPPluginJar : add tracer_emb
2024-07-10 13:58:52,549 [INFO] IPUIPlugin:80 - create IPUIPlugin
2024-07-10 13:58:52,549 [INFO] PluginManager:220 - loadIPPluginJar : add ts
2024-07-10 13:58:52,551 [INFO] IPUIPlugin:80 - create IPUIPlugin
2024-07-10 13:58:52,551 [INFO] PluginManager:220 - loadIPPluginJar : add tsc
2024-07-10 13:58:52,553 [INFO] IPUIPlugin:80 - create IPUIPlugin
2024-07-10 13:58:52,553 [INFO] PluginManager:220 - loadIPPluginJar : add ucpd
2024-07-10 13:58:52,556 [INFO] IPUIPlugin:80 - create IPUIPlugin
2024-07-10 13:58:52,557 [INFO] PluginManager:220 - loadIPPluginJar : add usart
2024-07-10 13:58:52,560 [INFO] IPUIPlugin:80 - create IPUIPlugin
2024-07-10 13:58:52,560 [INFO] PluginManager:220 - loadIPPluginJar : add usbx
2024-07-10 13:58:52,692 [INFO] CADModel:165 - CPN selected for project level
2024-07-10 13:58:52,692 [INFO] CADModel:114 - Register for checkConnection events
2024-07-10 13:58:52,693 [FATAL] Updater:308 - Updater called before beeing initialized
2024-07-10 13:58:52,693 [ERROR] CADModel:125 - Updater not yet initialized, retry later 
2024-07-10 13:58:52,859 [INFO] CADModel:165 - CPN selected for project level
2024-07-10 13:58:52,859 [INFO] CADModel:114 - Register for checkConnection events
2024-07-10 13:58:52,859 [FATAL] Updater:308 - Updater called before beeing initialized
2024-07-10 13:58:52,860 [ERROR] CADModel:125 - Updater not yet initialized, retry later 
2024-07-10 13:58:52,862 [FATAL] Updater:308 - Updater called before beeing initialized
2024-07-10 13:58:52,975 [FATAL] Updater:308 - Updater called before beeing initialized
2024-07-10 13:58:52,979 [INFO] DbMcusAds:53 - JSON generation date=Wed Nov 29 18:52:27 IRKT 2023 (1701255147349)
2024-07-10 13:58:52,979 [FATAL] Updater:308 - Updater called before beeing initialized
2024-07-10 13:58:53,022 [WARN] DetailPanel:346 - Failed to get advertising image, set to default
2024-07-10 13:58:53,119 [FATAL] Updater:308 - Updater called before beeing initialized
2024-07-10 13:58:53,121 [FATAL] Updater:308 - Updater called before beeing initialized
2024-07-10 13:58:53,121 [FATAL] Updater:308 - Updater called before beeing initialized
2024-07-10 13:58:53,121 [WARN] DetailPanel:346 - Failed to get advertising image, set to default
2024-07-10 13:58:53,122 [FATAL] Updater:308 - Updater called before beeing initialized
2024-07-10 13:58:53,175 [ERROR] Updater:1120 - MainUpdater not yet initialized. External WinMGr cannot be set.
2024-07-10 13:58:53,177 [INFO] Updater:1056 - Updater Version found : 6.10.0
2024-07-10 13:58:53,201 [INFO] ApplicationProperties:184 - Using Application install path: E:\STM32CubeIDE_1.14.1\STM32CubeIDE\plugins\com.st.stm32cube.common.mx_6.10.0.202311202037
2024-07-10 13:58:54,773 [ERROR] LogOutputStream:75 - [STDERR_REDIRECT] Jul 10, 2024 1:58:54 PM java.util.prefs.WindowsPreferences <init>
2024-07-10 13:58:54,775 [ERROR] LogOutputStream:75 - [STDERR_REDIRECT] WARNING: Could not open/create prefs root node Software\JavaSoft\Prefs at root 0xffffffff80000002. Windows RegCreateKeyEx(...) returned error code 5.
2024-07-10 13:58:54,776 [ERROR] LogOutputStream:75 - [STDERR_REDIRECT] 
2024-07-10 13:58:54,848 [INFO] ThirdPartyUpdaterWithRetryManager:70 - Updater plugin not ready yet. [2/15]
2024-07-10 13:58:55,239 [ERROR] CheckConnectionManager:249 - Problem, Http access forbiden
2024-07-10 13:58:55,243 [INFO] MainUpdater:2873 - connection check result : 22
2024-07-10 13:58:55,244 [INFO] MainUpdater:290 - Updater Check For Update Now.
2024-07-10 13:58:55,244 [INFO] MicroXplorer:498 - Change Database Version : DB.6.0.100
2024-07-10 13:58:55,253 [INFO] McuFinderGlobals:63 - Set McuFinder mode to 2 (CubeIDE integrated)
2024-07-10 13:58:55,323 [INFO] UserAuth:404 - Internet connection configuration mode: 2
2024-07-10 13:58:55,435 [INFO] CheckServerUpdateThread:120 - End of CheckServer Thread
2024-07-10 13:58:57,992 [WARN] PackLoader:240 - Cannot read IP mode file for STMicroelectronics.X-CUBE-SMBUS.2.1.0
2024-07-10 13:58:57,999 [WARN] PackLoader:240 - Cannot read IP mode file for STMicroelectronics.X-CUBE-TOUCHGFX.4.23.0
2024-07-10 13:58:58,002 [WARN] PackLoader:240 - Cannot read IP mode file for STMicroelectronics.X-CUBE-TOUCHGFX.4.23.2
2024-07-10 13:58:58,031 [WARN] PackLoader:240 - Cannot read IP mode file for STMicroelectronics.X-CUBE-AZRTOS-F7.1.1.0
2024-07-10 13:58:58,042 [WARN] PackLoader:240 - Cannot read IP mode file for STMicroelectronics.FP-SNS-MOTENV1.4.3.2
2024-07-10 13:58:58,049 [WARN] PackLoader:240 - Cannot read IP mode file for STMicroelectronics.FP-SNS-FLIGHT1.5.0.2
2024-07-10 13:58:58,059 [WARN] PackLoader:240 - Cannot read IP mode file for STMicroelectronics.X-CUBE-DISPLAY.3.0.0
2024-07-10 13:58:58,070 [WARN] PackLoader:240 - Cannot read IP mode file for STMicroelectronics.X-CUBE-BLE1.7.0.0
2024-07-10 13:58:58,075 [WARN] PackLoader:240 - Cannot read IP mode file for emotas.I-CUBE-CANOPEN.1.3.0
2024-07-10 13:58:58,086 [WARN] PackLoader:240 - Cannot read IP mode file for STMicroelectronics.X-CUBE-BLEMGR.3.1.0
2024-07-10 13:58:58,093 [WARN] PackLoader:240 - Cannot read IP mode file for STMicroelectronics.FP-SNS-SMARTAG2.1.2.0
2024-07-10 13:58:58,104 [INFO] LogOutputStream:77 - [STDOUT_REDIRECT] 1 : Invalid condition id : UX_CORESTACK_Condition cause : null
2024-07-10 13:58:58,104 [INFO] LogOutputStream:77 - [STDOUT_REDIRECT] 1 : Invalid condition id : UX_CORESTACK_Condition cause : null
2024-07-10 13:58:58,106 [INFO] LogOutputStream:77 - [STDOUT_REDIRECT] 1 : Invalid condition id : UX_CORESTACK_Condition cause : null
2024-07-10 13:58:58,107 [INFO] LogOutputStream:77 - [STDOUT_REDIRECT] 1 : Invalid condition id : UX_CORESTACK_Condition cause : null
2024-07-10 13:58:58,108 [INFO] LogOutputStream:77 - [STDOUT_REDIRECT] 1 : Invalid condition id : UX_CORESTACK_Condition cause : null
2024-07-10 13:58:58,112 [WARN] PackLoader:240 - Cannot read IP mode file for STMicroelectronics.X-CUBE-AZRTOS-WL.2.0.0
2024-07-10 13:58:58,116 [WARN] PackLoader:240 - Cannot read IP mode file for STMicroelectronics.FP-SNS-MOTENV1.5.0.0
2024-07-10 13:58:58,124 [WARN] PackLoader:240 - Cannot read IP mode file for WES.I-CUBE-Cesium.1.3.0
2024-07-10 13:58:58,128 [WARN] PackLoader:240 - Cannot read IP mode file for STMicroelectronics.X-CUBE-BLE2.3.3.0
2024-07-10 13:58:58,134 [WARN] PackLoader:240 - Cannot read IP mode file for STMicroelectronics.X-CUBE-TCPP.4.1.0
2024-07-10 13:58:58,141 [WARN] PackLoader:240 - Cannot read IP mode file for STMicroelectronics.X-CUBE-ALGOBUILD.1.3.0
2024-07-10 13:58:58,157 [WARN] PackLoader:240 - Cannot read IP mode file for STMicroelectronics.X-CUBE-AZRTOS-G0.1.1.0
2024-07-10 13:58:58,166 [WARN] PackLoader:240 - Cannot read IP mode file for STMicroelectronics.X-CUBE-SAFEA1.1.2.2
2024-07-10 13:58:58,178 [WARN] PackLoader:240 - Cannot read IP mode file for STMicroelectronics.X-CUBE-NFC4.3.0.0
2024-07-10 13:58:58,187 [WARN] PackLoader:240 - Cannot read IP mode file for STMicroelectronics.X-CUBE-BLEMGR.3.0.0
2024-07-10 13:58:58,194 [WARN] PackLoader:240 - Cannot read IP mode file for STMicroelectronics.FP-ATR-SIGFOX1.3.2.0
2024-07-10 13:58:58,199 [WARN] PackLoader:240 - Cannot read IP mode file for STMicroelectronics.X-CUBE-EEPRMA1.5.1.0
2024-07-10 13:58:58,229 [WARN] PackLoader:240 - Cannot read IP mode file for SEGGER.I-CUBE-embOS.1.3.1
2024-07-10 13:58:58,268 [WARN] PackLoader:240 - Cannot read IP mode file for STMicroelectronics.X-CUBE-GNSS1.6.0.0
2024-07-10 13:58:58,290 [WARN] PackLoader:240 - Cannot read IP mode file for STMicroelectronics.X-CUBE-AZRTOS-F4.1.1.0
2024-07-10 13:58:58,296 [WARN] PackLoader:240 - Cannot read IP mode file for wolfSSL.I-CUBE-wolfSSL.5.6.6
2024-07-10 13:58:58,311 [WARN] PackLoader:240 - Cannot read IP mode file for STMicroelectronics.X-CUBE-AZRTOS-L5.2.0.0
2024-07-10 13:58:58,322 [WARN] PackLoader:240 - Cannot read IP mode file for STMicroelectronics.X-CUBE-NFC6.3.1.0
2024-07-10 13:58:58,328 [WARN] PackLoader:240 - Cannot read IP mode file for ITTIA_DB.I-CUBE-ITTIADB.8.8.0
2024-07-10 13:58:58,334 [WARN] PackLoader:240 - Cannot read IP mode file for STMicroelectronics.X-CUBE-NFC7.1.0.1
2024-07-10 13:58:58,340 [WARN] PackLoader:240 - Cannot read IP mode file for STMicroelectronics.X-CUBE-NFC6.3.0.0
2024-07-10 13:58:58,346 [WARN] PackLoader:240 - Cannot read IP mode file for STMicroelectronics.X-CUBE-AI.8.1.0
2024-07-10 13:58:58,367 [WARN] ConditionMgr:438 - getConditionDescription Invalid condition id : LAN8742 Phy interface Condition cause : null
2024-07-10 13:58:58,368 [WARN] PackLoader:240 - Cannot read IP mode file for STMicroelectronics.X-CUBE-AZRTOS-L4.2.0.0
2024-07-10 13:58:58,370 [WARN] ConditionMgr:1039 - genDependencies : Invalid condition id : LAN8742 Phy interface Condition cause : null
2024-07-10 13:58:58,371 [WARN] ConditionMgr:1039 - genDependencies : Invalid condition id : LAN8742 Phy interface Condition cause : null
2024-07-10 13:58:58,371 [WARN] ConditionMgr:1039 - genDependencies : Invalid condition id : LAN8742 Phy interface Condition cause : null
2024-07-10 13:58:58,381 [WARN] PackLoader:240 - Cannot read IP mode file for STMicroelectronics.X-CUBE-SFXS2LP1.4.0.0
2024-07-10 13:58:58,401 [WARN] ConditionMgr:438 - getConditionDescription Invalid condition id : UX DEVICE CLASS RTOS Condition cause : null
2024-07-10 13:58:58,401 [WARN] ConditionMgr:438 - getConditionDescription Invalid condition id : UX DEVICE CLASS RTOS Condition cause : null
2024-07-10 13:58:58,405 [WARN] PackLoader:240 - Cannot read IP mode file for STMicroelectronics.X-CUBE-AZRTOS-WB.2.0.0
2024-07-10 13:58:58,406 [WARN] ConditionMgr:1039 - genDependencies : Invalid condition id : UX DEVICE CLASS RTOS Condition cause : null
2024-07-10 13:58:58,406 [WARN] ConditionMgr:1039 - genDependencies : Invalid condition id : UX DEVICE CLASS RTOS Condition cause : null
2024-07-10 13:58:58,407 [WARN] ConditionMgr:1039 - genDependencies : Invalid condition id : UX DEVICE CLASS RTOS Condition cause : null
2024-07-10 13:58:58,407 [WARN] ConditionMgr:1039 - genDependencies : Invalid condition id : UX DEVICE CLASS RTOS Condition cause : null
2024-07-10 13:58:58,407 [WARN] ConditionMgr:1039 - genDependencies : Invalid condition id : UX DEVICE CLASS RTOS Condition cause : null
2024-07-10 13:58:58,423 [WARN] PackLoader:240 - Cannot read IP mode file for STMicroelectronics.X-CUBE-SUBG2.5.0.0
2024-07-10 13:58:58,453 [WARN] PackLoader:240 - Cannot read IP mode file for STMicroelectronics.X-CUBE-AZRTOS-G4.2.0.0
2024-07-10 13:58:58,482 [WARN] PackLoader:240 - Cannot read IP mode file for Infineon.AIROC-Wi-Fi-Bluetooth-STM32.1.5.1
2024-07-10 13:58:58,492 [WARN] PackLoader:240 - Cannot read IP mode file for STMicroelectronics.FP-SNS-MOTENVWB1.1.3.1
2024-07-10 13:58:58,497 [WARN] PackLoader:240 - Cannot read IP mode file for STMicroelectronics.X-CUBE-ISPU.2.0.0
2024-07-10 13:58:58,568 [WARN] PackLoader:240 - Cannot read IP mode file for STMicroelectronics.X-CUBE-MEMS1.10.0.0
2024-07-10 13:58:58,733 [WARN] PackLoader:240 - Cannot read IP mode file for STMicroelectronics.X-CUBE-FREERTOS.1.1.0
2024-07-10 13:58:58,740 [WARN] PackLoader:240 - Cannot read IP mode file for portGmbH.I-Cube-SoM-uGOAL.1.1.0
2024-07-10 13:58:58,745 [WARN] PackLoader:240 - Cannot read IP mode file for STMicroelectronics.X-CUBE-ALS.1.0.1
2024-07-10 13:58:58,749 [WARN] PackLoader:240 - Cannot read IP mode file for STMicroelectronics.FP-ATR-ASTRA1.2.0.0
2024-07-10 13:58:58,758 [WARN] PackLoader:240 - Cannot read IP mode file for STMicroelectronics.X-CUBE-TOF1.3.4.0
2024-07-10 13:58:58,776 [WARN] PackLoader:240 - Cannot read IP mode file for STMicroelectronics.X-CUBE-TOF1.3.4.1
2024-07-10 13:58:58,807 [WARN] PackLoader:240 - Cannot read IP mode file for STMicroelectronics.X-CUBE-AZRTOS-H7.3.2.0
2024-07-10 13:58:58,810 [INFO] ThirdParty:978 - Integrity check success = true
2024-07-10 13:58:58,810 [INFO] IntegrityCheckThread:100 - exiting critical section [integrity check]
2024-07-10 13:58:58,810 [INFO] IntegrityCheckThread:103 - End integrity checks thread
2024-07-10 13:59:15,933 [ERROR] LogOutputStream:75 - [STDERR_REDIRECT] SLF4J: Failed to load class "org.slf4j.impl.StaticLoggerBinder".
2024-07-10 13:59:15,934 [ERROR] LogOutputStream:75 - [STDERR_REDIRECT] SLF4J: Defaulting to no-operation (NOP) logger implementation
2024-07-10 13:59:15,936 [ERROR] LogOutputStream:75 - [STDERR_REDIRECT] SLF4J: See http://www.slf4j.org/codes.html#StaticLoggerBinder for further details.
2024-07-10 14:00:14,614 [INFO] McuFinderGlobals:63 - Set McuFinder mode to 2 (CubeIDE integrated)
2024-07-10 14:00:14,835 [ERROR] CheckConnectionManager:249 - Problem, Http access forbiden
2024-07-10 14:00:14,839 [INFO] MainUpdater:2873 - connection check result : 22
2024-07-10 14:00:14,894 [INFO] MicroXplorer:468 - Change Database Path : 
2024-07-10 14:00:14,894 [INFO] MicroXplorer:498 - Change Database Version : DB.6.0.100
2024-07-10 14:00:14,901 [WARN] ThirdParty:871 - waiting for thirdparty lock release [close project]
2024-07-10 14:00:14,901 [INFO] ThirdParty:873 - entering critical section [close project]
2024-07-10 14:00:14,902 [INFO] ThirdParty:883 - exiting critical section [close project]
2024-07-10 14:00:14,905 [INFO] PinOutPanel:1499 - setPackage(No Configuration,No Configuration)
2024-07-10 14:00:14,909 [INFO] UtilMem:75 - Begin LoadConfig() Used Memory: 412904976 Bytes (591396864)
2024-07-10 14:00:14,911 [INFO] MicroXplorer:468 - Change Database Path : 
2024-07-10 14:00:14,911 [INFO] MicroXplorer:498 - Change Database Version : DB.6.0.100
2024-07-10 14:00:14,911 [INFO] OpenFileManager:312 - Change cursor
2024-07-10 14:00:14,944 [INFO] Mcu:2016 - Initializing MCU STM32F407V(E-G)Tx STM32F407VETx STM32F407VET6
2024-07-10 14:00:16,484 [INFO] Context:659 - Trying to add GPIOservice into a context  which must be forbidden
2024-07-10 14:00:17,070 [INFO] RtosManager:555 - Registered RTOS mode: class=CMSIS, group=RTOS, mode=CMSIS_V1, owner=FREERTOS
2024-07-10 14:00:17,070 [INFO] RtosManager:555 - Registered RTOS mode: class=CMSIS, group=RTOS2, mode=CMSIS_V2, owner=FREERTOS
2024-07-10 14:00:17,070 [INFO] RtosManager:555 - Registered RTOS mode: class=RTOS, group=Core, mode=CMSIS_V1, owner=FREERTOS
2024-07-10 14:00:17,070 [INFO] RtosManager:555 - Registered RTOS mode: class=RTOS, group=Core, mode=CMSIS_V2, owner=FREERTOS
2024-07-10 14:00:17,071 [WARN] ModelIntegratedComponent:184 - Missing modes for component STMicroelectronics:FreeRTOS:0.0.1:STMicroelectronics:RTOS:FreeRTOS:Core:::10.2.0:
2024-07-10 14:00:17,088 [WARN] ModelIntegratedComponent:63 - No mode defined for component null
2024-07-10 14:00:17,089 [WARN] ModelIntegratedComponent:63 - No mode defined for component null
2024-07-10 14:00:17,089 [WARN] ModelIntegratedComponent:63 - No mode defined for component null
2024-07-10 14:00:17,089 [WARN] ModelIntegratedComponent:63 - No mode defined for component null
2024-07-10 14:00:17,089 [WARN] ModelIntegratedComponent:63 - No mode defined for component null
2024-07-10 14:00:17,089 [WARN] ModelIntegratedComponent:63 - No mode defined for component null
2024-07-10 14:00:17,089 [WARN] ModelIntegratedComponent:63 - No mode defined for component null
2024-07-10 14:00:17,089 [WARN] ModelIntegratedComponent:63 - No mode defined for component null
2024-07-10 14:00:17,089 [WARN] ModelIntegratedComponent:63 - No mode defined for component null
2024-07-10 14:00:17,089 [WARN] ModelIntegratedComponent:63 - No mode defined for component null
2024-07-10 14:00:17,089 [WARN] ModelIntegratedComponent:63 - No mode defined for component null
2024-07-10 14:00:17,089 [WARN] ModelIntegratedComponent:63 - No mode defined for component null
2024-07-10 14:00:17,089 [WARN] ModelIntegratedComponent:63 - No mode defined for component null
2024-07-10 14:00:17,089 [WARN] ModelIntegratedComponent:63 - No mode defined for component null
2024-07-10 14:00:17,089 [WARN] ModelIntegratedComponent:63 - No mode defined for component null
2024-07-10 14:00:17,089 [WARN] ModelIntegratedComponent:63 - No mode defined for component null
2024-07-10 14:00:17,090 [WARN] ModelIntegratedComponent:63 - No mode defined for component null
2024-07-10 14:00:17,090 [WARN] ModelIntegratedComponent:63 - No mode defined for component null
2024-07-10 14:00:17,090 [WARN] ModelIntegratedComponent:63 - No mode defined for component null
2024-07-10 14:00:17,090 [WARN] ModelIntegratedComponent:63 - No mode defined for component null
2024-07-10 14:00:17,090 [WARN] ModelIntegratedComponent:63 - No mode defined for component null
2024-07-10 14:00:17,090 [WARN] ModelIntegratedComponent:63 - No mode defined for component null
2024-07-10 14:00:17,090 [WARN] ModelIntegratedComponent:63 - No mode defined for component null
2024-07-10 14:00:17,090 [WARN] ModelIntegratedComponent:63 - No mode defined for component null
2024-07-10 14:00:17,090 [WARN] ModelIntegratedComponent:63 - No mode defined for component null
2024-07-10 14:00:17,090 [WARN] ModelIntegratedComponent:63 - No mode defined for component null
2024-07-10 14:00:17,090 [WARN] ModelIntegratedComponent:63 - No mode defined for component null
2024-07-10 14:00:17,090 [WARN] ModelIntegratedComponent:63 - No mode defined for component null
2024-07-10 14:00:17,090 [WARN] ModelIntegratedComponent:63 - No mode defined for component null
2024-07-10 14:00:17,090 [WARN] ModelIntegratedComponent:63 - No mode defined for component null
2024-07-10 14:00:17,090 [WARN] ModelIntegratedComponent:63 - No mode defined for component null
2024-07-10 14:00:17,090 [WARN] ModelIntegratedComponent:63 - No mode defined for component null
2024-07-10 14:00:17,091 [WARN] ModelIntegratedComponent:63 - No mode defined for component null
2024-07-10 14:00:17,239 [INFO] ThirdPartyModel:298 - Start build external matchings
2024-07-10 14:00:17,623 [INFO] ThirdPartyModel:316 - End build external matchings
2024-07-10 14:00:17,645 [INFO] ImportTextPane:194 - (OptionalMessage_ERROR) IP (DMA) : Parameter (Instance) has Id (USART3_RX) currently not set
2024-07-10 14:00:17,645 [INFO] ImportTextPane:194 - (OptionalMessage_ERROR) IP (DMA) : Parameter (Channel) has Id (USART3_RX) currently not set
2024-07-10 14:00:17,646 [INFO] ImportTextPane:194 - (OptionalMessage_ERROR) IP (DMA) : Parameter (Direction) has Id (USART3_RX) currently not set
2024-07-10 14:00:17,646 [INFO] ImportTextPane:194 - (OptionalMessage_ERROR) IP (DMA) : Parameter (PeriphInc) has Id (USART3_RX) currently not set
2024-07-10 14:00:17,646 [INFO] ImportTextPane:194 - (OptionalMessage_ERROR) IP (DMA) : Parameter (MemInc) has Id (USART3_RX) currently not set
2024-07-10 14:00:17,646 [INFO] ImportTextPane:194 - (OptionalMessage_ERROR) IP (DMA) : Parameter (PeriphDataAlignment) has Id (USART3_RX) currently not set
2024-07-10 14:00:17,646 [INFO] ImportTextPane:194 - (OptionalMessage_ERROR) IP (DMA) : Parameter (MemDataAlignment) has Id (USART3_RX) currently not set
2024-07-10 14:00:17,646 [INFO] ImportTextPane:194 - (OptionalMessage_ERROR) IP (DMA) : Parameter (Mode) has Id (USART3_RX) currently not set
2024-07-10 14:00:17,646 [INFO] ImportTextPane:194 - (OptionalMessage_ERROR) IP (DMA) : Parameter (Priority) has Id (USART3_RX) currently not set
2024-07-10 14:00:17,647 [INFO] ImportTextPane:194 - (OptionalMessage_ERROR) IP (DMA) : Parameter (FIFOMode) has Id (USART3_RX) currently not set
2024-07-10 14:00:17,647 [INFO] ImportTextPane:194 - (OptionalMessage_ERROR) IP (DMA) : Parameter (FIFOThreshold) has Id (USART3_RX) currently not set
2024-07-10 14:00:17,647 [INFO] ImportTextPane:194 - (OptionalMessage_ERROR) IP (DMA) : Parameter (FIFOThreshold) has invalid value (null)
2024-07-10 14:00:17,647 [INFO] ImportTextPane:194 - (OptionalMessage_ERROR) IP (DMA) : Parameter (MemBurst) has Id (USART3_RX) currently not set
2024-07-10 14:00:17,647 [INFO] ImportTextPane:194 - (OptionalMessage_ERROR) IP (DMA) : Parameter (MemBurst) has invalid value (null)
2024-07-10 14:00:17,647 [INFO] ImportTextPane:194 - (OptionalMessage_ERROR) IP (DMA) : Parameter (PeriphBurst) has Id (USART3_RX) currently not set
2024-07-10 14:00:17,647 [INFO] ImportTextPane:194 - (OptionalMessage_ERROR) IP (DMA) : Parameter (PeriphBurst) has invalid value (null)
2024-07-10 14:00:17,647 [INFO] ImportTextPane:194 - (OptionalMessage_ERROR) IP (DMA) : Parameter (Instance) has Id (USART3_TX) currently not set
2024-07-10 14:00:17,647 [INFO] ImportTextPane:194 - (OptionalMessage_ERROR) IP (DMA) : Parameter (Channel) has Id (USART3_TX) currently not set
2024-07-10 14:00:17,647 [INFO] ImportTextPane:194 - (OptionalMessage_ERROR) IP (DMA) : Parameter (Direction) has Id (USART3_TX) currently not set
2024-07-10 14:00:17,647 [INFO] ImportTextPane:194 - (OptionalMessage_ERROR) IP (DMA) : Parameter (PeriphInc) has Id (USART3_TX) currently not set
2024-07-10 14:00:17,647 [INFO] ImportTextPane:194 - (OptionalMessage_ERROR) IP (DMA) : Parameter (MemInc) has Id (USART3_TX) currently not set
2024-07-10 14:00:17,648 [INFO] ImportTextPane:194 - (OptionalMessage_ERROR) IP (DMA) : Parameter (PeriphDataAlignment) has Id (USART3_TX) currently not set
2024-07-10 14:00:17,648 [INFO] ImportTextPane:194 - (OptionalMessage_ERROR) IP (DMA) : Parameter (MemDataAlignment) has Id (USART3_TX) currently not set
2024-07-10 14:00:17,648 [INFO] ImportTextPane:194 - (OptionalMessage_ERROR) IP (DMA) : Parameter (Mode) has Id (USART3_TX) currently not set
2024-07-10 14:00:17,648 [INFO] ImportTextPane:194 - (OptionalMessage_ERROR) IP (DMA) : Parameter (Priority) has Id (USART3_TX) currently not set
2024-07-10 14:00:17,648 [INFO] ImportTextPane:194 - (OptionalMessage_ERROR) IP (DMA) : Parameter (FIFOMode) has Id (USART3_TX) currently not set
2024-07-10 14:00:17,651 [WARN] IP:2119 - CMSIS_VERSION not found: check if there is a RefParameter without a condition.
2024-07-10 14:00:17,661 [WARN] IP:2119 - LWIP_NETIF_HOSTNAME not found: check if there is a RefParameter without a condition.
2024-07-10 14:00:17,710 [INFO] ImportTextPane:194 - (OptionalMessage_ERROR) IP (RCC) : Parameter (RTCHSEDivFreq_Value) has invalid value (12500000)
2024-07-10 14:00:17,711 [WARN] IP:2119 - DEVICE_SERIAL0_CDC_FS not found: check if there is a RefParameter without a condition.
2024-07-10 14:00:17,712 [WARN] IP:2119 - DEVICE_SERIAL1_CDC_FS not found: check if there is a RefParameter without a condition.
2024-07-10 14:00:17,712 [WARN] IP:2119 - DEVICE_SERIAL2_CDC_FS not found: check if there is a RefParameter without a condition.
2024-07-10 14:00:18,009 [INFO] UtilMem:75 - End LoadConfig() Used Memory: 402362896 Bytes (591396864)
2024-07-10 14:00:18,140 [INFO] ApiDb:581 - Connected to CubeFinder SQLite database (C:\Users\Danil\.stmcufinder\plugins\mcufinder\mcu\cube-finder-db.db)
2024-07-10 14:00:18,248 [INFO] ApiDb:668 - CubeFinder database Data Model version=2.1
2024-07-10 14:00:18,248 [INFO] ApiDb:669 - CubeFinder database Configuration version=3.0.39
2024-07-10 14:00:18,248 [INFO] ApiDb:670 - CubeFinder database generation date=2024-03-25 (1711369621)
2024-07-10 14:00:18,249 [INFO] ApiDb:671 - CubeFinder database FW Pack versions=[FP-ATR-ASTRA1_V2.0.0, FP-SNS-FLIGHT1_V5.0.1, FP-SNS-FLIGHT1_V5.0.2, FP-SNS-MOTENV1_V4.3.1, FP-SNS-MOTENV1_V4.3.2, FP-SNS-MOTENVWB1_V1.3.1, FP-SNS-SMARTAG2_V1.2.0, STM32Cube_FW_C0_V1.1.0, STM32Cube_FW_F4_V1.28.0, STM32Cube_FW_F7_V1.17.0, STM32Cube_FW_G0_V1.6.2, STM32Cube_FW_G4_V1.5.2, STM32Cube_FW_H5_V0.5.1, STM32Cube_FW_H5_V1.1.1, STM32Cube_FW_H5_V1.2.0, STM32Cube_FW_H5_V1.2.0RC4, STM32Cube_FW_H7RS_V1.0.0, STM32Cube_FW_H7RS_V1.0.0RC4, STM32Cube_FW_H7_V1.11.0, STM32Cube_FW_L0_V1.12.2, STM32Cube_FW_L5_V1.5.1, STM32Cube_FW_U0_V1.0.0, STM32Cube_FW_U0_V1.0.0RC1, STM32Cube_FW_U5_V1.3.0RC4, STM32Cube_FW_U5_V1.5.0, STM32Cube_FW_U5_V1.5.0RC1, STM32Cube_FW_WBA_V1.0.0RC1, STM32Cube_FW_WBA_V1.2.0, STM32Cube_FW_WBA_V1.2.0RC2, STM32Cube_FW_WBA_V1.3.0, STM32Cube_FW_WBA_V1.3.0RC1, STM32Cube_FW_WB_V1.15.0RC1, STM32Cube_FW_WB_V1.16.0, STM32Cube_FW_WB_V1.16.0RC2, STM32Cube_FW_WB_V1.18.0, STM32Cube_FW_WB_V1.19.0, STM32Cube_FW_WL_V1.3.0, X-CUBE-ALGOBUILD_V1.3.0, X-CUBE-ALS_V1.0.1, X-CUBE-AZRTOS-F4_V1.1.0, X-CUBE-AZRTOS-F7_V1.1.0, X-CUBE-AZRTOS-G0_V1.1.0, X-CUBE-AZRTOS-G4_V2.0.0, X-CUBE-AZRTOS-H7_V3.2.0, X-CUBE-AZRTOS-L4_V1.0.0, X-CUBE-AZRTOS-L4_V2.0.0, X-CUBE-AZRTOS-L5_V1.1.0, X-CUBE-AZRTOS-WB_V2.0.0, X-CUBE-AZRTOS-WL_V2.0.0, X-CUBE-BLE1_V7.0.0, X-CUBE-BLE2_V3.3.0, X-CUBE-BLEMGR_V3.1.0, X-CUBE-EEPRMA1_V4.1.0, X-CUBE-EEPRMA1_V5.1.0, X-CUBE-FREERTOS_V1.1.0, X-CUBE-GNSS1_V6.0.0, X-CUBE-MEMS1_V10.0.0, X-CUBE-MEMS1_V9.1.0, X-CUBE-MEMS1_V9.4.0, X-CUBE-MEMS1_V9.6.0, X-CUBE-NFC4_V3.0.0, X-CUBE-NFC7_V1.0.1, X-CUBE-SFXS2LP1_V4.0.0, X-CUBE-SUBG2_V5.0.0, X-CUBE-TOF1_V3.4.0]
2024-07-10 14:00:21,447 [INFO] ApiDb:240 - Found 371 in-development CPN: [B-G473E-ZEST1S, B-WB1M-WPAN1, B-WL5M-SUBG1, NUCLEO-C031C6, NUCLEO-H503RB, NUCLEO-H563ZI, NUCLEO-U545RE-Q, NUCLEO-U5A5ZJ-Q, NUCLEO-WBA52CG, NUCLEO-WBA55CG, STEVAL-MKBOXPRO, STEVAL-PROTEUS1, STEVAL-STWINBX1, STM320518-EVAL, STM32C0116-DK, STM32C011D6Y3TR, STM32C011D6Y6TR, STM32C011F4P3, STM32C011F4P6, STM32C011F4U3, STM32C011F4U6TR, STM32C011F6P3, STM32C011F6P6, STM32C011F6U3, STM32C011F6U6TR, STM32C011J4M3, STM32C011J4M6, STM32C011J6M3, STM32C011J6M6, STM32C0316-DK, STM32C031C4T3, STM32C031C4T6, STM32C031C4U3, STM32C031C4U6, STM32C031C6T3, STM32C031C6T6, STM32C031C6U3, STM32C031C6U6, STM32C031F4P3, STM32C031F4P6, STM32C031F6P3, STM32C031F6P6, STM32C031G4U3, STM32C031G4U6, STM32C031G6U3, STM32C031G6U6, STM32C031K4T3, STM32C031K4T6, STM32C031K4U3, STM32C031K4U6, STM32C031K6T3, STM32C031K6T6, STM32C031K6U3, STM32C031K6U6, STM32G071K8TXN, STM32G071K8UXN, STM32G081GBU6N, STM32G081KBT6N, STM32G081KBUXN, STM32G0B1CCT6N, STM32G0B1KCT6, STM32G0B1NEY6TR, STM32G0B1RCT6N, STM32G0C1CCT6, STM32G0C1CCT6N, STM32G0C1CCU6N, STM32G0C1CET6N, STM32G0C1CEU6N, STM32G0C1KCT6, STM32G0C1NEY6TR, STM32G0C1RCI6N, STM32G0C1RCT6N, STM32G0C1REI6N, STM32G0C1RET6N, STM32G0C1VCI6, STM32G0C1VEI6, STM32G471CCT6, STM32G471CCU6, STM32G471CET3, STM32G471CET6, STM32G471CEU3, STM32G471CEU6, STM32G471MCT6, STM32G471MET3, STM32G471MET6, STM32G471MEY6TR, STM32G471QCT6, STM32G471QET3, STM32G471RCT6, STM32G471RET3, STM32G471RET6, STM32G471VCH6, STM32G471VCI6, STM32G471VCT6, STM32G471VEH3, STM32G471VEH6, STM32G471VEI3, STM32G471VEI6, STM32G471VET3, STM32G471VET6, STM32G474CCT6, STM32H503CBT6, STM32H503CBU6, STM32H503EBY6TR, STM32H503KBU6, STM32H503RBT6, STM32H562AGI6, STM32H562AII6, STM32H562IGK6, STM32H562IGT6, STM32H562IIK6, STM32H562IIT6, STM32H562RGT6, STM32H562RGV6, STM32H562RIT6, STM32H562RIV6, STM32H562VGT6, STM32H562VIT6, STM32H562ZGT6, STM32H562ZIT6, STM32H563AGI6, STM32H563AII3Q, STM32H563AII6, STM32H563IGK6, STM32H563IGT6, STM32H563IIK3Q, STM32H563IIK6, STM32H563IIT3Q, STM32H563IIT6, STM32H563MIY3QTR, STM32H563RGT6, STM32H563RGV6, STM32H563RIT6, STM32H563RIV6, STM32H563VGT6, STM32H563VIT3Q, STM32H563VIT6, STM32H563ZGT6, STM32H563ZIT3Q, STM32H563ZIT6, STM32H573AII3Q, STM32H573AII6, STM32H573I-DK, STM32H573IIK3Q, STM32H573IIK6, STM32H573IIT3Q, STM32H573IIT6, STM32H573MIY3QTR, STM32H573RIT6, STM32H573RIV6, STM32H573VIT3Q, STM32H573VIT6, STM32H573ZIT3Q, STM32H573ZIT6, STM32L4R5QGI6STR, STM32MP131AAE3, STM32MP131AAF3, STM32MP131AAG3, STM32MP131CAE3, STM32MP131CAF3, STM32MP131CAG3, STM32MP131DAE7, STM32MP131DAF7, STM32MP131DAG7, STM32MP131FAE7, STM32MP131FAF7, STM32MP131FAG7, STM32MP133AAE3, STM32MP133AAF3, STM32MP133AAG3, STM32MP133CAE3, STM32MP133CAF3, STM32MP133CAG3, STM32MP133DAE7, STM32MP133DAF7, STM32MP133DAG7, STM32MP133FAE7, STM32MP133FAF7, STM32MP133FAG7, STM32MP135AAE3, STM32MP135AAF3, STM32MP135AAG3, STM32MP135CAE3, STM32MP135CAF3, STM32MP135CAG3, STM32MP135DAE7, STM32MP135DAF7, STM32MP135DAG7, STM32MP135F-DK, STM32MP135FAE7, STM32MP135FAF7, STM32MP135FAF7T, STM32MP135FAF7U, STM32MP135FAG7, STM32U535CBT6, STM32U535CBT6Q, STM32U535CBU6, STM32U535CBU6Q, STM32U535CCT6, STM32U535CCT6Q, STM32U535CCU6, STM32U535CCU6Q, STM32U535CET6, STM32U535CET6Q, STM32U535CEU6, STM32U535CEU6Q, STM32U535JEY6QTR, STM32U535NCY6QTR, STM32U535NEY6QTR, STM32U535RBI6, STM32U535RBI6Q, STM32U535RBT6, STM32U535RBT6Q, STM32U535RCI6, STM32U535RCI6Q, STM32U535RCT6, STM32U535RCT6Q, STM32U535REI6, STM32U535REI6Q, STM32U535RET6, STM32U535RET6Q, STM32U535VCI6, STM32U535VCI6Q, STM32U535VCT6, STM32U535VCT6Q, STM32U535VEI6, STM32U535VEI6Q, STM32U535VET6, STM32U535VET6Q, STM32U545CET6, STM32U545CET6Q, STM32U545CEU6, STM32U545CEU6Q, STM32U545JEY6QTR, STM32U545NEY6QTR, STM32U545REI6, STM32U545REI6Q, STM32U545RET6, STM32U545RET6Q, STM32U545VEI6, STM32U545VEI6Q, STM32U545VET6, STM32U545VET6Q, STM32U595AIH6, STM32U595AIH6Q, STM32U595AJH6, STM32U595AJH6Q, STM32U595QII6, STM32U595QII6Q, STM32U595QJI6, STM32U595QJI6Q, STM32U595RIT6, STM32U595RIT6Q, STM32U595RJT6, STM32U595RJT6Q, STM32U595VIT6, STM32U595VIT6Q, STM32U595VJT6, STM32U595VJT6Q, STM32U595ZIT6, STM32U595ZIT6Q, STM32U595ZIY6QTR, STM32U595ZJT6, STM32U595ZJT6Q, STM32U595ZJY6QTR, STM32U599BJY6QTR, STM32U599NIH6Q, STM32U599NJH6Q, STM32U599VIT6Q, STM32U599VJT6, STM32U599VJT6Q, STM32U599ZIT6Q, STM32U599ZIY6QTR, STM32U599ZJT6Q, STM32U599ZJY6QTR, STM32U5A5AJH6, STM32U5A5AJH6Q, STM32U5A5QJI6, STM32U5A5QJI6Q, STM32U5A5RJT6, STM32U5A5RJT6Q, STM32U5A5VJT6, STM32U5A5VJT6Q, STM32U5A5ZJT6, STM32U5A5ZJT6Q, STM32U5A5ZJY6QTR, STM32U5A9BJY6QTR, STM32U5A9J-DK, STM32U5A9NJH6Q, STM32U5A9VJT6Q, STM32U5A9ZJT6Q, STM32U5A9ZJY6QTR, STM32U5F7VIT6, STM32U5F7VIT6Q, STM32U5F7VJT6, STM32U5F7VJT6Q, STM32U5F9BJY6QTR, STM32U5F9NJH6Q, STM32U5F9VIT6Q, STM32U5F9VJT6Q, STM32U5F9ZIJ6QTR, STM32U5F9ZIT6Q, STM32U5F9ZJJ6QTR, STM32U5F9ZJT6Q, STM32U5G7VJT6, STM32U5G7VJT6Q, STM32U5G9BJY6QTR, STM32U5G9J-DK1, STM32U5G9J-DK2, STM32U5G9NJH6Q, STM32U5G9VJT6Q, STM32U5G9ZJJ6QTR, STM32U5G9ZJT6Q, STM32WB1MMCH6, STM32WBA50KEU6, STM32WBA50KEU6TR, STM32WBA50KGU6, STM32WBA50KGU6TR, STM32WBA52CEU6, STM32WBA52CEU6TR, STM32WBA52CEU7, STM32WBA52CEU7TR, STM32WBA52CGU6, STM32WBA52CGU6TR, STM32WBA52CGU6U, STM32WBA52CGU7, STM32WBA52CGU7TR, STM32WBA52KEU6, STM32WBA52KEU6TR, STM32WBA52KGU6, STM32WBA52KGU6TR, STM32WBA54CEU6, STM32WBA54CEU6TR, STM32WBA54CEU7, STM32WBA54CEU7TR, STM32WBA54CGU6, STM32WBA54CGU6TR, STM32WBA54CGU7, STM32WBA54CGU7TR, STM32WBA54KEU6, STM32WBA54KEU6TR, STM32WBA54KEU7, STM32WBA54KEU7TR, STM32WBA54KGU6, STM32WBA54KGU6TR, STM32WBA54KGU7, STM32WBA54KGU7TR, STM32WBA55CEU6, STM32WBA55CEU6TR, STM32WBA55CEU7, STM32WBA55CEU7TR, STM32WBA55CGU6, STM32WBA55CGU6TR, STM32WBA55CGU6U, STM32WBA55CGU7, STM32WBA55CGU7TR, STM32WBA55G-DK1, STM32WBA55HEF6, STM32WBA55HEF7, STM32WBA55HGF6, STM32WBA55HGF7, STM32WBA55UEI6, STM32WBA55UEI6TR, STM32WBA55UEI7, STM32WBA55UEI7TR, STM32WBA55UGI6, STM32WBA55UGI6TR, STM32WBA55UGI7, STM32WBA55UGI7TR, STM32WL5MOCH6, STM32WL5MOCH6TR]
2024-07-10 14:00:21,451 [INFO] DbMcus:218 - Found 4069 MCUs, 4069 are supported
2024-07-10 14:00:21,451 [INFO] ApiDb:423 - Load user favorites file C:\Users\Danil/.stm32cubeide/favorites.mcus.txt: 0 item(s)
2024-07-10 14:00:21,452 [INFO] ApiDb:427 - User favorites MCUs=[]
2024-07-10 14:00:21,452 [INFO] DbMcus:224 - Set 0 / 0 favorites MCUs
2024-07-10 14:00:21,962 [INFO] MicroXplorer:468 - Change Database Path : 
2024-07-10 14:00:21,962 [INFO] MicroXplorer:498 - Change Database Version : DB.6.0.100
2024-07-10 14:00:21,963 [WARN] ThirdParty:833 - waiting for thirdparty lock release [change project]
2024-07-10 14:00:21,963 [INFO] ThirdParty:835 - entering critical section [change project]
2024-07-10 14:00:21,963 [INFO] ThirdParty:1030 - CMSIS Pack Vendor :STMicroelectronics USBPD 4.1
2024-07-10 14:00:21,963 [INFO] ThirdParty:1030 - CMSIS Pack Vendor :STMicroelectronics X-CUBE-GNSS1 6.0.0
2024-07-10 14:00:21,963 [INFO] ThirdParty:1030 - CMSIS Pack Vendor :STMicroelectronics USB_HOST 2.0.0
2024-07-10 14:00:21,963 [INFO] ThirdParty:1030 - CMSIS Pack Vendor :STMicroelectronics X-CUBE-AZRTOS-F4 1.1.0
2024-07-10 14:00:21,963 [INFO] ThirdParty:1030 - CMSIS Pack Vendor :STMicroelectronics LIBJPEG 8.0.0
2024-07-10 14:00:21,963 [INFO] ThirdParty:1030 - CMSIS Pack Vendor :STMicroelectronics X-CUBE-SMBUS 2.1.0
2024-07-10 14:00:21,963 [INFO] ThirdParty:1030 - CMSIS Pack Vendor :STMicroelectronics USB_DEVICE 3.0.0
2024-07-10 14:00:21,963 [INFO] ThirdParty:1030 - CMSIS Pack Vendor :STMicroelectronics X-CUBE-TCPP 4.1.0
2024-07-10 14:00:21,963 [INFO] ThirdParty:1030 - CMSIS Pack Vendor :STMicroelectronics X-CUBE-AZRTOS-WB 2.0.0
2024-07-10 14:00:21,963 [INFO] ThirdParty:1030 - CMSIS Pack Vendor :wolfSSL I-CUBE-wolfSSL 5.6.6
2024-07-10 14:00:21,963 [INFO] ThirdParty:1030 - CMSIS Pack Vendor :STMicroelectronics X-CUBE-TOUCHGFX 4.23.0
2024-07-10 14:00:21,963 [INFO] ThirdParty:1030 - CMSIS Pack Vendor :STMicroelectronics X-CUBE-TOUCHGFX 4.23.2
2024-07-10 14:00:21,964 [INFO] ThirdParty:1030 - CMSIS Pack Vendor :STMicroelectronics X-CUBE-AZRTOS-F7 1.1.0
2024-07-10 14:00:21,964 [INFO] ThirdParty:1030 - CMSIS Pack Vendor :STMicroelectronics X-CUBE-AZRTOS-L5 2.0.0
2024-07-10 14:00:21,964 [INFO] ThirdParty:1030 - CMSIS Pack Vendor :STMicroelectronics USB_DEVICE 2.0.0
2024-07-10 14:00:21,964 [INFO] ThirdParty:1030 - CMSIS Pack Vendor :STMicroelectronics X-CUBE-NFC6 3.1.0
2024-07-10 14:00:21,964 [INFO] ThirdParty:1030 - CMSIS Pack Vendor :ITTIA_DB I-CUBE-ITTIADB 8.8.0
2024-07-10 14:00:21,964 [INFO] ThirdParty:1030 - CMSIS Pack Vendor :STMicroelectronics FP-SNS-MOTENV1 4.3.2
2024-07-10 14:00:21,964 [INFO] ThirdParty:1030 - CMSIS Pack Vendor :STMicroelectronics X-CUBE-ALGOBUILD 1.3.0
2024-07-10 14:00:21,964 [INFO] ThirdParty:1030 - CMSIS Pack Vendor :STMicroelectronics FreeRTOS 0.0.1
2024-07-10 14:00:21,964 [INFO] ThirdParty:1030 - CMSIS Pack Vendor :STMicroelectronics X-CUBE-AZRTOS-G0 1.1.0
2024-07-10 14:00:21,964 [INFO] ThirdParty:1030 - CMSIS Pack Vendor :STMicroelectronics X-CUBE-SAFEA1 1.2.2
2024-07-10 14:00:21,964 [INFO] ThirdParty:1030 - CMSIS Pack Vendor :STMicroelectronics X-CUBE-NFC4 3.0.0
2024-07-10 14:00:21,964 [INFO] ThirdParty:1030 - CMSIS Pack Vendor :STMicroelectronics X-CUBE-SUBG2 5.0.0
2024-07-10 14:00:21,964 [INFO] ThirdParty:1030 - CMSIS Pack Vendor :STMicroelectronics STM32_WPAN 1.0.0
2024-07-10 14:00:21,964 [INFO] ThirdParty:1030 - CMSIS Pack Vendor :STMicroelectronics lwIP 2.0.3
2024-07-10 14:00:21,964 [INFO] ThirdParty:1030 - CMSIS Pack Vendor :STMicroelectronics FP-SNS-FLIGHT1 5.0.2
2024-07-10 14:00:21,964 [INFO] ThirdParty:1030 - CMSIS Pack Vendor :STMicroelectronics USB_HOST 1.0.0
2024-07-10 14:00:21,964 [INFO] ThirdParty:1030 - CMSIS Pack Vendor :STMicroelectronics X-CUBE-AZRTOS-G4 2.0.0
2024-07-10 14:00:21,964 [INFO] ThirdParty:1030 - CMSIS Pack Vendor :STMicroelectronics PDM2PCM 3.1.0
2024-07-10 14:00:21,964 [INFO] ThirdParty:1030 - CMSIS Pack Vendor :Infineon AIROC-Wi-Fi-Bluetooth-STM32 1.5.1
2024-07-10 14:00:21,964 [INFO] ThirdParty:1030 - CMSIS Pack Vendor :STMicroelectronics X-CUBE-BLEMGR 3.0.0
2024-07-10 14:00:21,965 [INFO] ThirdParty:1030 - CMSIS Pack Vendor :STMicroelectronics PDM2PCM 3.3.0
2024-07-10 14:00:21,965 [INFO] ThirdParty:1030 - CMSIS Pack Vendor :STMicroelectronics X-CUBE-DISPLAY 3.0.0
2024-07-10 14:00:21,965 [INFO] ThirdParty:1030 - CMSIS Pack Vendor :STMicroelectronics FP-SNS-MOTENVWB1 1.3.1
2024-07-10 14:00:21,965 [INFO] ThirdParty:1030 - CMSIS Pack Vendor :STMicroelectronics X-CUBE-BLE1 7.0.0
2024-07-10 14:00:21,965 [INFO] ThirdParty:1030 - CMSIS Pack Vendor :STMicroelectronics FP-ATR-SIGFOX1 3.2.0
2024-07-10 14:00:21,965 [INFO] ThirdParty:1030 - CMSIS Pack Vendor :STMicroelectronics X-CUBE-ISPU 2.0.0
2024-07-10 14:00:21,965 [INFO] ThirdParty:1030 - CMSIS Pack Vendor :STMicroelectronics X-CUBE-EEPRMA1 5.1.0
2024-07-10 14:00:21,965 [INFO] ThirdParty:1030 - CMSIS Pack Vendor :STMicroelectronics HAL Drivers 0.0.0
2024-07-10 14:00:21,965 [INFO] ThirdParty:1030 - CMSIS Pack Vendor :STMicroelectronics MBEDTLS 2.16.2
2024-07-10 14:00:21,965 [INFO] ThirdParty:1030 - CMSIS Pack Vendor :emotas I-CUBE-CANOPEN 1.3.0
2024-07-10 14:00:21,965 [INFO] ThirdParty:1030 - CMSIS Pack Vendor :STMicroelectronics X-CUBE-MEMS1 10.0.0
2024-07-10 14:00:21,965 [INFO] ThirdParty:1030 - CMSIS Pack Vendor :STMicroelectronics X-CUBE-FREERTOS 1.1.0
2024-07-10 14:00:21,965 [INFO] ThirdParty:1030 - CMSIS Pack Vendor :STMicroelectronics X-CUBE-NFC7 1.0.1
2024-07-10 14:00:21,965 [INFO] ThirdParty:1030 - CMSIS Pack Vendor :STMicroelectronics MBEDTLS 2.14.1
2024-07-10 14:00:21,965 [INFO] ThirdParty:1030 - CMSIS Pack Vendor :STMicroelectronics X-CUBE-NFC6 3.0.0
2024-07-10 14:00:21,965 [INFO] ThirdParty:1030 - CMSIS Pack Vendor :portGmbH I-Cube-SoM-uGOAL 1.1.0
2024-07-10 14:00:21,965 [INFO] ThirdParty:1030 - CMSIS Pack Vendor :STMicroelectronics X-CUBE-ALS 1.0.1
2024-07-10 14:00:21,965 [INFO] ThirdParty:1030 - CMSIS Pack Vendor :STMicroelectronics X-CUBE-BLEMGR 3.1.0
2024-07-10 14:00:21,965 [INFO] ThirdParty:1030 - CMSIS Pack Vendor :STMicroelectronics ThreadX 1.0.0
2024-07-10 14:00:21,965 [INFO] ThirdParty:1030 - CMSIS Pack Vendor :STMicroelectronics FP-SNS-SMARTAG2 1.2.0
2024-07-10 14:00:21,966 [INFO] ThirdParty:1030 - CMSIS Pack Vendor :STMicroelectronics X-CUBE-AZRTOS-WL 2.0.0
2024-07-10 14:00:21,966 [INFO] ThirdParty:1030 - CMSIS Pack Vendor :SEGGER I-CUBE-embOS 1.3.1
2024-07-10 14:00:21,966 [INFO] ThirdParty:1030 - CMSIS Pack Vendor :STMicroelectronics FP-SNS-MOTENV1 5.0.0
2024-07-10 14:00:21,966 [INFO] ThirdParty:1030 - CMSIS Pack Vendor :STMicroelectronics USB_DEVICE 1.0.0
2024-07-10 14:00:21,966 [INFO] ThirdParty:1030 - CMSIS Pack Vendor :STMicroelectronics X-CUBE-AI 8.1.0
2024-07-10 14:00:21,966 [INFO] ThirdParty:1030 - CMSIS Pack Vendor :STMicroelectronics X-CUBE-AZRTOS-L4 2.0.0
2024-07-10 14:00:21,966 [INFO] ThirdParty:1030 - CMSIS Pack Vendor :STMicroelectronics ThreadX 0.0.2
2024-07-10 14:00:21,966 [INFO] ThirdParty:1030 - CMSIS Pack Vendor :WES I-CUBE-Cesium 1.3.0
2024-07-10 14:00:21,966 [INFO] ThirdParty:1030 - CMSIS Pack Vendor :STMicroelectronics FP-ATR-ASTRA1 2.0.0
2024-07-10 14:00:21,966 [INFO] ThirdParty:1030 - CMSIS Pack Vendor :STMicroelectronics lwIP 2.1.2
2024-07-10 14:00:21,966 [INFO] ThirdParty:1030 - CMSIS Pack Vendor :STMicroelectronics X-CUBE-SFXS2LP1 4.0.0
2024-07-10 14:00:21,966 [INFO] ThirdParty:1030 - CMSIS Pack Vendor :STMicroelectronics X-CUBE-BLE2 3.3.0
2024-07-10 14:00:21,966 [INFO] ThirdParty:1030 - CMSIS Pack Vendor :STMicroelectronics X-CUBE-TOF1 3.4.0
2024-07-10 14:00:21,966 [INFO] ThirdParty:1030 - CMSIS Pack Vendor :STMicroelectronics X-CUBE-TOF1 3.4.1
2024-07-10 14:00:21,966 [INFO] ThirdParty:1030 - CMSIS Pack Vendor :STMicroelectronics X-CUBE-AZRTOS-H7 3.2.0
2024-07-10 14:00:21,966 [INFO] ThirdParty:1030 - CMSIS Pack Vendor :STMicroelectronics PDM2PCM 3.2.0
2024-07-10 14:00:21,967 [INFO] ThirdParty:841 - exiting critical section [change project]
2024-07-10 14:00:22,387 [INFO] PinOutPanel:1499 - setPackage(No Configuration,No Configuration)
2024-07-10 14:00:22,388 [INFO] PinOutPanel:1499 - setPackage(STM32F407VETx,LQFP100)
2024-07-10 14:00:22,775 [INFO] UtilMem:75 - Before build in PCC Used Memory: 255106624 Bytes (591396864)
2024-07-10 14:00:23,501 [INFO] UtilMem:75 - After build in PCC Used Memory: 344373832 Bytes (591396864)
2024-07-10 14:00:23,606 [INFO] ApiDbMcu:508 - Load IP Config File for LWIP
2024-07-10 14:00:23,620 [INFO] ApiDbMcu:508 - Load IP Config File for USB_DEVICE
2024-07-10 14:00:23,653 [INFO] IPUIPlugin:80 - create IPUIPlugin
2024-07-10 14:00:23,653 [INFO] IPUIPlugin:80 - create IPUIPlugin
2024-07-10 14:00:23,653 [INFO] IPUIPlugin:80 - create IPUIPlugin
2024-07-10 14:00:23,653 [INFO] IPUIPlugin:80 - create IPUIPlugin
2024-07-10 14:00:23,653 [INFO] IPUIPlugin:80 - create IPUIPlugin
2024-07-10 14:00:23,654 [INFO] IPUIPlugin:80 - create IPUIPlugin
2024-07-10 14:00:23,654 [INFO] IPUIPlugin:80 - create IPUIPlugin
2024-07-10 14:00:23,654 [INFO] IPUIPlugin:80 - create IPUIPlugin
2024-07-10 14:00:23,654 [INFO] IPUIPlugin:80 - create IPUIPlugin
2024-07-10 14:00:23,654 [INFO] IPUIPlugin:80 - create IPUIPlugin
2024-07-10 14:00:23,654 [INFO] IPUIPlugin:80 - create IPUIPlugin
2024-07-10 14:00:23,654 [INFO] IPUIPlugin:80 - create IPUIPlugin
2024-07-10 14:00:23,655 [INFO] IPUIPlugin:80 - create IPUIPlugin
2024-07-10 14:00:23,655 [INFO] IPUIPlugin:80 - create IPUIPlugin
2024-07-10 14:00:23,655 [INFO] IPUIPlugin:80 - create IPUIPlugin
2024-07-10 14:00:23,655 [INFO] IPUIPlugin:80 - create IPUIPlugin
2024-07-10 14:00:23,655 [INFO] IPUIPlugin:80 - create IPUIPlugin
2024-07-10 14:00:23,655 [INFO] IPUIPlugin:80 - create IPUIPlugin
2024-07-10 14:00:23,655 [INFO] IPUIPlugin:80 - create IPUIPlugin
2024-07-10 14:00:23,655 [INFO] IPUIPlugin:80 - create IPUIPlugin
2024-07-10 14:00:23,656 [INFO] IPUIPlugin:80 - create IPUIPlugin
2024-07-10 14:00:23,656 [INFO] IPUIPlugin:80 - create IPUIPlugin
2024-07-10 14:00:23,656 [INFO] IPUIPlugin:80 - create IPUIPlugin
2024-07-10 14:00:23,656 [INFO] IPUIPlugin:80 - create IPUIPlugin
2024-07-10 14:00:23,656 [INFO] IPUIPlugin:80 - create IPUIPlugin
2024-07-10 14:00:23,657 [INFO] IPUIPlugin:80 - create IPUIPlugin
2024-07-10 14:00:23,657 [INFO] IPUIPlugin:80 - create IPUIPlugin
2024-07-10 14:00:23,657 [INFO] IPUIPlugin:80 - create IPUIPlugin
2024-07-10 14:00:23,657 [INFO] IPUIPlugin:80 - create IPUIPlugin
2024-07-10 14:00:23,658 [INFO] IPUIPlugin:80 - create IPUIPlugin
2024-07-10 14:00:23,658 [INFO] IPUIPlugin:80 - create IPUIPlugin
2024-07-10 14:00:23,658 [INFO] IPUIPlugin:80 - create IPUIPlugin
2024-07-10 14:00:23,658 [INFO] IPUIPlugin:80 - create IPUIPlugin
2024-07-10 14:00:23,659 [INFO] IPUIPlugin:80 - create IPUIPlugin
2024-07-10 14:00:23,659 [INFO] IPUIPlugin:80 - create IPUIPlugin
2024-07-10 14:00:23,659 [INFO] IPUIPlugin:80 - create IPUIPlugin
2024-07-10 14:00:23,659 [INFO] IPUIPlugin:80 - create IPUIPlugin
2024-07-10 14:00:23,660 [INFO] IPUIPlugin:80 - create IPUIPlugin
2024-07-10 14:00:23,660 [INFO] IPUIPlugin:80 - create IPUIPlugin
2024-07-10 14:00:23,660 [INFO] IPUIPlugin:80 - create IPUIPlugin
2024-07-10 14:00:23,660 [INFO] IPUIPlugin:80 - create IPUIPlugin
2024-07-10 14:00:23,661 [INFO] IPUIPlugin:80 - create IPUIPlugin
2024-07-10 14:00:23,661 [INFO] IPUIPlugin:80 - create IPUIPlugin
2024-07-10 14:00:23,662 [INFO] IPUIPlugin:80 - create IPUIPlugin
2024-07-10 14:00:23,662 [INFO] IPUIPlugin:80 - create IPUIPlugin
2024-07-10 14:00:23,663 [INFO] IPUIPlugin:80 - create IPUIPlugin
2024-07-10 14:00:23,663 [INFO] IPUIPlugin:80 - create IPUIPlugin
2024-07-10 14:00:23,664 [INFO] IPUIPlugin:80 - create IPUIPlugin
2024-07-10 14:00:23,664 [INFO] IPUIPlugin:80 - create IPUIPlugin
2024-07-10 14:00:23,665 [INFO] IPUIPlugin:80 - create IPUIPlugin
2024-07-10 14:00:23,666 [INFO] IPUIPlugin:80 - create IPUIPlugin
2024-07-10 14:00:23,666 [INFO] IPUIPlugin:80 - create IPUIPlugin
2024-07-10 14:00:23,667 [INFO] IPUIPlugin:80 - create IPUIPlugin
2024-07-10 14:00:23,668 [INFO] IPUIPlugin:80 - create IPUIPlugin
2024-07-10 14:00:23,669 [INFO] IPUIPlugin:80 - create IPUIPlugin
2024-07-10 14:00:23,669 [INFO] IPUIPlugin:80 - create IPUIPlugin
2024-07-10 14:00:23,670 [INFO] IPUIPlugin:80 - create IPUIPlugin
2024-07-10 14:00:23,670 [INFO] IPUIPlugin:80 - create IPUIPlugin
2024-07-10 14:00:23,678 [INFO] ApiDbMcu:508 - Load IP Config File for PDM2PCM
2024-07-10 14:00:23,887 [INFO] CADModel:165 - CPN selected for project levelSTM32F407VET6
2024-07-10 14:00:23,887 [INFO] CADModel:114 - Register for checkConnection events
2024-07-10 14:00:23,936 [INFO] OpenFileManager:343 - Restore cursor
2024-07-10 14:00:24,083 [WARN] IP:2119 - DEVICE_SERIAL0_CDC_FS not found: check if there is a RefParameter without a condition.
2024-07-10 14:00:24,083 [WARN] IP:2119 - DEVICE_SERIAL1_CDC_FS not found: check if there is a RefParameter without a condition.
2024-07-10 14:00:24,083 [WARN] IP:2119 - DEVICE_SERIAL2_CDC_FS not found: check if there is a RefParameter without a condition.
2024-07-10 14:00:24,085 [WARN] IP:2119 - DEVICE_SERIAL0_CDC_FS not found: check if there is a RefParameter without a condition.
2024-07-10 14:00:24,085 [WARN] IP:2119 - DEVICE_SERIAL1_CDC_FS not found: check if there is a RefParameter without a condition.
2024-07-10 14:00:24,085 [WARN] IP:2119 - DEVICE_SERIAL2_CDC_FS not found: check if there is a RefParameter without a condition.
2024-07-10 14:00:24,153 [WARN] IP:2119 - CMSIS_VERSION not found: check if there is a RefParameter without a condition.
2024-07-10 14:00:24,161 [WARN] IP:2119 - LWIP_NETIF_HOSTNAME not found: check if there is a RefParameter without a condition.
2024-07-10 14:00:24,239 [WARN] IP:2119 - CMSIS_VERSION not found: check if there is a RefParameter without a condition.
2024-07-10 14:00:24,247 [WARN] IP:2119 - LWIP_NETIF_HOSTNAME not found: check if there is a RefParameter without a condition.
2024-07-10 14:00:28,201 [WARN] IP:2119 - DEVICE_SERIAL0_CDC_FS not found: check if there is a RefParameter without a condition.
2024-07-10 14:00:28,202 [WARN] IP:2119 - DEVICE_SERIAL1_CDC_FS not found: check if there is a RefParameter without a condition.
2024-07-10 14:00:28,202 [WARN] IP:2119 - DEVICE_SERIAL2_CDC_FS not found: check if there is a RefParameter without a condition.
2024-07-10 14:00:28,203 [WARN] IP:2119 - DEVICE_SERIAL0_CDC_FS not found: check if there is a RefParameter without a condition.
2024-07-10 14:00:28,203 [WARN] IP:2119 - DEVICE_SERIAL1_CDC_FS not found: check if there is a RefParameter without a condition.
2024-07-10 14:00:28,203 [WARN] IP:2119 - DEVICE_SERIAL2_CDC_FS not found: check if there is a RefParameter without a condition.
2024-07-10 14:00:28,236 [WARN] IP:2119 - CMSIS_VERSION not found: check if there is a RefParameter without a condition.
2024-07-10 14:00:28,240 [WARN] IP:2119 - LWIP_NETIF_HOSTNAME not found: check if there is a RefParameter without a condition.
2024-07-10 14:00:28,281 [WARN] IP:2119 - CMSIS_VERSION not found: check if there is a RefParameter without a condition.
2024-07-10 14:00:28,285 [WARN] IP:2119 - LWIP_NETIF_HOSTNAME not found: check if there is a RefParameter without a condition.
2024-07-10 14:00:40,126 [INFO] NvicIntPanel:101 - NVIC parent = com.st.microxplorer.plugins.ip.nvic.MultiNvicIntPanel[,0,0,0x0,invalid,layout=javax.swing.BoxLayout,alignmentX=0.0,alignmentY=0.0,border=,flags=9,maximumSize=,minimumSize=,preferredSize=]
2024-07-10 14:01:03,921 [INFO] NvicIntPanel:101 - NVIC parent = com.st.microxplorer.plugins.ip.nvic.MultiNvicIntPanel[,0,0,0x0,invalid,layout=javax.swing.BoxLayout,alignmentX=0.0,alignmentY=0.0,border=,flags=9,maximumSize=,minimumSize=,preferredSize=]
2024-07-10 14:01:05,518 [INFO] UtilMem:75 - End SaveConfig() Used Memory: 330084760 Bytes (591396864)
2024-07-10 14:01:06,719 [INFO] UtilMem:75 - End SaveConfig() Used Memory: 366733376 Bytes (591396864)
2024-07-10 14:01:07,316 [INFO] BlockDiagram:2759 - set Specific Code input for plugin: USB_DEVICE
2024-07-10 14:01:07,316 [INFO] BlockDiagram:2759 - set Specific Code input for plugin: SYS
2024-07-10 14:01:07,316 [INFO] BlockDiagram:2759 - set Specific Code input for plugin: RCC
2024-07-10 14:01:07,316 [INFO] BlockDiagram:2759 - set Specific Code input for plugin: USB_OTG_FS
2024-07-10 14:01:07,316 [INFO] BlockDiagram:2759 - set Specific Code input for plugin: NVIC
2024-07-10 14:01:07,316 [INFO] BlockDiagram:2759 - set Specific Code input for plugin: LWIP
2024-07-10 14:01:07,316 [INFO] BlockDiagram:2759 - set Specific Code input for plugin: USART
2024-07-10 14:01:07,316 [INFO] BlockDiagram:2759 - set Specific Code input for plugin: DMA
2024-07-10 14:01:07,317 [INFO] BlockDiagram:2759 - set Specific Code input for plugin: GPIO
2024-07-10 14:01:07,317 [INFO] BlockDiagram:2759 - set Specific Code input for plugin: ETH
2024-07-10 14:01:07,318 [INFO] CodeGenerator:807 - code generatio: config db path: E:\STM32CubeIDE_1.14.1\STM32CubeIDE\plugins\com.st.stm32cube.common.mx_6.10.0.202311202037\\db\
2024-07-10 14:01:07,329 [WARN] IP:2119 - CMSIS_VERSION not found: check if there is a RefParameter without a condition.
2024-07-10 14:01:07,333 [WARN] IP:2119 - LWIP_NETIF_HOSTNAME not found: check if there is a RefParameter without a condition.
2024-07-10 14:01:07,378 [WARN] IP:2119 - DEVICE_SERIAL0_CDC_FS not found: check if there is a RefParameter without a condition.
2024-07-10 14:01:07,378 [WARN] IP:2119 - DEVICE_SERIAL1_CDC_FS not found: check if there is a RefParameter without a condition.
2024-07-10 14:01:07,378 [WARN] IP:2119 - DEVICE_SERIAL2_CDC_FS not found: check if there is a RefParameter without a condition.
2024-07-10 14:01:07,628 [INFO] CodeEngine:255 - oldGeneratedFile, D:\STM32CubeIDE\Study\Study\MXTmpFiles\license.tmp_save
2024-07-10 14:01:07,981 [INFO] CodeEngine:279 - Generated code: D:\STM32CubeIDE\Study\Study\MXTmpFiles\license.tmp
2024-07-10 14:01:08,060 [INFO] CodeEngine:255 - oldGeneratedFile, D:\STM32CubeIDE\Study\Study\MXTmpFiles\gpio.tmp_save
2024-07-10 14:01:08,185 [INFO] CodeEngine:279 - Generated code: D:\STM32CubeIDE\Study\Study\MXTmpFiles\gpio.tmp
2024-07-10 14:01:08,262 [INFO] CodeEngine:255 - oldGeneratedFile, D:\STM32CubeIDE\Study\Study\MXTmpFiles\eth_vars.tmp_save
2024-07-10 14:01:08,339 [INFO] CodeEngine:279 - Generated code: D:\STM32CubeIDE\Study\Study\MXTmpFiles\eth_vars.tmp
2024-07-10 14:01:08,343 [INFO] CodeEngine:255 - oldGeneratedFile, D:\STM32CubeIDE\Study\Study\MXTmpFiles\eth_inc.tmp_save
2024-07-10 14:01:08,419 [INFO] CodeEngine:279 - Generated code: D:\STM32CubeIDE\Study\Study\MXTmpFiles\eth_inc.tmp
2024-07-10 14:01:08,423 [INFO] CodeEngine:255 - oldGeneratedFile, D:\STM32CubeIDE\Study\Study\MXTmpFiles\eth_HalInit.tmp_save
2024-07-10 14:01:08,612 [INFO] CodeEngine:279 - Generated code: D:\STM32CubeIDE\Study\Study\MXTmpFiles\eth_HalInit.tmp
2024-07-10 14:01:08,617 [INFO] CodeEngine:255 - oldGeneratedFile, D:\STM32CubeIDE\Study\Study\MXTmpFiles\eth_Msp.tmp_save
2024-07-10 14:01:08,733 [INFO] CodeEngine:279 - Generated code: D:\STM32CubeIDE\Study\Study\MXTmpFiles\eth_Msp.tmp
2024-07-10 14:01:08,741 [INFO] CodeEngine:255 - oldGeneratedFile, D:\STM32CubeIDE\Study\Study\MXTmpFiles\eth_vars.tmp_save
2024-07-10 14:01:08,809 [INFO] CodeEngine:279 - Generated code: D:\STM32CubeIDE\Study\Study\MXTmpFiles\eth_vars.tmp
2024-07-10 14:01:08,813 [INFO] CodeEngine:255 - oldGeneratedFile, D:\STM32CubeIDE\Study\Study\MXTmpFiles\eth_inc.tmp_save
2024-07-10 14:01:08,885 [INFO] CodeEngine:279 - Generated code: D:\STM32CubeIDE\Study\Study\MXTmpFiles\eth_inc.tmp
2024-07-10 14:01:08,889 [INFO] CodeEngine:255 - oldGeneratedFile, D:\STM32CubeIDE\Study\Study\MXTmpFiles\eth_HalInit.tmp_save
2024-07-10 14:01:08,968 [INFO] CodeEngine:279 - Generated code: D:\STM32CubeIDE\Study\Study\MXTmpFiles\eth_HalInit.tmp
2024-07-10 14:01:08,973 [INFO] CodeEngine:255 - oldGeneratedFile, D:\STM32CubeIDE\Study\Study\MXTmpFiles\eth_Msp.tmp_save
2024-07-10 14:01:09,058 [INFO] CodeEngine:279 - Generated code: D:\STM32CubeIDE\Study\Study\MXTmpFiles\eth_Msp.tmp
2024-07-10 14:01:09,118 [WARN] IPConfigManager:2946 - Warning: the RefConfig PWREx_EnableUSBVoltageDetector is not available in your config.xml file
2024-07-10 14:01:09,126 [INFO] CodeEngine:255 - oldGeneratedFile, D:\STM32CubeIDE\Study\Study\MXTmpFiles\usb_otg_fs_vars.tmp_save
2024-07-10 14:01:09,187 [INFO] CodeEngine:279 - Generated code: D:\STM32CubeIDE\Study\Study\MXTmpFiles\usb_otg_fs_vars.tmp
2024-07-10 14:01:09,190 [INFO] CodeEngine:255 - oldGeneratedFile, D:\STM32CubeIDE\Study\Study\MXTmpFiles\usb_otg_fs_inc.tmp_save
2024-07-10 14:01:09,257 [INFO] CodeEngine:279 - Generated code: D:\STM32CubeIDE\Study\Study\MXTmpFiles\usb_otg_fs_inc.tmp
2024-07-10 14:01:09,260 [INFO] CodeEngine:255 - oldGeneratedFile, D:\STM32CubeIDE\Study\Study\MXTmpFiles\usb_otg_fs_HalInit.tmp_save
2024-07-10 14:01:09,328 [INFO] CodeEngine:279 - Generated code: D:\STM32CubeIDE\Study\Study\MXTmpFiles\usb_otg_fs_HalInit.tmp
2024-07-10 14:01:09,331 [INFO] CodeEngine:255 - oldGeneratedFile, D:\STM32CubeIDE\Study\Study\MXTmpFiles\usb_otg_fs_Msp.tmp_save
2024-07-10 14:01:09,404 [INFO] CodeEngine:279 - Generated code: D:\STM32CubeIDE\Study\Study\MXTmpFiles\usb_otg_fs_Msp.tmp
2024-07-10 14:01:09,626 [INFO] Middleware:1439 - No code input for Bsp Dependency
2024-07-10 14:01:09,656 [INFO] Middleware:1439 - No code input for Bsp Dependency
2024-07-10 14:01:09,699 [INFO] CodeEngine:255 - oldGeneratedFile, D:\STM32CubeIDE\Study\Study\MXTmpFiles\dma.tmp_save
2024-07-10 14:01:09,776 [INFO] CodeEngine:279 - Generated code: D:\STM32CubeIDE\Study\Study\MXTmpFiles\dma.tmp
2024-07-10 14:01:09,779 [INFO] CodeEngine:255 - oldGeneratedFile, D:\STM32CubeIDE\Study\Study\MXTmpFiles\dma_GV.tmp_save
2024-07-10 14:01:09,834 [INFO] CodeEngine:279 - Generated code: D:\STM32CubeIDE\Study\Study\MXTmpFiles\dma_GV.tmp
2024-07-10 14:01:09,851 [INFO] Middleware:1439 - No code input for Bsp Dependency
2024-07-10 14:01:09,872 [INFO] CodeEngine:255 - oldGeneratedFile, D:\STM32CubeIDE\Study\Study\LWIP\App\lwip.c_save
2024-07-10 14:01:09,960 [INFO] CodeEngine:279 - Generated code: D:\STM32CubeIDE\Study\Study\LWIP\App\lwip.c
2024-07-10 14:01:09,966 [INFO] CodeEngine:255 - oldGeneratedFile, D:\STM32CubeIDE\Study\Study\LWIP\App\lwip.h_save
2024-07-10 14:01:10,060 [INFO] CodeEngine:279 - Generated code: D:\STM32CubeIDE\Study\Study\LWIP\App\lwip.h
2024-07-10 14:01:10,065 [INFO] CodeEngine:255 - oldGeneratedFile, D:\STM32CubeIDE\Study\Study\LWIP\Target\lwipopts.h_save
2024-07-10 14:01:10,323 [INFO] CodeEngine:279 - Generated code: D:\STM32CubeIDE\Study\Study\LWIP\Target\lwipopts.h
2024-07-10 14:01:10,329 [INFO] CodeEngine:255 - oldGeneratedFile, D:\STM32CubeIDE\Study\Study\LWIP\Target\ethernetif.c_save
2024-07-10 14:01:10,440 [INFO] CodeEngine:279 - Generated code: D:\STM32CubeIDE\Study\Study\LWIP\Target\ethernetif.c
2024-07-10 14:01:10,445 [INFO] CodeEngine:255 - oldGeneratedFile, D:\STM32CubeIDE\Study\Study\LWIP\Target\ethernetif.h_save
2024-07-10 14:01:10,524 [INFO] CodeEngine:279 - Generated code: D:\STM32CubeIDE\Study\Study\LWIP\Target\ethernetif.h
2024-07-10 14:01:10,536 [INFO] Middleware:1439 - No code input for Bsp Dependency
2024-07-10 14:01:10,546 [INFO] CodeEngine:255 - oldGeneratedFile, D:\STM32CubeIDE\Study\Study\USB_DEVICE\App\usb_device.c_save
2024-07-10 14:01:10,637 [INFO] CodeEngine:279 - Generated code: D:\STM32CubeIDE\Study\Study\USB_DEVICE\App\usb_device.c
2024-07-10 14:01:10,641 [INFO] CodeEngine:255 - oldGeneratedFile, D:\STM32CubeIDE\Study\Study\USB_DEVICE\App\usb_device.h_save
2024-07-10 14:01:10,706 [INFO] CodeEngine:279 - Generated code: D:\STM32CubeIDE\Study\Study\USB_DEVICE\App\usb_device.h
2024-07-10 14:01:10,712 [INFO] CodeEngine:255 - oldGeneratedFile, D:\STM32CubeIDE\Study\Study\USB_DEVICE\Target\usbd_conf.h_save
2024-07-10 14:01:10,783 [INFO] CodeEngine:279 - Generated code: D:\STM32CubeIDE\Study\Study\USB_DEVICE\Target\usbd_conf.h
2024-07-10 14:01:10,789 [INFO] CodeEngine:255 - oldGeneratedFile, D:\STM32CubeIDE\Study\Study\USB_DEVICE\Target\usbd_conf.c_save
2024-07-10 14:01:10,886 [INFO] CodeEngine:279 - Generated code: D:\STM32CubeIDE\Study\Study\USB_DEVICE\Target\usbd_conf.c
2024-07-10 14:01:10,891 [INFO] CodeEngine:255 - oldGeneratedFile, D:\STM32CubeIDE\Study\Study\USB_DEVICE\App\usbd_desc.h_save
2024-07-10 14:01:10,952 [INFO] CodeEngine:279 - Generated code: D:\STM32CubeIDE\Study\Study\USB_DEVICE\App\usbd_desc.h
2024-07-10 14:01:10,956 [INFO] CodeEngine:255 - oldGeneratedFile, D:\STM32CubeIDE\Study\Study\USB_DEVICE\App\usbd_desc.c_save
2024-07-10 14:01:11,046 [INFO] CodeEngine:279 - Generated code: D:\STM32CubeIDE\Study\Study\USB_DEVICE\App\usbd_desc.c
2024-07-10 14:01:11,052 [INFO] CodeEngine:255 - oldGeneratedFile, D:\STM32CubeIDE\Study\Study\USB_DEVICE\App\usbd_cdc_if.h_save
2024-07-10 14:01:11,126 [INFO] CodeEngine:279 - Generated code: D:\STM32CubeIDE\Study\Study\USB_DEVICE\App\usbd_cdc_if.h
2024-07-10 14:01:11,130 [INFO] CodeEngine:255 - oldGeneratedFile, D:\STM32CubeIDE\Study\Study\USB_DEVICE\App\usbd_cdc_if.c_save
2024-07-10 14:01:11,223 [INFO] CodeEngine:279 - Generated code: D:\STM32CubeIDE\Study\Study\USB_DEVICE\App\usbd_cdc_if.c
2024-07-10 14:01:11,241 [INFO] CodeEngine:255 - oldGeneratedFile, D:\STM32CubeIDE\Study\Study\Core\Src\stm32f4xx_it.c_save
2024-07-10 14:01:11,370 [INFO] CodeEngine:279 - Generated code: D:\STM32CubeIDE\Study\Study\Core\Src\stm32f4xx_it.c
2024-07-10 14:01:11,375 [INFO] CodeEngine:255 - oldGeneratedFile, D:\STM32CubeIDE\Study\Study\Core\Inc\stm32f4xx_it.h_save
2024-07-10 14:01:11,461 [INFO] CodeEngine:279 - Generated code: D:\STM32CubeIDE\Study\Study\Core\Inc\stm32f4xx_it.h
2024-07-10 14:01:11,475 [INFO] CodeEngine:255 - oldGeneratedFile, D:\STM32CubeIDE\Study\Study\Core\Src\stm32f4xx_hal_msp.c_save
2024-07-10 14:01:11,575 [INFO] CodeEngine:279 - Generated code: D:\STM32CubeIDE\Study\Study\Core\Src\stm32f4xx_hal_msp.c
2024-07-10 14:01:11,578 [INFO] CodeEngine:255 - oldGeneratedFile, D:\STM32CubeIDE\Study\Study\MXTmpFiles\system.tmp_save
2024-07-10 14:01:11,638 [INFO] CodeEngine:279 - Generated code: D:\STM32CubeIDE\Study\Study\MXTmpFiles\system.tmp
2024-07-10 14:01:11,647 [INFO] CodeEngine:311 - oldGeneratedFile, D:\STM32CubeIDE\Study\Study\Core\Inc\stm32f4xx_hal_conf.h_save
2024-07-10 14:01:11,744 [INFO] CodeEngine:335 - Generated code: D:\STM32CubeIDE\Study\Study\Core\Inc\stm32f4xx_hal_conf.h
2024-07-10 14:01:11,783 [INFO] CodeEngine:255 - oldGeneratedFile, D:\STM32CubeIDE\Study\Study\Core\Inc\main.h_save
2024-07-10 14:01:11,854 [INFO] CodeEngine:279 - Generated code: D:\STM32CubeIDE\Study\Study\Core\Inc\main.h
2024-07-10 14:01:11,860 [INFO] CodeEngine:255 - oldGeneratedFile, D:\STM32CubeIDE\Study\Study\Core\Src\main.c_save
2024-07-10 14:01:11,977 [INFO] CodeEngine:279 - Generated code: D:\STM32CubeIDE\Study\Study\Core\Src\main.c
2024-07-10 14:01:13,288 [INFO] ProjectBuilder:3076 - Time for Copy HAL[1] : 629mS.
2024-07-10 14:01:13,302 [INFO] ProjectBuilder:4485 - Project Generator version: 4.2.0-B44
2024-07-10 14:01:13,714 [INFO] ConfigFileManager:1495 - The Die is : DIE413
2024-07-10 14:01:13,718 [INFO] ApiDbMcu:508 - Load IP Config File for FATFS
2024-07-10 14:01:13,724 [INFO] ApiDbMcu:508 - Load IP Config File for FREERTOS
2024-07-10 14:01:13,728 [INFO] ApiDbMcu:508 - Load IP Config File for LIBJPEG
2024-07-10 14:01:13,739 [INFO] ApiDbMcu:508 - Load IP Config File for MBEDTLS
2024-07-10 14:01:13,763 [INFO] ApiDbMcu:508 - Load IP Config File for USB_HOST
2024-07-10 14:01:14,660 [INFO] LogOutputStream:77 - [STDOUT_REDIRECT] 
2024-07-10 14:01:16,773 [INFO] ProjectBuilder:4747 - Time for Generating toolchain IDE Files: 3471mS.
2024-07-10 14:01:16,774 [INFO] ProjectBuilder:2947 - Time for Copy CMSIS : 0mS.
2024-07-10 14:01:16,787 [INFO] ProjectBuilder:2947 - Time for Copy CMSIS : 0mS.
