2024-07-27 15:36:55,584 [INFO] Activator:176 - 


2024-07-27 15:36:55,590 [INFO] Activator:177 - !SESSION log4j initialized
2024-07-27 15:37:01,899 [INFO] LogOutputStream:77 - [STDOUT_REDIRECT] 
2024-07-27 15:37:10,540 [INFO] ApplicationProperties:184 - Using Application install path: E:\STM32CubeIDE_1.14.1\STM32CubeIDE\plugins\com.st.stm32cube.common.mx_6.10.0.202311202037
2024-07-27 15:37:10,555 [INFO] DbMcusXml:78 - Set database path to: E:\STM32CubeIDE_1.14.1\STM32CubeIDE\plugins\com.st.stm32cube.common.mx_6.10.0.202311202037\\db\/mcu/
2024-07-27 15:37:10,555 [INFO] ApiDb:274 - Set plugin database path to: E:\STM32CubeIDE_1.14.1\STM32CubeIDE\plugins\com.st.stm32cube.common.mx_6.10.0.202311202037\\db\/plugins/boardmanager/
2024-07-27 15:37:10,557 [WARN] ApiDb:259 - Overriding images path with different value:  => E:\STM32CubeIDE_1.14.1\STM32CubeIDE\plugins\com.st.stm32cube.common.mx_6.10.0.202311202037\\db\/plugins/mcufinder/images/
2024-07-27 15:37:10,567 [INFO] ApiDb:250 - Set database path to: C:\Users\Danil\.stmcufinder\plugins\mcufinder//mcu/
2024-07-27 15:37:10,568 [INFO] DbMcusAds:125 - Set database path to: C:\Users\Danil\.stmcufinder\plugins\mcufinder//mcu/
2024-07-27 15:37:10,570 [INFO] CrossReferenceDbSqlite:203 - Set database path to: C:\Users\Danil\.stmcufinder\plugins\mcufinder//mcu/cs/
2024-07-27 15:37:10,678 [INFO] RulesReader:64 - Compatibility file has been processed (297 Rules)
2024-07-27 15:37:10,747 [INFO] DbMcusXml:78 - Set database path to: E:\STM32CubeIDE_1.14.1\STM32CubeIDE\plugins\com.st.stm32cube.common.mx_6.10.0.202311202037\\db\/mcu/
2024-07-27 15:37:10,747 [INFO] ApiDb:274 - Set plugin database path to: E:\STM32CubeIDE_1.14.1\STM32CubeIDE\plugins\com.st.stm32cube.common.mx_6.10.0.202311202037\\db\/plugins/boardmanager/
2024-07-27 15:37:10,748 [INFO] ApiDb:261 - Set plugin images path to: E:\STM32CubeIDE_1.14.1\STM32CubeIDE\plugins\com.st.stm32cube.common.mx_6.10.0.202311202037\\db\/plugins/mcufinder/images/
2024-07-27 15:37:10,748 [WARN] DbFile:41 - Overriding database path with different value: C:\Users\Danil\.stmcufinder\plugins\mcufinder/ => C:\Users\Danil\.stmcufinder\plugins\mcufinder
2024-07-27 15:37:10,748 [INFO] ApiDb:250 - Set database path to: C:\Users\Danil\.stmcufinder\plugins\mcufinder//mcu/
2024-07-27 15:37:10,748 [WARN] DbFile:41 - Overriding database path with different value: C:\Users\Danil\.stmcufinder\plugins\mcufinder/ => C:\Users\Danil\.stmcufinder\plugins\mcufinder
2024-07-27 15:37:10,748 [INFO] DbMcusAds:125 - Set database path to: C:\Users\Danil\.stmcufinder\plugins\mcufinder//mcu/
2024-07-27 15:37:10,748 [WARN] DbFile:41 - Overriding database path with different value: C:\Users\Danil\.stmcufinder\plugins\mcufinder/ => C:\Users\Danil\.stmcufinder\plugins\mcufinder
2024-07-27 15:37:10,748 [WARN] DbFile:41 - Overriding database path with different value: C:\Users\Danil\.stmcufinder\plugins\mcufinder/ => C:\Users\Danil\.stmcufinder\plugins\mcufinder
2024-07-27 15:37:10,748 [INFO] CrossReferenceDbSqlite:203 - Set database path to: C:\Users\Danil\.stmcufinder\plugins\mcufinder//mcu/cs/
2024-07-27 15:37:10,820 [INFO] MainPanel:264 - HeapMemory: 268435456
2024-07-27 15:37:10,913 [INFO] DbMcusXml:78 - Set database path to: E:\STM32CubeIDE_1.14.1\STM32CubeIDE\plugins\com.st.stm32cube.common.mx_6.10.0.202311202037\\db\/mcu/
2024-07-27 15:37:10,913 [INFO] ApiDb:274 - Set plugin database path to: E:\STM32CubeIDE_1.14.1\STM32CubeIDE\plugins\com.st.stm32cube.common.mx_6.10.0.202311202037\\db\/plugins/boardmanager/
2024-07-27 15:37:10,913 [INFO] ApiDb:261 - Set plugin images path to: E:\STM32CubeIDE_1.14.1\STM32CubeIDE\plugins\com.st.stm32cube.common.mx_6.10.0.202311202037\\db\/plugins/mcufinder/images/
2024-07-27 15:37:10,913 [WARN] DbFile:41 - Overriding database path with different value: C:\Users\Danil\.stmcufinder\plugins\mcufinder/ => C:\Users\Danil\.stmcufinder\plugins\mcufinder
2024-07-27 15:37:10,914 [INFO] ApiDb:250 - Set database path to: C:\Users\Danil\.stmcufinder\plugins\mcufinder//mcu/
2024-07-27 15:37:10,914 [WARN] DbFile:41 - Overriding database path with different value: C:\Users\Danil\.stmcufinder\plugins\mcufinder/ => C:\Users\Danil\.stmcufinder\plugins\mcufinder
2024-07-27 15:37:10,914 [INFO] DbMcusAds:125 - Set database path to: C:\Users\Danil\.stmcufinder\plugins\mcufinder//mcu/
2024-07-27 15:37:10,914 [WARN] DbFile:41 - Overriding database path with different value: C:\Users\Danil\.stmcufinder\plugins\mcufinder/ => C:\Users\Danil\.stmcufinder\plugins\mcufinder
2024-07-27 15:37:10,914 [WARN] DbFile:41 - Overriding database path with different value: C:\Users\Danil\.stmcufinder\plugins\mcufinder/ => C:\Users\Danil\.stmcufinder\plugins\mcufinder
2024-07-27 15:37:10,914 [INFO] CrossReferenceDbSqlite:203 - Set database path to: C:\Users\Danil\.stmcufinder\plugins\mcufinder//mcu/cs/
2024-07-27 15:37:10,932 [INFO] ApplicationProperties:184 - Using Application install path: E:\STM32CubeIDE_1.14.1\STM32CubeIDE\plugins\com.st.stm32cube.common.mx_6.10.0.202311202037
2024-07-27 15:37:10,934 [INFO] PluginManage:196 - Search for loadable plugins [exclusion list=, ]
2024-07-27 15:37:10,935 [INFO] PluginManage:310 - Check plugin analytics
2024-07-27 15:37:11,111 [INFO] AnalyticsPlugin:253 - Accepted Software Licenses: 
2024-07-27 15:37:11,111 [INFO] AnalyticsPlugin:255 - Accepted CMSIS Pack Licenses: 
2024-07-27 15:37:11,111 [INFO] AnalyticsPlugin:257 - Accepted Firmware Licenses: FW.F4.1.28.0
2024-07-27 15:37:11,113 [INFO] PluginManage:359 - Loaded plugin analytics (category:tool,tabindex:-1)
2024-07-27 15:37:11,114 [INFO] PluginManage:310 - Check plugin cadmodel
2024-07-27 15:37:11,130 [INFO] CADModel:105 - Init CAD model plugin
2024-07-27 15:37:11,130 [INFO] PluginManage:359 - Loaded plugin cadmodel (category:power,tabindex:5)
2024-07-27 15:37:11,130 [INFO] PluginManage:310 - Check plugin clock
2024-07-27 15:37:11,145 [INFO] PluginManage:359 - Loaded plugin clock (category:base,tabindex:2)
2024-07-27 15:37:11,146 [INFO] PluginManage:310 - Check plugin ddr
2024-07-27 15:37:11,147 [INFO] PluginManage:359 - Loaded plugin ddr (category:tool,tabindex:6)
2024-07-27 15:37:11,148 [INFO] PluginManage:310 - Check plugin filemanager
2024-07-27 15:37:11,349 [INFO] PluginManage:359 - Loaded plugin filemanager (category:base,tabindex:10)
2024-07-27 15:37:11,349 [INFO] PluginManage:310 - Check plugin ipmanager
2024-07-27 15:37:11,355 [INFO] PluginManage:359 - Loaded plugin ipmanager (category:base,tabindex:5)
2024-07-27 15:37:11,355 [INFO] PluginManage:310 - Check plugin lpbam
2024-07-27 15:37:11,519 [INFO] PluginManage:359 - Loaded plugin lpbam (category:base,tabindex:0)
2024-07-27 15:37:11,519 [INFO] PluginManage:310 - Check plugin memorymap
2024-07-27 15:37:11,661 [INFO] PluginManage:359 - Loaded plugin memorymap (category:base,tabindex:4)
2024-07-27 15:37:11,661 [INFO] PluginManage:310 - Check plugin pinoutandconfiguration
2024-07-27 15:37:11,674 [INFO] PluginManage:359 - Loaded plugin pinoutandconfiguration (category:base,tabindex:1)
2024-07-27 15:37:11,674 [INFO] PluginManage:310 - Check plugin pinoutconfig
2024-07-27 15:37:11,767 [WARN] SupportedApi:132 - Cannot load RTOS API schema: s4s-elt-must-match.1: The content of 'definitions' must match (annotation?, (simpleType | complexType)?, (unique | key | keyref)*)). A problem was found starting at: attribute.
2024-07-27 15:37:11,881 [INFO] PluginManage:359 - Loaded plugin pinoutconfig (category:base,tabindex:0)
2024-07-27 15:37:11,881 [INFO] PluginManage:310 - Check plugin power
2024-07-27 15:37:11,937 [INFO] PluginManage:359 - Loaded plugin power (category:power,tabindex:4)
2024-07-27 15:37:11,937 [INFO] PluginManage:310 - Check plugin projectmanager
2024-07-27 15:37:11,952 [INFO] PluginManage:359 - Loaded plugin projectmanager (category:projectmanager,tabindex:3)
2024-07-27 15:37:11,952 [INFO] PluginManage:310 - Check plugin thirdparty
2024-07-27 15:37:12,173 [INFO] PluginManage:359 - Loaded plugin thirdparty (category:base,tabindex:-1)
2024-07-27 15:37:12,173 [WARN] IntegrityCheckThread:84 - waiting for thirdparty lock release [integrity check]
2024-07-27 15:37:12,173 [INFO] PluginManage:310 - Check plugin tools
2024-07-27 15:37:12,173 [INFO] IntegrityCheckThread:86 - entering critical section [integrity check]
2024-07-27 15:37:12,174 [INFO] ThirdPartyUpdaterWithRetryManager:70 - Updater plugin not ready yet. [1/15]
2024-07-27 15:37:12,192 [INFO] PluginManage:359 - Loaded plugin tools (category:base,tabindex:7)
2024-07-27 15:37:12,192 [INFO] PluginManage:310 - Check plugin tutovideos
2024-07-27 15:37:12,397 [INFO] PluginManage:359 - Loaded plugin tutovideos (category:base,tabindex:-1)
2024-07-27 15:37:12,398 [INFO] PluginManage:310 - Check plugin updater
2024-07-27 15:37:12,405 [INFO] PluginManage:359 - Loaded plugin updater (category:base,tabindex:12)
2024-07-27 15:37:12,405 [INFO] PluginManage:310 - Check plugin userauth
2024-07-27 15:37:12,410 [INFO] UserAuth:114 - Init User Auth plugin
2024-07-27 15:37:12,410 [INFO] PluginManage:359 - Loaded plugin userauth (category:base,tabindex:14)
2024-07-27 15:37:12,411 [INFO] PluginManage:283 - PluginManage : Loaded plugins [17]
2024-07-27 15:37:12,646 [INFO] PinOutPanel:1499 - setPackage(No Configuration,No Configuration)
2024-07-27 15:37:12,713 [INFO] CADModel:165 - CPN selected for project level
2024-07-27 15:37:12,713 [INFO] CADModel:114 - Register for checkConnection events
2024-07-27 15:37:12,782 [INFO] IPUIPlugin:80 - create IPUIPlugin
2024-07-27 15:37:12,782 [INFO] PluginManager:220 - loadIPPluginJar : add adc
2024-07-27 15:37:12,801 [INFO] IPUIPlugin:80 - create IPUIPlugin
2024-07-27 15:37:12,801 [INFO] PluginManager:220 - loadIPPluginJar : add aes
2024-07-27 15:37:12,822 [INFO] IPUIPlugin:80 - create IPUIPlugin
2024-07-27 15:37:12,822 [INFO] PluginManager:220 - loadIPPluginJar : add can
2024-07-27 15:37:12,835 [INFO] IPUIPlugin:80 - create IPUIPlugin
2024-07-27 15:37:12,835 [INFO] PluginManager:220 - loadIPPluginJar : add comp
2024-07-27 15:37:12,853 [INFO] IPUIPlugin:80 - create IPUIPlugin
2024-07-27 15:37:12,853 [INFO] PluginManager:220 - loadIPPluginJar : add cryp
2024-07-27 15:37:12,870 [INFO] IPUIPlugin:80 - create IPUIPlugin
2024-07-27 15:37:12,870 [INFO] PluginManager:220 - loadIPPluginJar : add dfsdm
2024-07-27 15:37:12,915 [INFO] IPUIPlugin:80 - create IPUIPlugin
2024-07-27 15:37:12,916 [INFO] PluginManager:220 - loadIPPluginJar : add dma
2024-07-27 15:37:12,939 [INFO] IPUIPlugin:80 - create IPUIPlugin
2024-07-27 15:37:12,939 [INFO] PluginManager:220 - loadIPPluginJar : add dma3
2024-07-27 15:37:12,950 [INFO] IPUIPlugin:80 - create IPUIPlugin
2024-07-27 15:37:12,951 [INFO] PluginManager:220 - loadIPPluginJar : add fatfs
2024-07-27 15:37:12,972 [INFO] IPUIPlugin:80 - create IPUIPlugin
2024-07-27 15:37:12,972 [INFO] PluginManager:220 - loadIPPluginJar : add fmc
2024-07-27 15:37:12,983 [INFO] IPUIPlugin:80 - create IPUIPlugin
2024-07-27 15:37:12,983 [INFO] PluginManager:220 - loadIPPluginJar : add freertos
2024-07-27 15:37:12,995 [INFO] IPUIPlugin:80 - create IPUIPlugin
2024-07-27 15:37:12,995 [INFO] PluginManager:220 - loadIPPluginJar : add genericplugin
2024-07-27 15:37:13,035 [INFO] IPUIPlugin:80 - create IPUIPlugin
2024-07-27 15:37:13,035 [INFO] PluginManager:220 - loadIPPluginJar : add gfxmmu
2024-07-27 15:37:13,095 [INFO] IPUIPlugin:80 - create IPUIPlugin
2024-07-27 15:37:13,095 [INFO] PluginManager:220 - loadIPPluginJar : add gic
2024-07-27 15:37:13,200 [INFO] IPUIPlugin:80 - create IPUIPlugin
2024-07-27 15:37:13,200 [INFO] PluginManager:220 - loadIPPluginJar : add gpio
2024-07-27 15:37:13,235 [INFO] IPUIPlugin:80 - create IPUIPlugin
2024-07-27 15:37:13,235 [INFO] PluginManager:220 - loadIPPluginJar : add gtzc
2024-07-27 15:37:13,251 [INFO] IPUIPlugin:80 - create IPUIPlugin
2024-07-27 15:37:13,252 [INFO] PluginManager:220 - loadIPPluginJar : add hash
2024-07-27 15:37:13,276 [INFO] IPUIPlugin:80 - create IPUIPlugin
2024-07-27 15:37:13,277 [INFO] PluginManager:220 - loadIPPluginJar : add i2c
2024-07-27 15:37:13,295 [INFO] IPUIPlugin:80 - create IPUIPlugin
2024-07-27 15:37:13,295 [INFO] PluginManager:220 - loadIPPluginJar : add i2s
2024-07-27 15:37:13,314 [INFO] IPUIPlugin:80 - create IPUIPlugin
2024-07-27 15:37:13,314 [INFO] PluginManager:220 - loadIPPluginJar : add i3c
2024-07-27 15:37:13,349 [INFO] IPUIPlugin:80 - create IPUIPlugin
2024-07-27 15:37:13,349 [INFO] PluginManager:220 - loadIPPluginJar : add ipddr
2024-07-27 15:37:13,393 [INFO] IPUIPlugin:80 - create IPUIPlugin
2024-07-27 15:37:13,394 [INFO] PluginManager:220 - loadIPPluginJar : add linkedlist
2024-07-27 15:37:13,412 [INFO] IPUIPlugin:80 - create IPUIPlugin
2024-07-27 15:37:13,412 [INFO] PluginManager:220 - loadIPPluginJar : add lorawan
2024-07-27 15:37:13,429 [INFO] IPUIPlugin:80 - create IPUIPlugin
2024-07-27 15:37:13,430 [INFO] PluginManager:220 - loadIPPluginJar : add ltdc
2024-07-27 15:37:13,521 [INFO] IPUIPlugin:80 - create IPUIPlugin
2024-07-27 15:37:13,521 [INFO] PluginManager:220 - loadIPPluginJar : add mdma
2024-07-27 15:37:13,630 [INFO] IPUIPlugin:80 - create IPUIPlugin
2024-07-27 15:37:13,630 [INFO] PluginManager:220 - loadIPPluginJar : add nvic
2024-07-27 15:37:13,648 [INFO] IPUIPlugin:80 - create IPUIPlugin
2024-07-27 15:37:13,648 [INFO] PluginManager:220 - loadIPPluginJar : add opamp
2024-07-27 15:37:13,677 [INFO] IPUIPlugin:80 - create IPUIPlugin
2024-07-27 15:37:13,677 [INFO] PluginManager:220 - loadIPPluginJar : add openamp
2024-07-27 15:37:13,700 [INFO] IPUIPlugin:80 - create IPUIPlugin
2024-07-27 15:37:13,701 [INFO] PluginManager:220 - loadIPPluginJar : add pdm2pcm
2024-07-27 15:37:13,795 [INFO] IPUIPlugin:80 - create IPUIPlugin
2024-07-27 15:37:13,797 [INFO] PluginManager:220 - loadIPPluginJar : add plateformsettings
2024-07-27 15:37:13,809 [INFO] IPUIPlugin:80 - create IPUIPlugin
2024-07-27 15:37:13,809 [INFO] PluginManager:220 - loadIPPluginJar : add quadspi
2024-07-27 15:37:13,818 [INFO] IPUIPlugin:80 - create IPUIPlugin
2024-07-27 15:37:13,818 [INFO] PluginManager:220 - loadIPPluginJar : add resmgrutility
2024-07-27 15:37:13,840 [INFO] IPUIPlugin:80 - create IPUIPlugin
2024-07-27 15:37:13,840 [INFO] PluginManager:220 - loadIPPluginJar : add sai
2024-07-27 15:37:13,861 [INFO] IPUIPlugin:80 - create IPUIPlugin
2024-07-27 15:37:13,861 [INFO] PluginManager:220 - loadIPPluginJar : add spi
2024-07-27 15:37:13,890 [INFO] IPUIPlugin:80 - create IPUIPlugin
2024-07-27 15:37:13,890 [INFO] PluginManager:220 - loadIPPluginJar : add stm32_wpan
2024-07-27 15:37:13,902 [INFO] IPUIPlugin:80 - create IPUIPlugin
2024-07-27 15:37:13,902 [INFO] PluginManager:220 - loadIPPluginJar : add tim
2024-07-27 15:37:13,926 [INFO] IPUIPlugin:80 - create IPUIPlugin
2024-07-27 15:37:13,926 [INFO] PluginManager:220 - loadIPPluginJar : add touchsensing
2024-07-27 15:37:13,938 [INFO] IPUIPlugin:80 - create IPUIPlugin
2024-07-27 15:37:13,938 [INFO] PluginManager:220 - loadIPPluginJar : add tracer_emb
2024-07-27 15:37:13,951 [INFO] IPUIPlugin:80 - create IPUIPlugin
2024-07-27 15:37:13,951 [INFO] PluginManager:220 - loadIPPluginJar : add ts
2024-07-27 15:37:13,962 [INFO] IPUIPlugin:80 - create IPUIPlugin
2024-07-27 15:37:13,962 [INFO] PluginManager:220 - loadIPPluginJar : add tsc
2024-07-27 15:37:13,974 [INFO] IPUIPlugin:80 - create IPUIPlugin
2024-07-27 15:37:13,974 [INFO] PluginManager:220 - loadIPPluginJar : add ucpd
2024-07-27 15:37:13,993 [INFO] IPUIPlugin:80 - create IPUIPlugin
2024-07-27 15:37:13,993 [INFO] PluginManager:220 - loadIPPluginJar : add usart
2024-07-27 15:37:14,012 [INFO] IPUIPlugin:80 - create IPUIPlugin
2024-07-27 15:37:14,012 [INFO] PluginManager:220 - loadIPPluginJar : add usbx
2024-07-27 15:37:14,138 [INFO] CADModel:165 - CPN selected for project level
2024-07-27 15:37:14,138 [INFO] CADModel:114 - Register for checkConnection events
2024-07-27 15:37:14,139 [FATAL] Updater:308 - Updater called before beeing initialized
2024-07-27 15:37:14,139 [ERROR] CADModel:125 - Updater not yet initialized, retry later 
2024-07-27 15:37:14,321 [INFO] CADModel:165 - CPN selected for project level
2024-07-27 15:37:14,321 [INFO] CADModel:114 - Register for checkConnection events
2024-07-27 15:37:14,322 [FATAL] Updater:308 - Updater called before beeing initialized
2024-07-27 15:37:14,322 [ERROR] CADModel:125 - Updater not yet initialized, retry later 
2024-07-27 15:37:14,324 [FATAL] Updater:308 - Updater called before beeing initialized
2024-07-27 15:37:14,429 [FATAL] Updater:308 - Updater called before beeing initialized
2024-07-27 15:37:14,435 [INFO] DbMcusAds:53 - JSON generation date=Wed Nov 29 18:52:27 IRKT 2023 (1701255147349)
2024-07-27 15:37:14,435 [FATAL] Updater:308 - Updater called before beeing initialized
2024-07-27 15:37:14,541 [WARN] DetailPanel:346 - Failed to get advertising image, set to default
2024-07-27 15:37:14,643 [FATAL] Updater:308 - Updater called before beeing initialized
2024-07-27 15:37:14,644 [FATAL] Updater:308 - Updater called before beeing initialized
2024-07-27 15:37:14,644 [FATAL] Updater:308 - Updater called before beeing initialized
2024-07-27 15:37:14,644 [WARN] DetailPanel:346 - Failed to get advertising image, set to default
2024-07-27 15:37:14,645 [FATAL] Updater:308 - Updater called before beeing initialized
2024-07-27 15:37:14,701 [ERROR] Updater:1120 - MainUpdater not yet initialized. External WinMGr cannot be set.
2024-07-27 15:37:14,707 [INFO] Updater:1056 - Updater Version found : 6.10.0
2024-07-27 15:37:14,722 [INFO] ApplicationProperties:184 - Using Application install path: E:\STM32CubeIDE_1.14.1\STM32CubeIDE\plugins\com.st.stm32cube.common.mx_6.10.0.202311202037
2024-07-27 15:37:15,175 [INFO] ThirdPartyUpdaterWithRetryManager:70 - Updater plugin not ready yet. [2/15]
2024-07-27 15:37:16,296 [ERROR] LogOutputStream:75 - [STDERR_REDIRECT] Jul 27, 2024 3:37:16 PM java.util.prefs.WindowsPreferences <init>
2024-07-27 15:37:16,298 [ERROR] LogOutputStream:75 - [STDERR_REDIRECT] WARNING: Could not open/create prefs root node Software\JavaSoft\Prefs at root 0xffffffff80000002. Windows RegCreateKeyEx(...) returned error code 5.
2024-07-27 15:37:16,298 [ERROR] LogOutputStream:75 - [STDERR_REDIRECT] 
2024-07-27 15:37:16,703 [ERROR] CheckConnectionManager:249 - Problem, Http access forbiden
2024-07-27 15:37:16,711 [INFO] MainUpdater:2873 - connection check result : 22
2024-07-27 15:37:16,711 [INFO] MainUpdater:290 - Updater Check For Update Now.
2024-07-27 15:37:16,711 [INFO] MicroXplorer:498 - Change Database Version : DB.6.0.100
2024-07-27 15:37:16,726 [INFO] McuFinderGlobals:63 - Set McuFinder mode to 2 (CubeIDE integrated)
2024-07-27 15:37:16,795 [INFO] UserAuth:404 - Internet connection configuration mode: 2
2024-07-27 15:37:16,920 [INFO] CheckServerUpdateThread:120 - End of CheckServer Thread
2024-07-27 15:37:18,314 [WARN] PackLoader:240 - Cannot read IP mode file for STMicroelectronics.X-CUBE-SMBUS.2.1.0
2024-07-27 15:37:18,324 [WARN] PackLoader:240 - Cannot read IP mode file for STMicroelectronics.X-CUBE-TOUCHGFX.4.23.0
2024-07-27 15:37:18,329 [WARN] PackLoader:240 - Cannot read IP mode file for STMicroelectronics.X-CUBE-TOUCHGFX.4.23.2
2024-07-27 15:37:18,358 [WARN] PackLoader:240 - Cannot read IP mode file for STMicroelectronics.X-CUBE-AZRTOS-F7.1.1.0
2024-07-27 15:37:18,374 [WARN] PackLoader:240 - Cannot read IP mode file for STMicroelectronics.FP-SNS-MOTENV1.4.3.2
2024-07-27 15:37:18,381 [WARN] PackLoader:240 - Cannot read IP mode file for STMicroelectronics.FP-SNS-FLIGHT1.5.0.2
2024-07-27 15:37:18,391 [WARN] PackLoader:240 - Cannot read IP mode file for STMicroelectronics.X-CUBE-DISPLAY.3.0.0
2024-07-27 15:37:18,404 [WARN] PackLoader:240 - Cannot read IP mode file for STMicroelectronics.X-CUBE-BLE1.7.0.0
2024-07-27 15:37:18,411 [WARN] PackLoader:240 - Cannot read IP mode file for emotas.I-CUBE-CANOPEN.1.3.0
2024-07-27 15:37:18,427 [WARN] PackLoader:240 - Cannot read IP mode file for STMicroelectronics.X-CUBE-BLEMGR.3.1.0
2024-07-27 15:37:18,435 [WARN] PackLoader:240 - Cannot read IP mode file for STMicroelectronics.FP-SNS-SMARTAG2.1.2.0
2024-07-27 15:37:18,448 [INFO] LogOutputStream:77 - [STDOUT_REDIRECT] 1 : Invalid condition id : UX_CORESTACK_Condition cause : null
2024-07-27 15:37:18,448 [INFO] LogOutputStream:77 - [STDOUT_REDIRECT] 1 : Invalid condition id : UX_CORESTACK_Condition cause : null
2024-07-27 15:37:18,450 [INFO] LogOutputStream:77 - [STDOUT_REDIRECT] 1 : Invalid condition id : UX_CORESTACK_Condition cause : null
2024-07-27 15:37:18,451 [INFO] LogOutputStream:77 - [STDOUT_REDIRECT] 1 : Invalid condition id : UX_CORESTACK_Condition cause : null
2024-07-27 15:37:18,453 [INFO] LogOutputStream:77 - [STDOUT_REDIRECT] 1 : Invalid condition id : UX_CORESTACK_Condition cause : null
2024-07-27 15:37:18,458 [WARN] PackLoader:240 - Cannot read IP mode file for STMicroelectronics.X-CUBE-AZRTOS-WL.2.0.0
2024-07-27 15:37:18,465 [WARN] PackLoader:240 - Cannot read IP mode file for STMicroelectronics.FP-SNS-MOTENV1.5.0.0
2024-07-27 15:37:18,475 [WARN] PackLoader:240 - Cannot read IP mode file for WES.I-CUBE-Cesium.1.3.0
2024-07-27 15:37:18,482 [WARN] PackLoader:240 - Cannot read IP mode file for STMicroelectronics.X-CUBE-BLE2.3.3.0
2024-07-27 15:37:18,489 [WARN] PackLoader:240 - Cannot read IP mode file for STMicroelectronics.X-CUBE-TCPP.4.1.0
2024-07-27 15:37:18,499 [WARN] PackLoader:240 - Cannot read IP mode file for STMicroelectronics.X-CUBE-ALGOBUILD.1.3.0
2024-07-27 15:37:18,527 [WARN] PackLoader:240 - Cannot read IP mode file for STMicroelectronics.X-CUBE-AZRTOS-G0.1.1.0
2024-07-27 15:37:18,538 [WARN] PackLoader:240 - Cannot read IP mode file for STMicroelectronics.X-CUBE-SAFEA1.1.2.2
2024-07-27 15:37:18,544 [WARN] PackLoader:240 - Cannot read IP mode file for STMicroelectronics.X-CUBE-NFC4.3.0.0
2024-07-27 15:37:18,555 [WARN] PackLoader:240 - Cannot read IP mode file for STMicroelectronics.X-CUBE-BLEMGR.3.0.0
2024-07-27 15:37:18,563 [WARN] PackLoader:240 - Cannot read IP mode file for STMicroelectronics.FP-ATR-SIGFOX1.3.2.0
2024-07-27 15:37:18,570 [WARN] PackLoader:240 - Cannot read IP mode file for STMicroelectronics.X-CUBE-EEPRMA1.5.1.0
2024-07-27 15:37:18,611 [WARN] PackLoader:240 - Cannot read IP mode file for SEGGER.I-CUBE-embOS.1.3.1
2024-07-27 15:37:18,655 [WARN] PackLoader:240 - Cannot read IP mode file for STMicroelectronics.X-CUBE-GNSS1.6.0.0
2024-07-27 15:37:18,678 [WARN] PackLoader:240 - Cannot read IP mode file for STMicroelectronics.X-CUBE-AZRTOS-F4.1.1.0
2024-07-27 15:37:18,687 [WARN] PackLoader:240 - Cannot read IP mode file for wolfSSL.I-CUBE-wolfSSL.5.6.6
2024-07-27 15:37:18,705 [WARN] PackLoader:240 - Cannot read IP mode file for STMicroelectronics.X-CUBE-AZRTOS-L5.2.0.0
2024-07-27 15:37:18,716 [WARN] PackLoader:240 - Cannot read IP mode file for STMicroelectronics.X-CUBE-NFC6.3.1.0
2024-07-27 15:37:18,723 [WARN] PackLoader:240 - Cannot read IP mode file for ITTIA_DB.I-CUBE-ITTIADB.8.8.0
2024-07-27 15:37:18,729 [WARN] PackLoader:240 - Cannot read IP mode file for STMicroelectronics.X-CUBE-NFC7.1.0.1
2024-07-27 15:37:18,745 [WARN] PackLoader:240 - Cannot read IP mode file for STMicroelectronics.X-CUBE-NFC6.3.0.0
2024-07-27 15:37:18,752 [WARN] PackLoader:240 - Cannot read IP mode file for STMicroelectronics.X-CUBE-AI.8.1.0
2024-07-27 15:37:18,777 [WARN] ConditionMgr:438 - getConditionDescription Invalid condition id : LAN8742 Phy interface Condition cause : null
2024-07-27 15:37:18,778 [WARN] PackLoader:240 - Cannot read IP mode file for STMicroelectronics.X-CUBE-AZRTOS-L4.2.0.0
2024-07-27 15:37:18,780 [WARN] ConditionMgr:1039 - genDependencies : Invalid condition id : LAN8742 Phy interface Condition cause : null
2024-07-27 15:37:18,781 [WARN] ConditionMgr:1039 - genDependencies : Invalid condition id : LAN8742 Phy interface Condition cause : null
2024-07-27 15:37:18,782 [WARN] ConditionMgr:1039 - genDependencies : Invalid condition id : LAN8742 Phy interface Condition cause : null
2024-07-27 15:37:18,794 [WARN] PackLoader:240 - Cannot read IP mode file for STMicroelectronics.X-CUBE-SFXS2LP1.4.0.0
2024-07-27 15:37:18,812 [WARN] ConditionMgr:438 - getConditionDescription Invalid condition id : UX DEVICE CLASS RTOS Condition cause : null
2024-07-27 15:37:18,812 [WARN] ConditionMgr:438 - getConditionDescription Invalid condition id : UX DEVICE CLASS RTOS Condition cause : null
2024-07-27 15:37:18,814 [WARN] PackLoader:240 - Cannot read IP mode file for STMicroelectronics.X-CUBE-AZRTOS-WB.2.0.0
2024-07-27 15:37:18,815 [WARN] ConditionMgr:1039 - genDependencies : Invalid condition id : UX DEVICE CLASS RTOS Condition cause : null
2024-07-27 15:37:18,815 [WARN] ConditionMgr:1039 - genDependencies : Invalid condition id : UX DEVICE CLASS RTOS Condition cause : null
2024-07-27 15:37:18,816 [WARN] ConditionMgr:1039 - genDependencies : Invalid condition id : UX DEVICE CLASS RTOS Condition cause : null
2024-07-27 15:37:18,816 [WARN] ConditionMgr:1039 - genDependencies : Invalid condition id : UX DEVICE CLASS RTOS Condition cause : null
2024-07-27 15:37:18,817 [WARN] ConditionMgr:1039 - genDependencies : Invalid condition id : UX DEVICE CLASS RTOS Condition cause : null
2024-07-27 15:37:18,832 [WARN] PackLoader:240 - Cannot read IP mode file for STMicroelectronics.X-CUBE-SUBG2.5.0.0
2024-07-27 15:37:18,867 [WARN] PackLoader:240 - Cannot read IP mode file for STMicroelectronics.X-CUBE-AZRTOS-G4.2.0.0
2024-07-27 15:37:18,881 [WARN] PackLoader:240 - Cannot read IP mode file for Infineon.AIROC-Wi-Fi-Bluetooth-STM32.1.5.1
2024-07-27 15:37:18,895 [WARN] PackLoader:240 - Cannot read IP mode file for STMicroelectronics.FP-SNS-MOTENVWB1.1.3.1
2024-07-27 15:37:18,902 [WARN] PackLoader:240 - Cannot read IP mode file for STMicroelectronics.X-CUBE-ISPU.2.0.0
2024-07-27 15:37:18,949 [WARN] PackLoader:240 - Cannot read IP mode file for STMicroelectronics.X-CUBE-MEMS1.10.0.0
2024-07-27 15:37:19,138 [WARN] PackLoader:240 - Cannot read IP mode file for STMicroelectronics.X-CUBE-FREERTOS.1.1.0
2024-07-27 15:37:19,146 [WARN] PackLoader:240 - Cannot read IP mode file for portGmbH.I-Cube-SoM-uGOAL.1.1.0
2024-07-27 15:37:19,151 [WARN] PackLoader:240 - Cannot read IP mode file for STMicroelectronics.X-CUBE-ALS.1.0.1
2024-07-27 15:37:19,156 [WARN] PackLoader:240 - Cannot read IP mode file for STMicroelectronics.FP-ATR-ASTRA1.2.0.0
2024-07-27 15:37:19,168 [WARN] PackLoader:240 - Cannot read IP mode file for STMicroelectronics.X-CUBE-TOF1.3.4.0
2024-07-27 15:37:19,189 [WARN] PackLoader:240 - Cannot read IP mode file for STMicroelectronics.X-CUBE-TOF1.3.4.1
2024-07-27 15:37:19,226 [WARN] PackLoader:240 - Cannot read IP mode file for STMicroelectronics.X-CUBE-AZRTOS-H7.3.2.0
2024-07-27 15:37:19,231 [INFO] ThirdParty:978 - Integrity check success = true
2024-07-27 15:37:19,231 [INFO] IntegrityCheckThread:100 - exiting critical section [integrity check]
2024-07-27 15:37:19,231 [INFO] IntegrityCheckThread:103 - End integrity checks thread
2024-07-27 15:37:37,523 [ERROR] LogOutputStream:75 - [STDERR_REDIRECT] SLF4J: Failed to load class "org.slf4j.impl.StaticLoggerBinder".
2024-07-27 15:37:37,524 [ERROR] LogOutputStream:75 - [STDERR_REDIRECT] SLF4J: Defaulting to no-operation (NOP) logger implementation
2024-07-27 15:37:37,525 [ERROR] LogOutputStream:75 - [STDERR_REDIRECT] SLF4J: See http://www.slf4j.org/codes.html#StaticLoggerBinder for further details.
