2024-09-08 13:35:52,122 [INFO] Activator:176 - 


2024-09-08 13:35:52,145 [INFO] Activator:177 - !SESSION log4j initialized
2024-09-08 13:35:59,243 [INFO] LogOutputStream:77 - [STDOUT_REDIRECT] 
2024-09-08 13:36:11,442 [INFO] ApplicationProperties:184 - Using Application install path: E:\STM32CubeIDE_1.14.1\STM32CubeIDE\plugins\com.st.stm32cube.common.mx_6.10.0.202311202037
2024-09-08 13:36:11,457 [INFO] DbMcusXml:78 - Set database path to: E:\STM32CubeIDE_1.14.1\STM32CubeIDE\plugins\com.st.stm32cube.common.mx_6.10.0.202311202037\\db\/mcu/
2024-09-08 13:36:11,458 [INFO] ApiDb:274 - Set plugin database path to: E:\STM32CubeIDE_1.14.1\STM32CubeIDE\plugins\com.st.stm32cube.common.mx_6.10.0.202311202037\\db\/plugins/boardmanager/
2024-09-08 13:36:11,459 [WARN] ApiDb:259 - Overriding images path with different value:  => E:\STM32CubeIDE_1.14.1\STM32CubeIDE\plugins\com.st.stm32cube.common.mx_6.10.0.202311202037\\db\/plugins/mcufinder/images/
2024-09-08 13:36:11,467 [INFO] ApiDb:250 - Set database path to: C:\Users\Danil\.stmcufinder\plugins\mcufinder//mcu/
2024-09-08 13:36:11,468 [INFO] DbMcusAds:125 - Set database path to: C:\Users\Danil\.stmcufinder\plugins\mcufinder//mcu/
2024-09-08 13:36:11,470 [INFO] CrossReferenceDbSqlite:203 - Set database path to: C:\Users\Danil\.stmcufinder\plugins\mcufinder//mcu/cs/
2024-09-08 13:36:11,590 [INFO] RulesReader:64 - Compatibility file has been processed (297 Rules)
2024-09-08 13:36:11,682 [INFO] DbMcusXml:78 - Set database path to: E:\STM32CubeIDE_1.14.1\STM32CubeIDE\plugins\com.st.stm32cube.common.mx_6.10.0.202311202037\\db\/mcu/
2024-09-08 13:36:11,682 [INFO] ApiDb:274 - Set plugin database path to: E:\STM32CubeIDE_1.14.1\STM32CubeIDE\plugins\com.st.stm32cube.common.mx_6.10.0.202311202037\\db\/plugins/boardmanager/
2024-09-08 13:36:11,682 [INFO] ApiDb:261 - Set plugin images path to: E:\STM32CubeIDE_1.14.1\STM32CubeIDE\plugins\com.st.stm32cube.common.mx_6.10.0.202311202037\\db\/plugins/mcufinder/images/
2024-09-08 13:36:11,682 [WARN] DbFile:41 - Overriding database path with different value: C:\Users\Danil\.stmcufinder\plugins\mcufinder/ => C:\Users\Danil\.stmcufinder\plugins\mcufinder
2024-09-08 13:36:11,683 [INFO] ApiDb:250 - Set database path to: C:\Users\Danil\.stmcufinder\plugins\mcufinder//mcu/
2024-09-08 13:36:11,683 [WARN] DbFile:41 - Overriding database path with different value: C:\Users\Danil\.stmcufinder\plugins\mcufinder/ => C:\Users\Danil\.stmcufinder\plugins\mcufinder
2024-09-08 13:36:11,683 [INFO] DbMcusAds:125 - Set database path to: C:\Users\Danil\.stmcufinder\plugins\mcufinder//mcu/
2024-09-08 13:36:11,683 [WARN] DbFile:41 - Overriding database path with different value: C:\Users\Danil\.stmcufinder\plugins\mcufinder/ => C:\Users\Danil\.stmcufinder\plugins\mcufinder
2024-09-08 13:36:11,683 [WARN] DbFile:41 - Overriding database path with different value: C:\Users\Danil\.stmcufinder\plugins\mcufinder/ => C:\Users\Danil\.stmcufinder\plugins\mcufinder
2024-09-08 13:36:11,683 [INFO] CrossReferenceDbSqlite:203 - Set database path to: C:\Users\Danil\.stmcufinder\plugins\mcufinder//mcu/cs/
2024-09-08 13:36:11,765 [INFO] MainPanel:264 - HeapMemory: 268435456
2024-09-08 13:36:11,890 [INFO] DbMcusXml:78 - Set database path to: E:\STM32CubeIDE_1.14.1\STM32CubeIDE\plugins\com.st.stm32cube.common.mx_6.10.0.202311202037\\db\/mcu/
2024-09-08 13:36:11,890 [INFO] ApiDb:274 - Set plugin database path to: E:\STM32CubeIDE_1.14.1\STM32CubeIDE\plugins\com.st.stm32cube.common.mx_6.10.0.202311202037\\db\/plugins/boardmanager/
2024-09-08 13:36:11,890 [INFO] ApiDb:261 - Set plugin images path to: E:\STM32CubeIDE_1.14.1\STM32CubeIDE\plugins\com.st.stm32cube.common.mx_6.10.0.202311202037\\db\/plugins/mcufinder/images/
2024-09-08 13:36:11,891 [WARN] DbFile:41 - Overriding database path with different value: C:\Users\Danil\.stmcufinder\plugins\mcufinder/ => C:\Users\Danil\.stmcufinder\plugins\mcufinder
2024-09-08 13:36:11,891 [INFO] ApiDb:250 - Set database path to: C:\Users\Danil\.stmcufinder\plugins\mcufinder//mcu/
2024-09-08 13:36:11,891 [WARN] DbFile:41 - Overriding database path with different value: C:\Users\Danil\.stmcufinder\plugins\mcufinder/ => C:\Users\Danil\.stmcufinder\plugins\mcufinder
2024-09-08 13:36:11,891 [INFO] DbMcusAds:125 - Set database path to: C:\Users\Danil\.stmcufinder\plugins\mcufinder//mcu/
2024-09-08 13:36:11,891 [WARN] DbFile:41 - Overriding database path with different value: C:\Users\Danil\.stmcufinder\plugins\mcufinder/ => C:\Users\Danil\.stmcufinder\plugins\mcufinder
2024-09-08 13:36:11,891 [WARN] DbFile:41 - Overriding database path with different value: C:\Users\Danil\.stmcufinder\plugins\mcufinder/ => C:\Users\Danil\.stmcufinder\plugins\mcufinder
2024-09-08 13:36:11,891 [INFO] CrossReferenceDbSqlite:203 - Set database path to: C:\Users\Danil\.stmcufinder\plugins\mcufinder//mcu/cs/
2024-09-08 13:36:11,912 [INFO] ApplicationProperties:184 - Using Application install path: E:\STM32CubeIDE_1.14.1\STM32CubeIDE\plugins\com.st.stm32cube.common.mx_6.10.0.202311202037
2024-09-08 13:36:11,913 [INFO] PluginManage:196 - Search for loadable plugins [exclusion list=, ]
2024-09-08 13:36:11,914 [INFO] PluginManage:310 - Check plugin analytics
2024-09-08 13:36:12,117 [INFO] AnalyticsPlugin:253 - Accepted Software Licenses: 
2024-09-08 13:36:12,118 [INFO] AnalyticsPlugin:255 - Accepted CMSIS Pack Licenses: 
2024-09-08 13:36:12,118 [INFO] AnalyticsPlugin:257 - Accepted Firmware Licenses: FW.F4.1.28.0
2024-09-08 13:36:12,121 [INFO] PluginManage:359 - Loaded plugin analytics (category:tool,tabindex:-1)
2024-09-08 13:36:12,122 [INFO] PluginManage:310 - Check plugin cadmodel
2024-09-08 13:36:12,130 [INFO] CADModel:105 - Init CAD model plugin
2024-09-08 13:36:12,131 [INFO] PluginManage:359 - Loaded plugin cadmodel (category:power,tabindex:5)
2024-09-08 13:36:12,131 [INFO] PluginManage:310 - Check plugin clock
2024-09-08 13:36:12,144 [INFO] PluginManage:359 - Loaded plugin clock (category:base,tabindex:2)
2024-09-08 13:36:12,144 [INFO] PluginManage:310 - Check plugin ddr
2024-09-08 13:36:12,147 [INFO] PluginManage:359 - Loaded plugin ddr (category:tool,tabindex:6)
2024-09-08 13:36:12,147 [INFO] PluginManage:310 - Check plugin filemanager
2024-09-08 13:36:12,341 [INFO] PluginManage:359 - Loaded plugin filemanager (category:base,tabindex:10)
2024-09-08 13:36:12,341 [INFO] PluginManage:310 - Check plugin ipmanager
2024-09-08 13:36:12,349 [INFO] PluginManage:359 - Loaded plugin ipmanager (category:base,tabindex:5)
2024-09-08 13:36:12,349 [INFO] PluginManage:310 - Check plugin lpbam
2024-09-08 13:36:12,360 [INFO] PluginManage:359 - Loaded plugin lpbam (category:base,tabindex:0)
2024-09-08 13:36:12,360 [INFO] PluginManage:310 - Check plugin memorymap
2024-09-08 13:36:12,371 [INFO] PluginManage:359 - Loaded plugin memorymap (category:base,tabindex:4)
2024-09-08 13:36:12,371 [INFO] PluginManage:310 - Check plugin pinoutandconfiguration
2024-09-08 13:36:12,380 [INFO] PluginManage:359 - Loaded plugin pinoutandconfiguration (category:base,tabindex:1)
2024-09-08 13:36:12,381 [INFO] PluginManage:310 - Check plugin pinoutconfig
2024-09-08 13:36:12,471 [WARN] SupportedApi:132 - Cannot load RTOS API schema: s4s-elt-must-match.1: The content of 'definitions' must match (annotation?, (simpleType | complexType)?, (unique | key | keyref)*)). A problem was found starting at: attribute.
2024-09-08 13:36:12,596 [INFO] PluginManage:359 - Loaded plugin pinoutconfig (category:base,tabindex:0)
2024-09-08 13:36:12,596 [INFO] PluginManage:310 - Check plugin power
2024-09-08 13:36:12,613 [INFO] PluginManage:359 - Loaded plugin power (category:power,tabindex:4)
2024-09-08 13:36:12,614 [INFO] PluginManage:310 - Check plugin projectmanager
2024-09-08 13:36:12,633 [INFO] PluginManage:359 - Loaded plugin projectmanager (category:projectmanager,tabindex:3)
2024-09-08 13:36:12,633 [INFO] PluginManage:310 - Check plugin thirdparty
2024-09-08 13:36:12,849 [INFO] PluginManage:359 - Loaded plugin thirdparty (category:base,tabindex:-1)
2024-09-08 13:36:12,849 [INFO] PluginManage:310 - Check plugin tools
2024-09-08 13:36:12,849 [WARN] IntegrityCheckThread:84 - waiting for thirdparty lock release [integrity check]
2024-09-08 13:36:12,850 [INFO] IntegrityCheckThread:86 - entering critical section [integrity check]
2024-09-08 13:36:12,850 [INFO] ThirdPartyUpdaterWithRetryManager:70 - Updater plugin not ready yet. [1/15]
2024-09-08 13:36:12,853 [INFO] PluginManage:359 - Loaded plugin tools (category:base,tabindex:7)
2024-09-08 13:36:12,853 [INFO] PluginManage:310 - Check plugin tutovideos
2024-09-08 13:36:13,040 [INFO] PluginManage:359 - Loaded plugin tutovideos (category:base,tabindex:-1)
2024-09-08 13:36:13,040 [INFO] PluginManage:310 - Check plugin updater
2024-09-08 13:36:13,054 [INFO] PluginManage:359 - Loaded plugin updater (category:base,tabindex:12)
2024-09-08 13:36:13,054 [INFO] PluginManage:310 - Check plugin userauth
2024-09-08 13:36:13,060 [INFO] UserAuth:114 - Init User Auth plugin
2024-09-08 13:36:13,060 [INFO] PluginManage:359 - Loaded plugin userauth (category:base,tabindex:14)
2024-09-08 13:36:13,060 [INFO] PluginManage:283 - PluginManage : Loaded plugins [17]
2024-09-08 13:36:13,317 [INFO] PinOutPanel:1499 - setPackage(No Configuration,No Configuration)
2024-09-08 13:36:13,394 [INFO] CADModel:165 - CPN selected for project level
2024-09-08 13:36:13,394 [INFO] CADModel:114 - Register for checkConnection events
2024-09-08 13:36:13,414 [INFO] IPUIPlugin:80 - create IPUIPlugin
2024-09-08 13:36:13,414 [INFO] PluginManager:220 - loadIPPluginJar : add adc
2024-09-08 13:36:13,418 [INFO] IPUIPlugin:80 - create IPUIPlugin
2024-09-08 13:36:13,418 [INFO] PluginManager:220 - loadIPPluginJar : add aes
2024-09-08 13:36:13,423 [INFO] IPUIPlugin:80 - create IPUIPlugin
2024-09-08 13:36:13,423 [INFO] PluginManager:220 - loadIPPluginJar : add can
2024-09-08 13:36:13,426 [INFO] IPUIPlugin:80 - create IPUIPlugin
2024-09-08 13:36:13,427 [INFO] PluginManager:220 - loadIPPluginJar : add comp
2024-09-08 13:36:13,431 [INFO] IPUIPlugin:80 - create IPUIPlugin
2024-09-08 13:36:13,432 [INFO] PluginManager:220 - loadIPPluginJar : add cryp
2024-09-08 13:36:13,436 [INFO] IPUIPlugin:80 - create IPUIPlugin
2024-09-08 13:36:13,436 [INFO] PluginManager:220 - loadIPPluginJar : add dfsdm
2024-09-08 13:36:13,444 [INFO] IPUIPlugin:80 - create IPUIPlugin
2024-09-08 13:36:13,446 [INFO] PluginManager:220 - loadIPPluginJar : add dma
2024-09-08 13:36:13,450 [INFO] IPUIPlugin:80 - create IPUIPlugin
2024-09-08 13:36:13,450 [INFO] PluginManager:220 - loadIPPluginJar : add dma3
2024-09-08 13:36:13,453 [INFO] IPUIPlugin:80 - create IPUIPlugin
2024-09-08 13:36:13,453 [INFO] PluginManager:220 - loadIPPluginJar : add fatfs
2024-09-08 13:36:13,461 [INFO] IPUIPlugin:80 - create IPUIPlugin
2024-09-08 13:36:13,461 [INFO] PluginManager:220 - loadIPPluginJar : add fmc
2024-09-08 13:36:13,470 [INFO] IPUIPlugin:80 - create IPUIPlugin
2024-09-08 13:36:13,471 [INFO] PluginManager:220 - loadIPPluginJar : add freertos
2024-09-08 13:36:13,473 [INFO] IPUIPlugin:80 - create IPUIPlugin
2024-09-08 13:36:13,473 [INFO] PluginManager:220 - loadIPPluginJar : add genericplugin
2024-09-08 13:36:13,477 [INFO] IPUIPlugin:80 - create IPUIPlugin
2024-09-08 13:36:13,478 [INFO] PluginManager:220 - loadIPPluginJar : add gfxmmu
2024-09-08 13:36:13,485 [INFO] IPUIPlugin:80 - create IPUIPlugin
2024-09-08 13:36:13,485 [INFO] PluginManager:220 - loadIPPluginJar : add gic
2024-09-08 13:36:13,491 [INFO] IPUIPlugin:80 - create IPUIPlugin
2024-09-08 13:36:13,491 [INFO] PluginManager:220 - loadIPPluginJar : add gpio
2024-09-08 13:36:13,496 [INFO] IPUIPlugin:80 - create IPUIPlugin
2024-09-08 13:36:13,496 [INFO] PluginManager:220 - loadIPPluginJar : add gtzc
2024-09-08 13:36:13,500 [INFO] IPUIPlugin:80 - create IPUIPlugin
2024-09-08 13:36:13,500 [INFO] PluginManager:220 - loadIPPluginJar : add hash
2024-09-08 13:36:13,505 [INFO] IPUIPlugin:80 - create IPUIPlugin
2024-09-08 13:36:13,505 [INFO] PluginManager:220 - loadIPPluginJar : add i2c
2024-09-08 13:36:13,509 [INFO] IPUIPlugin:80 - create IPUIPlugin
2024-09-08 13:36:13,509 [INFO] PluginManager:220 - loadIPPluginJar : add i2s
2024-09-08 13:36:13,513 [INFO] IPUIPlugin:80 - create IPUIPlugin
2024-09-08 13:36:13,514 [INFO] PluginManager:220 - loadIPPluginJar : add i3c
2024-09-08 13:36:13,519 [INFO] IPUIPlugin:80 - create IPUIPlugin
2024-09-08 13:36:13,519 [INFO] PluginManager:220 - loadIPPluginJar : add ipddr
2024-09-08 13:36:13,527 [INFO] IPUIPlugin:80 - create IPUIPlugin
2024-09-08 13:36:13,528 [INFO] PluginManager:220 - loadIPPluginJar : add linkedlist
2024-09-08 13:36:13,532 [INFO] IPUIPlugin:80 - create IPUIPlugin
2024-09-08 13:36:13,532 [INFO] PluginManager:220 - loadIPPluginJar : add lorawan
2024-09-08 13:36:13,535 [INFO] IPUIPlugin:80 - create IPUIPlugin
2024-09-08 13:36:13,535 [INFO] PluginManager:220 - loadIPPluginJar : add ltdc
2024-09-08 13:36:13,543 [INFO] IPUIPlugin:80 - create IPUIPlugin
2024-09-08 13:36:13,543 [INFO] PluginManager:220 - loadIPPluginJar : add mdma
2024-09-08 13:36:13,550 [INFO] IPUIPlugin:80 - create IPUIPlugin
2024-09-08 13:36:13,550 [INFO] PluginManager:220 - loadIPPluginJar : add nvic
2024-09-08 13:36:13,554 [INFO] IPUIPlugin:80 - create IPUIPlugin
2024-09-08 13:36:13,554 [INFO] PluginManager:220 - loadIPPluginJar : add opamp
2024-09-08 13:36:13,558 [INFO] IPUIPlugin:80 - create IPUIPlugin
2024-09-08 13:36:13,559 [INFO] PluginManager:220 - loadIPPluginJar : add openamp
2024-09-08 13:36:13,563 [INFO] IPUIPlugin:80 - create IPUIPlugin
2024-09-08 13:36:13,563 [INFO] PluginManager:220 - loadIPPluginJar : add pdm2pcm
2024-09-08 13:36:13,571 [INFO] IPUIPlugin:80 - create IPUIPlugin
2024-09-08 13:36:13,590 [INFO] PluginManager:220 - loadIPPluginJar : add plateformsettings
2024-09-08 13:36:13,592 [INFO] IPUIPlugin:80 - create IPUIPlugin
2024-09-08 13:36:13,592 [INFO] PluginManager:220 - loadIPPluginJar : add quadspi
2024-09-08 13:36:13,597 [INFO] IPUIPlugin:80 - create IPUIPlugin
2024-09-08 13:36:13,597 [INFO] PluginManager:220 - loadIPPluginJar : add resmgrutility
2024-09-08 13:36:13,601 [INFO] IPUIPlugin:80 - create IPUIPlugin
2024-09-08 13:36:13,601 [INFO] PluginManager:220 - loadIPPluginJar : add sai
2024-09-08 13:36:13,623 [INFO] IPUIPlugin:80 - create IPUIPlugin
2024-09-08 13:36:13,624 [INFO] PluginManager:220 - loadIPPluginJar : add spi
2024-09-08 13:36:13,661 [INFO] IPUIPlugin:80 - create IPUIPlugin
2024-09-08 13:36:13,661 [INFO] PluginManager:220 - loadIPPluginJar : add stm32_wpan
2024-09-08 13:36:13,682 [INFO] IPUIPlugin:80 - create IPUIPlugin
2024-09-08 13:36:13,683 [INFO] PluginManager:220 - loadIPPluginJar : add tim
2024-09-08 13:36:13,713 [INFO] IPUIPlugin:80 - create IPUIPlugin
2024-09-08 13:36:13,713 [INFO] PluginManager:220 - loadIPPluginJar : add touchsensing
2024-09-08 13:36:13,728 [INFO] IPUIPlugin:80 - create IPUIPlugin
2024-09-08 13:36:13,728 [INFO] PluginManager:220 - loadIPPluginJar : add tracer_emb
2024-09-08 13:36:13,742 [INFO] IPUIPlugin:80 - create IPUIPlugin
2024-09-08 13:36:13,742 [INFO] PluginManager:220 - loadIPPluginJar : add ts
2024-09-08 13:36:13,755 [INFO] IPUIPlugin:80 - create IPUIPlugin
2024-09-08 13:36:13,755 [INFO] PluginManager:220 - loadIPPluginJar : add tsc
2024-09-08 13:36:13,770 [INFO] IPUIPlugin:80 - create IPUIPlugin
2024-09-08 13:36:13,770 [INFO] PluginManager:220 - loadIPPluginJar : add ucpd
2024-09-08 13:36:13,792 [INFO] IPUIPlugin:80 - create IPUIPlugin
2024-09-08 13:36:13,792 [INFO] PluginManager:220 - loadIPPluginJar : add usart
2024-09-08 13:36:13,812 [INFO] IPUIPlugin:80 - create IPUIPlugin
2024-09-08 13:36:13,812 [INFO] PluginManager:220 - loadIPPluginJar : add usbx
2024-09-08 13:36:13,942 [INFO] CADModel:165 - CPN selected for project level
2024-09-08 13:36:13,942 [INFO] CADModel:114 - Register for checkConnection events
2024-09-08 13:36:13,942 [FATAL] Updater:308 - Updater called before beeing initialized
2024-09-08 13:36:13,942 [ERROR] CADModel:125 - Updater not yet initialized, retry later 
2024-09-08 13:36:14,119 [INFO] CADModel:165 - CPN selected for project level
2024-09-08 13:36:14,119 [INFO] CADModel:114 - Register for checkConnection events
2024-09-08 13:36:14,119 [FATAL] Updater:308 - Updater called before beeing initialized
2024-09-08 13:36:14,119 [ERROR] CADModel:125 - Updater not yet initialized, retry later 
2024-09-08 13:36:14,122 [FATAL] Updater:308 - Updater called before beeing initialized
2024-09-08 13:36:14,247 [FATAL] Updater:308 - Updater called before beeing initialized
2024-09-08 13:36:14,256 [INFO] DbMcusAds:53 - JSON generation date=Wed Nov 29 18:52:27 IRKT 2023 (1701255147349)
2024-09-08 13:36:14,256 [FATAL] Updater:308 - Updater called before beeing initialized
2024-09-08 13:36:14,305 [WARN] DetailPanel:346 - Failed to get advertising image, set to default
2024-09-08 13:36:14,418 [FATAL] Updater:308 - Updater called before beeing initialized
2024-09-08 13:36:14,420 [FATAL] Updater:308 - Updater called before beeing initialized
2024-09-08 13:36:14,420 [FATAL] Updater:308 - Updater called before beeing initialized
2024-09-08 13:36:14,420 [WARN] DetailPanel:346 - Failed to get advertising image, set to default
2024-09-08 13:36:14,421 [FATAL] Updater:308 - Updater called before beeing initialized
2024-09-08 13:36:14,490 [ERROR] Updater:1120 - MainUpdater not yet initialized. External WinMGr cannot be set.
2024-09-08 13:36:14,498 [INFO] Updater:1056 - Updater Version found : 6.10.0
2024-09-08 13:36:14,536 [INFO] ApplicationProperties:184 - Using Application install path: E:\STM32CubeIDE_1.14.1\STM32CubeIDE\plugins\com.st.stm32cube.common.mx_6.10.0.202311202037
2024-09-08 13:36:15,850 [INFO] ThirdPartyUpdaterWithRetryManager:70 - Updater plugin not ready yet. [2/15]
2024-09-08 13:36:16,120 [ERROR] LogOutputStream:75 - [STDERR_REDIRECT] Sep 08, 2024 1:36:16 PM java.util.prefs.WindowsPreferences <init>
2024-09-08 13:36:16,121 [ERROR] LogOutputStream:75 - [STDERR_REDIRECT] WARNING: Could not open/create prefs root node Software\JavaSoft\Prefs at root 0xffffffff80000002. Windows RegCreateKeyEx(...) returned error code 5.
2024-09-08 13:36:16,122 [ERROR] LogOutputStream:75 - [STDERR_REDIRECT] 
2024-09-08 13:36:16,591 [ERROR] CheckConnectionManager:249 - Problem, Http access forbiden
2024-09-08 13:36:16,594 [INFO] MainUpdater:2873 - connection check result : 22
2024-09-08 13:36:16,595 [INFO] MainUpdater:290 - Updater Check For Update Now.
2024-09-08 13:36:16,595 [INFO] MicroXplorer:498 - Change Database Version : DB.6.0.100
2024-09-08 13:36:16,606 [INFO] McuFinderGlobals:63 - Set McuFinder mode to 2 (CubeIDE integrated)
2024-09-08 13:36:16,685 [INFO] UserAuth:404 - Internet connection configuration mode: 2
2024-09-08 13:36:16,836 [INFO] CheckServerUpdateThread:120 - End of CheckServer Thread
2024-09-08 13:36:19,005 [WARN] PackLoader:240 - Cannot read IP mode file for STMicroelectronics.X-CUBE-SMBUS.2.1.0
2024-09-08 13:36:19,014 [WARN] PackLoader:240 - Cannot read IP mode file for STMicroelectronics.X-CUBE-TOUCHGFX.4.23.0
2024-09-08 13:36:19,025 [WARN] PackLoader:240 - Cannot read IP mode file for STMicroelectronics.X-CUBE-TOUCHGFX.4.23.2
2024-09-08 13:36:19,080 [WARN] PackLoader:240 - Cannot read IP mode file for STMicroelectronics.X-CUBE-AZRTOS-F7.1.1.0
2024-09-08 13:36:19,093 [WARN] PackLoader:240 - Cannot read IP mode file for STMicroelectronics.FP-SNS-MOTENV1.4.3.2
2024-09-08 13:36:19,103 [WARN] PackLoader:240 - Cannot read IP mode file for STMicroelectronics.FP-SNS-FLIGHT1.5.0.2
2024-09-08 13:36:19,115 [WARN] PackLoader:240 - Cannot read IP mode file for STMicroelectronics.X-CUBE-DISPLAY.3.0.0
2024-09-08 13:36:19,129 [WARN] PackLoader:240 - Cannot read IP mode file for STMicroelectronics.X-CUBE-BLE1.7.0.0
2024-09-08 13:36:19,139 [WARN] PackLoader:240 - Cannot read IP mode file for emotas.I-CUBE-CANOPEN.1.3.0
2024-09-08 13:36:19,164 [WARN] PackLoader:240 - Cannot read IP mode file for STMicroelectronics.X-CUBE-BLEMGR.3.1.0
2024-09-08 13:36:19,175 [WARN] PackLoader:240 - Cannot read IP mode file for STMicroelectronics.FP-SNS-SMARTAG2.1.2.0
2024-09-08 13:36:19,193 [INFO] LogOutputStream:77 - [STDOUT_REDIRECT] 1 : Invalid condition id : UX_CORESTACK_Condition cause : null
2024-09-08 13:36:19,195 [INFO] LogOutputStream:77 - [STDOUT_REDIRECT] 1 : Invalid condition id : UX_CORESTACK_Condition cause : null
2024-09-08 13:36:19,199 [INFO] LogOutputStream:77 - [STDOUT_REDIRECT] 1 : Invalid condition id : UX_CORESTACK_Condition cause : null
2024-09-08 13:36:19,201 [INFO] LogOutputStream:77 - [STDOUT_REDIRECT] 1 : Invalid condition id : UX_CORESTACK_Condition cause : null
2024-09-08 13:36:19,204 [INFO] LogOutputStream:77 - [STDOUT_REDIRECT] 1 : Invalid condition id : UX_CORESTACK_Condition cause : null
2024-09-08 13:36:19,209 [WARN] PackLoader:240 - Cannot read IP mode file for STMicroelectronics.X-CUBE-AZRTOS-WL.2.0.0
2024-09-08 13:36:19,225 [WARN] PackLoader:240 - Cannot read IP mode file for STMicroelectronics.FP-SNS-MOTENV1.5.0.0
2024-09-08 13:36:19,239 [WARN] PackLoader:240 - Cannot read IP mode file for WES.I-CUBE-Cesium.1.3.0
2024-09-08 13:36:19,248 [WARN] PackLoader:240 - Cannot read IP mode file for STMicroelectronics.X-CUBE-BLE2.3.3.0
2024-09-08 13:36:19,264 [WARN] PackLoader:240 - Cannot read IP mode file for STMicroelectronics.X-CUBE-TCPP.4.1.0
2024-09-08 13:36:19,276 [WARN] PackLoader:240 - Cannot read IP mode file for STMicroelectronics.X-CUBE-ALGOBUILD.1.3.0
2024-09-08 13:36:19,303 [WARN] PackLoader:240 - Cannot read IP mode file for STMicroelectronics.X-CUBE-AZRTOS-G0.1.1.0
2024-09-08 13:36:19,323 [WARN] PackLoader:240 - Cannot read IP mode file for STMicroelectronics.X-CUBE-SAFEA1.1.2.2
2024-09-08 13:36:19,334 [WARN] PackLoader:240 - Cannot read IP mode file for STMicroelectronics.X-CUBE-NFC4.3.0.0
2024-09-08 13:36:19,353 [WARN] PackLoader:240 - Cannot read IP mode file for STMicroelectronics.X-CUBE-BLEMGR.3.0.0
2024-09-08 13:36:19,361 [WARN] PackLoader:240 - Cannot read IP mode file for STMicroelectronics.FP-ATR-SIGFOX1.3.2.0
2024-09-08 13:36:19,377 [WARN] PackLoader:240 - Cannot read IP mode file for STMicroelectronics.X-CUBE-EEPRMA1.5.1.0
2024-09-08 13:36:19,422 [WARN] PackLoader:240 - Cannot read IP mode file for SEGGER.I-CUBE-embOS.1.3.1
2024-09-08 13:36:19,472 [WARN] PackLoader:240 - Cannot read IP mode file for STMicroelectronics.X-CUBE-GNSS1.6.0.0
2024-09-08 13:36:19,491 [WARN] PackLoader:240 - Cannot read IP mode file for STMicroelectronics.X-CUBE-AZRTOS-F4.1.1.0
2024-09-08 13:36:19,499 [WARN] PackLoader:240 - Cannot read IP mode file for wolfSSL.I-CUBE-wolfSSL.5.6.6
2024-09-08 13:36:19,526 [WARN] PackLoader:240 - Cannot read IP mode file for STMicroelectronics.X-CUBE-AZRTOS-L5.2.0.0
2024-09-08 13:36:19,543 [WARN] PackLoader:240 - Cannot read IP mode file for STMicroelectronics.X-CUBE-NFC6.3.1.0
2024-09-08 13:36:19,553 [WARN] PackLoader:240 - Cannot read IP mode file for ITTIA_DB.I-CUBE-ITTIADB.8.8.0
2024-09-08 13:36:19,561 [WARN] PackLoader:240 - Cannot read IP mode file for STMicroelectronics.X-CUBE-NFC7.1.0.1
2024-09-08 13:36:19,571 [WARN] PackLoader:240 - Cannot read IP mode file for STMicroelectronics.X-CUBE-NFC6.3.0.0
2024-09-08 13:36:19,580 [WARN] PackLoader:240 - Cannot read IP mode file for STMicroelectronics.X-CUBE-AI.8.1.0
2024-09-08 13:36:19,602 [WARN] ConditionMgr:438 - getConditionDescription Invalid condition id : LAN8742 Phy interface Condition cause : null
2024-09-08 13:36:19,603 [WARN] PackLoader:240 - Cannot read IP mode file for STMicroelectronics.X-CUBE-AZRTOS-L4.2.0.0
2024-09-08 13:36:19,604 [WARN] ConditionMgr:1039 - genDependencies : Invalid condition id : LAN8742 Phy interface Condition cause : null
2024-09-08 13:36:19,604 [WARN] ConditionMgr:1039 - genDependencies : Invalid condition id : LAN8742 Phy interface Condition cause : null
2024-09-08 13:36:19,605 [WARN] ConditionMgr:1039 - genDependencies : Invalid condition id : LAN8742 Phy interface Condition cause : null
2024-09-08 13:36:19,617 [WARN] PackLoader:240 - Cannot read IP mode file for STMicroelectronics.X-CUBE-SFXS2LP1.4.0.0
2024-09-08 13:36:19,632 [WARN] ConditionMgr:438 - getConditionDescription Invalid condition id : UX DEVICE CLASS RTOS Condition cause : null
2024-09-08 13:36:19,632 [WARN] ConditionMgr:438 - getConditionDescription Invalid condition id : UX DEVICE CLASS RTOS Condition cause : null
2024-09-08 13:36:19,639 [WARN] PackLoader:240 - Cannot read IP mode file for STMicroelectronics.X-CUBE-AZRTOS-WB.2.0.0
2024-09-08 13:36:19,641 [WARN] ConditionMgr:1039 - genDependencies : Invalid condition id : UX DEVICE CLASS RTOS Condition cause : null
2024-09-08 13:36:19,641 [WARN] ConditionMgr:1039 - genDependencies : Invalid condition id : UX DEVICE CLASS RTOS Condition cause : null
2024-09-08 13:36:19,642 [WARN] ConditionMgr:1039 - genDependencies : Invalid condition id : UX DEVICE CLASS RTOS Condition cause : null
2024-09-08 13:36:19,642 [WARN] ConditionMgr:1039 - genDependencies : Invalid condition id : UX DEVICE CLASS RTOS Condition cause : null
2024-09-08 13:36:19,642 [WARN] ConditionMgr:1039 - genDependencies : Invalid condition id : UX DEVICE CLASS RTOS Condition cause : null
2024-09-08 13:36:19,664 [WARN] PackLoader:240 - Cannot read IP mode file for STMicroelectronics.X-CUBE-SUBG2.5.0.0
2024-09-08 13:36:19,700 [WARN] PackLoader:240 - Cannot read IP mode file for STMicroelectronics.X-CUBE-AZRTOS-G4.2.0.0
2024-09-08 13:36:19,727 [WARN] PackLoader:240 - Cannot read IP mode file for Infineon.AIROC-Wi-Fi-Bluetooth-STM32.1.5.1
2024-09-08 13:36:19,743 [WARN] PackLoader:240 - Cannot read IP mode file for STMicroelectronics.FP-SNS-MOTENVWB1.1.3.1
2024-09-08 13:36:19,752 [WARN] PackLoader:240 - Cannot read IP mode file for STMicroelectronics.X-CUBE-ISPU.2.0.0
2024-09-08 13:36:19,838 [WARN] PackLoader:240 - Cannot read IP mode file for STMicroelectronics.X-CUBE-MEMS1.10.0.0
2024-09-08 13:36:20,043 [WARN] PackLoader:240 - Cannot read IP mode file for STMicroelectronics.X-CUBE-FREERTOS.1.1.0
2024-09-08 13:36:20,050 [WARN] PackLoader:240 - Cannot read IP mode file for portGmbH.I-Cube-SoM-uGOAL.1.1.0
2024-09-08 13:36:20,055 [WARN] PackLoader:240 - Cannot read IP mode file for STMicroelectronics.X-CUBE-ALS.1.0.1
2024-09-08 13:36:20,062 [WARN] PackLoader:240 - Cannot read IP mode file for STMicroelectronics.FP-ATR-ASTRA1.2.0.0
2024-09-08 13:36:20,073 [WARN] PackLoader:240 - Cannot read IP mode file for STMicroelectronics.X-CUBE-TOF1.3.4.0
2024-09-08 13:36:20,107 [WARN] PackLoader:240 - Cannot read IP mode file for STMicroelectronics.X-CUBE-TOF1.3.4.1
2024-09-08 13:36:20,142 [WARN] PackLoader:240 - Cannot read IP mode file for STMicroelectronics.X-CUBE-AZRTOS-H7.3.2.0
2024-09-08 13:36:20,147 [INFO] ThirdParty:978 - Integrity check success = true
2024-09-08 13:36:20,147 [INFO] IntegrityCheckThread:100 - exiting critical section [integrity check]
2024-09-08 13:36:20,147 [INFO] IntegrityCheckThread:103 - End integrity checks thread
2024-09-08 13:36:37,312 [ERROR] LogOutputStream:75 - [STDERR_REDIRECT] SLF4J: Failed to load class "org.slf4j.impl.StaticLoggerBinder".
2024-09-08 13:36:37,313 [ERROR] LogOutputStream:75 - [STDERR_REDIRECT] SLF4J: Defaulting to no-operation (NOP) logger implementation
2024-09-08 13:36:37,315 [ERROR] LogOutputStream:75 - [STDERR_REDIRECT] SLF4J: See http://www.slf4j.org/codes.html#StaticLoggerBinder for further details.
2024-09-08 13:40:05,288 [ERROR] LogOutputStream:75 - [STDERR_REDIRECT] 
2024-09-08 13:41:40,147 [INFO] Activator:176 - 


2024-09-08 13:41:40,147 [INFO] Activator:177 - !SESSION log4j initialized
2024-09-08 13:41:47,606 [INFO] LogOutputStream:77 - [STDOUT_REDIRECT] 
2024-09-08 13:42:02,436 [INFO] ApplicationProperties:184 - Using Application install path: E:\STM32CubeIDE_1.14.1\STM32CubeIDE\plugins\com.st.stm32cube.common.mx_6.10.0.202311202037
2024-09-08 13:42:02,455 [INFO] DbMcusXml:78 - Set database path to: E:\STM32CubeIDE_1.14.1\STM32CubeIDE\plugins\com.st.stm32cube.common.mx_6.10.0.202311202037\\db\/mcu/
2024-09-08 13:42:02,456 [INFO] ApiDb:274 - Set plugin database path to: E:\STM32CubeIDE_1.14.1\STM32CubeIDE\plugins\com.st.stm32cube.common.mx_6.10.0.202311202037\\db\/plugins/boardmanager/
2024-09-08 13:42:02,456 [WARN] ApiDb:259 - Overriding images path with different value:  => E:\STM32CubeIDE_1.14.1\STM32CubeIDE\plugins\com.st.stm32cube.common.mx_6.10.0.202311202037\\db\/plugins/mcufinder/images/
2024-09-08 13:42:02,464 [INFO] ApiDb:250 - Set database path to: C:\Users\Danil\.stmcufinder\plugins\mcufinder//mcu/
2024-09-08 13:42:02,466 [INFO] DbMcusAds:125 - Set database path to: C:\Users\Danil\.stmcufinder\plugins\mcufinder//mcu/
2024-09-08 13:42:02,468 [INFO] CrossReferenceDbSqlite:203 - Set database path to: C:\Users\Danil\.stmcufinder\plugins\mcufinder//mcu/cs/
2024-09-08 13:42:02,607 [INFO] RulesReader:64 - Compatibility file has been processed (297 Rules)
2024-09-08 13:42:02,713 [INFO] DbMcusXml:78 - Set database path to: E:\STM32CubeIDE_1.14.1\STM32CubeIDE\plugins\com.st.stm32cube.common.mx_6.10.0.202311202037\\db\/mcu/
2024-09-08 13:42:02,713 [INFO] ApiDb:274 - Set plugin database path to: E:\STM32CubeIDE_1.14.1\STM32CubeIDE\plugins\com.st.stm32cube.common.mx_6.10.0.202311202037\\db\/plugins/boardmanager/
2024-09-08 13:42:02,713 [INFO] ApiDb:261 - Set plugin images path to: E:\STM32CubeIDE_1.14.1\STM32CubeIDE\plugins\com.st.stm32cube.common.mx_6.10.0.202311202037\\db\/plugins/mcufinder/images/
2024-09-08 13:42:02,713 [WARN] DbFile:41 - Overriding database path with different value: C:\Users\Danil\.stmcufinder\plugins\mcufinder/ => C:\Users\Danil\.stmcufinder\plugins\mcufinder
2024-09-08 13:42:02,714 [INFO] ApiDb:250 - Set database path to: C:\Users\Danil\.stmcufinder\plugins\mcufinder//mcu/
2024-09-08 13:42:02,714 [WARN] DbFile:41 - Overriding database path with different value: C:\Users\Danil\.stmcufinder\plugins\mcufinder/ => C:\Users\Danil\.stmcufinder\plugins\mcufinder
2024-09-08 13:42:02,714 [INFO] DbMcusAds:125 - Set database path to: C:\Users\Danil\.stmcufinder\plugins\mcufinder//mcu/
2024-09-08 13:42:02,714 [WARN] DbFile:41 - Overriding database path with different value: C:\Users\Danil\.stmcufinder\plugins\mcufinder/ => C:\Users\Danil\.stmcufinder\plugins\mcufinder
2024-09-08 13:42:02,714 [WARN] DbFile:41 - Overriding database path with different value: C:\Users\Danil\.stmcufinder\plugins\mcufinder/ => C:\Users\Danil\.stmcufinder\plugins\mcufinder
2024-09-08 13:42:02,714 [INFO] CrossReferenceDbSqlite:203 - Set database path to: C:\Users\Danil\.stmcufinder\plugins\mcufinder//mcu/cs/
2024-09-08 13:42:02,818 [INFO] MainPanel:264 - HeapMemory: 268435456
2024-09-08 13:42:02,895 [INFO] DbMcusXml:78 - Set database path to: E:\STM32CubeIDE_1.14.1\STM32CubeIDE\plugins\com.st.stm32cube.common.mx_6.10.0.202311202037\\db\/mcu/
2024-09-08 13:42:02,895 [INFO] ApiDb:274 - Set plugin database path to: E:\STM32CubeIDE_1.14.1\STM32CubeIDE\plugins\com.st.stm32cube.common.mx_6.10.0.202311202037\\db\/plugins/boardmanager/
2024-09-08 13:42:02,895 [INFO] ApiDb:261 - Set plugin images path to: E:\STM32CubeIDE_1.14.1\STM32CubeIDE\plugins\com.st.stm32cube.common.mx_6.10.0.202311202037\\db\/plugins/mcufinder/images/
2024-09-08 13:42:02,896 [WARN] DbFile:41 - Overriding database path with different value: C:\Users\Danil\.stmcufinder\plugins\mcufinder/ => C:\Users\Danil\.stmcufinder\plugins\mcufinder
2024-09-08 13:42:02,896 [INFO] ApiDb:250 - Set database path to: C:\Users\Danil\.stmcufinder\plugins\mcufinder//mcu/
2024-09-08 13:42:02,896 [WARN] DbFile:41 - Overriding database path with different value: C:\Users\Danil\.stmcufinder\plugins\mcufinder/ => C:\Users\Danil\.stmcufinder\plugins\mcufinder
2024-09-08 13:42:02,897 [INFO] DbMcusAds:125 - Set database path to: C:\Users\Danil\.stmcufinder\plugins\mcufinder//mcu/
2024-09-08 13:42:02,897 [WARN] DbFile:41 - Overriding database path with different value: C:\Users\Danil\.stmcufinder\plugins\mcufinder/ => C:\Users\Danil\.stmcufinder\plugins\mcufinder
2024-09-08 13:42:02,897 [WARN] DbFile:41 - Overriding database path with different value: C:\Users\Danil\.stmcufinder\plugins\mcufinder/ => C:\Users\Danil\.stmcufinder\plugins\mcufinder
2024-09-08 13:42:02,897 [INFO] CrossReferenceDbSqlite:203 - Set database path to: C:\Users\Danil\.stmcufinder\plugins\mcufinder//mcu/cs/
2024-09-08 13:42:02,919 [INFO] ApplicationProperties:184 - Using Application install path: E:\STM32CubeIDE_1.14.1\STM32CubeIDE\plugins\com.st.stm32cube.common.mx_6.10.0.202311202037
2024-09-08 13:42:02,921 [INFO] PluginManage:196 - Search for loadable plugins [exclusion list=, ]
2024-09-08 13:42:02,923 [INFO] PluginManage:310 - Check plugin analytics
2024-09-08 13:42:03,137 [INFO] AnalyticsPlugin:253 - Accepted Software Licenses: 
2024-09-08 13:42:03,137 [INFO] AnalyticsPlugin:255 - Accepted CMSIS Pack Licenses: 
2024-09-08 13:42:03,137 [INFO] AnalyticsPlugin:257 - Accepted Firmware Licenses: FW.F4.1.28.0
2024-09-08 13:42:03,140 [INFO] PluginManage:359 - Loaded plugin analytics (category:tool,tabindex:-1)
2024-09-08 13:42:03,141 [INFO] PluginManage:310 - Check plugin cadmodel
2024-09-08 13:42:03,146 [INFO] CADModel:105 - Init CAD model plugin
2024-09-08 13:42:03,146 [INFO] PluginManage:359 - Loaded plugin cadmodel (category:power,tabindex:5)
2024-09-08 13:42:03,147 [INFO] PluginManage:310 - Check plugin clock
2024-09-08 13:42:03,158 [INFO] PluginManage:359 - Loaded plugin clock (category:base,tabindex:2)
2024-09-08 13:42:03,158 [INFO] PluginManage:310 - Check plugin ddr
2024-09-08 13:42:03,161 [INFO] PluginManage:359 - Loaded plugin ddr (category:tool,tabindex:6)
2024-09-08 13:42:03,161 [INFO] PluginManage:310 - Check plugin filemanager
2024-09-08 13:42:03,318 [INFO] PluginManage:359 - Loaded plugin filemanager (category:base,tabindex:10)
2024-09-08 13:42:03,318 [INFO] PluginManage:310 - Check plugin ipmanager
2024-09-08 13:42:03,325 [INFO] PluginManage:359 - Loaded plugin ipmanager (category:base,tabindex:5)
2024-09-08 13:42:03,325 [INFO] PluginManage:310 - Check plugin lpbam
2024-09-08 13:42:03,333 [INFO] PluginManage:359 - Loaded plugin lpbam (category:base,tabindex:0)
2024-09-08 13:42:03,334 [INFO] PluginManage:310 - Check plugin memorymap
2024-09-08 13:42:03,349 [INFO] PluginManage:359 - Loaded plugin memorymap (category:base,tabindex:4)
2024-09-08 13:42:03,349 [INFO] PluginManage:310 - Check plugin pinoutandconfiguration
2024-09-08 13:42:03,357 [INFO] PluginManage:359 - Loaded plugin pinoutandconfiguration (category:base,tabindex:1)
2024-09-08 13:42:03,357 [INFO] PluginManage:310 - Check plugin pinoutconfig
2024-09-08 13:42:03,464 [WARN] SupportedApi:132 - Cannot load RTOS API schema: s4s-elt-must-match.1: The content of 'definitions' must match (annotation?, (simpleType | complexType)?, (unique | key | keyref)*)). A problem was found starting at: attribute.
2024-09-08 13:42:03,595 [INFO] PluginManage:359 - Loaded plugin pinoutconfig (category:base,tabindex:0)
2024-09-08 13:42:03,596 [INFO] PluginManage:310 - Check plugin power
2024-09-08 13:42:03,606 [INFO] PluginManage:359 - Loaded plugin power (category:power,tabindex:4)
2024-09-08 13:42:03,606 [INFO] PluginManage:310 - Check plugin projectmanager
2024-09-08 13:42:03,648 [INFO] PluginManage:359 - Loaded plugin projectmanager (category:projectmanager,tabindex:3)
2024-09-08 13:42:03,648 [INFO] PluginManage:310 - Check plugin thirdparty
2024-09-08 13:42:03,801 [INFO] PluginManage:359 - Loaded plugin thirdparty (category:base,tabindex:-1)
2024-09-08 13:42:03,801 [INFO] PluginManage:310 - Check plugin tools
2024-09-08 13:42:03,801 [WARN] IntegrityCheckThread:84 - waiting for thirdparty lock release [integrity check]
2024-09-08 13:42:03,801 [INFO] IntegrityCheckThread:86 - entering critical section [integrity check]
2024-09-08 13:42:03,802 [INFO] ThirdPartyUpdaterWithRetryManager:70 - Updater plugin not ready yet. [1/15]
2024-09-08 13:42:03,804 [INFO] PluginManage:359 - Loaded plugin tools (category:base,tabindex:7)
2024-09-08 13:42:03,805 [INFO] PluginManage:310 - Check plugin tutovideos
2024-09-08 13:42:03,978 [INFO] PluginManage:359 - Loaded plugin tutovideos (category:base,tabindex:-1)
2024-09-08 13:42:03,978 [INFO] PluginManage:310 - Check plugin updater
2024-09-08 13:42:03,990 [INFO] PluginManage:359 - Loaded plugin updater (category:base,tabindex:12)
2024-09-08 13:42:03,990 [INFO] PluginManage:310 - Check plugin userauth
2024-09-08 13:42:03,997 [INFO] UserAuth:114 - Init User Auth plugin
2024-09-08 13:42:03,997 [INFO] PluginManage:359 - Loaded plugin userauth (category:base,tabindex:14)
2024-09-08 13:42:03,998 [INFO] PluginManage:283 - PluginManage : Loaded plugins [17]
2024-09-08 13:42:04,261 [INFO] PinOutPanel:1499 - setPackage(No Configuration,No Configuration)
2024-09-08 13:42:04,354 [INFO] CADModel:165 - CPN selected for project level
2024-09-08 13:42:04,354 [INFO] CADModel:114 - Register for checkConnection events
2024-09-08 13:42:04,378 [INFO] IPUIPlugin:80 - create IPUIPlugin
2024-09-08 13:42:04,378 [INFO] PluginManager:220 - loadIPPluginJar : add adc
2024-09-08 13:42:04,381 [INFO] IPUIPlugin:80 - create IPUIPlugin
2024-09-08 13:42:04,382 [INFO] PluginManager:220 - loadIPPluginJar : add aes
2024-09-08 13:42:04,384 [INFO] IPUIPlugin:80 - create IPUIPlugin
2024-09-08 13:42:04,385 [INFO] PluginManager:220 - loadIPPluginJar : add can
2024-09-08 13:42:04,386 [INFO] IPUIPlugin:80 - create IPUIPlugin
2024-09-08 13:42:04,386 [INFO] PluginManager:220 - loadIPPluginJar : add comp
2024-09-08 13:42:04,388 [INFO] IPUIPlugin:80 - create IPUIPlugin
2024-09-08 13:42:04,389 [INFO] PluginManager:220 - loadIPPluginJar : add cryp
2024-09-08 13:42:04,391 [INFO] IPUIPlugin:80 - create IPUIPlugin
2024-09-08 13:42:04,391 [INFO] PluginManager:220 - loadIPPluginJar : add dfsdm
2024-09-08 13:42:04,397 [INFO] IPUIPlugin:80 - create IPUIPlugin
2024-09-08 13:42:04,398 [INFO] PluginManager:220 - loadIPPluginJar : add dma
2024-09-08 13:42:04,400 [INFO] IPUIPlugin:80 - create IPUIPlugin
2024-09-08 13:42:04,400 [INFO] PluginManager:220 - loadIPPluginJar : add dma3
2024-09-08 13:42:04,402 [INFO] IPUIPlugin:80 - create IPUIPlugin
2024-09-08 13:42:04,402 [INFO] PluginManager:220 - loadIPPluginJar : add fatfs
2024-09-08 13:42:04,407 [INFO] IPUIPlugin:80 - create IPUIPlugin
2024-09-08 13:42:04,407 [INFO] PluginManager:220 - loadIPPluginJar : add fmc
2024-09-08 13:42:04,412 [INFO] IPUIPlugin:80 - create IPUIPlugin
2024-09-08 13:42:04,412 [INFO] PluginManager:220 - loadIPPluginJar : add freertos
2024-09-08 13:42:04,414 [INFO] IPUIPlugin:80 - create IPUIPlugin
2024-09-08 13:42:04,414 [INFO] PluginManager:220 - loadIPPluginJar : add genericplugin
2024-09-08 13:42:04,417 [INFO] IPUIPlugin:80 - create IPUIPlugin
2024-09-08 13:42:04,417 [INFO] PluginManager:220 - loadIPPluginJar : add gfxmmu
2024-09-08 13:42:04,422 [INFO] IPUIPlugin:80 - create IPUIPlugin
2024-09-08 13:42:04,422 [INFO] PluginManager:220 - loadIPPluginJar : add gic
2024-09-08 13:42:04,425 [INFO] IPUIPlugin:80 - create IPUIPlugin
2024-09-08 13:42:04,426 [INFO] PluginManager:220 - loadIPPluginJar : add gpio
2024-09-08 13:42:04,428 [INFO] IPUIPlugin:80 - create IPUIPlugin
2024-09-08 13:42:04,428 [INFO] PluginManager:220 - loadIPPluginJar : add gtzc
2024-09-08 13:42:04,431 [INFO] IPUIPlugin:80 - create IPUIPlugin
2024-09-08 13:42:04,431 [INFO] PluginManager:220 - loadIPPluginJar : add hash
2024-09-08 13:42:04,435 [INFO] IPUIPlugin:80 - create IPUIPlugin
2024-09-08 13:42:04,435 [INFO] PluginManager:220 - loadIPPluginJar : add i2c
2024-09-08 13:42:04,438 [INFO] IPUIPlugin:80 - create IPUIPlugin
2024-09-08 13:42:04,438 [INFO] PluginManager:220 - loadIPPluginJar : add i2s
2024-09-08 13:42:04,441 [INFO] IPUIPlugin:80 - create IPUIPlugin
2024-09-08 13:42:04,441 [INFO] PluginManager:220 - loadIPPluginJar : add i3c
2024-09-08 13:42:04,444 [INFO] IPUIPlugin:80 - create IPUIPlugin
2024-09-08 13:42:04,444 [INFO] PluginManager:220 - loadIPPluginJar : add ipddr
2024-09-08 13:42:04,451 [INFO] IPUIPlugin:80 - create IPUIPlugin
2024-09-08 13:42:04,451 [INFO] PluginManager:220 - loadIPPluginJar : add linkedlist
2024-09-08 13:42:04,454 [INFO] IPUIPlugin:80 - create IPUIPlugin
2024-09-08 13:42:04,454 [INFO] PluginManager:220 - loadIPPluginJar : add lorawan
2024-09-08 13:42:04,455 [INFO] IPUIPlugin:80 - create IPUIPlugin
2024-09-08 13:42:04,456 [INFO] PluginManager:220 - loadIPPluginJar : add ltdc
2024-09-08 13:42:04,461 [INFO] IPUIPlugin:80 - create IPUIPlugin
2024-09-08 13:42:04,462 [INFO] PluginManager:220 - loadIPPluginJar : add mdma
2024-09-08 13:42:04,466 [INFO] IPUIPlugin:80 - create IPUIPlugin
2024-09-08 13:42:04,467 [INFO] PluginManager:220 - loadIPPluginJar : add nvic
2024-09-08 13:42:04,470 [INFO] IPUIPlugin:80 - create IPUIPlugin
2024-09-08 13:42:04,471 [INFO] PluginManager:220 - loadIPPluginJar : add opamp
2024-09-08 13:42:04,474 [INFO] IPUIPlugin:80 - create IPUIPlugin
2024-09-08 13:42:04,475 [INFO] PluginManager:220 - loadIPPluginJar : add openamp
2024-09-08 13:42:04,478 [INFO] IPUIPlugin:80 - create IPUIPlugin
2024-09-08 13:42:04,478 [INFO] PluginManager:220 - loadIPPluginJar : add pdm2pcm
2024-09-08 13:42:04,484 [INFO] IPUIPlugin:80 - create IPUIPlugin
2024-09-08 13:42:04,487 [INFO] PluginManager:220 - loadIPPluginJar : add plateformsettings
2024-09-08 13:42:04,489 [INFO] IPUIPlugin:80 - create IPUIPlugin
2024-09-08 13:42:04,489 [INFO] PluginManager:220 - loadIPPluginJar : add quadspi
2024-09-08 13:42:04,492 [INFO] IPUIPlugin:80 - create IPUIPlugin
2024-09-08 13:42:04,492 [INFO] PluginManager:220 - loadIPPluginJar : add resmgrutility
2024-09-08 13:42:04,494 [INFO] IPUIPlugin:80 - create IPUIPlugin
2024-09-08 13:42:04,494 [INFO] PluginManager:220 - loadIPPluginJar : add sai
2024-09-08 13:42:04,496 [INFO] IPUIPlugin:80 - create IPUIPlugin
2024-09-08 13:42:04,497 [INFO] PluginManager:220 - loadIPPluginJar : add spi
2024-09-08 13:42:04,501 [INFO] IPUIPlugin:80 - create IPUIPlugin
2024-09-08 13:42:04,501 [INFO] PluginManager:220 - loadIPPluginJar : add stm32_wpan
2024-09-08 13:42:04,503 [INFO] IPUIPlugin:80 - create IPUIPlugin
2024-09-08 13:42:04,503 [INFO] PluginManager:220 - loadIPPluginJar : add tim
2024-09-08 13:42:04,506 [INFO] IPUIPlugin:80 - create IPUIPlugin
2024-09-08 13:42:04,506 [INFO] PluginManager:220 - loadIPPluginJar : add touchsensing
2024-09-08 13:42:04,507 [INFO] IPUIPlugin:80 - create IPUIPlugin
2024-09-08 13:42:04,508 [INFO] PluginManager:220 - loadIPPluginJar : add tracer_emb
2024-09-08 13:42:04,509 [INFO] IPUIPlugin:80 - create IPUIPlugin
2024-09-08 13:42:04,509 [INFO] PluginManager:220 - loadIPPluginJar : add ts
2024-09-08 13:42:04,511 [INFO] IPUIPlugin:80 - create IPUIPlugin
2024-09-08 13:42:04,511 [INFO] PluginManager:220 - loadIPPluginJar : add tsc
2024-09-08 13:42:04,512 [INFO] IPUIPlugin:80 - create IPUIPlugin
2024-09-08 13:42:04,512 [INFO] PluginManager:220 - loadIPPluginJar : add ucpd
2024-09-08 13:42:04,515 [INFO] IPUIPlugin:80 - create IPUIPlugin
2024-09-08 13:42:04,515 [INFO] PluginManager:220 - loadIPPluginJar : add usart
2024-09-08 13:42:04,518 [INFO] IPUIPlugin:80 - create IPUIPlugin
2024-09-08 13:42:04,518 [INFO] PluginManager:220 - loadIPPluginJar : add usbx
2024-09-08 13:42:04,645 [INFO] CADModel:165 - CPN selected for project level
2024-09-08 13:42:04,645 [INFO] CADModel:114 - Register for checkConnection events
2024-09-08 13:42:04,646 [FATAL] Updater:308 - Updater called before beeing initialized
2024-09-08 13:42:04,646 [ERROR] CADModel:125 - Updater not yet initialized, retry later 
2024-09-08 13:42:04,800 [INFO] CADModel:165 - CPN selected for project level
2024-09-08 13:42:04,800 [INFO] CADModel:114 - Register for checkConnection events
2024-09-08 13:42:04,801 [FATAL] Updater:308 - Updater called before beeing initialized
2024-09-08 13:42:04,801 [ERROR] CADModel:125 - Updater not yet initialized, retry later 
2024-09-08 13:42:04,804 [FATAL] Updater:308 - Updater called before beeing initialized
2024-09-08 13:42:04,920 [FATAL] Updater:308 - Updater called before beeing initialized
2024-09-08 13:42:04,924 [INFO] DbMcusAds:53 - JSON generation date=Wed Nov 29 18:52:27 IRKT 2023 (1701255147349)
2024-09-08 13:42:04,925 [FATAL] Updater:308 - Updater called before beeing initialized
2024-09-08 13:42:04,972 [WARN] DetailPanel:346 - Failed to get advertising image, set to default
2024-09-08 13:42:05,092 [FATAL] Updater:308 - Updater called before beeing initialized
2024-09-08 13:42:05,094 [FATAL] Updater:308 - Updater called before beeing initialized
2024-09-08 13:42:05,094 [FATAL] Updater:308 - Updater called before beeing initialized
2024-09-08 13:42:05,094 [WARN] DetailPanel:346 - Failed to get advertising image, set to default
2024-09-08 13:42:05,095 [FATAL] Updater:308 - Updater called before beeing initialized
2024-09-08 13:42:05,160 [ERROR] Updater:1120 - MainUpdater not yet initialized. External WinMGr cannot be set.
2024-09-08 13:42:05,162 [INFO] Updater:1056 - Updater Version found : 6.10.0
2024-09-08 13:42:05,203 [INFO] ApplicationProperties:184 - Using Application install path: E:\STM32CubeIDE_1.14.1\STM32CubeIDE\plugins\com.st.stm32cube.common.mx_6.10.0.202311202037
2024-09-08 13:42:06,783 [ERROR] LogOutputStream:75 - [STDERR_REDIRECT] Sep 08, 2024 1:42:06 PM java.util.prefs.WindowsPreferences <init>
2024-09-08 13:42:06,787 [ERROR] LogOutputStream:75 - [STDERR_REDIRECT] WARNING: Could not open/create prefs root node Software\JavaSoft\Prefs at root 0xffffffff80000002. Windows RegCreateKeyEx(...) returned error code 5.
2024-09-08 13:42:06,788 [ERROR] LogOutputStream:75 - [STDERR_REDIRECT] 
2024-09-08 13:42:06,804 [INFO] ThirdPartyUpdaterWithRetryManager:70 - Updater plugin not ready yet. [2/15]
2024-09-08 13:42:07,230 [ERROR] CheckConnectionManager:249 - Problem, Http access forbiden
2024-09-08 13:42:07,233 [INFO] MainUpdater:2873 - connection check result : 22
2024-09-08 13:42:07,234 [INFO] MainUpdater:290 - Updater Check For Update Now.
2024-09-08 13:42:07,235 [INFO] MicroXplorer:498 - Change Database Version : DB.6.0.100
2024-09-08 13:42:07,241 [INFO] McuFinderGlobals:63 - Set McuFinder mode to 2 (CubeIDE integrated)
2024-09-08 13:42:07,306 [INFO] UserAuth:404 - Internet connection configuration mode: 2
2024-09-08 13:42:07,447 [INFO] CheckServerUpdateThread:120 - End of CheckServer Thread
2024-09-08 13:42:09,965 [WARN] PackLoader:240 - Cannot read IP mode file for STMicroelectronics.X-CUBE-SMBUS.2.1.0
2024-09-08 13:42:09,973 [WARN] PackLoader:240 - Cannot read IP mode file for STMicroelectronics.X-CUBE-TOUCHGFX.4.23.0
2024-09-08 13:42:09,975 [WARN] PackLoader:240 - Cannot read IP mode file for STMicroelectronics.X-CUBE-TOUCHGFX.4.23.2
2024-09-08 13:42:10,015 [WARN] PackLoader:240 - Cannot read IP mode file for STMicroelectronics.X-CUBE-AZRTOS-F7.1.1.0
2024-09-08 13:42:10,029 [WARN] PackLoader:240 - Cannot read IP mode file for STMicroelectronics.FP-SNS-MOTENV1.4.3.2
2024-09-08 13:42:10,036 [WARN] PackLoader:240 - Cannot read IP mode file for STMicroelectronics.FP-SNS-FLIGHT1.5.0.2
2024-09-08 13:42:10,049 [WARN] PackLoader:240 - Cannot read IP mode file for STMicroelectronics.X-CUBE-DISPLAY.3.0.0
2024-09-08 13:42:10,065 [WARN] PackLoader:240 - Cannot read IP mode file for STMicroelectronics.X-CUBE-BLE1.7.0.0
2024-09-08 13:42:10,072 [WARN] PackLoader:240 - Cannot read IP mode file for emotas.I-CUBE-CANOPEN.1.3.0
2024-09-08 13:42:10,084 [WARN] PackLoader:240 - Cannot read IP mode file for STMicroelectronics.X-CUBE-BLEMGR.3.1.0
2024-09-08 13:42:10,091 [WARN] PackLoader:240 - Cannot read IP mode file for STMicroelectronics.FP-SNS-SMARTAG2.1.2.0
2024-09-08 13:42:10,103 [INFO] LogOutputStream:77 - [STDOUT_REDIRECT] 1 : Invalid condition id : UX_CORESTACK_Condition cause : null
2024-09-08 13:42:10,104 [INFO] LogOutputStream:77 - [STDOUT_REDIRECT] 1 : Invalid condition id : UX_CORESTACK_Condition cause : null
2024-09-08 13:42:10,105 [INFO] LogOutputStream:77 - [STDOUT_REDIRECT] 1 : Invalid condition id : UX_CORESTACK_Condition cause : null
2024-09-08 13:42:10,107 [INFO] LogOutputStream:77 - [STDOUT_REDIRECT] 1 : Invalid condition id : UX_CORESTACK_Condition cause : null
2024-09-08 13:42:10,109 [INFO] LogOutputStream:77 - [STDOUT_REDIRECT] 1 : Invalid condition id : UX_CORESTACK_Condition cause : null
2024-09-08 13:42:10,114 [WARN] PackLoader:240 - Cannot read IP mode file for STMicroelectronics.X-CUBE-AZRTOS-WL.2.0.0
2024-09-08 13:42:10,119 [WARN] PackLoader:240 - Cannot read IP mode file for STMicroelectronics.FP-SNS-MOTENV1.5.0.0
2024-09-08 13:42:10,138 [WARN] PackLoader:240 - Cannot read IP mode file for WES.I-CUBE-Cesium.1.3.0
2024-09-08 13:42:10,144 [WARN] PackLoader:240 - Cannot read IP mode file for STMicroelectronics.X-CUBE-BLE2.3.3.0
2024-09-08 13:42:10,150 [WARN] PackLoader:240 - Cannot read IP mode file for STMicroelectronics.X-CUBE-TCPP.4.1.0
2024-09-08 13:42:10,160 [WARN] PackLoader:240 - Cannot read IP mode file for STMicroelectronics.X-CUBE-ALGOBUILD.1.3.0
2024-09-08 13:42:10,192 [WARN] PackLoader:240 - Cannot read IP mode file for STMicroelectronics.X-CUBE-AZRTOS-G0.1.1.0
2024-09-08 13:42:10,203 [WARN] PackLoader:240 - Cannot read IP mode file for STMicroelectronics.X-CUBE-SAFEA1.1.2.2
2024-09-08 13:42:10,209 [WARN] PackLoader:240 - Cannot read IP mode file for STMicroelectronics.X-CUBE-NFC4.3.0.0
2024-09-08 13:42:10,222 [WARN] PackLoader:240 - Cannot read IP mode file for STMicroelectronics.X-CUBE-BLEMGR.3.0.0
2024-09-08 13:42:10,230 [WARN] PackLoader:240 - Cannot read IP mode file for STMicroelectronics.FP-ATR-SIGFOX1.3.2.0
2024-09-08 13:42:10,237 [WARN] PackLoader:240 - Cannot read IP mode file for STMicroelectronics.X-CUBE-EEPRMA1.5.1.0
2024-09-08 13:42:10,286 [WARN] PackLoader:240 - Cannot read IP mode file for SEGGER.I-CUBE-embOS.1.3.1
2024-09-08 13:42:10,348 [WARN] PackLoader:240 - Cannot read IP mode file for STMicroelectronics.X-CUBE-GNSS1.6.0.0
2024-09-08 13:42:10,364 [WARN] PackLoader:240 - Cannot read IP mode file for STMicroelectronics.X-CUBE-AZRTOS-F4.1.1.0
2024-09-08 13:42:10,371 [WARN] PackLoader:240 - Cannot read IP mode file for wolfSSL.I-CUBE-wolfSSL.5.6.6
2024-09-08 13:42:10,392 [WARN] PackLoader:240 - Cannot read IP mode file for STMicroelectronics.X-CUBE-AZRTOS-L5.2.0.0
2024-09-08 13:42:10,411 [WARN] PackLoader:240 - Cannot read IP mode file for STMicroelectronics.X-CUBE-NFC6.3.1.0
2024-09-08 13:42:10,423 [WARN] PackLoader:240 - Cannot read IP mode file for ITTIA_DB.I-CUBE-ITTIADB.8.8.0
2024-09-08 13:42:10,430 [WARN] PackLoader:240 - Cannot read IP mode file for STMicroelectronics.X-CUBE-NFC7.1.0.1
2024-09-08 13:42:10,448 [WARN] PackLoader:240 - Cannot read IP mode file for STMicroelectronics.X-CUBE-NFC6.3.0.0
2024-09-08 13:42:10,461 [WARN] PackLoader:240 - Cannot read IP mode file for STMicroelectronics.X-CUBE-AI.8.1.0
2024-09-08 13:42:10,499 [WARN] ConditionMgr:438 - getConditionDescription Invalid condition id : LAN8742 Phy interface Condition cause : null
2024-09-08 13:42:10,501 [WARN] PackLoader:240 - Cannot read IP mode file for STMicroelectronics.X-CUBE-AZRTOS-L4.2.0.0
2024-09-08 13:42:10,503 [WARN] ConditionMgr:1039 - genDependencies : Invalid condition id : LAN8742 Phy interface Condition cause : null
2024-09-08 13:42:10,503 [WARN] ConditionMgr:1039 - genDependencies : Invalid condition id : LAN8742 Phy interface Condition cause : null
2024-09-08 13:42:10,504 [WARN] ConditionMgr:1039 - genDependencies : Invalid condition id : LAN8742 Phy interface Condition cause : null
2024-09-08 13:42:10,517 [WARN] PackLoader:240 - Cannot read IP mode file for STMicroelectronics.X-CUBE-SFXS2LP1.4.0.0
2024-09-08 13:42:10,563 [WARN] ConditionMgr:438 - getConditionDescription Invalid condition id : UX DEVICE CLASS RTOS Condition cause : null
2024-09-08 13:42:10,564 [WARN] ConditionMgr:438 - getConditionDescription Invalid condition id : UX DEVICE CLASS RTOS Condition cause : null
2024-09-08 13:42:10,568 [WARN] PackLoader:240 - Cannot read IP mode file for STMicroelectronics.X-CUBE-AZRTOS-WB.2.0.0
2024-09-08 13:42:10,569 [WARN] ConditionMgr:1039 - genDependencies : Invalid condition id : UX DEVICE CLASS RTOS Condition cause : null
2024-09-08 13:42:10,569 [WARN] ConditionMgr:1039 - genDependencies : Invalid condition id : UX DEVICE CLASS RTOS Condition cause : null
2024-09-08 13:42:10,570 [WARN] ConditionMgr:1039 - genDependencies : Invalid condition id : UX DEVICE CLASS RTOS Condition cause : null
2024-09-08 13:42:10,570 [WARN] ConditionMgr:1039 - genDependencies : Invalid condition id : UX DEVICE CLASS RTOS Condition cause : null
2024-09-08 13:42:10,571 [WARN] ConditionMgr:1039 - genDependencies : Invalid condition id : UX DEVICE CLASS RTOS Condition cause : null
2024-09-08 13:42:10,599 [WARN] PackLoader:240 - Cannot read IP mode file for STMicroelectronics.X-CUBE-SUBG2.5.0.0
2024-09-08 13:42:10,634 [WARN] PackLoader:240 - Cannot read IP mode file for STMicroelectronics.X-CUBE-AZRTOS-G4.2.0.0
2024-09-08 13:42:10,654 [WARN] PackLoader:240 - Cannot read IP mode file for Infineon.AIROC-Wi-Fi-Bluetooth-STM32.1.5.1
2024-09-08 13:42:10,665 [WARN] PackLoader:240 - Cannot read IP mode file for STMicroelectronics.FP-SNS-MOTENVWB1.1.3.1
2024-09-08 13:42:10,671 [WARN] PackLoader:240 - Cannot read IP mode file for STMicroelectronics.X-CUBE-ISPU.2.0.0
2024-09-08 13:42:10,734 [WARN] PackLoader:240 - Cannot read IP mode file for STMicroelectronics.X-CUBE-MEMS1.10.0.0
2024-09-08 13:42:10,949 [WARN] PackLoader:240 - Cannot read IP mode file for STMicroelectronics.X-CUBE-FREERTOS.1.1.0
2024-09-08 13:42:10,957 [WARN] PackLoader:240 - Cannot read IP mode file for portGmbH.I-Cube-SoM-uGOAL.1.1.0
2024-09-08 13:42:10,961 [WARN] PackLoader:240 - Cannot read IP mode file for STMicroelectronics.X-CUBE-ALS.1.0.1
2024-09-08 13:42:10,966 [WARN] PackLoader:240 - Cannot read IP mode file for STMicroelectronics.FP-ATR-ASTRA1.2.0.0
2024-09-08 13:42:10,976 [WARN] PackLoader:240 - Cannot read IP mode file for STMicroelectronics.X-CUBE-TOF1.3.4.0
2024-09-08 13:42:11,004 [WARN] PackLoader:240 - Cannot read IP mode file for STMicroelectronics.X-CUBE-TOF1.3.4.1
2024-09-08 13:42:11,040 [WARN] PackLoader:240 - Cannot read IP mode file for STMicroelectronics.X-CUBE-AZRTOS-H7.3.2.0
2024-09-08 13:42:11,045 [INFO] ThirdParty:978 - Integrity check success = true
2024-09-08 13:42:11,045 [INFO] IntegrityCheckThread:100 - exiting critical section [integrity check]
2024-09-08 13:42:11,045 [INFO] IntegrityCheckThread:103 - End integrity checks thread
2024-09-08 13:42:27,925 [ERROR] LogOutputStream:75 - [STDERR_REDIRECT] SLF4J: Failed to load class "org.slf4j.impl.StaticLoggerBinder".
2024-09-08 13:42:27,926 [ERROR] LogOutputStream:75 - [STDERR_REDIRECT] SLF4J: Defaulting to no-operation (NOP) logger implementation
2024-09-08 13:42:27,927 [ERROR] LogOutputStream:75 - [STDERR_REDIRECT] SLF4J: See http://www.slf4j.org/codes.html#StaticLoggerBinder for further details.
2024-09-08 13:48:59,933 [ERROR] ConfigurationRetriever:142 - IOException on connection: sw-center.st.com
2024-09-08 13:48:59,933 [ERROR] ConfigurationRetriever:142 - IOException on connection: sw-center.st.com
2024-09-08 13:48:59,933 [ERROR] ConfigurationRetriever:142 - IOException on connection: sw-center.st.com
2024-09-08 15:16:03,568 [INFO] Activator:176 - 


2024-09-08 15:16:03,590 [INFO] Activator:177 - !SESSION log4j initialized
2024-09-08 15:16:10,245 [INFO] LogOutputStream:77 - [STDOUT_REDIRECT] 
2024-09-08 15:16:25,214 [INFO] ApplicationProperties:184 - Using Application install path: E:\STM32CubeIDE_1.14.1\STM32CubeIDE\plugins\com.st.stm32cube.common.mx_6.10.0.202311202037
2024-09-08 15:16:25,238 [INFO] DbMcusXml:78 - Set database path to: E:\STM32CubeIDE_1.14.1\STM32CubeIDE\plugins\com.st.stm32cube.common.mx_6.10.0.202311202037\\db\/mcu/
2024-09-08 15:16:25,238 [INFO] ApiDb:274 - Set plugin database path to: E:\STM32CubeIDE_1.14.1\STM32CubeIDE\plugins\com.st.stm32cube.common.mx_6.10.0.202311202037\\db\/plugins/boardmanager/
2024-09-08 15:16:25,238 [WARN] ApiDb:259 - Overriding images path with different value:  => E:\STM32CubeIDE_1.14.1\STM32CubeIDE\plugins\com.st.stm32cube.common.mx_6.10.0.202311202037\\db\/plugins/mcufinder/images/
2024-09-08 15:16:25,250 [INFO] ApiDb:250 - Set database path to: C:\Users\Danil\.stmcufinder\plugins\mcufinder//mcu/
2024-09-08 15:16:25,252 [INFO] DbMcusAds:125 - Set database path to: C:\Users\Danil\.stmcufinder\plugins\mcufinder//mcu/
2024-09-08 15:16:25,254 [INFO] CrossReferenceDbSqlite:203 - Set database path to: C:\Users\Danil\.stmcufinder\plugins\mcufinder//mcu/cs/
2024-09-08 15:16:25,397 [INFO] RulesReader:64 - Compatibility file has been processed (297 Rules)
2024-09-08 15:16:25,501 [INFO] DbMcusXml:78 - Set database path to: E:\STM32CubeIDE_1.14.1\STM32CubeIDE\plugins\com.st.stm32cube.common.mx_6.10.0.202311202037\\db\/mcu/
2024-09-08 15:16:25,501 [INFO] ApiDb:274 - Set plugin database path to: E:\STM32CubeIDE_1.14.1\STM32CubeIDE\plugins\com.st.stm32cube.common.mx_6.10.0.202311202037\\db\/plugins/boardmanager/
2024-09-08 15:16:25,501 [INFO] ApiDb:261 - Set plugin images path to: E:\STM32CubeIDE_1.14.1\STM32CubeIDE\plugins\com.st.stm32cube.common.mx_6.10.0.202311202037\\db\/plugins/mcufinder/images/
2024-09-08 15:16:25,501 [WARN] DbFile:41 - Overriding database path with different value: C:\Users\Danil\.stmcufinder\plugins\mcufinder/ => C:\Users\Danil\.stmcufinder\plugins\mcufinder
2024-09-08 15:16:25,501 [INFO] ApiDb:250 - Set database path to: C:\Users\Danil\.stmcufinder\plugins\mcufinder//mcu/
2024-09-08 15:16:25,502 [WARN] DbFile:41 - Overriding database path with different value: C:\Users\Danil\.stmcufinder\plugins\mcufinder/ => C:\Users\Danil\.stmcufinder\plugins\mcufinder
2024-09-08 15:16:25,502 [INFO] DbMcusAds:125 - Set database path to: C:\Users\Danil\.stmcufinder\plugins\mcufinder//mcu/
2024-09-08 15:16:25,502 [WARN] DbFile:41 - Overriding database path with different value: C:\Users\Danil\.stmcufinder\plugins\mcufinder/ => C:\Users\Danil\.stmcufinder\plugins\mcufinder
2024-09-08 15:16:25,502 [WARN] DbFile:41 - Overriding database path with different value: C:\Users\Danil\.stmcufinder\plugins\mcufinder/ => C:\Users\Danil\.stmcufinder\plugins\mcufinder
2024-09-08 15:16:25,502 [INFO] CrossReferenceDbSqlite:203 - Set database path to: C:\Users\Danil\.stmcufinder\plugins\mcufinder//mcu/cs/
2024-09-08 15:16:25,593 [INFO] MainPanel:264 - HeapMemory: 268435456
2024-09-08 15:16:25,700 [INFO] DbMcusXml:78 - Set database path to: E:\STM32CubeIDE_1.14.1\STM32CubeIDE\plugins\com.st.stm32cube.common.mx_6.10.0.202311202037\\db\/mcu/
2024-09-08 15:16:25,700 [INFO] ApiDb:274 - Set plugin database path to: E:\STM32CubeIDE_1.14.1\STM32CubeIDE\plugins\com.st.stm32cube.common.mx_6.10.0.202311202037\\db\/plugins/boardmanager/
2024-09-08 15:16:25,700 [INFO] ApiDb:261 - Set plugin images path to: E:\STM32CubeIDE_1.14.1\STM32CubeIDE\plugins\com.st.stm32cube.common.mx_6.10.0.202311202037\\db\/plugins/mcufinder/images/
2024-09-08 15:16:25,700 [WARN] DbFile:41 - Overriding database path with different value: C:\Users\Danil\.stmcufinder\plugins\mcufinder/ => C:\Users\Danil\.stmcufinder\plugins\mcufinder
2024-09-08 15:16:25,701 [INFO] ApiDb:250 - Set database path to: C:\Users\Danil\.stmcufinder\plugins\mcufinder//mcu/
2024-09-08 15:16:25,701 [WARN] DbFile:41 - Overriding database path with different value: C:\Users\Danil\.stmcufinder\plugins\mcufinder/ => C:\Users\Danil\.stmcufinder\plugins\mcufinder
2024-09-08 15:16:25,701 [INFO] DbMcusAds:125 - Set database path to: C:\Users\Danil\.stmcufinder\plugins\mcufinder//mcu/
2024-09-08 15:16:25,701 [WARN] DbFile:41 - Overriding database path with different value: C:\Users\Danil\.stmcufinder\plugins\mcufinder/ => C:\Users\Danil\.stmcufinder\plugins\mcufinder
2024-09-08 15:16:25,701 [WARN] DbFile:41 - Overriding database path with different value: C:\Users\Danil\.stmcufinder\plugins\mcufinder/ => C:\Users\Danil\.stmcufinder\plugins\mcufinder
2024-09-08 15:16:25,701 [INFO] CrossReferenceDbSqlite:203 - Set database path to: C:\Users\Danil\.stmcufinder\plugins\mcufinder//mcu/cs/
2024-09-08 15:16:25,722 [INFO] ApplicationProperties:184 - Using Application install path: E:\STM32CubeIDE_1.14.1\STM32CubeIDE\plugins\com.st.stm32cube.common.mx_6.10.0.202311202037
2024-09-08 15:16:25,724 [INFO] PluginManage:196 - Search for loadable plugins [exclusion list=, ]
2024-09-08 15:16:25,725 [INFO] PluginManage:310 - Check plugin analytics
2024-09-08 15:16:25,937 [INFO] AnalyticsPlugin:253 - Accepted Software Licenses: 
2024-09-08 15:16:25,938 [INFO] AnalyticsPlugin:255 - Accepted CMSIS Pack Licenses: 
2024-09-08 15:16:25,938 [INFO] AnalyticsPlugin:257 - Accepted Firmware Licenses: FW.F4.1.28.0
2024-09-08 15:16:25,942 [INFO] PluginManage:359 - Loaded plugin analytics (category:tool,tabindex:-1)
2024-09-08 15:16:25,943 [INFO] PluginManage:310 - Check plugin cadmodel
2024-09-08 15:16:25,951 [INFO] CADModel:105 - Init CAD model plugin
2024-09-08 15:16:25,952 [INFO] PluginManage:359 - Loaded plugin cadmodel (category:power,tabindex:5)
2024-09-08 15:16:25,952 [INFO] PluginManage:310 - Check plugin clock
2024-09-08 15:16:25,971 [INFO] PluginManage:359 - Loaded plugin clock (category:base,tabindex:2)
2024-09-08 15:16:25,971 [INFO] PluginManage:310 - Check plugin ddr
2024-09-08 15:16:25,975 [INFO] PluginManage:359 - Loaded plugin ddr (category:tool,tabindex:6)
2024-09-08 15:16:25,975 [INFO] PluginManage:310 - Check plugin filemanager
2024-09-08 15:16:26,198 [INFO] PluginManage:359 - Loaded plugin filemanager (category:base,tabindex:10)
2024-09-08 15:16:26,199 [INFO] PluginManage:310 - Check plugin ipmanager
2024-09-08 15:16:26,208 [INFO] PluginManage:359 - Loaded plugin ipmanager (category:base,tabindex:5)
2024-09-08 15:16:26,208 [INFO] PluginManage:310 - Check plugin lpbam
2024-09-08 15:16:26,219 [INFO] PluginManage:359 - Loaded plugin lpbam (category:base,tabindex:0)
2024-09-08 15:16:26,219 [INFO] PluginManage:310 - Check plugin memorymap
2024-09-08 15:16:26,235 [INFO] PluginManage:359 - Loaded plugin memorymap (category:base,tabindex:4)
2024-09-08 15:16:26,235 [INFO] PluginManage:310 - Check plugin pinoutandconfiguration
2024-09-08 15:16:26,245 [INFO] PluginManage:359 - Loaded plugin pinoutandconfiguration (category:base,tabindex:1)
2024-09-08 15:16:26,246 [INFO] PluginManage:310 - Check plugin pinoutconfig
2024-09-08 15:16:26,361 [WARN] SupportedApi:132 - Cannot load RTOS API schema: s4s-elt-must-match.1: The content of 'definitions' must match (annotation?, (simpleType | complexType)?, (unique | key | keyref)*)). A problem was found starting at: attribute.
2024-09-08 15:16:26,504 [INFO] PluginManage:359 - Loaded plugin pinoutconfig (category:base,tabindex:0)
2024-09-08 15:16:26,505 [INFO] PluginManage:310 - Check plugin power
2024-09-08 15:16:26,521 [INFO] PluginManage:359 - Loaded plugin power (category:power,tabindex:4)
2024-09-08 15:16:26,521 [INFO] PluginManage:310 - Check plugin projectmanager
2024-09-08 15:16:26,539 [INFO] PluginManage:359 - Loaded plugin projectmanager (category:projectmanager,tabindex:3)
2024-09-08 15:16:26,539 [INFO] PluginManage:310 - Check plugin thirdparty
2024-09-08 15:16:26,700 [INFO] PluginManage:359 - Loaded plugin thirdparty (category:base,tabindex:-1)
2024-09-08 15:16:26,700 [WARN] IntegrityCheckThread:84 - waiting for thirdparty lock release [integrity check]
2024-09-08 15:16:26,700 [INFO] PluginManage:310 - Check plugin tools
2024-09-08 15:16:26,700 [INFO] IntegrityCheckThread:86 - entering critical section [integrity check]
2024-09-08 15:16:26,701 [INFO] ThirdPartyUpdaterWithRetryManager:70 - Updater plugin not ready yet. [1/15]
2024-09-08 15:16:26,703 [INFO] PluginManage:359 - Loaded plugin tools (category:base,tabindex:7)
2024-09-08 15:16:26,703 [INFO] PluginManage:310 - Check plugin tutovideos
2024-09-08 15:16:26,917 [INFO] PluginManage:359 - Loaded plugin tutovideos (category:base,tabindex:-1)
2024-09-08 15:16:26,917 [INFO] PluginManage:310 - Check plugin updater
2024-09-08 15:16:26,930 [INFO] PluginManage:359 - Loaded plugin updater (category:base,tabindex:12)
2024-09-08 15:16:26,931 [INFO] PluginManage:310 - Check plugin userauth
2024-09-08 15:16:26,937 [INFO] UserAuth:114 - Init User Auth plugin
2024-09-08 15:16:26,938 [INFO] PluginManage:359 - Loaded plugin userauth (category:base,tabindex:14)
2024-09-08 15:16:26,938 [INFO] PluginManage:283 - PluginManage : Loaded plugins [17]
2024-09-08 15:16:27,206 [INFO] PinOutPanel:1499 - setPackage(No Configuration,No Configuration)
2024-09-08 15:16:27,297 [INFO] CADModel:165 - CPN selected for project level
2024-09-08 15:16:27,297 [INFO] CADModel:114 - Register for checkConnection events
2024-09-08 15:16:27,317 [INFO] IPUIPlugin:80 - create IPUIPlugin
2024-09-08 15:16:27,317 [INFO] PluginManager:220 - loadIPPluginJar : add adc
2024-09-08 15:16:27,320 [INFO] IPUIPlugin:80 - create IPUIPlugin
2024-09-08 15:16:27,320 [INFO] PluginManager:220 - loadIPPluginJar : add aes
2024-09-08 15:16:27,325 [INFO] IPUIPlugin:80 - create IPUIPlugin
2024-09-08 15:16:27,325 [INFO] PluginManager:220 - loadIPPluginJar : add can
2024-09-08 15:16:27,327 [INFO] IPUIPlugin:80 - create IPUIPlugin
2024-09-08 15:16:27,327 [INFO] PluginManager:220 - loadIPPluginJar : add comp
2024-09-08 15:16:27,330 [INFO] IPUIPlugin:80 - create IPUIPlugin
2024-09-08 15:16:27,330 [INFO] PluginManager:220 - loadIPPluginJar : add cryp
2024-09-08 15:16:27,333 [INFO] IPUIPlugin:80 - create IPUIPlugin
2024-09-08 15:16:27,333 [INFO] PluginManager:220 - loadIPPluginJar : add dfsdm
2024-09-08 15:16:27,339 [INFO] IPUIPlugin:80 - create IPUIPlugin
2024-09-08 15:16:27,340 [INFO] PluginManager:220 - loadIPPluginJar : add dma
2024-09-08 15:16:27,345 [INFO] IPUIPlugin:80 - create IPUIPlugin
2024-09-08 15:16:27,345 [INFO] PluginManager:220 - loadIPPluginJar : add dma3
2024-09-08 15:16:27,347 [INFO] IPUIPlugin:80 - create IPUIPlugin
2024-09-08 15:16:27,347 [INFO] PluginManager:220 - loadIPPluginJar : add fatfs
2024-09-08 15:16:27,351 [INFO] IPUIPlugin:80 - create IPUIPlugin
2024-09-08 15:16:27,351 [INFO] PluginManager:220 - loadIPPluginJar : add fmc
2024-09-08 15:16:27,357 [INFO] IPUIPlugin:80 - create IPUIPlugin
2024-09-08 15:16:27,357 [INFO] PluginManager:220 - loadIPPluginJar : add freertos
2024-09-08 15:16:27,360 [INFO] IPUIPlugin:80 - create IPUIPlugin
2024-09-08 15:16:27,360 [INFO] PluginManager:220 - loadIPPluginJar : add genericplugin
2024-09-08 15:16:27,363 [INFO] IPUIPlugin:80 - create IPUIPlugin
2024-09-08 15:16:27,363 [INFO] PluginManager:220 - loadIPPluginJar : add gfxmmu
2024-09-08 15:16:27,368 [INFO] IPUIPlugin:80 - create IPUIPlugin
2024-09-08 15:16:27,368 [INFO] PluginManager:220 - loadIPPluginJar : add gic
2024-09-08 15:16:27,372 [INFO] IPUIPlugin:80 - create IPUIPlugin
2024-09-08 15:16:27,372 [INFO] PluginManager:220 - loadIPPluginJar : add gpio
2024-09-08 15:16:27,377 [INFO] IPUIPlugin:80 - create IPUIPlugin
2024-09-08 15:16:27,377 [INFO] PluginManager:220 - loadIPPluginJar : add gtzc
2024-09-08 15:16:27,380 [INFO] IPUIPlugin:80 - create IPUIPlugin
2024-09-08 15:16:27,380 [INFO] PluginManager:220 - loadIPPluginJar : add hash
2024-09-08 15:16:27,384 [INFO] IPUIPlugin:80 - create IPUIPlugin
2024-09-08 15:16:27,384 [INFO] PluginManager:220 - loadIPPluginJar : add i2c
2024-09-08 15:16:27,387 [INFO] IPUIPlugin:80 - create IPUIPlugin
2024-09-08 15:16:27,387 [INFO] PluginManager:220 - loadIPPluginJar : add i2s
2024-09-08 15:16:27,391 [INFO] IPUIPlugin:80 - create IPUIPlugin
2024-09-08 15:16:27,391 [INFO] PluginManager:220 - loadIPPluginJar : add i3c
2024-09-08 15:16:27,396 [INFO] IPUIPlugin:80 - create IPUIPlugin
2024-09-08 15:16:27,396 [INFO] PluginManager:220 - loadIPPluginJar : add ipddr
2024-09-08 15:16:27,403 [INFO] IPUIPlugin:80 - create IPUIPlugin
2024-09-08 15:16:27,404 [INFO] PluginManager:220 - loadIPPluginJar : add linkedlist
2024-09-08 15:16:27,406 [INFO] IPUIPlugin:80 - create IPUIPlugin
2024-09-08 15:16:27,406 [INFO] PluginManager:220 - loadIPPluginJar : add lorawan
2024-09-08 15:16:27,409 [INFO] IPUIPlugin:80 - create IPUIPlugin
2024-09-08 15:16:27,409 [INFO] PluginManager:220 - loadIPPluginJar : add ltdc
2024-09-08 15:16:27,417 [INFO] IPUIPlugin:80 - create IPUIPlugin
2024-09-08 15:16:27,417 [INFO] PluginManager:220 - loadIPPluginJar : add mdma
2024-09-08 15:16:27,421 [INFO] IPUIPlugin:80 - create IPUIPlugin
2024-09-08 15:16:27,422 [INFO] PluginManager:220 - loadIPPluginJar : add nvic
2024-09-08 15:16:27,426 [INFO] IPUIPlugin:80 - create IPUIPlugin
2024-09-08 15:16:27,427 [INFO] PluginManager:220 - loadIPPluginJar : add opamp
2024-09-08 15:16:27,430 [INFO] IPUIPlugin:80 - create IPUIPlugin
2024-09-08 15:16:27,431 [INFO] PluginManager:220 - loadIPPluginJar : add openamp
2024-09-08 15:16:27,435 [INFO] IPUIPlugin:80 - create IPUIPlugin
2024-09-08 15:16:27,435 [INFO] PluginManager:220 - loadIPPluginJar : add pdm2pcm
2024-09-08 15:16:27,443 [INFO] IPUIPlugin:80 - create IPUIPlugin
2024-09-08 15:16:27,446 [INFO] PluginManager:220 - loadIPPluginJar : add plateformsettings
2024-09-08 15:16:27,448 [INFO] IPUIPlugin:80 - create IPUIPlugin
2024-09-08 15:16:27,448 [INFO] PluginManager:220 - loadIPPluginJar : add quadspi
2024-09-08 15:16:27,454 [INFO] IPUIPlugin:80 - create IPUIPlugin
2024-09-08 15:16:27,454 [INFO] PluginManager:220 - loadIPPluginJar : add resmgrutility
2024-09-08 15:16:27,458 [INFO] IPUIPlugin:80 - create IPUIPlugin
2024-09-08 15:16:27,458 [INFO] PluginManager:220 - loadIPPluginJar : add sai
2024-09-08 15:16:27,462 [INFO] IPUIPlugin:80 - create IPUIPlugin
2024-09-08 15:16:27,462 [INFO] PluginManager:220 - loadIPPluginJar : add spi
2024-09-08 15:16:27,468 [INFO] IPUIPlugin:80 - create IPUIPlugin
2024-09-08 15:16:27,468 [INFO] PluginManager:220 - loadIPPluginJar : add stm32_wpan
2024-09-08 15:16:27,471 [INFO] IPUIPlugin:80 - create IPUIPlugin
2024-09-08 15:16:27,471 [INFO] PluginManager:220 - loadIPPluginJar : add tim
2024-09-08 15:16:27,475 [INFO] IPUIPlugin:80 - create IPUIPlugin
2024-09-08 15:16:27,476 [INFO] PluginManager:220 - loadIPPluginJar : add touchsensing
2024-09-08 15:16:27,478 [INFO] IPUIPlugin:80 - create IPUIPlugin
2024-09-08 15:16:27,478 [INFO] PluginManager:220 - loadIPPluginJar : add tracer_emb
2024-09-08 15:16:27,480 [INFO] IPUIPlugin:80 - create IPUIPlugin
2024-09-08 15:16:27,481 [INFO] PluginManager:220 - loadIPPluginJar : add ts
2024-09-08 15:16:27,483 [INFO] IPUIPlugin:80 - create IPUIPlugin
2024-09-08 15:16:27,483 [INFO] PluginManager:220 - loadIPPluginJar : add tsc
2024-09-08 15:16:27,485 [INFO] IPUIPlugin:80 - create IPUIPlugin
2024-09-08 15:16:27,486 [INFO] PluginManager:220 - loadIPPluginJar : add ucpd
2024-09-08 15:16:27,489 [INFO] IPUIPlugin:80 - create IPUIPlugin
2024-09-08 15:16:27,490 [INFO] PluginManager:220 - loadIPPluginJar : add usart
2024-09-08 15:16:27,494 [INFO] IPUIPlugin:80 - create IPUIPlugin
2024-09-08 15:16:27,494 [INFO] PluginManager:220 - loadIPPluginJar : add usbx
2024-09-08 15:16:27,631 [INFO] CADModel:165 - CPN selected for project level
2024-09-08 15:16:27,631 [INFO] CADModel:114 - Register for checkConnection events
2024-09-08 15:16:27,632 [FATAL] Updater:308 - Updater called before beeing initialized
2024-09-08 15:16:27,632 [ERROR] CADModel:125 - Updater not yet initialized, retry later 
2024-09-08 15:16:27,801 [INFO] CADModel:165 - CPN selected for project level
2024-09-08 15:16:27,801 [INFO] CADModel:114 - Register for checkConnection events
2024-09-08 15:16:27,801 [FATAL] Updater:308 - Updater called before beeing initialized
2024-09-08 15:16:27,801 [ERROR] CADModel:125 - Updater not yet initialized, retry later 
2024-09-08 15:16:27,805 [FATAL] Updater:308 - Updater called before beeing initialized
2024-09-08 15:16:27,925 [FATAL] Updater:308 - Updater called before beeing initialized
2024-09-08 15:16:27,929 [INFO] DbMcusAds:53 - JSON generation date=Wed Nov 29 18:52:27 IRKT 2023 (1701255147349)
2024-09-08 15:16:27,929 [FATAL] Updater:308 - Updater called before beeing initialized
2024-09-08 15:16:28,006 [WARN] DetailPanel:346 - Failed to get advertising image, set to default
2024-09-08 15:16:28,116 [FATAL] Updater:308 - Updater called before beeing initialized
2024-09-08 15:16:28,118 [FATAL] Updater:308 - Updater called before beeing initialized
2024-09-08 15:16:28,118 [FATAL] Updater:308 - Updater called before beeing initialized
2024-09-08 15:16:28,118 [WARN] DetailPanel:346 - Failed to get advertising image, set to default
2024-09-08 15:16:28,119 [FATAL] Updater:308 - Updater called before beeing initialized
2024-09-08 15:16:28,176 [ERROR] Updater:1120 - MainUpdater not yet initialized. External WinMGr cannot be set.
2024-09-08 15:16:28,179 [INFO] Updater:1056 - Updater Version found : 6.10.0
2024-09-08 15:16:28,201 [INFO] ApplicationProperties:184 - Using Application install path: E:\STM32CubeIDE_1.14.1\STM32CubeIDE\plugins\com.st.stm32cube.common.mx_6.10.0.202311202037
2024-09-08 15:16:29,701 [INFO] ThirdPartyUpdaterWithRetryManager:70 - Updater plugin not ready yet. [2/15]
2024-09-08 15:16:29,776 [ERROR] LogOutputStream:75 - [STDERR_REDIRECT] Sep 08, 2024 3:16:29 PM java.util.prefs.WindowsPreferences <init>
2024-09-08 15:16:29,779 [ERROR] LogOutputStream:75 - [STDERR_REDIRECT] WARNING: Could not open/create prefs root node Software\JavaSoft\Prefs at root 0xffffffff80000002. Windows RegCreateKeyEx(...) returned error code 5.
2024-09-08 15:16:29,779 [ERROR] LogOutputStream:75 - [STDERR_REDIRECT] 
2024-09-08 15:16:30,255 [ERROR] CheckConnectionManager:249 - Problem, Http access forbiden
2024-09-08 15:16:30,258 [INFO] MainUpdater:2873 - connection check result : 22
2024-09-08 15:16:30,259 [INFO] MainUpdater:290 - Updater Check For Update Now.
2024-09-08 15:16:30,259 [INFO] MicroXplorer:498 - Change Database Version : DB.6.0.100
2024-09-08 15:16:30,265 [INFO] McuFinderGlobals:63 - Set McuFinder mode to 2 (CubeIDE integrated)
2024-09-08 15:16:30,325 [INFO] UserAuth:404 - Internet connection configuration mode: 2
2024-09-08 15:16:30,464 [INFO] CheckServerUpdateThread:120 - End of CheckServer Thread
2024-09-08 15:16:32,875 [WARN] PackLoader:240 - Cannot read IP mode file for STMicroelectronics.X-CUBE-SMBUS.2.1.0
2024-09-08 15:16:32,886 [WARN] PackLoader:240 - Cannot read IP mode file for STMicroelectronics.X-CUBE-TOUCHGFX.4.23.0
2024-09-08 15:16:32,891 [WARN] PackLoader:240 - Cannot read IP mode file for STMicroelectronics.X-CUBE-TOUCHGFX.4.23.2
2024-09-08 15:16:32,930 [WARN] PackLoader:240 - Cannot read IP mode file for STMicroelectronics.X-CUBE-AZRTOS-F7.1.1.0
2024-09-08 15:16:32,941 [WARN] PackLoader:240 - Cannot read IP mode file for STMicroelectronics.FP-SNS-MOTENV1.4.3.2
2024-09-08 15:16:32,951 [WARN] PackLoader:240 - Cannot read IP mode file for STMicroelectronics.FP-SNS-FLIGHT1.5.0.2
2024-09-08 15:16:32,962 [WARN] PackLoader:240 - Cannot read IP mode file for STMicroelectronics.X-CUBE-DISPLAY.3.0.0
2024-09-08 15:16:32,977 [WARN] PackLoader:240 - Cannot read IP mode file for STMicroelectronics.X-CUBE-BLE1.7.0.0
2024-09-08 15:16:32,985 [WARN] PackLoader:240 - Cannot read IP mode file for emotas.I-CUBE-CANOPEN.1.3.0
2024-09-08 15:16:33,000 [WARN] PackLoader:240 - Cannot read IP mode file for STMicroelectronics.X-CUBE-BLEMGR.3.1.0
2024-09-08 15:16:33,008 [WARN] PackLoader:240 - Cannot read IP mode file for STMicroelectronics.FP-SNS-SMARTAG2.1.2.0
2024-09-08 15:16:33,022 [INFO] LogOutputStream:77 - [STDOUT_REDIRECT] 1 : Invalid condition id : UX_CORESTACK_Condition cause : null
2024-09-08 15:16:33,023 [INFO] LogOutputStream:77 - [STDOUT_REDIRECT] 1 : Invalid condition id : UX_CORESTACK_Condition cause : null
2024-09-08 15:16:33,025 [INFO] LogOutputStream:77 - [STDOUT_REDIRECT] 1 : Invalid condition id : UX_CORESTACK_Condition cause : null
2024-09-08 15:16:33,027 [INFO] LogOutputStream:77 - [STDOUT_REDIRECT] 1 : Invalid condition id : UX_CORESTACK_Condition cause : null
2024-09-08 15:16:33,029 [INFO] LogOutputStream:77 - [STDOUT_REDIRECT] 1 : Invalid condition id : UX_CORESTACK_Condition cause : null
2024-09-08 15:16:33,032 [WARN] PackLoader:240 - Cannot read IP mode file for STMicroelectronics.X-CUBE-AZRTOS-WL.2.0.0
2024-09-08 15:16:33,038 [WARN] PackLoader:240 - Cannot read IP mode file for STMicroelectronics.FP-SNS-MOTENV1.5.0.0
2024-09-08 15:16:33,049 [WARN] PackLoader:240 - Cannot read IP mode file for WES.I-CUBE-Cesium.1.3.0
2024-09-08 15:16:33,057 [WARN] PackLoader:240 - Cannot read IP mode file for STMicroelectronics.X-CUBE-BLE2.3.3.0
2024-09-08 15:16:33,065 [WARN] PackLoader:240 - Cannot read IP mode file for STMicroelectronics.X-CUBE-TCPP.4.1.0
2024-09-08 15:16:33,076 [WARN] PackLoader:240 - Cannot read IP mode file for STMicroelectronics.X-CUBE-ALGOBUILD.1.3.0
2024-09-08 15:16:33,100 [WARN] PackLoader:240 - Cannot read IP mode file for STMicroelectronics.X-CUBE-AZRTOS-G0.1.1.0
2024-09-08 15:16:33,113 [WARN] PackLoader:240 - Cannot read IP mode file for STMicroelectronics.X-CUBE-SAFEA1.1.2.2
2024-09-08 15:16:33,122 [WARN] PackLoader:240 - Cannot read IP mode file for STMicroelectronics.X-CUBE-NFC4.3.0.0
2024-09-08 15:16:33,135 [WARN] PackLoader:240 - Cannot read IP mode file for STMicroelectronics.X-CUBE-BLEMGR.3.0.0
2024-09-08 15:16:33,144 [WARN] PackLoader:240 - Cannot read IP mode file for STMicroelectronics.FP-ATR-SIGFOX1.3.2.0
2024-09-08 15:16:33,149 [WARN] PackLoader:240 - Cannot read IP mode file for STMicroelectronics.X-CUBE-EEPRMA1.5.1.0
2024-09-08 15:16:33,205 [WARN] PackLoader:240 - Cannot read IP mode file for SEGGER.I-CUBE-embOS.1.3.1
2024-09-08 15:16:33,254 [WARN] PackLoader:240 - Cannot read IP mode file for STMicroelectronics.X-CUBE-GNSS1.6.0.0
2024-09-08 15:16:33,274 [WARN] PackLoader:240 - Cannot read IP mode file for STMicroelectronics.X-CUBE-AZRTOS-F4.1.1.0
2024-09-08 15:16:33,283 [WARN] PackLoader:240 - Cannot read IP mode file for wolfSSL.I-CUBE-wolfSSL.5.6.6
2024-09-08 15:16:33,303 [WARN] PackLoader:240 - Cannot read IP mode file for STMicroelectronics.X-CUBE-AZRTOS-L5.2.0.0
2024-09-08 15:16:33,314 [WARN] PackLoader:240 - Cannot read IP mode file for STMicroelectronics.X-CUBE-NFC6.3.1.0
2024-09-08 15:16:33,322 [WARN] PackLoader:240 - Cannot read IP mode file for ITTIA_DB.I-CUBE-ITTIADB.8.8.0
2024-09-08 15:16:33,328 [WARN] PackLoader:240 - Cannot read IP mode file for STMicroelectronics.X-CUBE-NFC7.1.0.1
2024-09-08 15:16:33,337 [WARN] PackLoader:240 - Cannot read IP mode file for STMicroelectronics.X-CUBE-NFC6.3.0.0
2024-09-08 15:16:33,344 [WARN] PackLoader:240 - Cannot read IP mode file for STMicroelectronics.X-CUBE-AI.8.1.0
2024-09-08 15:16:33,367 [WARN] ConditionMgr:438 - getConditionDescription Invalid condition id : LAN8742 Phy interface Condition cause : null
2024-09-08 15:16:33,368 [WARN] PackLoader:240 - Cannot read IP mode file for STMicroelectronics.X-CUBE-AZRTOS-L4.2.0.0
2024-09-08 15:16:33,369 [WARN] ConditionMgr:1039 - genDependencies : Invalid condition id : LAN8742 Phy interface Condition cause : null
2024-09-08 15:16:33,369 [WARN] ConditionMgr:1039 - genDependencies : Invalid condition id : LAN8742 Phy interface Condition cause : null
2024-09-08 15:16:33,370 [WARN] ConditionMgr:1039 - genDependencies : Invalid condition id : LAN8742 Phy interface Condition cause : null
2024-09-08 15:16:33,377 [WARN] PackLoader:240 - Cannot read IP mode file for STMicroelectronics.X-CUBE-SFXS2LP1.4.0.0
2024-09-08 15:16:33,396 [WARN] ConditionMgr:438 - getConditionDescription Invalid condition id : UX DEVICE CLASS RTOS Condition cause : null
2024-09-08 15:16:33,396 [WARN] ConditionMgr:438 - getConditionDescription Invalid condition id : UX DEVICE CLASS RTOS Condition cause : null
2024-09-08 15:16:33,400 [WARN] PackLoader:240 - Cannot read IP mode file for STMicroelectronics.X-CUBE-AZRTOS-WB.2.0.0
2024-09-08 15:16:33,401 [WARN] ConditionMgr:1039 - genDependencies : Invalid condition id : UX DEVICE CLASS RTOS Condition cause : null
2024-09-08 15:16:33,401 [WARN] ConditionMgr:1039 - genDependencies : Invalid condition id : UX DEVICE CLASS RTOS Condition cause : null
2024-09-08 15:16:33,402 [WARN] ConditionMgr:1039 - genDependencies : Invalid condition id : UX DEVICE CLASS RTOS Condition cause : null
2024-09-08 15:16:33,402 [WARN] ConditionMgr:1039 - genDependencies : Invalid condition id : UX DEVICE CLASS RTOS Condition cause : null
2024-09-08 15:16:33,402 [WARN] ConditionMgr:1039 - genDependencies : Invalid condition id : UX DEVICE CLASS RTOS Condition cause : null
2024-09-08 15:16:33,414 [WARN] PackLoader:240 - Cannot read IP mode file for STMicroelectronics.X-CUBE-SUBG2.5.0.0
2024-09-08 15:16:33,435 [WARN] PackLoader:240 - Cannot read IP mode file for STMicroelectronics.X-CUBE-AZRTOS-G4.2.0.0
2024-09-08 15:16:33,450 [WARN] PackLoader:240 - Cannot read IP mode file for Infineon.AIROC-Wi-Fi-Bluetooth-STM32.1.5.1
2024-09-08 15:16:33,458 [WARN] PackLoader:240 - Cannot read IP mode file for STMicroelectronics.FP-SNS-MOTENVWB1.1.3.1
2024-09-08 15:16:33,463 [WARN] PackLoader:240 - Cannot read IP mode file for STMicroelectronics.X-CUBE-ISPU.2.0.0
2024-09-08 15:16:33,513 [WARN] PackLoader:240 - Cannot read IP mode file for STMicroelectronics.X-CUBE-MEMS1.10.0.0
2024-09-08 15:16:33,656 [WARN] PackLoader:240 - Cannot read IP mode file for STMicroelectronics.X-CUBE-FREERTOS.1.1.0
2024-09-08 15:16:33,663 [WARN] PackLoader:240 - Cannot read IP mode file for portGmbH.I-Cube-SoM-uGOAL.1.1.0
2024-09-08 15:16:33,669 [WARN] PackLoader:240 - Cannot read IP mode file for STMicroelectronics.X-CUBE-ALS.1.0.1
2024-09-08 15:16:33,674 [WARN] PackLoader:240 - Cannot read IP mode file for STMicroelectronics.FP-ATR-ASTRA1.2.0.0
2024-09-08 15:16:33,687 [WARN] PackLoader:240 - Cannot read IP mode file for STMicroelectronics.X-CUBE-TOF1.3.4.0
2024-09-08 15:16:33,708 [WARN] PackLoader:240 - Cannot read IP mode file for STMicroelectronics.X-CUBE-TOF1.3.4.1
2024-09-08 15:16:33,737 [WARN] PackLoader:240 - Cannot read IP mode file for STMicroelectronics.X-CUBE-AZRTOS-H7.3.2.0
2024-09-08 15:16:33,740 [INFO] ThirdParty:978 - Integrity check success = true
2024-09-08 15:16:33,741 [INFO] IntegrityCheckThread:100 - exiting critical section [integrity check]
2024-09-08 15:16:33,741 [INFO] IntegrityCheckThread:103 - End integrity checks thread
2024-09-08 15:16:50,970 [ERROR] LogOutputStream:75 - [STDERR_REDIRECT] SLF4J: Failed to load class "org.slf4j.impl.StaticLoggerBinder".
2024-09-08 15:16:50,971 [ERROR] LogOutputStream:75 - [STDERR_REDIRECT] SLF4J: Defaulting to no-operation (NOP) logger implementation
2024-09-08 15:16:50,973 [ERROR] LogOutputStream:75 - [STDERR_REDIRECT] SLF4J: See http://www.slf4j.org/codes.html#StaticLoggerBinder for further details.
2024-09-08 16:43:46,072 [ERROR] LogOutputStream:75 - [STDERR_REDIRECT] 
