2024-08-19 22:22:47,480 [INFO] Activator:176 - 


2024-08-19 22:22:47,486 [INFO] Activator:177 - !SESSION log4j initialized
2024-08-19 22:22:53,296 [INFO] LogOutputStream:77 - [STDOUT_REDIRECT] 
2024-08-19 22:23:00,686 [INFO] ApplicationProperties:184 - Using Application install path: E:\STM32CubeIDE_1.14.1\STM32CubeIDE\plugins\com.st.stm32cube.common.mx_6.10.0.202311202037
2024-08-19 22:23:00,709 [INFO] DbMcusXml:78 - Set database path to: E:\STM32CubeIDE_1.14.1\STM32CubeIDE\plugins\com.st.stm32cube.common.mx_6.10.0.202311202037\\db\/mcu/
2024-08-19 22:23:00,709 [INFO] ApiDb:274 - Set plugin database path to: E:\STM32CubeIDE_1.14.1\STM32CubeIDE\plugins\com.st.stm32cube.common.mx_6.10.0.202311202037\\db\/plugins/boardmanager/
2024-08-19 22:23:00,711 [WARN] ApiDb:259 - Overriding images path with different value:  => E:\STM32CubeIDE_1.14.1\STM32CubeIDE\plugins\com.st.stm32cube.common.mx_6.10.0.202311202037\\db\/plugins/mcufinder/images/
2024-08-19 22:23:00,724 [INFO] ApiDb:250 - Set database path to: C:\Users\Danil\.stmcufinder\plugins\mcufinder//mcu/
2024-08-19 22:23:00,726 [INFO] DbMcusAds:125 - Set database path to: C:\Users\Danil\.stmcufinder\plugins\mcufinder//mcu/
2024-08-19 22:23:00,728 [INFO] CrossReferenceDbSqlite:203 - Set database path to: C:\Users\Danil\.stmcufinder\plugins\mcufinder//mcu/cs/
2024-08-19 22:23:00,869 [INFO] RulesReader:64 - Compatibility file has been processed (297 Rules)
2024-08-19 22:23:00,965 [INFO] DbMcusXml:78 - Set database path to: E:\STM32CubeIDE_1.14.1\STM32CubeIDE\plugins\com.st.stm32cube.common.mx_6.10.0.202311202037\\db\/mcu/
2024-08-19 22:23:00,965 [INFO] ApiDb:274 - Set plugin database path to: E:\STM32CubeIDE_1.14.1\STM32CubeIDE\plugins\com.st.stm32cube.common.mx_6.10.0.202311202037\\db\/plugins/boardmanager/
2024-08-19 22:23:00,965 [INFO] ApiDb:261 - Set plugin images path to: E:\STM32CubeIDE_1.14.1\STM32CubeIDE\plugins\com.st.stm32cube.common.mx_6.10.0.202311202037\\db\/plugins/mcufinder/images/
2024-08-19 22:23:00,965 [WARN] DbFile:41 - Overriding database path with different value: C:\Users\Danil\.stmcufinder\plugins\mcufinder/ => C:\Users\Danil\.stmcufinder\plugins\mcufinder
2024-08-19 22:23:00,965 [INFO] ApiDb:250 - Set database path to: C:\Users\Danil\.stmcufinder\plugins\mcufinder//mcu/
2024-08-19 22:23:00,965 [WARN] DbFile:41 - Overriding database path with different value: C:\Users\Danil\.stmcufinder\plugins\mcufinder/ => C:\Users\Danil\.stmcufinder\plugins\mcufinder
2024-08-19 22:23:00,966 [INFO] DbMcusAds:125 - Set database path to: C:\Users\Danil\.stmcufinder\plugins\mcufinder//mcu/
2024-08-19 22:23:00,966 [WARN] DbFile:41 - Overriding database path with different value: C:\Users\Danil\.stmcufinder\plugins\mcufinder/ => C:\Users\Danil\.stmcufinder\plugins\mcufinder
2024-08-19 22:23:00,966 [WARN] DbFile:41 - Overriding database path with different value: C:\Users\Danil\.stmcufinder\plugins\mcufinder/ => C:\Users\Danil\.stmcufinder\plugins\mcufinder
2024-08-19 22:23:00,966 [INFO] CrossReferenceDbSqlite:203 - Set database path to: C:\Users\Danil\.stmcufinder\plugins\mcufinder//mcu/cs/
2024-08-19 22:23:01,050 [INFO] MainPanel:264 - HeapMemory: 268435456
2024-08-19 22:23:01,170 [INFO] DbMcusXml:78 - Set database path to: E:\STM32CubeIDE_1.14.1\STM32CubeIDE\plugins\com.st.stm32cube.common.mx_6.10.0.202311202037\\db\/mcu/
2024-08-19 22:23:01,170 [INFO] ApiDb:274 - Set plugin database path to: E:\STM32CubeIDE_1.14.1\STM32CubeIDE\plugins\com.st.stm32cube.common.mx_6.10.0.202311202037\\db\/plugins/boardmanager/
2024-08-19 22:23:01,170 [INFO] ApiDb:261 - Set plugin images path to: E:\STM32CubeIDE_1.14.1\STM32CubeIDE\plugins\com.st.stm32cube.common.mx_6.10.0.202311202037\\db\/plugins/mcufinder/images/
2024-08-19 22:23:01,171 [WARN] DbFile:41 - Overriding database path with different value: C:\Users\Danil\.stmcufinder\plugins\mcufinder/ => C:\Users\Danil\.stmcufinder\plugins\mcufinder
2024-08-19 22:23:01,171 [INFO] ApiDb:250 - Set database path to: C:\Users\Danil\.stmcufinder\plugins\mcufinder//mcu/
2024-08-19 22:23:01,171 [WARN] DbFile:41 - Overriding database path with different value: C:\Users\Danil\.stmcufinder\plugins\mcufinder/ => C:\Users\Danil\.stmcufinder\plugins\mcufinder
2024-08-19 22:23:01,171 [INFO] DbMcusAds:125 - Set database path to: C:\Users\Danil\.stmcufinder\plugins\mcufinder//mcu/
2024-08-19 22:23:01,171 [WARN] DbFile:41 - Overriding database path with different value: C:\Users\Danil\.stmcufinder\plugins\mcufinder/ => C:\Users\Danil\.stmcufinder\plugins\mcufinder
2024-08-19 22:23:01,171 [WARN] DbFile:41 - Overriding database path with different value: C:\Users\Danil\.stmcufinder\plugins\mcufinder/ => C:\Users\Danil\.stmcufinder\plugins\mcufinder
2024-08-19 22:23:01,172 [INFO] CrossReferenceDbSqlite:203 - Set database path to: C:\Users\Danil\.stmcufinder\plugins\mcufinder//mcu/cs/
2024-08-19 22:23:01,192 [INFO] ApplicationProperties:184 - Using Application install path: E:\STM32CubeIDE_1.14.1\STM32CubeIDE\plugins\com.st.stm32cube.common.mx_6.10.0.202311202037
2024-08-19 22:23:01,194 [INFO] PluginManage:196 - Search for loadable plugins [exclusion list=, ]
2024-08-19 22:23:01,195 [INFO] PluginManage:310 - Check plugin analytics
2024-08-19 22:23:01,397 [INFO] AnalyticsPlugin:253 - Accepted Software Licenses: 
2024-08-19 22:23:01,397 [INFO] AnalyticsPlugin:255 - Accepted CMSIS Pack Licenses: 
2024-08-19 22:23:01,397 [INFO] AnalyticsPlugin:257 - Accepted Firmware Licenses: FW.F4.1.28.0
2024-08-19 22:23:01,400 [INFO] PluginManage:359 - Loaded plugin analytics (category:tool,tabindex:-1)
2024-08-19 22:23:01,400 [INFO] PluginManage:310 - Check plugin cadmodel
2024-08-19 22:23:01,408 [INFO] CADModel:105 - Init CAD model plugin
2024-08-19 22:23:01,409 [INFO] PluginManage:359 - Loaded plugin cadmodel (category:power,tabindex:5)
2024-08-19 22:23:01,409 [INFO] PluginManage:310 - Check plugin clock
2024-08-19 22:23:01,422 [INFO] PluginManage:359 - Loaded plugin clock (category:base,tabindex:2)
2024-08-19 22:23:01,423 [INFO] PluginManage:310 - Check plugin ddr
2024-08-19 22:23:01,425 [INFO] PluginManage:359 - Loaded plugin ddr (category:tool,tabindex:6)
2024-08-19 22:23:01,425 [INFO] PluginManage:310 - Check plugin filemanager
2024-08-19 22:23:01,619 [INFO] PluginManage:359 - Loaded plugin filemanager (category:base,tabindex:10)
2024-08-19 22:23:01,620 [INFO] PluginManage:310 - Check plugin ipmanager
2024-08-19 22:23:01,627 [INFO] PluginManage:359 - Loaded plugin ipmanager (category:base,tabindex:5)
2024-08-19 22:23:01,627 [INFO] PluginManage:310 - Check plugin lpbam
2024-08-19 22:23:01,641 [INFO] PluginManage:359 - Loaded plugin lpbam (category:base,tabindex:0)
2024-08-19 22:23:01,641 [INFO] PluginManage:310 - Check plugin memorymap
2024-08-19 22:23:01,657 [INFO] PluginManage:359 - Loaded plugin memorymap (category:base,tabindex:4)
2024-08-19 22:23:01,657 [INFO] PluginManage:310 - Check plugin pinoutandconfiguration
2024-08-19 22:23:01,667 [INFO] PluginManage:359 - Loaded plugin pinoutandconfiguration (category:base,tabindex:1)
2024-08-19 22:23:01,667 [INFO] PluginManage:310 - Check plugin pinoutconfig
2024-08-19 22:23:01,774 [WARN] SupportedApi:132 - Cannot load RTOS API schema: s4s-elt-must-match.1: The content of 'definitions' must match (annotation?, (simpleType | complexType)?, (unique | key | keyref)*)). A problem was found starting at: attribute.
2024-08-19 22:23:01,923 [INFO] PluginManage:359 - Loaded plugin pinoutconfig (category:base,tabindex:0)
2024-08-19 22:23:01,924 [INFO] PluginManage:310 - Check plugin power
2024-08-19 22:23:01,939 [INFO] PluginManage:359 - Loaded plugin power (category:power,tabindex:4)
2024-08-19 22:23:01,939 [INFO] PluginManage:310 - Check plugin projectmanager
2024-08-19 22:23:01,965 [INFO] PluginManage:359 - Loaded plugin projectmanager (category:projectmanager,tabindex:3)
2024-08-19 22:23:01,965 [INFO] PluginManage:310 - Check plugin thirdparty
2024-08-19 22:23:02,153 [INFO] PluginManage:359 - Loaded plugin thirdparty (category:base,tabindex:-1)
2024-08-19 22:23:02,153 [WARN] IntegrityCheckThread:84 - waiting for thirdparty lock release [integrity check]
2024-08-19 22:23:02,153 [INFO] IntegrityCheckThread:86 - entering critical section [integrity check]
2024-08-19 22:23:02,153 [INFO] PluginManage:310 - Check plugin tools
2024-08-19 22:23:02,154 [INFO] ThirdPartyUpdaterWithRetryManager:70 - Updater plugin not ready yet. [1/15]
2024-08-19 22:23:02,157 [INFO] PluginManage:359 - Loaded plugin tools (category:base,tabindex:7)
2024-08-19 22:23:02,157 [INFO] PluginManage:310 - Check plugin tutovideos
2024-08-19 22:23:02,358 [INFO] PluginManage:359 - Loaded plugin tutovideos (category:base,tabindex:-1)
2024-08-19 22:23:02,358 [INFO] PluginManage:310 - Check plugin updater
2024-08-19 22:23:02,371 [INFO] PluginManage:359 - Loaded plugin updater (category:base,tabindex:12)
2024-08-19 22:23:02,371 [INFO] PluginManage:310 - Check plugin userauth
2024-08-19 22:23:02,377 [INFO] UserAuth:114 - Init User Auth plugin
2024-08-19 22:23:02,378 [INFO] PluginManage:359 - Loaded plugin userauth (category:base,tabindex:14)
2024-08-19 22:23:02,378 [INFO] PluginManage:283 - PluginManage : Loaded plugins [17]
2024-08-19 22:23:02,623 [INFO] PinOutPanel:1499 - setPackage(No Configuration,No Configuration)
2024-08-19 22:23:02,698 [INFO] CADModel:165 - CPN selected for project level
2024-08-19 22:23:02,698 [INFO] CADModel:114 - Register for checkConnection events
2024-08-19 22:23:02,716 [INFO] IPUIPlugin:80 - create IPUIPlugin
2024-08-19 22:23:02,716 [INFO] PluginManager:220 - loadIPPluginJar : add adc
2024-08-19 22:23:02,720 [INFO] IPUIPlugin:80 - create IPUIPlugin
2024-08-19 22:23:02,720 [INFO] PluginManager:220 - loadIPPluginJar : add aes
2024-08-19 22:23:02,724 [INFO] IPUIPlugin:80 - create IPUIPlugin
2024-08-19 22:23:02,724 [INFO] PluginManager:220 - loadIPPluginJar : add can
2024-08-19 22:23:02,726 [INFO] IPUIPlugin:80 - create IPUIPlugin
2024-08-19 22:23:02,727 [INFO] PluginManager:220 - loadIPPluginJar : add comp
2024-08-19 22:23:02,730 [INFO] IPUIPlugin:80 - create IPUIPlugin
2024-08-19 22:23:02,730 [INFO] PluginManager:220 - loadIPPluginJar : add cryp
2024-08-19 22:23:02,733 [INFO] IPUIPlugin:80 - create IPUIPlugin
2024-08-19 22:23:02,733 [INFO] PluginManager:220 - loadIPPluginJar : add dfsdm
2024-08-19 22:23:02,740 [INFO] IPUIPlugin:80 - create IPUIPlugin
2024-08-19 22:23:02,740 [INFO] PluginManager:220 - loadIPPluginJar : add dma
2024-08-19 22:23:02,743 [INFO] IPUIPlugin:80 - create IPUIPlugin
2024-08-19 22:23:02,743 [INFO] PluginManager:220 - loadIPPluginJar : add dma3
2024-08-19 22:23:02,746 [INFO] IPUIPlugin:80 - create IPUIPlugin
2024-08-19 22:23:02,746 [INFO] PluginManager:220 - loadIPPluginJar : add fatfs
2024-08-19 22:23:02,751 [INFO] IPUIPlugin:80 - create IPUIPlugin
2024-08-19 22:23:02,751 [INFO] PluginManager:220 - loadIPPluginJar : add fmc
2024-08-19 22:23:02,758 [INFO] IPUIPlugin:80 - create IPUIPlugin
2024-08-19 22:23:02,758 [INFO] PluginManager:220 - loadIPPluginJar : add freertos
2024-08-19 22:23:02,760 [INFO] IPUIPlugin:80 - create IPUIPlugin
2024-08-19 22:23:02,760 [INFO] PluginManager:220 - loadIPPluginJar : add genericplugin
2024-08-19 22:23:02,763 [INFO] IPUIPlugin:80 - create IPUIPlugin
2024-08-19 22:23:02,763 [INFO] PluginManager:220 - loadIPPluginJar : add gfxmmu
2024-08-19 22:23:02,769 [INFO] IPUIPlugin:80 - create IPUIPlugin
2024-08-19 22:23:02,770 [INFO] PluginManager:220 - loadIPPluginJar : add gic
2024-08-19 22:23:02,775 [INFO] IPUIPlugin:80 - create IPUIPlugin
2024-08-19 22:23:02,775 [INFO] PluginManager:220 - loadIPPluginJar : add gpio
2024-08-19 22:23:02,779 [INFO] IPUIPlugin:80 - create IPUIPlugin
2024-08-19 22:23:02,779 [INFO] PluginManager:220 - loadIPPluginJar : add gtzc
2024-08-19 22:23:02,784 [INFO] IPUIPlugin:80 - create IPUIPlugin
2024-08-19 22:23:02,784 [INFO] PluginManager:220 - loadIPPluginJar : add hash
2024-08-19 22:23:02,788 [INFO] IPUIPlugin:80 - create IPUIPlugin
2024-08-19 22:23:02,788 [INFO] PluginManager:220 - loadIPPluginJar : add i2c
2024-08-19 22:23:02,792 [INFO] IPUIPlugin:80 - create IPUIPlugin
2024-08-19 22:23:02,792 [INFO] PluginManager:220 - loadIPPluginJar : add i2s
2024-08-19 22:23:02,796 [INFO] IPUIPlugin:80 - create IPUIPlugin
2024-08-19 22:23:02,796 [INFO] PluginManager:220 - loadIPPluginJar : add i3c
2024-08-19 22:23:02,803 [INFO] IPUIPlugin:80 - create IPUIPlugin
2024-08-19 22:23:02,803 [INFO] PluginManager:220 - loadIPPluginJar : add ipddr
2024-08-19 22:23:02,814 [INFO] IPUIPlugin:80 - create IPUIPlugin
2024-08-19 22:23:02,814 [INFO] PluginManager:220 - loadIPPluginJar : add linkedlist
2024-08-19 22:23:02,817 [INFO] IPUIPlugin:80 - create IPUIPlugin
2024-08-19 22:23:02,818 [INFO] PluginManager:220 - loadIPPluginJar : add lorawan
2024-08-19 22:23:02,820 [INFO] IPUIPlugin:80 - create IPUIPlugin
2024-08-19 22:23:02,821 [INFO] PluginManager:220 - loadIPPluginJar : add ltdc
2024-08-19 22:23:02,829 [INFO] IPUIPlugin:80 - create IPUIPlugin
2024-08-19 22:23:02,829 [INFO] PluginManager:220 - loadIPPluginJar : add mdma
2024-08-19 22:23:02,835 [INFO] IPUIPlugin:80 - create IPUIPlugin
2024-08-19 22:23:02,835 [INFO] PluginManager:220 - loadIPPluginJar : add nvic
2024-08-19 22:23:02,839 [INFO] IPUIPlugin:80 - create IPUIPlugin
2024-08-19 22:23:02,839 [INFO] PluginManager:220 - loadIPPluginJar : add opamp
2024-08-19 22:23:02,843 [INFO] IPUIPlugin:80 - create IPUIPlugin
2024-08-19 22:23:02,844 [INFO] PluginManager:220 - loadIPPluginJar : add openamp
2024-08-19 22:23:02,849 [INFO] IPUIPlugin:80 - create IPUIPlugin
2024-08-19 22:23:02,849 [INFO] PluginManager:220 - loadIPPluginJar : add pdm2pcm
2024-08-19 22:23:02,856 [INFO] IPUIPlugin:80 - create IPUIPlugin
2024-08-19 22:23:02,858 [INFO] PluginManager:220 - loadIPPluginJar : add plateformsettings
2024-08-19 22:23:02,861 [INFO] IPUIPlugin:80 - create IPUIPlugin
2024-08-19 22:23:02,861 [INFO] PluginManager:220 - loadIPPluginJar : add quadspi
2024-08-19 22:23:02,866 [INFO] IPUIPlugin:80 - create IPUIPlugin
2024-08-19 22:23:02,867 [INFO] PluginManager:220 - loadIPPluginJar : add resmgrutility
2024-08-19 22:23:02,871 [INFO] IPUIPlugin:80 - create IPUIPlugin
2024-08-19 22:23:02,871 [INFO] PluginManager:220 - loadIPPluginJar : add sai
2024-08-19 22:23:02,874 [INFO] IPUIPlugin:80 - create IPUIPlugin
2024-08-19 22:23:02,875 [INFO] PluginManager:220 - loadIPPluginJar : add spi
2024-08-19 22:23:02,881 [INFO] IPUIPlugin:80 - create IPUIPlugin
2024-08-19 22:23:02,881 [INFO] PluginManager:220 - loadIPPluginJar : add stm32_wpan
2024-08-19 22:23:02,884 [INFO] IPUIPlugin:80 - create IPUIPlugin
2024-08-19 22:23:02,884 [INFO] PluginManager:220 - loadIPPluginJar : add tim
2024-08-19 22:23:02,888 [INFO] IPUIPlugin:80 - create IPUIPlugin
2024-08-19 22:23:02,888 [INFO] PluginManager:220 - loadIPPluginJar : add touchsensing
2024-08-19 22:23:02,891 [INFO] IPUIPlugin:80 - create IPUIPlugin
2024-08-19 22:23:02,891 [INFO] PluginManager:220 - loadIPPluginJar : add tracer_emb
2024-08-19 22:23:02,894 [INFO] IPUIPlugin:80 - create IPUIPlugin
2024-08-19 22:23:02,894 [INFO] PluginManager:220 - loadIPPluginJar : add ts
2024-08-19 22:23:02,897 [INFO] IPUIPlugin:80 - create IPUIPlugin
2024-08-19 22:23:02,897 [INFO] PluginManager:220 - loadIPPluginJar : add tsc
2024-08-19 22:23:02,900 [INFO] IPUIPlugin:80 - create IPUIPlugin
2024-08-19 22:23:02,900 [INFO] PluginManager:220 - loadIPPluginJar : add ucpd
2024-08-19 22:23:02,904 [INFO] IPUIPlugin:80 - create IPUIPlugin
2024-08-19 22:23:02,904 [INFO] PluginManager:220 - loadIPPluginJar : add usart
2024-08-19 22:23:02,908 [INFO] IPUIPlugin:80 - create IPUIPlugin
2024-08-19 22:23:02,908 [INFO] PluginManager:220 - loadIPPluginJar : add usbx
2024-08-19 22:23:03,039 [INFO] CADModel:165 - CPN selected for project level
2024-08-19 22:23:03,040 [INFO] CADModel:114 - Register for checkConnection events
2024-08-19 22:23:03,040 [FATAL] Updater:308 - Updater called before beeing initialized
2024-08-19 22:23:03,041 [ERROR] CADModel:125 - Updater not yet initialized, retry later 
2024-08-19 22:23:03,244 [INFO] CADModel:165 - CPN selected for project level
2024-08-19 22:23:03,244 [INFO] CADModel:114 - Register for checkConnection events
2024-08-19 22:23:03,244 [FATAL] Updater:308 - Updater called before beeing initialized
2024-08-19 22:23:03,244 [ERROR] CADModel:125 - Updater not yet initialized, retry later 
2024-08-19 22:23:03,248 [FATAL] Updater:308 - Updater called before beeing initialized
2024-08-19 22:23:03,356 [FATAL] Updater:308 - Updater called before beeing initialized
2024-08-19 22:23:03,361 [INFO] DbMcusAds:53 - JSON generation date=Wed Nov 29 18:52:27 IRKT 2023 (1701255147349)
2024-08-19 22:23:03,361 [FATAL] Updater:308 - Updater called before beeing initialized
2024-08-19 22:23:03,411 [WARN] DetailPanel:346 - Failed to get advertising image, set to default
2024-08-19 22:23:03,505 [FATAL] Updater:308 - Updater called before beeing initialized
2024-08-19 22:23:03,507 [FATAL] Updater:308 - Updater called before beeing initialized
2024-08-19 22:23:03,507 [FATAL] Updater:308 - Updater called before beeing initialized
2024-08-19 22:23:03,507 [WARN] DetailPanel:346 - Failed to get advertising image, set to default
2024-08-19 22:23:03,508 [FATAL] Updater:308 - Updater called before beeing initialized
2024-08-19 22:23:03,566 [ERROR] Updater:1120 - MainUpdater not yet initialized. External WinMGr cannot be set.
2024-08-19 22:23:03,568 [INFO] Updater:1056 - Updater Version found : 6.10.0
2024-08-19 22:23:03,588 [INFO] ApplicationProperties:184 - Using Application install path: E:\STM32CubeIDE_1.14.1\STM32CubeIDE\plugins\com.st.stm32cube.common.mx_6.10.0.202311202037
2024-08-19 22:23:05,155 [INFO] ThirdPartyUpdaterWithRetryManager:70 - Updater plugin not ready yet. [2/15]
2024-08-19 22:23:05,162 [ERROR] LogOutputStream:75 - [STDERR_REDIRECT] Aug 19, 2024 10:23:05 PM java.util.prefs.WindowsPreferences <init>
2024-08-19 22:23:05,164 [ERROR] LogOutputStream:75 - [STDERR_REDIRECT] WARNING: Could not open/create prefs root node Software\JavaSoft\Prefs at root 0xffffffff80000002. Windows RegCreateKeyEx(...) returned error code 5.
2024-08-19 22:23:05,164 [ERROR] LogOutputStream:75 - [STDERR_REDIRECT] 
2024-08-19 22:23:05,762 [ERROR] CheckConnectionManager:249 - Problem, Http access forbiden
2024-08-19 22:23:05,768 [INFO] MainUpdater:2873 - connection check result : 22
2024-08-19 22:23:05,769 [INFO] MainUpdater:290 - Updater Check For Update Now.
2024-08-19 22:23:05,769 [INFO] MicroXplorer:498 - Change Database Version : DB.6.0.100
2024-08-19 22:23:05,778 [INFO] McuFinderGlobals:63 - Set McuFinder mode to 2 (CubeIDE integrated)
2024-08-19 22:23:05,851 [INFO] UserAuth:404 - Internet connection configuration mode: 2
2024-08-19 22:23:05,958 [INFO] CheckServerUpdateThread:120 - End of CheckServer Thread
2024-08-19 22:23:08,326 [WARN] PackLoader:240 - Cannot read IP mode file for STMicroelectronics.X-CUBE-SMBUS.2.1.0
2024-08-19 22:23:08,334 [WARN] PackLoader:240 - Cannot read IP mode file for STMicroelectronics.X-CUBE-TOUCHGFX.4.23.0
2024-08-19 22:23:08,338 [WARN] PackLoader:240 - Cannot read IP mode file for STMicroelectronics.X-CUBE-TOUCHGFX.4.23.2
2024-08-19 22:23:08,367 [WARN] PackLoader:240 - Cannot read IP mode file for STMicroelectronics.X-CUBE-AZRTOS-F7.1.1.0
2024-08-19 22:23:08,382 [WARN] PackLoader:240 - Cannot read IP mode file for STMicroelectronics.FP-SNS-MOTENV1.4.3.2
2024-08-19 22:23:08,391 [WARN] PackLoader:240 - Cannot read IP mode file for STMicroelectronics.FP-SNS-FLIGHT1.5.0.2
2024-08-19 22:23:08,403 [WARN] PackLoader:240 - Cannot read IP mode file for STMicroelectronics.X-CUBE-DISPLAY.3.0.0
2024-08-19 22:23:08,419 [WARN] PackLoader:240 - Cannot read IP mode file for STMicroelectronics.X-CUBE-BLE1.7.0.0
2024-08-19 22:23:08,426 [WARN] PackLoader:240 - Cannot read IP mode file for emotas.I-CUBE-CANOPEN.1.3.0
2024-08-19 22:23:08,441 [WARN] PackLoader:240 - Cannot read IP mode file for STMicroelectronics.X-CUBE-BLEMGR.3.1.0
2024-08-19 22:23:08,450 [WARN] PackLoader:240 - Cannot read IP mode file for STMicroelectronics.FP-SNS-SMARTAG2.1.2.0
2024-08-19 22:23:08,462 [INFO] LogOutputStream:77 - [STDOUT_REDIRECT] 1 : Invalid condition id : UX_CORESTACK_Condition cause : null
2024-08-19 22:23:08,462 [INFO] LogOutputStream:77 - [STDOUT_REDIRECT] 1 : Invalid condition id : UX_CORESTACK_Condition cause : null
2024-08-19 22:23:08,463 [INFO] LogOutputStream:77 - [STDOUT_REDIRECT] 1 : Invalid condition id : UX_CORESTACK_Condition cause : null
2024-08-19 22:23:08,465 [INFO] LogOutputStream:77 - [STDOUT_REDIRECT] 1 : Invalid condition id : UX_CORESTACK_Condition cause : null
2024-08-19 22:23:08,467 [INFO] LogOutputStream:77 - [STDOUT_REDIRECT] 1 : Invalid condition id : UX_CORESTACK_Condition cause : null
2024-08-19 22:23:08,473 [WARN] PackLoader:240 - Cannot read IP mode file for STMicroelectronics.X-CUBE-AZRTOS-WL.2.0.0
2024-08-19 22:23:08,481 [WARN] PackLoader:240 - Cannot read IP mode file for STMicroelectronics.FP-SNS-MOTENV1.5.0.0
2024-08-19 22:23:08,492 [WARN] PackLoader:240 - Cannot read IP mode file for WES.I-CUBE-Cesium.1.3.0
2024-08-19 22:23:08,499 [WARN] PackLoader:240 - Cannot read IP mode file for STMicroelectronics.X-CUBE-BLE2.3.3.0
2024-08-19 22:23:08,508 [WARN] PackLoader:240 - Cannot read IP mode file for STMicroelectronics.X-CUBE-TCPP.4.1.0
2024-08-19 22:23:08,517 [WARN] PackLoader:240 - Cannot read IP mode file for STMicroelectronics.X-CUBE-ALGOBUILD.1.3.0
2024-08-19 22:23:08,533 [WARN] PackLoader:240 - Cannot read IP mode file for STMicroelectronics.X-CUBE-AZRTOS-G0.1.1.0
2024-08-19 22:23:08,551 [WARN] PackLoader:240 - Cannot read IP mode file for STMicroelectronics.X-CUBE-SAFEA1.1.2.2
2024-08-19 22:23:08,558 [WARN] PackLoader:240 - Cannot read IP mode file for STMicroelectronics.X-CUBE-NFC4.3.0.0
2024-08-19 22:23:08,570 [WARN] PackLoader:240 - Cannot read IP mode file for STMicroelectronics.X-CUBE-BLEMGR.3.0.0
2024-08-19 22:23:08,578 [WARN] PackLoader:240 - Cannot read IP mode file for STMicroelectronics.FP-ATR-SIGFOX1.3.2.0
2024-08-19 22:23:08,586 [WARN] PackLoader:240 - Cannot read IP mode file for STMicroelectronics.X-CUBE-EEPRMA1.5.1.0
2024-08-19 22:23:08,626 [WARN] PackLoader:240 - Cannot read IP mode file for SEGGER.I-CUBE-embOS.1.3.1
2024-08-19 22:23:08,680 [WARN] PackLoader:240 - Cannot read IP mode file for STMicroelectronics.X-CUBE-GNSS1.6.0.0
2024-08-19 22:23:08,703 [WARN] PackLoader:240 - Cannot read IP mode file for STMicroelectronics.X-CUBE-AZRTOS-F4.1.1.0
2024-08-19 22:23:08,712 [WARN] PackLoader:240 - Cannot read IP mode file for wolfSSL.I-CUBE-wolfSSL.5.6.6
2024-08-19 22:23:08,732 [WARN] PackLoader:240 - Cannot read IP mode file for STMicroelectronics.X-CUBE-AZRTOS-L5.2.0.0
2024-08-19 22:23:08,744 [WARN] PackLoader:240 - Cannot read IP mode file for STMicroelectronics.X-CUBE-NFC6.3.1.0
2024-08-19 22:23:08,754 [WARN] PackLoader:240 - Cannot read IP mode file for ITTIA_DB.I-CUBE-ITTIADB.8.8.0
2024-08-19 22:23:08,760 [WARN] PackLoader:240 - Cannot read IP mode file for STMicroelectronics.X-CUBE-NFC7.1.0.1
2024-08-19 22:23:08,770 [WARN] PackLoader:240 - Cannot read IP mode file for STMicroelectronics.X-CUBE-NFC6.3.0.0
2024-08-19 22:23:08,779 [WARN] PackLoader:240 - Cannot read IP mode file for STMicroelectronics.X-CUBE-AI.8.1.0
2024-08-19 22:23:08,809 [WARN] ConditionMgr:438 - getConditionDescription Invalid condition id : LAN8742 Phy interface Condition cause : null
2024-08-19 22:23:08,810 [WARN] PackLoader:240 - Cannot read IP mode file for STMicroelectronics.X-CUBE-AZRTOS-L4.2.0.0
2024-08-19 22:23:08,813 [WARN] ConditionMgr:1039 - genDependencies : Invalid condition id : LAN8742 Phy interface Condition cause : null
2024-08-19 22:23:08,813 [WARN] ConditionMgr:1039 - genDependencies : Invalid condition id : LAN8742 Phy interface Condition cause : null
2024-08-19 22:23:08,814 [WARN] ConditionMgr:1039 - genDependencies : Invalid condition id : LAN8742 Phy interface Condition cause : null
2024-08-19 22:23:08,827 [WARN] PackLoader:240 - Cannot read IP mode file for STMicroelectronics.X-CUBE-SFXS2LP1.4.0.0
2024-08-19 22:23:08,851 [WARN] ConditionMgr:438 - getConditionDescription Invalid condition id : UX DEVICE CLASS RTOS Condition cause : null
2024-08-19 22:23:08,852 [WARN] ConditionMgr:438 - getConditionDescription Invalid condition id : UX DEVICE CLASS RTOS Condition cause : null
2024-08-19 22:23:08,855 [WARN] PackLoader:240 - Cannot read IP mode file for STMicroelectronics.X-CUBE-AZRTOS-WB.2.0.0
2024-08-19 22:23:08,857 [WARN] ConditionMgr:1039 - genDependencies : Invalid condition id : UX DEVICE CLASS RTOS Condition cause : null
2024-08-19 22:23:08,857 [WARN] ConditionMgr:1039 - genDependencies : Invalid condition id : UX DEVICE CLASS RTOS Condition cause : null
2024-08-19 22:23:08,858 [WARN] ConditionMgr:1039 - genDependencies : Invalid condition id : UX DEVICE CLASS RTOS Condition cause : null
2024-08-19 22:23:08,858 [WARN] ConditionMgr:1039 - genDependencies : Invalid condition id : UX DEVICE CLASS RTOS Condition cause : null
2024-08-19 22:23:08,858 [WARN] ConditionMgr:1039 - genDependencies : Invalid condition id : UX DEVICE CLASS RTOS Condition cause : null
2024-08-19 22:23:08,876 [WARN] PackLoader:240 - Cannot read IP mode file for STMicroelectronics.X-CUBE-SUBG2.5.0.0
2024-08-19 22:23:08,910 [WARN] PackLoader:240 - Cannot read IP mode file for STMicroelectronics.X-CUBE-AZRTOS-G4.2.0.0
2024-08-19 22:23:08,945 [WARN] PackLoader:240 - Cannot read IP mode file for Infineon.AIROC-Wi-Fi-Bluetooth-STM32.1.5.1
2024-08-19 22:23:08,961 [WARN] PackLoader:240 - Cannot read IP mode file for STMicroelectronics.FP-SNS-MOTENVWB1.1.3.1
2024-08-19 22:23:08,970 [WARN] PackLoader:240 - Cannot read IP mode file for STMicroelectronics.X-CUBE-ISPU.2.0.0
2024-08-19 22:23:09,041 [WARN] PackLoader:240 - Cannot read IP mode file for STMicroelectronics.X-CUBE-MEMS1.10.0.0
2024-08-19 22:23:09,204 [WARN] PackLoader:240 - Cannot read IP mode file for STMicroelectronics.X-CUBE-FREERTOS.1.1.0
2024-08-19 22:23:09,211 [WARN] PackLoader:240 - Cannot read IP mode file for portGmbH.I-Cube-SoM-uGOAL.1.1.0
2024-08-19 22:23:09,216 [WARN] PackLoader:240 - Cannot read IP mode file for STMicroelectronics.X-CUBE-ALS.1.0.1
2024-08-19 22:23:09,221 [WARN] PackLoader:240 - Cannot read IP mode file for STMicroelectronics.FP-ATR-ASTRA1.2.0.0
2024-08-19 22:23:09,233 [WARN] PackLoader:240 - Cannot read IP mode file for STMicroelectronics.X-CUBE-TOF1.3.4.0
2024-08-19 22:23:09,252 [WARN] PackLoader:240 - Cannot read IP mode file for STMicroelectronics.X-CUBE-TOF1.3.4.1
2024-08-19 22:23:09,289 [WARN] PackLoader:240 - Cannot read IP mode file for STMicroelectronics.X-CUBE-AZRTOS-H7.3.2.0
2024-08-19 22:23:09,291 [INFO] ThirdParty:978 - Integrity check success = true
2024-08-19 22:23:09,291 [INFO] IntegrityCheckThread:100 - exiting critical section [integrity check]
2024-08-19 22:23:09,291 [INFO] IntegrityCheckThread:103 - End integrity checks thread
2024-08-19 22:23:26,512 [ERROR] LogOutputStream:75 - [STDERR_REDIRECT] SLF4J: Failed to load class "org.slf4j.impl.StaticLoggerBinder".
2024-08-19 22:23:26,513 [ERROR] LogOutputStream:75 - [STDERR_REDIRECT] SLF4J: Defaulting to no-operation (NOP) logger implementation
2024-08-19 22:23:26,515 [ERROR] LogOutputStream:75 - [STDERR_REDIRECT] SLF4J: See http://www.slf4j.org/codes.html#StaticLoggerBinder for further details.
