2024-07-18 20:02:39,319 [INFO] Activator:176 - 


2024-07-18 20:02:39,335 [INFO] Activator:177 - !SESSION log4j initialized
2024-07-18 20:02:45,562 [INFO] LogOutputStream:77 - [STDOUT_REDIRECT] 
2024-07-18 20:02:54,608 [INFO] ApplicationProperties:184 - Using Application install path: E:\STM32CubeIDE_1.14.1\STM32CubeIDE\plugins\com.st.stm32cube.common.mx_6.10.0.202311202037
2024-07-18 20:02:54,630 [INFO] DbMcusXml:78 - Set database path to: E:\STM32CubeIDE_1.14.1\STM32CubeIDE\plugins\com.st.stm32cube.common.mx_6.10.0.202311202037\\db\/mcu/
2024-07-18 20:02:54,631 [INFO] ApiDb:274 - Set plugin database path to: E:\STM32CubeIDE_1.14.1\STM32CubeIDE\plugins\com.st.stm32cube.common.mx_6.10.0.202311202037\\db\/plugins/boardmanager/
2024-07-18 20:02:54,632 [WARN] ApiDb:259 - Overriding images path with different value:  => E:\STM32CubeIDE_1.14.1\STM32CubeIDE\plugins\com.st.stm32cube.common.mx_6.10.0.202311202037\\db\/plugins/mcufinder/images/
2024-07-18 20:02:54,642 [INFO] ApiDb:250 - Set database path to: C:\Users\Danil\.stmcufinder\plugins\mcufinder//mcu/
2024-07-18 20:02:54,644 [INFO] DbMcusAds:125 - Set database path to: C:\Users\Danil\.stmcufinder\plugins\mcufinder//mcu/
2024-07-18 20:02:54,646 [INFO] CrossReferenceDbSqlite:203 - Set database path to: C:\Users\Danil\.stmcufinder\plugins\mcufinder//mcu/cs/
2024-07-18 20:02:54,796 [INFO] RulesReader:64 - Compatibility file has been processed (297 Rules)
2024-07-18 20:02:54,882 [INFO] DbMcusXml:78 - Set database path to: E:\STM32CubeIDE_1.14.1\STM32CubeIDE\plugins\com.st.stm32cube.common.mx_6.10.0.202311202037\\db\/mcu/
2024-07-18 20:02:54,882 [INFO] ApiDb:274 - Set plugin database path to: E:\STM32CubeIDE_1.14.1\STM32CubeIDE\plugins\com.st.stm32cube.common.mx_6.10.0.202311202037\\db\/plugins/boardmanager/
2024-07-18 20:02:54,882 [INFO] ApiDb:261 - Set plugin images path to: E:\STM32CubeIDE_1.14.1\STM32CubeIDE\plugins\com.st.stm32cube.common.mx_6.10.0.202311202037\\db\/plugins/mcufinder/images/
2024-07-18 20:02:54,883 [WARN] DbFile:41 - Overriding database path with different value: C:\Users\Danil\.stmcufinder\plugins\mcufinder/ => C:\Users\Danil\.stmcufinder\plugins\mcufinder
2024-07-18 20:02:54,883 [INFO] ApiDb:250 - Set database path to: C:\Users\Danil\.stmcufinder\plugins\mcufinder//mcu/
2024-07-18 20:02:54,883 [WARN] DbFile:41 - Overriding database path with different value: C:\Users\Danil\.stmcufinder\plugins\mcufinder/ => C:\Users\Danil\.stmcufinder\plugins\mcufinder
2024-07-18 20:02:54,883 [INFO] DbMcusAds:125 - Set database path to: C:\Users\Danil\.stmcufinder\plugins\mcufinder//mcu/
2024-07-18 20:02:54,883 [WARN] DbFile:41 - Overriding database path with different value: C:\Users\Danil\.stmcufinder\plugins\mcufinder/ => C:\Users\Danil\.stmcufinder\plugins\mcufinder
2024-07-18 20:02:54,883 [WARN] DbFile:41 - Overriding database path with different value: C:\Users\Danil\.stmcufinder\plugins\mcufinder/ => C:\Users\Danil\.stmcufinder\plugins\mcufinder
2024-07-18 20:02:54,883 [INFO] CrossReferenceDbSqlite:203 - Set database path to: C:\Users\Danil\.stmcufinder\plugins\mcufinder//mcu/cs/
2024-07-18 20:02:54,976 [INFO] MainPanel:264 - HeapMemory: 268435456
2024-07-18 20:02:55,105 [INFO] DbMcusXml:78 - Set database path to: E:\STM32CubeIDE_1.14.1\STM32CubeIDE\plugins\com.st.stm32cube.common.mx_6.10.0.202311202037\\db\/mcu/
2024-07-18 20:02:55,105 [INFO] ApiDb:274 - Set plugin database path to: E:\STM32CubeIDE_1.14.1\STM32CubeIDE\plugins\com.st.stm32cube.common.mx_6.10.0.202311202037\\db\/plugins/boardmanager/
2024-07-18 20:02:55,105 [INFO] ApiDb:261 - Set plugin images path to: E:\STM32CubeIDE_1.14.1\STM32CubeIDE\plugins\com.st.stm32cube.common.mx_6.10.0.202311202037\\db\/plugins/mcufinder/images/
2024-07-18 20:02:55,106 [WARN] DbFile:41 - Overriding database path with different value: C:\Users\Danil\.stmcufinder\plugins\mcufinder/ => C:\Users\Danil\.stmcufinder\plugins\mcufinder
2024-07-18 20:02:55,106 [INFO] ApiDb:250 - Set database path to: C:\Users\Danil\.stmcufinder\plugins\mcufinder//mcu/
2024-07-18 20:02:55,106 [WARN] DbFile:41 - Overriding database path with different value: C:\Users\Danil\.stmcufinder\plugins\mcufinder/ => C:\Users\Danil\.stmcufinder\plugins\mcufinder
2024-07-18 20:02:55,106 [INFO] DbMcusAds:125 - Set database path to: C:\Users\Danil\.stmcufinder\plugins\mcufinder//mcu/
2024-07-18 20:02:55,106 [WARN] DbFile:41 - Overriding database path with different value: C:\Users\Danil\.stmcufinder\plugins\mcufinder/ => C:\Users\Danil\.stmcufinder\plugins\mcufinder
2024-07-18 20:02:55,106 [WARN] DbFile:41 - Overriding database path with different value: C:\Users\Danil\.stmcufinder\plugins\mcufinder/ => C:\Users\Danil\.stmcufinder\plugins\mcufinder
2024-07-18 20:02:55,107 [INFO] CrossReferenceDbSqlite:203 - Set database path to: C:\Users\Danil\.stmcufinder\plugins\mcufinder//mcu/cs/
2024-07-18 20:02:55,129 [INFO] ApplicationProperties:184 - Using Application install path: E:\STM32CubeIDE_1.14.1\STM32CubeIDE\plugins\com.st.stm32cube.common.mx_6.10.0.202311202037
2024-07-18 20:02:55,131 [INFO] PluginManage:196 - Search for loadable plugins [exclusion list=, ]
2024-07-18 20:02:55,133 [INFO] PluginManage:310 - Check plugin analytics
2024-07-18 20:02:55,377 [INFO] AnalyticsPlugin:253 - Accepted Software Licenses: 
2024-07-18 20:02:55,378 [INFO] AnalyticsPlugin:255 - Accepted CMSIS Pack Licenses: 
2024-07-18 20:02:55,378 [INFO] AnalyticsPlugin:257 - Accepted Firmware Licenses: FW.F4.1.28.0
2024-07-18 20:02:55,382 [INFO] PluginManage:359 - Loaded plugin analytics (category:tool,tabindex:-1)
2024-07-18 20:02:55,382 [INFO] PluginManage:310 - Check plugin cadmodel
2024-07-18 20:02:55,402 [INFO] CADModel:105 - Init CAD model plugin
2024-07-18 20:02:55,403 [INFO] PluginManage:359 - Loaded plugin cadmodel (category:power,tabindex:5)
2024-07-18 20:02:55,403 [INFO] PluginManage:310 - Check plugin clock
2024-07-18 20:02:55,420 [INFO] PluginManage:359 - Loaded plugin clock (category:base,tabindex:2)
2024-07-18 20:02:55,421 [INFO] PluginManage:310 - Check plugin ddr
2024-07-18 20:02:55,423 [INFO] PluginManage:359 - Loaded plugin ddr (category:tool,tabindex:6)
2024-07-18 20:02:55,423 [INFO] PluginManage:310 - Check plugin filemanager
2024-07-18 20:02:55,621 [INFO] PluginManage:359 - Loaded plugin filemanager (category:base,tabindex:10)
2024-07-18 20:02:55,621 [INFO] PluginManage:310 - Check plugin ipmanager
2024-07-18 20:02:55,628 [INFO] PluginManage:359 - Loaded plugin ipmanager (category:base,tabindex:5)
2024-07-18 20:02:55,628 [INFO] PluginManage:310 - Check plugin lpbam
2024-07-18 20:02:55,823 [INFO] PluginManage:359 - Loaded plugin lpbam (category:base,tabindex:0)
2024-07-18 20:02:55,823 [INFO] PluginManage:310 - Check plugin memorymap
2024-07-18 20:02:55,993 [INFO] PluginManage:359 - Loaded plugin memorymap (category:base,tabindex:4)
2024-07-18 20:02:55,993 [INFO] PluginManage:310 - Check plugin pinoutandconfiguration
2024-07-18 20:02:56,006 [INFO] PluginManage:359 - Loaded plugin pinoutandconfiguration (category:base,tabindex:1)
2024-07-18 20:02:56,007 [INFO] PluginManage:310 - Check plugin pinoutconfig
2024-07-18 20:02:56,109 [WARN] SupportedApi:132 - Cannot load RTOS API schema: s4s-elt-must-match.1: The content of 'definitions' must match (annotation?, (simpleType | complexType)?, (unique | key | keyref)*)). A problem was found starting at: attribute.
2024-07-18 20:02:56,237 [INFO] PluginManage:359 - Loaded plugin pinoutconfig (category:base,tabindex:0)
2024-07-18 20:02:56,238 [INFO] PluginManage:310 - Check plugin power
2024-07-18 20:02:56,303 [INFO] PluginManage:359 - Loaded plugin power (category:power,tabindex:4)
2024-07-18 20:02:56,304 [INFO] PluginManage:310 - Check plugin projectmanager
2024-07-18 20:02:56,329 [INFO] PluginManage:359 - Loaded plugin projectmanager (category:projectmanager,tabindex:3)
2024-07-18 20:02:56,329 [INFO] PluginManage:310 - Check plugin thirdparty
2024-07-18 20:02:56,586 [INFO] PluginManage:359 - Loaded plugin thirdparty (category:base,tabindex:-1)
2024-07-18 20:02:56,587 [INFO] PluginManage:310 - Check plugin tools
2024-07-18 20:02:56,586 [WARN] IntegrityCheckThread:84 - waiting for thirdparty lock release [integrity check]
2024-07-18 20:02:56,587 [INFO] IntegrityCheckThread:86 - entering critical section [integrity check]
2024-07-18 20:02:56,588 [INFO] ThirdPartyUpdaterWithRetryManager:70 - Updater plugin not ready yet. [1/15]
2024-07-18 20:02:56,610 [INFO] PluginManage:359 - Loaded plugin tools (category:base,tabindex:7)
2024-07-18 20:02:56,610 [INFO] PluginManage:310 - Check plugin tutovideos
2024-07-18 20:02:56,895 [INFO] PluginManage:359 - Loaded plugin tutovideos (category:base,tabindex:-1)
2024-07-18 20:02:56,896 [INFO] PluginManage:310 - Check plugin updater
2024-07-18 20:02:56,907 [INFO] PluginManage:359 - Loaded plugin updater (category:base,tabindex:12)
2024-07-18 20:02:56,907 [INFO] PluginManage:310 - Check plugin userauth
2024-07-18 20:02:56,913 [INFO] UserAuth:114 - Init User Auth plugin
2024-07-18 20:02:56,913 [INFO] PluginManage:359 - Loaded plugin userauth (category:base,tabindex:14)
2024-07-18 20:02:56,914 [INFO] PluginManage:283 - PluginManage : Loaded plugins [17]
2024-07-18 20:02:57,531 [INFO] PinOutPanel:1499 - setPackage(No Configuration,No Configuration)
2024-07-18 20:02:57,644 [INFO] CADModel:165 - CPN selected for project level
2024-07-18 20:02:57,644 [INFO] CADModel:114 - Register for checkConnection events
2024-07-18 20:02:57,736 [INFO] IPUIPlugin:80 - create IPUIPlugin
2024-07-18 20:02:57,736 [INFO] PluginManager:220 - loadIPPluginJar : add adc
2024-07-18 20:02:57,759 [INFO] IPUIPlugin:80 - create IPUIPlugin
2024-07-18 20:02:57,759 [INFO] PluginManager:220 - loadIPPluginJar : add aes
2024-07-18 20:02:57,785 [INFO] IPUIPlugin:80 - create IPUIPlugin
2024-07-18 20:02:57,785 [INFO] PluginManager:220 - loadIPPluginJar : add can
2024-07-18 20:02:57,800 [INFO] IPUIPlugin:80 - create IPUIPlugin
2024-07-18 20:02:57,800 [INFO] PluginManager:220 - loadIPPluginJar : add comp
2024-07-18 20:02:57,825 [INFO] IPUIPlugin:80 - create IPUIPlugin
2024-07-18 20:02:57,825 [INFO] PluginManager:220 - loadIPPluginJar : add cryp
2024-07-18 20:02:57,845 [INFO] IPUIPlugin:80 - create IPUIPlugin
2024-07-18 20:02:57,846 [INFO] PluginManager:220 - loadIPPluginJar : add dfsdm
2024-07-18 20:02:57,902 [INFO] IPUIPlugin:80 - create IPUIPlugin
2024-07-18 20:02:57,903 [INFO] PluginManager:220 - loadIPPluginJar : add dma
2024-07-18 20:02:57,932 [INFO] IPUIPlugin:80 - create IPUIPlugin
2024-07-18 20:02:57,932 [INFO] PluginManager:220 - loadIPPluginJar : add dma3
2024-07-18 20:02:57,947 [INFO] IPUIPlugin:80 - create IPUIPlugin
2024-07-18 20:02:57,947 [INFO] PluginManager:220 - loadIPPluginJar : add fatfs
2024-07-18 20:02:57,974 [INFO] IPUIPlugin:80 - create IPUIPlugin
2024-07-18 20:02:57,974 [INFO] PluginManager:220 - loadIPPluginJar : add fmc
2024-07-18 20:02:57,986 [INFO] IPUIPlugin:80 - create IPUIPlugin
2024-07-18 20:02:57,987 [INFO] PluginManager:220 - loadIPPluginJar : add freertos
2024-07-18 20:02:58,000 [INFO] IPUIPlugin:80 - create IPUIPlugin
2024-07-18 20:02:58,000 [INFO] PluginManager:220 - loadIPPluginJar : add genericplugin
2024-07-18 20:02:58,053 [INFO] IPUIPlugin:80 - create IPUIPlugin
2024-07-18 20:02:58,053 [INFO] PluginManager:220 - loadIPPluginJar : add gfxmmu
2024-07-18 20:02:58,129 [INFO] IPUIPlugin:80 - create IPUIPlugin
2024-07-18 20:02:58,130 [INFO] PluginManager:220 - loadIPPluginJar : add gic
2024-07-18 20:02:58,264 [INFO] IPUIPlugin:80 - create IPUIPlugin
2024-07-18 20:02:58,265 [INFO] PluginManager:220 - loadIPPluginJar : add gpio
2024-07-18 20:02:58,310 [INFO] IPUIPlugin:80 - create IPUIPlugin
2024-07-18 20:02:58,310 [INFO] PluginManager:220 - loadIPPluginJar : add gtzc
2024-07-18 20:02:58,329 [INFO] IPUIPlugin:80 - create IPUIPlugin
2024-07-18 20:02:58,329 [INFO] PluginManager:220 - loadIPPluginJar : add hash
2024-07-18 20:02:58,358 [INFO] IPUIPlugin:80 - create IPUIPlugin
2024-07-18 20:02:58,359 [INFO] PluginManager:220 - loadIPPluginJar : add i2c
2024-07-18 20:02:58,380 [INFO] IPUIPlugin:80 - create IPUIPlugin
2024-07-18 20:02:58,381 [INFO] PluginManager:220 - loadIPPluginJar : add i2s
2024-07-18 20:02:58,402 [INFO] IPUIPlugin:80 - create IPUIPlugin
2024-07-18 20:02:58,403 [INFO] PluginManager:220 - loadIPPluginJar : add i3c
2024-07-18 20:02:58,442 [INFO] IPUIPlugin:80 - create IPUIPlugin
2024-07-18 20:02:58,442 [INFO] PluginManager:220 - loadIPPluginJar : add ipddr
2024-07-18 20:02:58,491 [INFO] IPUIPlugin:80 - create IPUIPlugin
2024-07-18 20:02:58,491 [INFO] PluginManager:220 - loadIPPluginJar : add linkedlist
2024-07-18 20:02:58,511 [INFO] IPUIPlugin:80 - create IPUIPlugin
2024-07-18 20:02:58,511 [INFO] PluginManager:220 - loadIPPluginJar : add lorawan
2024-07-18 20:02:58,531 [INFO] IPUIPlugin:80 - create IPUIPlugin
2024-07-18 20:02:58,531 [INFO] PluginManager:220 - loadIPPluginJar : add ltdc
2024-07-18 20:02:58,635 [INFO] IPUIPlugin:80 - create IPUIPlugin
2024-07-18 20:02:58,635 [INFO] PluginManager:220 - loadIPPluginJar : add mdma
2024-07-18 20:02:58,760 [INFO] IPUIPlugin:80 - create IPUIPlugin
2024-07-18 20:02:58,760 [INFO] PluginManager:220 - loadIPPluginJar : add nvic
2024-07-18 20:02:58,780 [INFO] IPUIPlugin:80 - create IPUIPlugin
2024-07-18 20:02:58,780 [INFO] PluginManager:220 - loadIPPluginJar : add opamp
2024-07-18 20:02:58,813 [INFO] IPUIPlugin:80 - create IPUIPlugin
2024-07-18 20:02:58,813 [INFO] PluginManager:220 - loadIPPluginJar : add openamp
2024-07-18 20:02:58,836 [INFO] IPUIPlugin:80 - create IPUIPlugin
2024-07-18 20:02:58,836 [INFO] PluginManager:220 - loadIPPluginJar : add pdm2pcm
2024-07-18 20:02:58,928 [INFO] IPUIPlugin:80 - create IPUIPlugin
2024-07-18 20:02:58,930 [INFO] PluginManager:220 - loadIPPluginJar : add plateformsettings
2024-07-18 20:02:58,941 [INFO] IPUIPlugin:80 - create IPUIPlugin
2024-07-18 20:02:58,941 [INFO] PluginManager:220 - loadIPPluginJar : add quadspi
2024-07-18 20:02:58,950 [INFO] IPUIPlugin:80 - create IPUIPlugin
2024-07-18 20:02:58,950 [INFO] PluginManager:220 - loadIPPluginJar : add resmgrutility
2024-07-18 20:02:58,972 [INFO] IPUIPlugin:80 - create IPUIPlugin
2024-07-18 20:02:58,972 [INFO] PluginManager:220 - loadIPPluginJar : add sai
2024-07-18 20:02:58,992 [INFO] IPUIPlugin:80 - create IPUIPlugin
2024-07-18 20:02:58,992 [INFO] PluginManager:220 - loadIPPluginJar : add spi
2024-07-18 20:02:59,022 [INFO] IPUIPlugin:80 - create IPUIPlugin
2024-07-18 20:02:59,022 [INFO] PluginManager:220 - loadIPPluginJar : add stm32_wpan
2024-07-18 20:02:59,034 [INFO] IPUIPlugin:80 - create IPUIPlugin
2024-07-18 20:02:59,034 [INFO] PluginManager:220 - loadIPPluginJar : add tim
2024-07-18 20:02:59,058 [INFO] IPUIPlugin:80 - create IPUIPlugin
2024-07-18 20:02:59,058 [INFO] PluginManager:220 - loadIPPluginJar : add touchsensing
2024-07-18 20:02:59,072 [INFO] IPUIPlugin:80 - create IPUIPlugin
2024-07-18 20:02:59,072 [INFO] PluginManager:220 - loadIPPluginJar : add tracer_emb
2024-07-18 20:02:59,084 [INFO] IPUIPlugin:80 - create IPUIPlugin
2024-07-18 20:02:59,085 [INFO] PluginManager:220 - loadIPPluginJar : add ts
2024-07-18 20:02:59,097 [INFO] IPUIPlugin:80 - create IPUIPlugin
2024-07-18 20:02:59,097 [INFO] PluginManager:220 - loadIPPluginJar : add tsc
2024-07-18 20:02:59,109 [INFO] IPUIPlugin:80 - create IPUIPlugin
2024-07-18 20:02:59,109 [INFO] PluginManager:220 - loadIPPluginJar : add ucpd
2024-07-18 20:02:59,128 [INFO] IPUIPlugin:80 - create IPUIPlugin
2024-07-18 20:02:59,128 [INFO] PluginManager:220 - loadIPPluginJar : add usart
2024-07-18 20:02:59,146 [INFO] IPUIPlugin:80 - create IPUIPlugin
2024-07-18 20:02:59,146 [INFO] PluginManager:220 - loadIPPluginJar : add usbx
2024-07-18 20:02:59,272 [INFO] CADModel:165 - CPN selected for project level
2024-07-18 20:02:59,272 [INFO] CADModel:114 - Register for checkConnection events
2024-07-18 20:02:59,272 [FATAL] Updater:308 - Updater called before beeing initialized
2024-07-18 20:02:59,272 [ERROR] CADModel:125 - Updater not yet initialized, retry later 
2024-07-18 20:02:59,457 [INFO] CADModel:165 - CPN selected for project level
2024-07-18 20:02:59,458 [INFO] CADModel:114 - Register for checkConnection events
2024-07-18 20:02:59,458 [FATAL] Updater:308 - Updater called before beeing initialized
2024-07-18 20:02:59,458 [ERROR] CADModel:125 - Updater not yet initialized, retry later 
2024-07-18 20:02:59,463 [FATAL] Updater:308 - Updater called before beeing initialized
2024-07-18 20:02:59,589 [INFO] ThirdPartyUpdaterWithRetryManager:70 - Updater plugin not ready yet. [2/15]
2024-07-18 20:02:59,619 [FATAL] Updater:308 - Updater called before beeing initialized
2024-07-18 20:02:59,628 [INFO] DbMcusAds:53 - JSON generation date=Wed Nov 29 18:52:27 IRKT 2023 (1701255147349)
2024-07-18 20:02:59,628 [FATAL] Updater:308 - Updater called before beeing initialized
2024-07-18 20:02:59,765 [WARN] DetailPanel:346 - Failed to get advertising image, set to default
2024-07-18 20:02:59,979 [FATAL] Updater:308 - Updater called before beeing initialized
2024-07-18 20:02:59,982 [FATAL] Updater:308 - Updater called before beeing initialized
2024-07-18 20:02:59,982 [FATAL] Updater:308 - Updater called before beeing initialized
2024-07-18 20:02:59,983 [WARN] DetailPanel:346 - Failed to get advertising image, set to default
2024-07-18 20:02:59,984 [FATAL] Updater:308 - Updater called before beeing initialized
2024-07-18 20:03:00,195 [ERROR] Updater:1120 - MainUpdater not yet initialized. External WinMGr cannot be set.
2024-07-18 20:03:00,205 [INFO] Updater:1056 - Updater Version found : 6.10.0
2024-07-18 20:03:00,231 [INFO] ApplicationProperties:184 - Using Application install path: E:\STM32CubeIDE_1.14.1\STM32CubeIDE\plugins\com.st.stm32cube.common.mx_6.10.0.202311202037
2024-07-18 20:03:01,803 [ERROR] LogOutputStream:75 - [STDERR_REDIRECT] Jul 18, 2024 8:03:01 PM java.util.prefs.WindowsPreferences <init>
2024-07-18 20:03:01,806 [ERROR] LogOutputStream:75 - [STDERR_REDIRECT] WARNING: Could not open/create prefs root node Software\JavaSoft\Prefs at root 0xffffffff80000002. Windows RegCreateKeyEx(...) returned error code 5.
2024-07-18 20:03:01,806 [ERROR] LogOutputStream:75 - [STDERR_REDIRECT] 
2024-07-18 20:03:02,241 [ERROR] CheckConnectionManager:249 - Problem, Http access forbiden
2024-07-18 20:03:02,246 [INFO] MainUpdater:2873 - connection check result : 22
2024-07-18 20:03:02,247 [INFO] MainUpdater:290 - Updater Check For Update Now.
2024-07-18 20:03:02,248 [INFO] MicroXplorer:498 - Change Database Version : DB.6.0.100
2024-07-18 20:03:02,262 [INFO] McuFinderGlobals:63 - Set McuFinder mode to 2 (CubeIDE integrated)
2024-07-18 20:03:02,365 [INFO] UserAuth:404 - Internet connection configuration mode: 2
2024-07-18 20:03:02,490 [INFO] CheckServerUpdateThread:120 - End of CheckServer Thread
2024-07-18 20:03:02,826 [WARN] PackLoader:240 - Cannot read IP mode file for STMicroelectronics.X-CUBE-SMBUS.2.1.0
2024-07-18 20:03:02,837 [WARN] PackLoader:240 - Cannot read IP mode file for STMicroelectronics.X-CUBE-TOUCHGFX.4.23.0
2024-07-18 20:03:02,842 [WARN] PackLoader:240 - Cannot read IP mode file for STMicroelectronics.X-CUBE-TOUCHGFX.4.23.2
2024-07-18 20:03:02,882 [WARN] PackLoader:240 - Cannot read IP mode file for STMicroelectronics.X-CUBE-AZRTOS-F7.1.1.0
2024-07-18 20:03:02,896 [WARN] PackLoader:240 - Cannot read IP mode file for STMicroelectronics.FP-SNS-MOTENV1.4.3.2
2024-07-18 20:03:02,904 [WARN] PackLoader:240 - Cannot read IP mode file for STMicroelectronics.FP-SNS-FLIGHT1.5.0.2
2024-07-18 20:03:02,919 [WARN] PackLoader:240 - Cannot read IP mode file for STMicroelectronics.X-CUBE-DISPLAY.3.0.0
2024-07-18 20:03:02,941 [WARN] PackLoader:240 - Cannot read IP mode file for STMicroelectronics.X-CUBE-BLE1.7.0.0
2024-07-18 20:03:02,951 [WARN] PackLoader:240 - Cannot read IP mode file for emotas.I-CUBE-CANOPEN.1.3.0
2024-07-18 20:03:02,969 [WARN] PackLoader:240 - Cannot read IP mode file for STMicroelectronics.X-CUBE-BLEMGR.3.1.0
2024-07-18 20:03:02,980 [WARN] PackLoader:240 - Cannot read IP mode file for STMicroelectronics.FP-SNS-SMARTAG2.1.2.0
2024-07-18 20:03:02,992 [INFO] LogOutputStream:77 - [STDOUT_REDIRECT] 1 : Invalid condition id : UX_CORESTACK_Condition cause : null
2024-07-18 20:03:02,992 [INFO] LogOutputStream:77 - [STDOUT_REDIRECT] 1 : Invalid condition id : UX_CORESTACK_Condition cause : null
2024-07-18 20:03:02,994 [INFO] LogOutputStream:77 - [STDOUT_REDIRECT] 1 : Invalid condition id : UX_CORESTACK_Condition cause : null
2024-07-18 20:03:02,995 [INFO] LogOutputStream:77 - [STDOUT_REDIRECT] 1 : Invalid condition id : UX_CORESTACK_Condition cause : null
2024-07-18 20:03:02,996 [INFO] LogOutputStream:77 - [STDOUT_REDIRECT] 1 : Invalid condition id : UX_CORESTACK_Condition cause : null
2024-07-18 20:03:03,000 [WARN] PackLoader:240 - Cannot read IP mode file for STMicroelectronics.X-CUBE-AZRTOS-WL.2.0.0
2024-07-18 20:03:03,006 [WARN] PackLoader:240 - Cannot read IP mode file for STMicroelectronics.FP-SNS-MOTENV1.5.0.0
2024-07-18 20:03:03,029 [WARN] PackLoader:240 - Cannot read IP mode file for WES.I-CUBE-Cesium.1.3.0
2024-07-18 20:03:03,036 [WARN] PackLoader:240 - Cannot read IP mode file for STMicroelectronics.X-CUBE-BLE2.3.3.0
2024-07-18 20:03:03,045 [WARN] PackLoader:240 - Cannot read IP mode file for STMicroelectronics.X-CUBE-TCPP.4.1.0
2024-07-18 20:03:03,062 [WARN] PackLoader:240 - Cannot read IP mode file for STMicroelectronics.X-CUBE-ALGOBUILD.1.3.0
2024-07-18 20:03:03,102 [WARN] PackLoader:240 - Cannot read IP mode file for STMicroelectronics.X-CUBE-AZRTOS-G0.1.1.0
2024-07-18 20:03:03,118 [WARN] PackLoader:240 - Cannot read IP mode file for STMicroelectronics.X-CUBE-SAFEA1.1.2.2
2024-07-18 20:03:03,130 [WARN] PackLoader:240 - Cannot read IP mode file for STMicroelectronics.X-CUBE-NFC4.3.0.0
2024-07-18 20:03:03,148 [WARN] PackLoader:240 - Cannot read IP mode file for STMicroelectronics.X-CUBE-BLEMGR.3.0.0
2024-07-18 20:03:03,171 [WARN] PackLoader:240 - Cannot read IP mode file for STMicroelectronics.FP-ATR-SIGFOX1.3.2.0
2024-07-18 20:03:03,182 [WARN] PackLoader:240 - Cannot read IP mode file for STMicroelectronics.X-CUBE-EEPRMA1.5.1.0
2024-07-18 20:03:03,243 [WARN] PackLoader:240 - Cannot read IP mode file for SEGGER.I-CUBE-embOS.1.3.1
2024-07-18 20:03:03,334 [WARN] PackLoader:240 - Cannot read IP mode file for STMicroelectronics.X-CUBE-GNSS1.6.0.0
2024-07-18 20:03:03,358 [WARN] PackLoader:240 - Cannot read IP mode file for STMicroelectronics.X-CUBE-AZRTOS-F4.1.1.0
2024-07-18 20:03:03,369 [WARN] PackLoader:240 - Cannot read IP mode file for wolfSSL.I-CUBE-wolfSSL.5.6.6
2024-07-18 20:03:03,390 [WARN] PackLoader:240 - Cannot read IP mode file for STMicroelectronics.X-CUBE-AZRTOS-L5.2.0.0
2024-07-18 20:03:03,408 [WARN] PackLoader:240 - Cannot read IP mode file for STMicroelectronics.X-CUBE-NFC6.3.1.0
2024-07-18 20:03:03,419 [WARN] PackLoader:240 - Cannot read IP mode file for ITTIA_DB.I-CUBE-ITTIADB.8.8.0
2024-07-18 20:03:03,425 [WARN] PackLoader:240 - Cannot read IP mode file for STMicroelectronics.X-CUBE-NFC7.1.0.1
2024-07-18 20:03:03,434 [WARN] PackLoader:240 - Cannot read IP mode file for STMicroelectronics.X-CUBE-NFC6.3.0.0
2024-07-18 20:03:03,441 [WARN] PackLoader:240 - Cannot read IP mode file for STMicroelectronics.X-CUBE-AI.8.1.0
2024-07-18 20:03:03,471 [WARN] ConditionMgr:438 - getConditionDescription Invalid condition id : LAN8742 Phy interface Condition cause : null
2024-07-18 20:03:03,472 [WARN] PackLoader:240 - Cannot read IP mode file for STMicroelectronics.X-CUBE-AZRTOS-L4.2.0.0
2024-07-18 20:03:03,474 [WARN] ConditionMgr:1039 - genDependencies : Invalid condition id : LAN8742 Phy interface Condition cause : null
2024-07-18 20:03:03,474 [WARN] ConditionMgr:1039 - genDependencies : Invalid condition id : LAN8742 Phy interface Condition cause : null
2024-07-18 20:03:03,475 [WARN] ConditionMgr:1039 - genDependencies : Invalid condition id : LAN8742 Phy interface Condition cause : null
2024-07-18 20:03:03,486 [WARN] PackLoader:240 - Cannot read IP mode file for STMicroelectronics.X-CUBE-SFXS2LP1.4.0.0
2024-07-18 20:03:03,504 [WARN] ConditionMgr:438 - getConditionDescription Invalid condition id : UX DEVICE CLASS RTOS Condition cause : null
2024-07-18 20:03:03,505 [WARN] ConditionMgr:438 - getConditionDescription Invalid condition id : UX DEVICE CLASS RTOS Condition cause : null
2024-07-18 20:03:03,509 [WARN] PackLoader:240 - Cannot read IP mode file for STMicroelectronics.X-CUBE-AZRTOS-WB.2.0.0
2024-07-18 20:03:03,510 [WARN] ConditionMgr:1039 - genDependencies : Invalid condition id : UX DEVICE CLASS RTOS Condition cause : null
2024-07-18 20:03:03,510 [WARN] ConditionMgr:1039 - genDependencies : Invalid condition id : UX DEVICE CLASS RTOS Condition cause : null
2024-07-18 20:03:03,511 [WARN] ConditionMgr:1039 - genDependencies : Invalid condition id : UX DEVICE CLASS RTOS Condition cause : null
2024-07-18 20:03:03,511 [WARN] ConditionMgr:1039 - genDependencies : Invalid condition id : UX DEVICE CLASS RTOS Condition cause : null
2024-07-18 20:03:03,511 [WARN] ConditionMgr:1039 - genDependencies : Invalid condition id : UX DEVICE CLASS RTOS Condition cause : null
2024-07-18 20:03:03,527 [WARN] PackLoader:240 - Cannot read IP mode file for STMicroelectronics.X-CUBE-SUBG2.5.0.0
2024-07-18 20:03:03,568 [WARN] PackLoader:240 - Cannot read IP mode file for STMicroelectronics.X-CUBE-AZRTOS-G4.2.0.0
2024-07-18 20:03:03,598 [WARN] PackLoader:240 - Cannot read IP mode file for Infineon.AIROC-Wi-Fi-Bluetooth-STM32.1.5.1
2024-07-18 20:03:03,614 [WARN] PackLoader:240 - Cannot read IP mode file for STMicroelectronics.FP-SNS-MOTENVWB1.1.3.1
2024-07-18 20:03:03,626 [WARN] PackLoader:240 - Cannot read IP mode file for STMicroelectronics.X-CUBE-ISPU.2.0.0
2024-07-18 20:03:03,727 [WARN] PackLoader:240 - Cannot read IP mode file for STMicroelectronics.X-CUBE-MEMS1.10.0.0
2024-07-18 20:03:03,956 [WARN] PackLoader:240 - Cannot read IP mode file for STMicroelectronics.X-CUBE-FREERTOS.1.1.0
2024-07-18 20:03:03,965 [WARN] PackLoader:240 - Cannot read IP mode file for portGmbH.I-Cube-SoM-uGOAL.1.1.0
2024-07-18 20:03:03,971 [WARN] PackLoader:240 - Cannot read IP mode file for STMicroelectronics.X-CUBE-ALS.1.0.1
2024-07-18 20:03:03,978 [WARN] PackLoader:240 - Cannot read IP mode file for STMicroelectronics.FP-ATR-ASTRA1.2.0.0
2024-07-18 20:03:03,996 [WARN] PackLoader:240 - Cannot read IP mode file for STMicroelectronics.X-CUBE-TOF1.3.4.0
2024-07-18 20:03:04,022 [WARN] PackLoader:240 - Cannot read IP mode file for STMicroelectronics.X-CUBE-TOF1.3.4.1
2024-07-18 20:03:04,065 [WARN] PackLoader:240 - Cannot read IP mode file for STMicroelectronics.X-CUBE-AZRTOS-H7.3.2.0
2024-07-18 20:03:04,069 [INFO] ThirdParty:978 - Integrity check success = true
2024-07-18 20:03:04,069 [INFO] IntegrityCheckThread:100 - exiting critical section [integrity check]
2024-07-18 20:03:04,069 [INFO] IntegrityCheckThread:103 - End integrity checks thread
2024-07-18 20:03:23,144 [ERROR] LogOutputStream:75 - [STDERR_REDIRECT] SLF4J: Failed to load class "org.slf4j.impl.StaticLoggerBinder".
2024-07-18 20:03:23,145 [ERROR] LogOutputStream:75 - [STDERR_REDIRECT] SLF4J: Defaulting to no-operation (NOP) logger implementation
2024-07-18 20:03:23,147 [ERROR] LogOutputStream:75 - [STDERR_REDIRECT] SLF4J: See http://www.slf4j.org/codes.html#StaticLoggerBinder for further details.
2024-07-18 21:18:25,854 [INFO] McuFinderGlobals:63 - Set McuFinder mode to 2 (CubeIDE integrated)
2024-07-18 21:18:26,154 [ERROR] CheckConnectionManager:249 - Problem, Http access forbiden
2024-07-18 21:18:26,158 [INFO] MainUpdater:2873 - connection check result : 22
2024-07-18 21:18:26,328 [INFO] MicroXplorer:468 - Change Database Path : 
2024-07-18 21:18:26,328 [INFO] MicroXplorer:498 - Change Database Version : DB.6.0.100
2024-07-18 21:18:26,332 [WARN] ThirdParty:871 - waiting for thirdparty lock release [close project]
2024-07-18 21:18:26,332 [INFO] ThirdParty:873 - entering critical section [close project]
2024-07-18 21:18:26,333 [INFO] ThirdParty:883 - exiting critical section [close project]
2024-07-18 21:18:26,335 [INFO] PinOutPanel:1499 - setPackage(No Configuration,No Configuration)
2024-07-18 21:18:26,339 [INFO] UtilMem:75 - Begin LoadConfig() Used Memory: 334630776 Bytes (549453824)
2024-07-18 21:18:26,340 [INFO] MicroXplorer:468 - Change Database Path : 
2024-07-18 21:18:26,340 [INFO] MicroXplorer:498 - Change Database Version : DB.6.0.100
2024-07-18 21:18:26,340 [INFO] OpenFileManager:312 - Change cursor
2024-07-18 21:18:26,382 [INFO] Mcu:2016 - Initializing MCU STM32F407V(E-G)Tx STM32F407VETx STM32F407VET6
2024-07-18 21:18:28,161 [INFO] Context:659 - Trying to add GPIOservice into a context  which must be forbidden
2024-07-18 21:18:28,777 [INFO] RtosManager:555 - Registered RTOS mode: class=CMSIS, group=RTOS, mode=CMSIS_V1, owner=FREERTOS
2024-07-18 21:18:28,777 [INFO] RtosManager:555 - Registered RTOS mode: class=CMSIS, group=RTOS2, mode=CMSIS_V2, owner=FREERTOS
2024-07-18 21:18:28,777 [INFO] RtosManager:555 - Registered RTOS mode: class=RTOS, group=Core, mode=CMSIS_V1, owner=FREERTOS
2024-07-18 21:18:28,777 [INFO] RtosManager:555 - Registered RTOS mode: class=RTOS, group=Core, mode=CMSIS_V2, owner=FREERTOS
2024-07-18 21:18:28,778 [WARN] ModelIntegratedComponent:184 - Missing modes for component STMicroelectronics:FreeRTOS:0.0.1:STMicroelectronics:RTOS:FreeRTOS:Core:::10.2.0:
2024-07-18 21:18:28,795 [WARN] ModelIntegratedComponent:63 - No mode defined for component null
2024-07-18 21:18:28,796 [WARN] ModelIntegratedComponent:63 - No mode defined for component null
2024-07-18 21:18:28,796 [WARN] ModelIntegratedComponent:63 - No mode defined for component null
2024-07-18 21:18:28,796 [WARN] ModelIntegratedComponent:63 - No mode defined for component null
2024-07-18 21:18:28,796 [WARN] ModelIntegratedComponent:63 - No mode defined for component null
2024-07-18 21:18:28,796 [WARN] ModelIntegratedComponent:63 - No mode defined for component null
2024-07-18 21:18:28,796 [WARN] ModelIntegratedComponent:63 - No mode defined for component null
2024-07-18 21:18:28,796 [WARN] ModelIntegratedComponent:63 - No mode defined for component null
2024-07-18 21:18:28,796 [WARN] ModelIntegratedComponent:63 - No mode defined for component null
2024-07-18 21:18:28,796 [WARN] ModelIntegratedComponent:63 - No mode defined for component null
2024-07-18 21:18:28,796 [WARN] ModelIntegratedComponent:63 - No mode defined for component null
2024-07-18 21:18:28,796 [WARN] ModelIntegratedComponent:63 - No mode defined for component null
2024-07-18 21:18:28,796 [WARN] ModelIntegratedComponent:63 - No mode defined for component null
2024-07-18 21:18:28,796 [WARN] ModelIntegratedComponent:63 - No mode defined for component null
2024-07-18 21:18:28,796 [WARN] ModelIntegratedComponent:63 - No mode defined for component null
2024-07-18 21:18:28,796 [WARN] ModelIntegratedComponent:63 - No mode defined for component null
2024-07-18 21:18:28,796 [WARN] ModelIntegratedComponent:63 - No mode defined for component null
2024-07-18 21:18:28,797 [WARN] ModelIntegratedComponent:63 - No mode defined for component null
2024-07-18 21:18:28,797 [WARN] ModelIntegratedComponent:63 - No mode defined for component null
2024-07-18 21:18:28,797 [WARN] ModelIntegratedComponent:63 - No mode defined for component null
2024-07-18 21:18:28,797 [WARN] ModelIntegratedComponent:63 - No mode defined for component null
2024-07-18 21:18:28,797 [WARN] ModelIntegratedComponent:63 - No mode defined for component null
2024-07-18 21:18:28,797 [WARN] ModelIntegratedComponent:63 - No mode defined for component null
2024-07-18 21:18:28,797 [WARN] ModelIntegratedComponent:63 - No mode defined for component null
2024-07-18 21:18:28,797 [WARN] ModelIntegratedComponent:63 - No mode defined for component null
2024-07-18 21:18:28,797 [WARN] ModelIntegratedComponent:63 - No mode defined for component null
2024-07-18 21:18:28,797 [WARN] ModelIntegratedComponent:63 - No mode defined for component null
2024-07-18 21:18:28,797 [WARN] ModelIntegratedComponent:63 - No mode defined for component null
2024-07-18 21:18:28,797 [WARN] ModelIntegratedComponent:63 - No mode defined for component null
2024-07-18 21:18:28,797 [WARN] ModelIntegratedComponent:63 - No mode defined for component null
2024-07-18 21:18:28,797 [WARN] ModelIntegratedComponent:63 - No mode defined for component null
2024-07-18 21:18:28,797 [WARN] ModelIntegratedComponent:63 - No mode defined for component null
2024-07-18 21:18:28,798 [WARN] ModelIntegratedComponent:63 - No mode defined for component null
2024-07-18 21:18:29,018 [INFO] ThirdPartyModel:298 - Start build external matchings
2024-07-18 21:18:29,441 [INFO] ThirdPartyModel:316 - End build external matchings
2024-07-18 21:18:29,460 [INFO] ImportTextPane:194 - (OptionalMessage_ERROR) IP (DMA) : Parameter (Instance) has Id (USART3_RX) currently not set
2024-07-18 21:18:29,460 [INFO] ImportTextPane:194 - (OptionalMessage_ERROR) IP (DMA) : Parameter (Channel) has Id (USART3_RX) currently not set
2024-07-18 21:18:29,460 [INFO] ImportTextPane:194 - (OptionalMessage_ERROR) IP (DMA) : Parameter (Direction) has Id (USART3_RX) currently not set
2024-07-18 21:18:29,461 [INFO] ImportTextPane:194 - (OptionalMessage_ERROR) IP (DMA) : Parameter (PeriphInc) has Id (USART3_RX) currently not set
2024-07-18 21:18:29,461 [INFO] ImportTextPane:194 - (OptionalMessage_ERROR) IP (DMA) : Parameter (MemInc) has Id (USART3_RX) currently not set
2024-07-18 21:18:29,461 [INFO] ImportTextPane:194 - (OptionalMessage_ERROR) IP (DMA) : Parameter (PeriphDataAlignment) has Id (USART3_RX) currently not set
2024-07-18 21:18:29,461 [INFO] ImportTextPane:194 - (OptionalMessage_ERROR) IP (DMA) : Parameter (MemDataAlignment) has Id (USART3_RX) currently not set
2024-07-18 21:18:29,461 [INFO] ImportTextPane:194 - (OptionalMessage_ERROR) IP (DMA) : Parameter (Mode) has Id (USART3_RX) currently not set
2024-07-18 21:18:29,461 [INFO] ImportTextPane:194 - (OptionalMessage_ERROR) IP (DMA) : Parameter (Priority) has Id (USART3_RX) currently not set
2024-07-18 21:18:29,461 [INFO] ImportTextPane:194 - (OptionalMessage_ERROR) IP (DMA) : Parameter (FIFOMode) has Id (USART3_RX) currently not set
2024-07-18 21:18:29,462 [INFO] ImportTextPane:194 - (OptionalMessage_ERROR) IP (DMA) : Parameter (FIFOThreshold) has Id (USART3_RX) currently not set
2024-07-18 21:18:29,462 [INFO] ImportTextPane:194 - (OptionalMessage_ERROR) IP (DMA) : Parameter (FIFOThreshold) has invalid value (null)
2024-07-18 21:18:29,462 [INFO] ImportTextPane:194 - (OptionalMessage_ERROR) IP (DMA) : Parameter (MemBurst) has Id (USART3_RX) currently not set
2024-07-18 21:18:29,462 [INFO] ImportTextPane:194 - (OptionalMessage_ERROR) IP (DMA) : Parameter (MemBurst) has invalid value (null)
2024-07-18 21:18:29,462 [INFO] ImportTextPane:194 - (OptionalMessage_ERROR) IP (DMA) : Parameter (PeriphBurst) has Id (USART3_RX) currently not set
2024-07-18 21:18:29,462 [INFO] ImportTextPane:194 - (OptionalMessage_ERROR) IP (DMA) : Parameter (PeriphBurst) has invalid value (null)
2024-07-18 21:18:29,462 [INFO] ImportTextPane:194 - (OptionalMessage_ERROR) IP (DMA) : Parameter (Instance) has Id (USART3_TX) currently not set
2024-07-18 21:18:29,462 [INFO] ImportTextPane:194 - (OptionalMessage_ERROR) IP (DMA) : Parameter (Channel) has Id (USART3_TX) currently not set
2024-07-18 21:18:29,462 [INFO] ImportTextPane:194 - (OptionalMessage_ERROR) IP (DMA) : Parameter (Direction) has Id (USART3_TX) currently not set
2024-07-18 21:18:29,462 [INFO] ImportTextPane:194 - (OptionalMessage_ERROR) IP (DMA) : Parameter (PeriphInc) has Id (USART3_TX) currently not set
2024-07-18 21:18:29,462 [INFO] ImportTextPane:194 - (OptionalMessage_ERROR) IP (DMA) : Parameter (MemInc) has Id (USART3_TX) currently not set
2024-07-18 21:18:29,462 [INFO] ImportTextPane:194 - (OptionalMessage_ERROR) IP (DMA) : Parameter (PeriphDataAlignment) has Id (USART3_TX) currently not set
2024-07-18 21:18:29,463 [INFO] ImportTextPane:194 - (OptionalMessage_ERROR) IP (DMA) : Parameter (MemDataAlignment) has Id (USART3_TX) currently not set
2024-07-18 21:18:29,463 [INFO] ImportTextPane:194 - (OptionalMessage_ERROR) IP (DMA) : Parameter (Mode) has Id (USART3_TX) currently not set
2024-07-18 21:18:29,463 [INFO] ImportTextPane:194 - (OptionalMessage_ERROR) IP (DMA) : Parameter (Priority) has Id (USART3_TX) currently not set
2024-07-18 21:18:29,463 [INFO] ImportTextPane:194 - (OptionalMessage_ERROR) IP (DMA) : Parameter (FIFOMode) has Id (USART3_TX) currently not set
2024-07-18 21:18:29,467 [WARN] IP:2119 - CMSIS_VERSION not found: check if there is a RefParameter without a condition.
2024-07-18 21:18:29,480 [WARN] IP:2119 - LWIP_NETIF_HOSTNAME not found: check if there is a RefParameter without a condition.
2024-07-18 21:18:29,532 [INFO] ImportTextPane:194 - (OptionalMessage_ERROR) IP (RCC) : Parameter (RTCHSEDivFreq_Value) has invalid value (12500000)
2024-07-18 21:18:29,534 [WARN] IP:2119 - DEVICE_SERIAL0_CDC_FS not found: check if there is a RefParameter without a condition.
2024-07-18 21:18:29,534 [WARN] IP:2119 - DEVICE_SERIAL1_CDC_FS not found: check if there is a RefParameter without a condition.
2024-07-18 21:18:29,534 [WARN] IP:2119 - DEVICE_SERIAL2_CDC_FS not found: check if there is a RefParameter without a condition.
2024-07-18 21:18:29,845 [INFO] UtilMem:75 - End LoadConfig() Used Memory: 195054728 Bytes (549453824)
2024-07-18 21:18:29,980 [INFO] ApiDb:581 - Connected to CubeFinder SQLite database (C:\Users\Danil\.stmcufinder\plugins\mcufinder\mcu\cube-finder-db.db)
2024-07-18 21:18:30,090 [INFO] ApiDb:668 - CubeFinder database Data Model version=2.1
2024-07-18 21:18:30,090 [INFO] ApiDb:669 - CubeFinder database Configuration version=3.0.39
2024-07-18 21:18:30,091 [INFO] ApiDb:670 - CubeFinder database generation date=2024-03-25 (1711369621)
2024-07-18 21:18:30,091 [INFO] ApiDb:671 - CubeFinder database FW Pack versions=[FP-ATR-ASTRA1_V2.0.0, FP-SNS-FLIGHT1_V5.0.1, FP-SNS-FLIGHT1_V5.0.2, FP-SNS-MOTENV1_V4.3.1, FP-SNS-MOTENV1_V4.3.2, FP-SNS-MOTENVWB1_V1.3.1, FP-SNS-SMARTAG2_V1.2.0, STM32Cube_FW_C0_V1.1.0, STM32Cube_FW_F4_V1.28.0, STM32Cube_FW_F7_V1.17.0, STM32Cube_FW_G0_V1.6.2, STM32Cube_FW_G4_V1.5.2, STM32Cube_FW_H5_V0.5.1, STM32Cube_FW_H5_V1.1.1, STM32Cube_FW_H5_V1.2.0, STM32Cube_FW_H5_V1.2.0RC4, STM32Cube_FW_H7RS_V1.0.0, STM32Cube_FW_H7RS_V1.0.0RC4, STM32Cube_FW_H7_V1.11.0, STM32Cube_FW_L0_V1.12.2, STM32Cube_FW_L5_V1.5.1, STM32Cube_FW_U0_V1.0.0, STM32Cube_FW_U0_V1.0.0RC1, STM32Cube_FW_U5_V1.3.0RC4, STM32Cube_FW_U5_V1.5.0, STM32Cube_FW_U5_V1.5.0RC1, STM32Cube_FW_WBA_V1.0.0RC1, STM32Cube_FW_WBA_V1.2.0, STM32Cube_FW_WBA_V1.2.0RC2, STM32Cube_FW_WBA_V1.3.0, STM32Cube_FW_WBA_V1.3.0RC1, STM32Cube_FW_WB_V1.15.0RC1, STM32Cube_FW_WB_V1.16.0, STM32Cube_FW_WB_V1.16.0RC2, STM32Cube_FW_WB_V1.18.0, STM32Cube_FW_WB_V1.19.0, STM32Cube_FW_WL_V1.3.0, X-CUBE-ALGOBUILD_V1.3.0, X-CUBE-ALS_V1.0.1, X-CUBE-AZRTOS-F4_V1.1.0, X-CUBE-AZRTOS-F7_V1.1.0, X-CUBE-AZRTOS-G0_V1.1.0, X-CUBE-AZRTOS-G4_V2.0.0, X-CUBE-AZRTOS-H7_V3.2.0, X-CUBE-AZRTOS-L4_V1.0.0, X-CUBE-AZRTOS-L4_V2.0.0, X-CUBE-AZRTOS-L5_V1.1.0, X-CUBE-AZRTOS-WB_V2.0.0, X-CUBE-AZRTOS-WL_V2.0.0, X-CUBE-BLE1_V7.0.0, X-CUBE-BLE2_V3.3.0, X-CUBE-BLEMGR_V3.1.0, X-CUBE-EEPRMA1_V4.1.0, X-CUBE-EEPRMA1_V5.1.0, X-CUBE-FREERTOS_V1.1.0, X-CUBE-GNSS1_V6.0.0, X-CUBE-MEMS1_V10.0.0, X-CUBE-MEMS1_V9.1.0, X-CUBE-MEMS1_V9.4.0, X-CUBE-MEMS1_V9.6.0, X-CUBE-NFC4_V3.0.0, X-CUBE-NFC7_V1.0.1, X-CUBE-SFXS2LP1_V4.0.0, X-CUBE-SUBG2_V5.0.0, X-CUBE-TOF1_V3.4.0]
2024-07-18 21:18:33,702 [INFO] ApiDb:240 - Found 371 in-development CPN: [B-G473E-ZEST1S, B-WB1M-WPAN1, B-WL5M-SUBG1, NUCLEO-C031C6, NUCLEO-H503RB, NUCLEO-H563ZI, NUCLEO-U545RE-Q, NUCLEO-U5A5ZJ-Q, NUCLEO-WBA52CG, NUCLEO-WBA55CG, STEVAL-MKBOXPRO, STEVAL-PROTEUS1, STEVAL-STWINBX1, STM320518-EVAL, STM32C0116-DK, STM32C011D6Y3TR, STM32C011D6Y6TR, STM32C011F4P3, STM32C011F4P6, STM32C011F4U3, STM32C011F4U6TR, STM32C011F6P3, STM32C011F6P6, STM32C011F6U3, STM32C011F6U6TR, STM32C011J4M3, STM32C011J4M6, STM32C011J6M3, STM32C011J6M6, STM32C0316-DK, STM32C031C4T3, STM32C031C4T6, STM32C031C4U3, STM32C031C4U6, STM32C031C6T3, STM32C031C6T6, STM32C031C6U3, STM32C031C6U6, STM32C031F4P3, STM32C031F4P6, STM32C031F6P3, STM32C031F6P6, STM32C031G4U3, STM32C031G4U6, STM32C031G6U3, STM32C031G6U6, STM32C031K4T3, STM32C031K4T6, STM32C031K4U3, STM32C031K4U6, STM32C031K6T3, STM32C031K6T6, STM32C031K6U3, STM32C031K6U6, STM32G071K8TXN, STM32G071K8UXN, STM32G081GBU6N, STM32G081KBT6N, STM32G081KBUXN, STM32G0B1CCT6N, STM32G0B1KCT6, STM32G0B1NEY6TR, STM32G0B1RCT6N, STM32G0C1CCT6, STM32G0C1CCT6N, STM32G0C1CCU6N, STM32G0C1CET6N, STM32G0C1CEU6N, STM32G0C1KCT6, STM32G0C1NEY6TR, STM32G0C1RCI6N, STM32G0C1RCT6N, STM32G0C1REI6N, STM32G0C1RET6N, STM32G0C1VCI6, STM32G0C1VEI6, STM32G471CCT6, STM32G471CCU6, STM32G471CET3, STM32G471CET6, STM32G471CEU3, STM32G471CEU6, STM32G471MCT6, STM32G471MET3, STM32G471MET6, STM32G471MEY6TR, STM32G471QCT6, STM32G471QET3, STM32G471RCT6, STM32G471RET3, STM32G471RET6, STM32G471VCH6, STM32G471VCI6, STM32G471VCT6, STM32G471VEH3, STM32G471VEH6, STM32G471VEI3, STM32G471VEI6, STM32G471VET3, STM32G471VET6, STM32G474CCT6, STM32H503CBT6, STM32H503CBU6, STM32H503EBY6TR, STM32H503KBU6, STM32H503RBT6, STM32H562AGI6, STM32H562AII6, STM32H562IGK6, STM32H562IGT6, STM32H562IIK6, STM32H562IIT6, STM32H562RGT6, STM32H562RGV6, STM32H562RIT6, STM32H562RIV6, STM32H562VGT6, STM32H562VIT6, STM32H562ZGT6, STM32H562ZIT6, STM32H563AGI6, STM32H563AII3Q, STM32H563AII6, STM32H563IGK6, STM32H563IGT6, STM32H563IIK3Q, STM32H563IIK6, STM32H563IIT3Q, STM32H563IIT6, STM32H563MIY3QTR, STM32H563RGT6, STM32H563RGV6, STM32H563RIT6, STM32H563RIV6, STM32H563VGT6, STM32H563VIT3Q, STM32H563VIT6, STM32H563ZGT6, STM32H563ZIT3Q, STM32H563ZIT6, STM32H573AII3Q, STM32H573AII6, STM32H573I-DK, STM32H573IIK3Q, STM32H573IIK6, STM32H573IIT3Q, STM32H573IIT6, STM32H573MIY3QTR, STM32H573RIT6, STM32H573RIV6, STM32H573VIT3Q, STM32H573VIT6, STM32H573ZIT3Q, STM32H573ZIT6, STM32L4R5QGI6STR, STM32MP131AAE3, STM32MP131AAF3, STM32MP131AAG3, STM32MP131CAE3, STM32MP131CAF3, STM32MP131CAG3, STM32MP131DAE7, STM32MP131DAF7, STM32MP131DAG7, STM32MP131FAE7, STM32MP131FAF7, STM32MP131FAG7, STM32MP133AAE3, STM32MP133AAF3, STM32MP133AAG3, STM32MP133CAE3, STM32MP133CAF3, STM32MP133CAG3, STM32MP133DAE7, STM32MP133DAF7, STM32MP133DAG7, STM32MP133FAE7, STM32MP133FAF7, STM32MP133FAG7, STM32MP135AAE3, STM32MP135AAF3, STM32MP135AAG3, STM32MP135CAE3, STM32MP135CAF3, STM32MP135CAG3, STM32MP135DAE7, STM32MP135DAF7, STM32MP135DAG7, STM32MP135F-DK, STM32MP135FAE7, STM32MP135FAF7, STM32MP135FAF7T, STM32MP135FAF7U, STM32MP135FAG7, STM32U535CBT6, STM32U535CBT6Q, STM32U535CBU6, STM32U535CBU6Q, STM32U535CCT6, STM32U535CCT6Q, STM32U535CCU6, STM32U535CCU6Q, STM32U535CET6, STM32U535CET6Q, STM32U535CEU6, STM32U535CEU6Q, STM32U535JEY6QTR, STM32U535NCY6QTR, STM32U535NEY6QTR, STM32U535RBI6, STM32U535RBI6Q, STM32U535RBT6, STM32U535RBT6Q, STM32U535RCI6, STM32U535RCI6Q, STM32U535RCT6, STM32U535RCT6Q, STM32U535REI6, STM32U535REI6Q, STM32U535RET6, STM32U535RET6Q, STM32U535VCI6, STM32U535VCI6Q, STM32U535VCT6, STM32U535VCT6Q, STM32U535VEI6, STM32U535VEI6Q, STM32U535VET6, STM32U535VET6Q, STM32U545CET6, STM32U545CET6Q, STM32U545CEU6, STM32U545CEU6Q, STM32U545JEY6QTR, STM32U545NEY6QTR, STM32U545REI6, STM32U545REI6Q, STM32U545RET6, STM32U545RET6Q, STM32U545VEI6, STM32U545VEI6Q, STM32U545VET6, STM32U545VET6Q, STM32U595AIH6, STM32U595AIH6Q, STM32U595AJH6, STM32U595AJH6Q, STM32U595QII6, STM32U595QII6Q, STM32U595QJI6, STM32U595QJI6Q, STM32U595RIT6, STM32U595RIT6Q, STM32U595RJT6, STM32U595RJT6Q, STM32U595VIT6, STM32U595VIT6Q, STM32U595VJT6, STM32U595VJT6Q, STM32U595ZIT6, STM32U595ZIT6Q, STM32U595ZIY6QTR, STM32U595ZJT6, STM32U595ZJT6Q, STM32U595ZJY6QTR, STM32U599BJY6QTR, STM32U599NIH6Q, STM32U599NJH6Q, STM32U599VIT6Q, STM32U599VJT6, STM32U599VJT6Q, STM32U599ZIT6Q, STM32U599ZIY6QTR, STM32U599ZJT6Q, STM32U599ZJY6QTR, STM32U5A5AJH6, STM32U5A5AJH6Q, STM32U5A5QJI6, STM32U5A5QJI6Q, STM32U5A5RJT6, STM32U5A5RJT6Q, STM32U5A5VJT6, STM32U5A5VJT6Q, STM32U5A5ZJT6, STM32U5A5ZJT6Q, STM32U5A5ZJY6QTR, STM32U5A9BJY6QTR, STM32U5A9J-DK, STM32U5A9NJH6Q, STM32U5A9VJT6Q, STM32U5A9ZJT6Q, STM32U5A9ZJY6QTR, STM32U5F7VIT6, STM32U5F7VIT6Q, STM32U5F7VJT6, STM32U5F7VJT6Q, STM32U5F9BJY6QTR, STM32U5F9NJH6Q, STM32U5F9VIT6Q, STM32U5F9VJT6Q, STM32U5F9ZIJ6QTR, STM32U5F9ZIT6Q, STM32U5F9ZJJ6QTR, STM32U5F9ZJT6Q, STM32U5G7VJT6, STM32U5G7VJT6Q, STM32U5G9BJY6QTR, STM32U5G9J-DK1, STM32U5G9J-DK2, STM32U5G9NJH6Q, STM32U5G9VJT6Q, STM32U5G9ZJJ6QTR, STM32U5G9ZJT6Q, STM32WB1MMCH6, STM32WBA50KEU6, STM32WBA50KEU6TR, STM32WBA50KGU6, STM32WBA50KGU6TR, STM32WBA52CEU6, STM32WBA52CEU6TR, STM32WBA52CEU7, STM32WBA52CEU7TR, STM32WBA52CGU6, STM32WBA52CGU6TR, STM32WBA52CGU6U, STM32WBA52CGU7, STM32WBA52CGU7TR, STM32WBA52KEU6, STM32WBA52KEU6TR, STM32WBA52KGU6, STM32WBA52KGU6TR, STM32WBA54CEU6, STM32WBA54CEU6TR, STM32WBA54CEU7, STM32WBA54CEU7TR, STM32WBA54CGU6, STM32WBA54CGU6TR, STM32WBA54CGU7, STM32WBA54CGU7TR, STM32WBA54KEU6, STM32WBA54KEU6TR, STM32WBA54KEU7, STM32WBA54KEU7TR, STM32WBA54KGU6, STM32WBA54KGU6TR, STM32WBA54KGU7, STM32WBA54KGU7TR, STM32WBA55CEU6, STM32WBA55CEU6TR, STM32WBA55CEU7, STM32WBA55CEU7TR, STM32WBA55CGU6, STM32WBA55CGU6TR, STM32WBA55CGU6U, STM32WBA55CGU7, STM32WBA55CGU7TR, STM32WBA55G-DK1, STM32WBA55HEF6, STM32WBA55HEF7, STM32WBA55HGF6, STM32WBA55HGF7, STM32WBA55UEI6, STM32WBA55UEI6TR, STM32WBA55UEI7, STM32WBA55UEI7TR, STM32WBA55UGI6, STM32WBA55UGI6TR, STM32WBA55UGI7, STM32WBA55UGI7TR, STM32WL5MOCH6, STM32WL5MOCH6TR]
2024-07-18 21:18:33,706 [INFO] DbMcus:218 - Found 4069 MCUs, 4069 are supported
2024-07-18 21:18:33,706 [INFO] ApiDb:423 - Load user favorites file C:\Users\Danil/.stm32cubeide/favorites.mcus.txt: 0 item(s)
2024-07-18 21:18:33,707 [INFO] ApiDb:427 - User favorites MCUs=[]
2024-07-18 21:18:33,707 [INFO] DbMcus:224 - Set 0 / 0 favorites MCUs
2024-07-18 21:18:34,199 [INFO] MicroXplorer:468 - Change Database Path : 
2024-07-18 21:18:34,199 [INFO] MicroXplorer:498 - Change Database Version : DB.6.0.100
2024-07-18 21:18:34,199 [WARN] ThirdParty:833 - waiting for thirdparty lock release [change project]
2024-07-18 21:18:34,200 [INFO] ThirdParty:835 - entering critical section [change project]
2024-07-18 21:18:34,200 [INFO] ThirdParty:1030 - CMSIS Pack Vendor :STMicroelectronics USBPD 4.1
2024-07-18 21:18:34,200 [INFO] ThirdParty:1030 - CMSIS Pack Vendor :STMicroelectronics X-CUBE-GNSS1 6.0.0
2024-07-18 21:18:34,200 [INFO] ThirdParty:1030 - CMSIS Pack Vendor :STMicroelectronics USB_HOST 2.0.0
2024-07-18 21:18:34,200 [INFO] ThirdParty:1030 - CMSIS Pack Vendor :STMicroelectronics X-CUBE-AZRTOS-F4 1.1.0
2024-07-18 21:18:34,200 [INFO] ThirdParty:1030 - CMSIS Pack Vendor :STMicroelectronics LIBJPEG 8.0.0
2024-07-18 21:18:34,200 [INFO] ThirdParty:1030 - CMSIS Pack Vendor :STMicroelectronics X-CUBE-SMBUS 2.1.0
2024-07-18 21:18:34,200 [INFO] ThirdParty:1030 - CMSIS Pack Vendor :STMicroelectronics USB_DEVICE 3.0.0
2024-07-18 21:18:34,200 [INFO] ThirdParty:1030 - CMSIS Pack Vendor :STMicroelectronics X-CUBE-TCPP 4.1.0
2024-07-18 21:18:34,200 [INFO] ThirdParty:1030 - CMSIS Pack Vendor :STMicroelectronics X-CUBE-AZRTOS-WB 2.0.0
2024-07-18 21:18:34,200 [INFO] ThirdParty:1030 - CMSIS Pack Vendor :wolfSSL I-CUBE-wolfSSL 5.6.6
2024-07-18 21:18:34,200 [INFO] ThirdParty:1030 - CMSIS Pack Vendor :STMicroelectronics X-CUBE-TOUCHGFX 4.23.0
2024-07-18 21:18:34,200 [INFO] ThirdParty:1030 - CMSIS Pack Vendor :STMicroelectronics X-CUBE-TOUCHGFX 4.23.2
2024-07-18 21:18:34,200 [INFO] ThirdParty:1030 - CMSIS Pack Vendor :STMicroelectronics X-CUBE-AZRTOS-F7 1.1.0
2024-07-18 21:18:34,200 [INFO] ThirdParty:1030 - CMSIS Pack Vendor :STMicroelectronics X-CUBE-AZRTOS-L5 2.0.0
2024-07-18 21:18:34,200 [INFO] ThirdParty:1030 - CMSIS Pack Vendor :STMicroelectronics USB_DEVICE 2.0.0
2024-07-18 21:18:34,201 [INFO] ThirdParty:1030 - CMSIS Pack Vendor :STMicroelectronics X-CUBE-NFC6 3.1.0
2024-07-18 21:18:34,201 [INFO] ThirdParty:1030 - CMSIS Pack Vendor :ITTIA_DB I-CUBE-ITTIADB 8.8.0
2024-07-18 21:18:34,201 [INFO] ThirdParty:1030 - CMSIS Pack Vendor :STMicroelectronics FP-SNS-MOTENV1 4.3.2
2024-07-18 21:18:34,201 [INFO] ThirdParty:1030 - CMSIS Pack Vendor :STMicroelectronics X-CUBE-ALGOBUILD 1.3.0
2024-07-18 21:18:34,201 [INFO] ThirdParty:1030 - CMSIS Pack Vendor :STMicroelectronics FreeRTOS 0.0.1
2024-07-18 21:18:34,201 [INFO] ThirdParty:1030 - CMSIS Pack Vendor :STMicroelectronics X-CUBE-AZRTOS-G0 1.1.0
2024-07-18 21:18:34,201 [INFO] ThirdParty:1030 - CMSIS Pack Vendor :STMicroelectronics X-CUBE-SAFEA1 1.2.2
2024-07-18 21:18:34,201 [INFO] ThirdParty:1030 - CMSIS Pack Vendor :STMicroelectronics X-CUBE-NFC4 3.0.0
2024-07-18 21:18:34,201 [INFO] ThirdParty:1030 - CMSIS Pack Vendor :STMicroelectronics X-CUBE-SUBG2 5.0.0
2024-07-18 21:18:34,201 [INFO] ThirdParty:1030 - CMSIS Pack Vendor :STMicroelectronics STM32_WPAN 1.0.0
2024-07-18 21:18:34,201 [INFO] ThirdParty:1030 - CMSIS Pack Vendor :STMicroelectronics lwIP 2.0.3
2024-07-18 21:18:34,201 [INFO] ThirdParty:1030 - CMSIS Pack Vendor :STMicroelectronics FP-SNS-FLIGHT1 5.0.2
2024-07-18 21:18:34,201 [INFO] ThirdParty:1030 - CMSIS Pack Vendor :STMicroelectronics USB_HOST 1.0.0
2024-07-18 21:18:34,201 [INFO] ThirdParty:1030 - CMSIS Pack Vendor :STMicroelectronics X-CUBE-AZRTOS-G4 2.0.0
2024-07-18 21:18:34,201 [INFO] ThirdParty:1030 - CMSIS Pack Vendor :STMicroelectronics PDM2PCM 3.1.0
2024-07-18 21:18:34,201 [INFO] ThirdParty:1030 - CMSIS Pack Vendor :Infineon AIROC-Wi-Fi-Bluetooth-STM32 1.5.1
2024-07-18 21:18:34,201 [INFO] ThirdParty:1030 - CMSIS Pack Vendor :STMicroelectronics X-CUBE-BLEMGR 3.0.0
2024-07-18 21:18:34,201 [INFO] ThirdParty:1030 - CMSIS Pack Vendor :STMicroelectronics PDM2PCM 3.3.0
2024-07-18 21:18:34,202 [INFO] ThirdParty:1030 - CMSIS Pack Vendor :STMicroelectronics X-CUBE-DISPLAY 3.0.0
2024-07-18 21:18:34,202 [INFO] ThirdParty:1030 - CMSIS Pack Vendor :STMicroelectronics FP-SNS-MOTENVWB1 1.3.1
2024-07-18 21:18:34,202 [INFO] ThirdParty:1030 - CMSIS Pack Vendor :STMicroelectronics X-CUBE-BLE1 7.0.0
2024-07-18 21:18:34,202 [INFO] ThirdParty:1030 - CMSIS Pack Vendor :STMicroelectronics FP-ATR-SIGFOX1 3.2.0
2024-07-18 21:18:34,202 [INFO] ThirdParty:1030 - CMSIS Pack Vendor :STMicroelectronics X-CUBE-ISPU 2.0.0
2024-07-18 21:18:34,202 [INFO] ThirdParty:1030 - CMSIS Pack Vendor :STMicroelectronics X-CUBE-EEPRMA1 5.1.0
2024-07-18 21:18:34,202 [INFO] ThirdParty:1030 - CMSIS Pack Vendor :STMicroelectronics HAL Drivers 0.0.0
2024-07-18 21:18:34,202 [INFO] ThirdParty:1030 - CMSIS Pack Vendor :STMicroelectronics MBEDTLS 2.16.2
2024-07-18 21:18:34,202 [INFO] ThirdParty:1030 - CMSIS Pack Vendor :emotas I-CUBE-CANOPEN 1.3.0
2024-07-18 21:18:34,202 [INFO] ThirdParty:1030 - CMSIS Pack Vendor :STMicroelectronics X-CUBE-MEMS1 10.0.0
2024-07-18 21:18:34,202 [INFO] ThirdParty:1030 - CMSIS Pack Vendor :STMicroelectronics X-CUBE-FREERTOS 1.1.0
2024-07-18 21:18:34,202 [INFO] ThirdParty:1030 - CMSIS Pack Vendor :STMicroelectronics X-CUBE-NFC7 1.0.1
2024-07-18 21:18:34,202 [INFO] ThirdParty:1030 - CMSIS Pack Vendor :STMicroelectronics MBEDTLS 2.14.1
2024-07-18 21:18:34,203 [INFO] ThirdParty:1030 - CMSIS Pack Vendor :STMicroelectronics X-CUBE-NFC6 3.0.0
2024-07-18 21:18:34,203 [INFO] ThirdParty:1030 - CMSIS Pack Vendor :portGmbH I-Cube-SoM-uGOAL 1.1.0
2024-07-18 21:18:34,203 [INFO] ThirdParty:1030 - CMSIS Pack Vendor :STMicroelectronics X-CUBE-ALS 1.0.1
2024-07-18 21:18:34,203 [INFO] ThirdParty:1030 - CMSIS Pack Vendor :STMicroelectronics X-CUBE-BLEMGR 3.1.0
2024-07-18 21:18:34,203 [INFO] ThirdParty:1030 - CMSIS Pack Vendor :STMicroelectronics ThreadX 1.0.0
2024-07-18 21:18:34,203 [INFO] ThirdParty:1030 - CMSIS Pack Vendor :STMicroelectronics FP-SNS-SMARTAG2 1.2.0
2024-07-18 21:18:34,203 [INFO] ThirdParty:1030 - CMSIS Pack Vendor :STMicroelectronics X-CUBE-AZRTOS-WL 2.0.0
2024-07-18 21:18:34,203 [INFO] ThirdParty:1030 - CMSIS Pack Vendor :SEGGER I-CUBE-embOS 1.3.1
2024-07-18 21:18:34,203 [INFO] ThirdParty:1030 - CMSIS Pack Vendor :STMicroelectronics FP-SNS-MOTENV1 5.0.0
2024-07-18 21:18:34,203 [INFO] ThirdParty:1030 - CMSIS Pack Vendor :STMicroelectronics USB_DEVICE 1.0.0
2024-07-18 21:18:34,203 [INFO] ThirdParty:1030 - CMSIS Pack Vendor :STMicroelectronics X-CUBE-AI 8.1.0
2024-07-18 21:18:34,203 [INFO] ThirdParty:1030 - CMSIS Pack Vendor :STMicroelectronics X-CUBE-AZRTOS-L4 2.0.0
2024-07-18 21:18:34,203 [INFO] ThirdParty:1030 - CMSIS Pack Vendor :STMicroelectronics ThreadX 0.0.2
2024-07-18 21:18:34,203 [INFO] ThirdParty:1030 - CMSIS Pack Vendor :WES I-CUBE-Cesium 1.3.0
2024-07-18 21:18:34,203 [INFO] ThirdParty:1030 - CMSIS Pack Vendor :STMicroelectronics FP-ATR-ASTRA1 2.0.0
2024-07-18 21:18:34,203 [INFO] ThirdParty:1030 - CMSIS Pack Vendor :STMicroelectronics lwIP 2.1.2
2024-07-18 21:18:34,203 [INFO] ThirdParty:1030 - CMSIS Pack Vendor :STMicroelectronics X-CUBE-SFXS2LP1 4.0.0
2024-07-18 21:18:34,203 [INFO] ThirdParty:1030 - CMSIS Pack Vendor :STMicroelectronics X-CUBE-BLE2 3.3.0
2024-07-18 21:18:34,203 [INFO] ThirdParty:1030 - CMSIS Pack Vendor :STMicroelectronics X-CUBE-TOF1 3.4.0
2024-07-18 21:18:34,204 [INFO] ThirdParty:1030 - CMSIS Pack Vendor :STMicroelectronics X-CUBE-TOF1 3.4.1
2024-07-18 21:18:34,204 [INFO] ThirdParty:1030 - CMSIS Pack Vendor :STMicroelectronics X-CUBE-AZRTOS-H7 3.2.0
2024-07-18 21:18:34,204 [INFO] ThirdParty:1030 - CMSIS Pack Vendor :STMicroelectronics PDM2PCM 3.2.0
2024-07-18 21:18:34,204 [INFO] ThirdParty:841 - exiting critical section [change project]
2024-07-18 21:18:34,663 [INFO] PinOutPanel:1499 - setPackage(No Configuration,No Configuration)
2024-07-18 21:18:34,665 [INFO] PinOutPanel:1499 - setPackage(STM32F407VETx,LQFP100)
2024-07-18 21:18:35,106 [INFO] UtilMem:75 - Before build in PCC Used Memory: 233252960 Bytes (549453824)
2024-07-18 21:18:35,897 [INFO] UtilMem:75 - After build in PCC Used Memory: 325708880 Bytes (549453824)
2024-07-18 21:18:36,056 [INFO] ApiDbMcu:508 - Load IP Config File for LWIP
2024-07-18 21:18:36,089 [INFO] ApiDbMcu:508 - Load IP Config File for USB_DEVICE
2024-07-18 21:18:36,143 [INFO] IPUIPlugin:80 - create IPUIPlugin
2024-07-18 21:18:36,143 [INFO] IPUIPlugin:80 - create IPUIPlugin
2024-07-18 21:18:36,143 [INFO] IPUIPlugin:80 - create IPUIPlugin
2024-07-18 21:18:36,144 [INFO] IPUIPlugin:80 - create IPUIPlugin
2024-07-18 21:18:36,144 [INFO] IPUIPlugin:80 - create IPUIPlugin
2024-07-18 21:18:36,144 [INFO] IPUIPlugin:80 - create IPUIPlugin
2024-07-18 21:18:36,144 [INFO] IPUIPlugin:80 - create IPUIPlugin
2024-07-18 21:18:36,145 [INFO] IPUIPlugin:80 - create IPUIPlugin
2024-07-18 21:18:36,145 [INFO] IPUIPlugin:80 - create IPUIPlugin
2024-07-18 21:18:36,145 [INFO] IPUIPlugin:80 - create IPUIPlugin
2024-07-18 21:18:36,145 [INFO] IPUIPlugin:80 - create IPUIPlugin
2024-07-18 21:18:36,146 [INFO] IPUIPlugin:80 - create IPUIPlugin
2024-07-18 21:18:36,146 [INFO] IPUIPlugin:80 - create IPUIPlugin
2024-07-18 21:18:36,146 [INFO] IPUIPlugin:80 - create IPUIPlugin
2024-07-18 21:18:36,146 [INFO] IPUIPlugin:80 - create IPUIPlugin
2024-07-18 21:18:36,146 [INFO] IPUIPlugin:80 - create IPUIPlugin
2024-07-18 21:18:36,147 [INFO] IPUIPlugin:80 - create IPUIPlugin
2024-07-18 21:18:36,147 [INFO] IPUIPlugin:80 - create IPUIPlugin
2024-07-18 21:18:36,147 [INFO] IPUIPlugin:80 - create IPUIPlugin
2024-07-18 21:18:36,148 [INFO] IPUIPlugin:80 - create IPUIPlugin
2024-07-18 21:18:36,148 [INFO] IPUIPlugin:80 - create IPUIPlugin
2024-07-18 21:18:36,148 [INFO] IPUIPlugin:80 - create IPUIPlugin
2024-07-18 21:18:36,149 [INFO] IPUIPlugin:80 - create IPUIPlugin
2024-07-18 21:18:36,149 [INFO] IPUIPlugin:80 - create IPUIPlugin
2024-07-18 21:18:36,150 [INFO] IPUIPlugin:80 - create IPUIPlugin
2024-07-18 21:18:36,151 [INFO] IPUIPlugin:80 - create IPUIPlugin
2024-07-18 21:18:36,151 [INFO] IPUIPlugin:80 - create IPUIPlugin
2024-07-18 21:18:36,152 [INFO] IPUIPlugin:80 - create IPUIPlugin
2024-07-18 21:18:36,152 [INFO] IPUIPlugin:80 - create IPUIPlugin
2024-07-18 21:18:36,153 [INFO] IPUIPlugin:80 - create IPUIPlugin
2024-07-18 21:18:36,153 [INFO] IPUIPlugin:80 - create IPUIPlugin
2024-07-18 21:18:36,153 [INFO] IPUIPlugin:80 - create IPUIPlugin
2024-07-18 21:18:36,154 [INFO] IPUIPlugin:80 - create IPUIPlugin
2024-07-18 21:18:36,155 [INFO] IPUIPlugin:80 - create IPUIPlugin
2024-07-18 21:18:36,155 [INFO] IPUIPlugin:80 - create IPUIPlugin
2024-07-18 21:18:36,156 [INFO] IPUIPlugin:80 - create IPUIPlugin
2024-07-18 21:18:36,156 [INFO] IPUIPlugin:80 - create IPUIPlugin
2024-07-18 21:18:36,157 [INFO] IPUIPlugin:80 - create IPUIPlugin
2024-07-18 21:18:36,158 [INFO] IPUIPlugin:80 - create IPUIPlugin
2024-07-18 21:18:36,158 [INFO] IPUIPlugin:80 - create IPUIPlugin
2024-07-18 21:18:36,159 [INFO] IPUIPlugin:80 - create IPUIPlugin
2024-07-18 21:18:36,160 [INFO] IPUIPlugin:80 - create IPUIPlugin
2024-07-18 21:18:36,160 [INFO] IPUIPlugin:80 - create IPUIPlugin
2024-07-18 21:18:36,161 [INFO] IPUIPlugin:80 - create IPUIPlugin
2024-07-18 21:18:36,162 [INFO] IPUIPlugin:80 - create IPUIPlugin
2024-07-18 21:18:36,162 [INFO] IPUIPlugin:80 - create IPUIPlugin
2024-07-18 21:18:36,163 [INFO] IPUIPlugin:80 - create IPUIPlugin
2024-07-18 21:18:36,164 [INFO] IPUIPlugin:80 - create IPUIPlugin
2024-07-18 21:18:36,164 [INFO] IPUIPlugin:80 - create IPUIPlugin
2024-07-18 21:18:36,165 [INFO] IPUIPlugin:80 - create IPUIPlugin
2024-07-18 21:18:36,166 [INFO] IPUIPlugin:80 - create IPUIPlugin
2024-07-18 21:18:36,166 [INFO] IPUIPlugin:80 - create IPUIPlugin
2024-07-18 21:18:36,167 [INFO] IPUIPlugin:80 - create IPUIPlugin
2024-07-18 21:18:36,168 [INFO] IPUIPlugin:80 - create IPUIPlugin
2024-07-18 21:18:36,169 [INFO] IPUIPlugin:80 - create IPUIPlugin
2024-07-18 21:18:36,171 [INFO] IPUIPlugin:80 - create IPUIPlugin
2024-07-18 21:18:36,172 [INFO] IPUIPlugin:80 - create IPUIPlugin
2024-07-18 21:18:36,173 [INFO] IPUIPlugin:80 - create IPUIPlugin
2024-07-18 21:18:36,184 [INFO] ApiDbMcu:508 - Load IP Config File for PDM2PCM
2024-07-18 21:18:36,436 [INFO] CADModel:165 - CPN selected for project levelSTM32F407VET6
2024-07-18 21:18:36,436 [INFO] CADModel:114 - Register for checkConnection events
2024-07-18 21:18:36,490 [INFO] OpenFileManager:343 - Restore cursor
2024-07-18 21:18:36,664 [WARN] IP:2119 - DEVICE_SERIAL0_CDC_FS not found: check if there is a RefParameter without a condition.
2024-07-18 21:18:36,664 [WARN] IP:2119 - DEVICE_SERIAL1_CDC_FS not found: check if there is a RefParameter without a condition.
2024-07-18 21:18:36,664 [WARN] IP:2119 - DEVICE_SERIAL2_CDC_FS not found: check if there is a RefParameter without a condition.
2024-07-18 21:18:36,667 [WARN] IP:2119 - DEVICE_SERIAL0_CDC_FS not found: check if there is a RefParameter without a condition.
2024-07-18 21:18:36,667 [WARN] IP:2119 - DEVICE_SERIAL1_CDC_FS not found: check if there is a RefParameter without a condition.
2024-07-18 21:18:36,667 [WARN] IP:2119 - DEVICE_SERIAL2_CDC_FS not found: check if there is a RefParameter without a condition.
2024-07-18 21:18:36,755 [WARN] IP:2119 - CMSIS_VERSION not found: check if there is a RefParameter without a condition.
2024-07-18 21:18:36,767 [WARN] IP:2119 - LWIP_NETIF_HOSTNAME not found: check if there is a RefParameter without a condition.
2024-07-18 21:18:36,932 [WARN] IP:2119 - CMSIS_VERSION not found: check if there is a RefParameter without a condition.
2024-07-18 21:18:36,941 [WARN] IP:2119 - LWIP_NETIF_HOSTNAME not found: check if there is a RefParameter without a condition.
2024-07-18 21:18:43,634 [WARN] IP:2119 - CMSIS_VERSION not found: check if there is a RefParameter without a condition.
2024-07-18 21:18:43,641 [WARN] IP:2119 - LWIP_NETIF_HOSTNAME not found: check if there is a RefParameter without a condition.
2024-07-18 21:19:16,699 [WARN] IP:2119 - CMSIS_VERSION not found: check if there is a RefParameter without a condition.
2024-07-18 21:19:16,708 [WARN] IP:2119 - LWIP_NETIF_HOSTNAME not found: check if there is a RefParameter without a condition.
2024-07-18 21:19:58,539 [WARN] IP:2119 - CMSIS_VERSION not found: check if there is a RefParameter without a condition.
2024-07-18 21:19:58,542 [WARN] IP:2119 - LWIP_NETIF_HOSTNAME not found: check if there is a RefParameter without a condition.
2024-07-18 21:19:59,022 [WARN] IP:2119 - CMSIS_VERSION not found: check if there is a RefParameter without a condition.
2024-07-18 21:19:59,025 [WARN] IP:2119 - LWIP_NETIF_HOSTNAME not found: check if there is a RefParameter without a condition.
2024-07-18 21:20:17,305 [WARN] IP:2119 - CMSIS_VERSION not found: check if there is a RefParameter without a condition.
2024-07-18 21:20:17,309 [WARN] IP:2119 - LWIP_NETIF_HOSTNAME not found: check if there is a RefParameter without a condition.
2024-07-18 21:20:17,725 [WARN] IP:2119 - CMSIS_VERSION not found: check if there is a RefParameter without a condition.
2024-07-18 21:20:17,729 [WARN] IP:2119 - LWIP_NETIF_HOSTNAME not found: check if there is a RefParameter without a condition.
2024-07-18 21:20:24,239 [WARN] IP:2119 - CMSIS_VERSION not found: check if there is a RefParameter without a condition.
2024-07-18 21:20:24,242 [WARN] IP:2119 - LWIP_NETIF_HOSTNAME not found: check if there is a RefParameter without a condition.
2024-07-18 21:20:25,671 [WARN] IP:2119 - CMSIS_VERSION not found: check if there is a RefParameter without a condition.
2024-07-18 21:20:25,674 [WARN] IP:2119 - LWIP_NETIF_HOSTNAME not found: check if there is a RefParameter without a condition.
2024-07-18 21:20:52,871 [WARN] IP:2119 - CMSIS_VERSION not found: check if there is a RefParameter without a condition.
2024-07-18 21:20:52,874 [WARN] IP:2119 - LWIP_NETIF_HOSTNAME not found: check if there is a RefParameter without a condition.
2024-07-18 21:20:54,046 [WARN] IP:2119 - CMSIS_VERSION not found: check if there is a RefParameter without a condition.
2024-07-18 21:20:54,053 [WARN] IP:2119 - LWIP_NETIF_HOSTNAME not found: check if there is a RefParameter without a condition.
2024-07-18 21:20:56,051 [WARN] IP:2119 - CMSIS_VERSION not found: check if there is a RefParameter without a condition.
2024-07-18 21:20:56,057 [WARN] IP:2119 - LWIP_NETIF_HOSTNAME not found: check if there is a RefParameter without a condition.
2024-07-18 21:20:56,463 [WARN] IP:2119 - CMSIS_VERSION not found: check if there is a RefParameter without a condition.
2024-07-18 21:20:56,468 [WARN] IP:2119 - LWIP_NETIF_HOSTNAME not found: check if there is a RefParameter without a condition.
2024-07-18 21:20:57,383 [WARN] IP:2119 - CMSIS_VERSION not found: check if there is a RefParameter without a condition.
2024-07-18 21:20:57,386 [WARN] IP:2119 - LWIP_NETIF_HOSTNAME not found: check if there is a RefParameter without a condition.
2024-07-18 21:20:57,788 [WARN] IP:2119 - CMSIS_VERSION not found: check if there is a RefParameter without a condition.
2024-07-18 21:20:57,791 [WARN] IP:2119 - LWIP_NETIF_HOSTNAME not found: check if there is a RefParameter without a condition.
