2024-09-14 18:30:07,495 [INFO] Activator:176 - 


2024-09-14 18:30:07,504 [INFO] Activator:177 - !SESSION log4j initialized
2024-09-14 18:30:14,413 [INFO] LogOutputStream:77 - [STDOUT_REDIRECT] 
2024-09-14 18:30:30,183 [INFO] ApplicationProperties:184 - Using Application install path: E:\STM32CubeIDE_1.14.1\STM32CubeIDE\plugins\com.st.stm32cube.common.mx_6.10.0.202311202037
2024-09-14 18:30:30,210 [INFO] DbMcusXml:78 - Set database path to: E:\STM32CubeIDE_1.14.1\STM32CubeIDE\plugins\com.st.stm32cube.common.mx_6.10.0.202311202037\\db\/mcu/
2024-09-14 18:30:30,210 [INFO] ApiDb:274 - Set plugin database path to: E:\STM32CubeIDE_1.14.1\STM32CubeIDE\plugins\com.st.stm32cube.common.mx_6.10.0.202311202037\\db\/plugins/boardmanager/
2024-09-14 18:30:30,213 [WARN] ApiDb:259 - Overriding images path with different value:  => E:\STM32CubeIDE_1.14.1\STM32CubeIDE\plugins\com.st.stm32cube.common.mx_6.10.0.202311202037\\db\/plugins/mcufinder/images/
2024-09-14 18:30:30,229 [INFO] ApiDb:250 - Set database path to: C:\Users\Danil\.stmcufinder\plugins\mcufinder//mcu/
2024-09-14 18:30:30,230 [INFO] DbMcusAds:125 - Set database path to: C:\Users\Danil\.stmcufinder\plugins\mcufinder//mcu/
2024-09-14 18:30:31,224 [INFO] CrossReferenceDbSqlite:203 - Set database path to: C:\Users\Danil\.stmcufinder\plugins\mcufinder//mcu/cs/
2024-09-14 18:30:31,378 [INFO] RulesReader:64 - Compatibility file has been processed (297 Rules)
2024-09-14 18:30:31,458 [INFO] DbMcusXml:78 - Set database path to: E:\STM32CubeIDE_1.14.1\STM32CubeIDE\plugins\com.st.stm32cube.common.mx_6.10.0.202311202037\\db\/mcu/
2024-09-14 18:30:31,458 [INFO] ApiDb:274 - Set plugin database path to: E:\STM32CubeIDE_1.14.1\STM32CubeIDE\plugins\com.st.stm32cube.common.mx_6.10.0.202311202037\\db\/plugins/boardmanager/
2024-09-14 18:30:31,458 [INFO] ApiDb:261 - Set plugin images path to: E:\STM32CubeIDE_1.14.1\STM32CubeIDE\plugins\com.st.stm32cube.common.mx_6.10.0.202311202037\\db\/plugins/mcufinder/images/
2024-09-14 18:30:31,459 [WARN] DbFile:41 - Overriding database path with different value: C:\Users\Danil\.stmcufinder\plugins\mcufinder/ => C:\Users\Danil\.stmcufinder\plugins\mcufinder
2024-09-14 18:30:31,459 [INFO] ApiDb:250 - Set database path to: C:\Users\Danil\.stmcufinder\plugins\mcufinder//mcu/
2024-09-14 18:30:31,459 [WARN] DbFile:41 - Overriding database path with different value: C:\Users\Danil\.stmcufinder\plugins\mcufinder/ => C:\Users\Danil\.stmcufinder\plugins\mcufinder
2024-09-14 18:30:31,459 [INFO] DbMcusAds:125 - Set database path to: C:\Users\Danil\.stmcufinder\plugins\mcufinder//mcu/
2024-09-14 18:30:31,459 [WARN] DbFile:41 - Overriding database path with different value: C:\Users\Danil\.stmcufinder\plugins\mcufinder/ => C:\Users\Danil\.stmcufinder\plugins\mcufinder
2024-09-14 18:30:31,459 [WARN] DbFile:41 - Overriding database path with different value: C:\Users\Danil\.stmcufinder\plugins\mcufinder/ => C:\Users\Danil\.stmcufinder\plugins\mcufinder
2024-09-14 18:30:31,459 [INFO] CrossReferenceDbSqlite:203 - Set database path to: C:\Users\Danil\.stmcufinder\plugins\mcufinder//mcu/cs/
2024-09-14 18:30:31,534 [INFO] MainPanel:264 - HeapMemory: 268435456
2024-09-14 18:30:31,628 [INFO] DbMcusXml:78 - Set database path to: E:\STM32CubeIDE_1.14.1\STM32CubeIDE\plugins\com.st.stm32cube.common.mx_6.10.0.202311202037\\db\/mcu/
2024-09-14 18:30:31,628 [INFO] ApiDb:274 - Set plugin database path to: E:\STM32CubeIDE_1.14.1\STM32CubeIDE\plugins\com.st.stm32cube.common.mx_6.10.0.202311202037\\db\/plugins/boardmanager/
2024-09-14 18:30:31,628 [INFO] ApiDb:261 - Set plugin images path to: E:\STM32CubeIDE_1.14.1\STM32CubeIDE\plugins\com.st.stm32cube.common.mx_6.10.0.202311202037\\db\/plugins/mcufinder/images/
2024-09-14 18:30:31,628 [WARN] DbFile:41 - Overriding database path with different value: C:\Users\Danil\.stmcufinder\plugins\mcufinder/ => C:\Users\Danil\.stmcufinder\plugins\mcufinder
2024-09-14 18:30:31,628 [INFO] ApiDb:250 - Set database path to: C:\Users\Danil\.stmcufinder\plugins\mcufinder//mcu/
2024-09-14 18:30:31,628 [WARN] DbFile:41 - Overriding database path with different value: C:\Users\Danil\.stmcufinder\plugins\mcufinder/ => C:\Users\Danil\.stmcufinder\plugins\mcufinder
2024-09-14 18:30:31,629 [INFO] DbMcusAds:125 - Set database path to: C:\Users\Danil\.stmcufinder\plugins\mcufinder//mcu/
2024-09-14 18:30:31,629 [WARN] DbFile:41 - Overriding database path with different value: C:\Users\Danil\.stmcufinder\plugins\mcufinder/ => C:\Users\Danil\.stmcufinder\plugins\mcufinder
2024-09-14 18:30:31,629 [WARN] DbFile:41 - Overriding database path with different value: C:\Users\Danil\.stmcufinder\plugins\mcufinder/ => C:\Users\Danil\.stmcufinder\plugins\mcufinder
2024-09-14 18:30:31,629 [INFO] CrossReferenceDbSqlite:203 - Set database path to: C:\Users\Danil\.stmcufinder\plugins\mcufinder//mcu/cs/
2024-09-14 18:30:31,653 [INFO] ApplicationProperties:184 - Using Application install path: E:\STM32CubeIDE_1.14.1\STM32CubeIDE\plugins\com.st.stm32cube.common.mx_6.10.0.202311202037
2024-09-14 18:30:31,656 [INFO] PluginManage:196 - Search for loadable plugins [exclusion list=, ]
2024-09-14 18:30:31,657 [INFO] PluginManage:310 - Check plugin analytics
2024-09-14 18:30:31,846 [INFO] AnalyticsPlugin:253 - Accepted Software Licenses: 
2024-09-14 18:30:31,846 [INFO] AnalyticsPlugin:255 - Accepted CMSIS Pack Licenses: 
2024-09-14 18:30:31,847 [INFO] AnalyticsPlugin:257 - Accepted Firmware Licenses: FW.F4.1.28.0
2024-09-14 18:30:31,850 [INFO] PluginManage:359 - Loaded plugin analytics (category:tool,tabindex:-1)
2024-09-14 18:30:31,850 [INFO] PluginManage:310 - Check plugin cadmodel
2024-09-14 18:30:31,871 [INFO] CADModel:105 - Init CAD model plugin
2024-09-14 18:30:31,871 [INFO] PluginManage:359 - Loaded plugin cadmodel (category:power,tabindex:5)
2024-09-14 18:30:31,871 [INFO] PluginManage:310 - Check plugin clock
2024-09-14 18:30:31,890 [INFO] PluginManage:359 - Loaded plugin clock (category:base,tabindex:2)
2024-09-14 18:30:31,890 [INFO] PluginManage:310 - Check plugin ddr
2024-09-14 18:30:31,892 [INFO] PluginManage:359 - Loaded plugin ddr (category:tool,tabindex:6)
2024-09-14 18:30:31,893 [INFO] PluginManage:310 - Check plugin filemanager
2024-09-14 18:30:32,068 [INFO] PluginManage:359 - Loaded plugin filemanager (category:base,tabindex:10)
2024-09-14 18:30:32,069 [INFO] PluginManage:310 - Check plugin ipmanager
2024-09-14 18:30:32,076 [INFO] PluginManage:359 - Loaded plugin ipmanager (category:base,tabindex:5)
2024-09-14 18:30:32,077 [INFO] PluginManage:310 - Check plugin lpbam
2024-09-14 18:30:32,238 [INFO] PluginManage:359 - Loaded plugin lpbam (category:base,tabindex:0)
2024-09-14 18:30:32,238 [INFO] PluginManage:310 - Check plugin memorymap
2024-09-14 18:30:32,384 [INFO] PluginManage:359 - Loaded plugin memorymap (category:base,tabindex:4)
2024-09-14 18:30:32,384 [INFO] PluginManage:310 - Check plugin pinoutandconfiguration
2024-09-14 18:30:32,396 [INFO] PluginManage:359 - Loaded plugin pinoutandconfiguration (category:base,tabindex:1)
2024-09-14 18:30:32,396 [INFO] PluginManage:310 - Check plugin pinoutconfig
2024-09-14 18:30:32,491 [WARN] SupportedApi:132 - Cannot load RTOS API schema: s4s-elt-must-match.1: The content of 'definitions' must match (annotation?, (simpleType | complexType)?, (unique | key | keyref)*)). A problem was found starting at: attribute.
2024-09-14 18:30:32,639 [INFO] PluginManage:359 - Loaded plugin pinoutconfig (category:base,tabindex:0)
2024-09-14 18:30:32,639 [INFO] PluginManage:310 - Check plugin power
2024-09-14 18:30:32,694 [INFO] PluginManage:359 - Loaded plugin power (category:power,tabindex:4)
2024-09-14 18:30:32,694 [INFO] PluginManage:310 - Check plugin projectmanager
2024-09-14 18:30:32,710 [INFO] PluginManage:359 - Loaded plugin projectmanager (category:projectmanager,tabindex:3)
2024-09-14 18:30:32,710 [INFO] PluginManage:310 - Check plugin thirdparty
2024-09-14 18:30:32,928 [INFO] PluginManage:359 - Loaded plugin thirdparty (category:base,tabindex:-1)
2024-09-14 18:30:32,928 [INFO] PluginManage:310 - Check plugin tools
2024-09-14 18:30:32,928 [WARN] IntegrityCheckThread:84 - waiting for thirdparty lock release [integrity check]
2024-09-14 18:30:32,929 [INFO] IntegrityCheckThread:86 - entering critical section [integrity check]
2024-09-14 18:30:32,929 [INFO] ThirdPartyUpdaterWithRetryManager:70 - Updater plugin not ready yet. [1/15]
2024-09-14 18:30:32,950 [INFO] PluginManage:359 - Loaded plugin tools (category:base,tabindex:7)
2024-09-14 18:30:32,950 [INFO] PluginManage:310 - Check plugin tutovideos
2024-09-14 18:30:33,205 [INFO] PluginManage:359 - Loaded plugin tutovideos (category:base,tabindex:-1)
2024-09-14 18:30:33,205 [INFO] PluginManage:310 - Check plugin updater
2024-09-14 18:30:33,215 [INFO] PluginManage:359 - Loaded plugin updater (category:base,tabindex:12)
2024-09-14 18:30:33,215 [INFO] PluginManage:310 - Check plugin userauth
2024-09-14 18:30:33,222 [INFO] UserAuth:114 - Init User Auth plugin
2024-09-14 18:30:33,222 [INFO] PluginManage:359 - Loaded plugin userauth (category:base,tabindex:14)
2024-09-14 18:30:33,223 [INFO] PluginManage:283 - PluginManage : Loaded plugins [17]
2024-09-14 18:30:33,481 [INFO] PinOutPanel:1499 - setPackage(No Configuration,No Configuration)
2024-09-14 18:30:33,555 [INFO] CADModel:165 - CPN selected for project level
2024-09-14 18:30:33,556 [INFO] CADModel:114 - Register for checkConnection events
2024-09-14 18:30:33,616 [INFO] IPUIPlugin:80 - create IPUIPlugin
2024-09-14 18:30:33,617 [INFO] PluginManager:220 - loadIPPluginJar : add adc
2024-09-14 18:30:33,632 [INFO] IPUIPlugin:80 - create IPUIPlugin
2024-09-14 18:30:33,632 [INFO] PluginManager:220 - loadIPPluginJar : add aes
2024-09-14 18:30:33,652 [INFO] IPUIPlugin:80 - create IPUIPlugin
2024-09-14 18:30:33,652 [INFO] PluginManager:220 - loadIPPluginJar : add can
2024-09-14 18:30:33,664 [INFO] IPUIPlugin:80 - create IPUIPlugin
2024-09-14 18:30:33,664 [INFO] PluginManager:220 - loadIPPluginJar : add comp
2024-09-14 18:30:33,680 [INFO] IPUIPlugin:80 - create IPUIPlugin
2024-09-14 18:30:33,680 [INFO] PluginManager:220 - loadIPPluginJar : add cryp
2024-09-14 18:30:33,698 [INFO] IPUIPlugin:80 - create IPUIPlugin
2024-09-14 18:30:33,698 [INFO] PluginManager:220 - loadIPPluginJar : add dfsdm
2024-09-14 18:30:33,741 [INFO] IPUIPlugin:80 - create IPUIPlugin
2024-09-14 18:30:33,742 [INFO] PluginManager:220 - loadIPPluginJar : add dma
2024-09-14 18:30:33,764 [INFO] IPUIPlugin:80 - create IPUIPlugin
2024-09-14 18:30:33,764 [INFO] PluginManager:220 - loadIPPluginJar : add dma3
2024-09-14 18:30:33,775 [INFO] IPUIPlugin:80 - create IPUIPlugin
2024-09-14 18:30:33,775 [INFO] PluginManager:220 - loadIPPluginJar : add fatfs
2024-09-14 18:30:33,796 [INFO] IPUIPlugin:80 - create IPUIPlugin
2024-09-14 18:30:33,796 [INFO] PluginManager:220 - loadIPPluginJar : add fmc
2024-09-14 18:30:33,807 [INFO] IPUIPlugin:80 - create IPUIPlugin
2024-09-14 18:30:33,807 [INFO] PluginManager:220 - loadIPPluginJar : add freertos
2024-09-14 18:30:33,819 [INFO] IPUIPlugin:80 - create IPUIPlugin
2024-09-14 18:30:33,819 [INFO] PluginManager:220 - loadIPPluginJar : add genericplugin
2024-09-14 18:30:33,866 [INFO] IPUIPlugin:80 - create IPUIPlugin
2024-09-14 18:30:33,866 [INFO] PluginManager:220 - loadIPPluginJar : add gfxmmu
2024-09-14 18:30:33,934 [INFO] IPUIPlugin:80 - create IPUIPlugin
2024-09-14 18:30:33,935 [INFO] PluginManager:220 - loadIPPluginJar : add gic
2024-09-14 18:30:34,036 [INFO] IPUIPlugin:80 - create IPUIPlugin
2024-09-14 18:30:34,036 [INFO] PluginManager:220 - loadIPPluginJar : add gpio
2024-09-14 18:30:34,071 [INFO] IPUIPlugin:80 - create IPUIPlugin
2024-09-14 18:30:34,071 [INFO] PluginManager:220 - loadIPPluginJar : add gtzc
2024-09-14 18:30:34,087 [INFO] IPUIPlugin:80 - create IPUIPlugin
2024-09-14 18:30:34,087 [INFO] PluginManager:220 - loadIPPluginJar : add hash
2024-09-14 18:30:34,114 [INFO] IPUIPlugin:80 - create IPUIPlugin
2024-09-14 18:30:34,114 [INFO] PluginManager:220 - loadIPPluginJar : add i2c
2024-09-14 18:30:34,135 [INFO] IPUIPlugin:80 - create IPUIPlugin
2024-09-14 18:30:34,135 [INFO] PluginManager:220 - loadIPPluginJar : add i2s
2024-09-14 18:30:34,157 [INFO] IPUIPlugin:80 - create IPUIPlugin
2024-09-14 18:30:34,157 [INFO] PluginManager:220 - loadIPPluginJar : add i3c
2024-09-14 18:30:34,197 [INFO] IPUIPlugin:80 - create IPUIPlugin
2024-09-14 18:30:34,197 [INFO] PluginManager:220 - loadIPPluginJar : add ipddr
2024-09-14 18:30:34,242 [INFO] IPUIPlugin:80 - create IPUIPlugin
2024-09-14 18:30:34,242 [INFO] PluginManager:220 - loadIPPluginJar : add linkedlist
2024-09-14 18:30:34,260 [INFO] IPUIPlugin:80 - create IPUIPlugin
2024-09-14 18:30:34,260 [INFO] PluginManager:220 - loadIPPluginJar : add lorawan
2024-09-14 18:30:34,278 [INFO] IPUIPlugin:80 - create IPUIPlugin
2024-09-14 18:30:34,279 [INFO] PluginManager:220 - loadIPPluginJar : add ltdc
2024-09-14 18:30:34,371 [INFO] IPUIPlugin:80 - create IPUIPlugin
2024-09-14 18:30:34,372 [INFO] PluginManager:220 - loadIPPluginJar : add mdma
2024-09-14 18:30:34,468 [INFO] IPUIPlugin:80 - create IPUIPlugin
2024-09-14 18:30:34,468 [INFO] PluginManager:220 - loadIPPluginJar : add nvic
2024-09-14 18:30:34,486 [INFO] IPUIPlugin:80 - create IPUIPlugin
2024-09-14 18:30:34,486 [INFO] PluginManager:220 - loadIPPluginJar : add opamp
2024-09-14 18:30:34,517 [INFO] IPUIPlugin:80 - create IPUIPlugin
2024-09-14 18:30:34,517 [INFO] PluginManager:220 - loadIPPluginJar : add openamp
2024-09-14 18:30:34,542 [INFO] IPUIPlugin:80 - create IPUIPlugin
2024-09-14 18:30:34,543 [INFO] PluginManager:220 - loadIPPluginJar : add pdm2pcm
2024-09-14 18:30:34,639 [INFO] IPUIPlugin:80 - create IPUIPlugin
2024-09-14 18:30:34,641 [INFO] PluginManager:220 - loadIPPluginJar : add plateformsettings
2024-09-14 18:30:34,654 [INFO] IPUIPlugin:80 - create IPUIPlugin
2024-09-14 18:30:34,654 [INFO] PluginManager:220 - loadIPPluginJar : add quadspi
2024-09-14 18:30:34,664 [INFO] IPUIPlugin:80 - create IPUIPlugin
2024-09-14 18:30:34,664 [INFO] PluginManager:220 - loadIPPluginJar : add resmgrutility
2024-09-14 18:30:34,685 [INFO] IPUIPlugin:80 - create IPUIPlugin
2024-09-14 18:30:34,685 [INFO] PluginManager:220 - loadIPPluginJar : add sai
2024-09-14 18:30:34,706 [INFO] IPUIPlugin:80 - create IPUIPlugin
2024-09-14 18:30:34,706 [INFO] PluginManager:220 - loadIPPluginJar : add spi
2024-09-14 18:30:34,737 [INFO] IPUIPlugin:80 - create IPUIPlugin
2024-09-14 18:30:34,737 [INFO] PluginManager:220 - loadIPPluginJar : add stm32_wpan
2024-09-14 18:30:34,749 [INFO] IPUIPlugin:80 - create IPUIPlugin
2024-09-14 18:30:34,749 [INFO] PluginManager:220 - loadIPPluginJar : add tim
2024-09-14 18:30:34,776 [INFO] IPUIPlugin:80 - create IPUIPlugin
2024-09-14 18:30:34,777 [INFO] PluginManager:220 - loadIPPluginJar : add touchsensing
2024-09-14 18:30:34,789 [INFO] IPUIPlugin:80 - create IPUIPlugin
2024-09-14 18:30:34,790 [INFO] PluginManager:220 - loadIPPluginJar : add tracer_emb
2024-09-14 18:30:34,802 [INFO] IPUIPlugin:80 - create IPUIPlugin
2024-09-14 18:30:34,802 [INFO] PluginManager:220 - loadIPPluginJar : add ts
2024-09-14 18:30:34,813 [INFO] IPUIPlugin:80 - create IPUIPlugin
2024-09-14 18:30:34,813 [INFO] PluginManager:220 - loadIPPluginJar : add tsc
2024-09-14 18:30:34,825 [INFO] IPUIPlugin:80 - create IPUIPlugin
2024-09-14 18:30:34,825 [INFO] PluginManager:220 - loadIPPluginJar : add ucpd
2024-09-14 18:30:34,844 [INFO] IPUIPlugin:80 - create IPUIPlugin
2024-09-14 18:30:34,844 [INFO] PluginManager:220 - loadIPPluginJar : add usart
2024-09-14 18:30:34,863 [INFO] IPUIPlugin:80 - create IPUIPlugin
2024-09-14 18:30:34,863 [INFO] PluginManager:220 - loadIPPluginJar : add usbx
2024-09-14 18:30:34,994 [INFO] CADModel:165 - CPN selected for project level
2024-09-14 18:30:34,994 [INFO] CADModel:114 - Register for checkConnection events
2024-09-14 18:30:34,995 [FATAL] Updater:308 - Updater called before beeing initialized
2024-09-14 18:30:34,995 [ERROR] CADModel:125 - Updater not yet initialized, retry later 
2024-09-14 18:30:35,175 [INFO] CADModel:165 - CPN selected for project level
2024-09-14 18:30:35,175 [INFO] CADModel:114 - Register for checkConnection events
2024-09-14 18:30:35,175 [FATAL] Updater:308 - Updater called before beeing initialized
2024-09-14 18:30:35,175 [ERROR] CADModel:125 - Updater not yet initialized, retry later 
2024-09-14 18:30:35,179 [FATAL] Updater:308 - Updater called before beeing initialized
2024-09-14 18:30:35,300 [FATAL] Updater:308 - Updater called before beeing initialized
2024-09-14 18:30:35,308 [INFO] DbMcusAds:53 - JSON generation date=Wed Nov 29 18:52:27 IRKT 2023 (1701255147349)
2024-09-14 18:30:35,308 [FATAL] Updater:308 - Updater called before beeing initialized
2024-09-14 18:30:35,372 [WARN] DetailPanel:346 - Failed to get advertising image, set to default
2024-09-14 18:30:35,468 [FATAL] Updater:308 - Updater called before beeing initialized
2024-09-14 18:30:35,469 [FATAL] Updater:308 - Updater called before beeing initialized
2024-09-14 18:30:35,469 [FATAL] Updater:308 - Updater called before beeing initialized
2024-09-14 18:30:35,470 [WARN] DetailPanel:346 - Failed to get advertising image, set to default
2024-09-14 18:30:35,470 [FATAL] Updater:308 - Updater called before beeing initialized
2024-09-14 18:30:35,525 [ERROR] Updater:1120 - MainUpdater not yet initialized. External WinMGr cannot be set.
2024-09-14 18:30:35,531 [INFO] Updater:1056 - Updater Version found : 6.10.0
2024-09-14 18:30:35,548 [INFO] ApplicationProperties:184 - Using Application install path: E:\STM32CubeIDE_1.14.1\STM32CubeIDE\plugins\com.st.stm32cube.common.mx_6.10.0.202311202037
2024-09-14 18:30:35,930 [INFO] ThirdPartyUpdaterWithRetryManager:70 - Updater plugin not ready yet. [2/15]
2024-09-14 18:30:37,125 [ERROR] LogOutputStream:75 - [STDERR_REDIRECT] Sep 14, 2024 6:30:37 PM java.util.prefs.WindowsPreferences <init>
2024-09-14 18:30:37,127 [ERROR] LogOutputStream:75 - [STDERR_REDIRECT] WARNING: Could not open/create prefs root node Software\JavaSoft\Prefs at root 0xffffffff80000002. Windows RegCreateKeyEx(...) returned error code 5.
2024-09-14 18:30:37,127 [ERROR] LogOutputStream:75 - [STDERR_REDIRECT] 
2024-09-14 18:30:37,662 [ERROR] CheckConnectionManager:249 - Problem, Http access forbiden
2024-09-14 18:30:37,671 [INFO] MainUpdater:2873 - connection check result : 22
2024-09-14 18:30:37,673 [INFO] MainUpdater:290 - Updater Check For Update Now.
2024-09-14 18:30:37,673 [INFO] MicroXplorer:498 - Change Database Version : DB.6.0.100
2024-09-14 18:30:37,683 [INFO] McuFinderGlobals:63 - Set McuFinder mode to 2 (CubeIDE integrated)
2024-09-14 18:30:37,756 [INFO] UserAuth:404 - Internet connection configuration mode: 2
2024-09-14 18:30:37,892 [INFO] CheckServerUpdateThread:120 - End of CheckServer Thread
2024-09-14 18:30:39,087 [WARN] PackLoader:240 - Cannot read IP mode file for STMicroelectronics.X-CUBE-SMBUS.2.1.0
2024-09-14 18:30:39,100 [WARN] PackLoader:240 - Cannot read IP mode file for STMicroelectronics.X-CUBE-TOUCHGFX.4.23.0
2024-09-14 18:30:39,108 [WARN] PackLoader:240 - Cannot read IP mode file for STMicroelectronics.X-CUBE-TOUCHGFX.4.23.2
2024-09-14 18:30:39,147 [WARN] PackLoader:240 - Cannot read IP mode file for STMicroelectronics.X-CUBE-AZRTOS-F7.1.1.0
2024-09-14 18:30:39,163 [WARN] PackLoader:240 - Cannot read IP mode file for STMicroelectronics.FP-SNS-MOTENV1.4.3.2
2024-09-14 18:30:39,174 [WARN] PackLoader:240 - Cannot read IP mode file for STMicroelectronics.FP-SNS-FLIGHT1.5.0.2
2024-09-14 18:30:39,192 [WARN] PackLoader:240 - Cannot read IP mode file for STMicroelectronics.X-CUBE-DISPLAY.3.0.0
2024-09-14 18:30:39,209 [WARN] PackLoader:240 - Cannot read IP mode file for STMicroelectronics.X-CUBE-BLE1.7.0.0
2024-09-14 18:30:39,221 [WARN] PackLoader:240 - Cannot read IP mode file for emotas.I-CUBE-CANOPEN.1.3.0
2024-09-14 18:30:39,239 [WARN] PackLoader:240 - Cannot read IP mode file for STMicroelectronics.X-CUBE-BLEMGR.3.1.0
2024-09-14 18:30:39,251 [WARN] PackLoader:240 - Cannot read IP mode file for STMicroelectronics.FP-SNS-SMARTAG2.1.2.0
2024-09-14 18:30:39,287 [INFO] LogOutputStream:77 - [STDOUT_REDIRECT] 1 : Invalid condition id : UX_CORESTACK_Condition cause : null
2024-09-14 18:30:39,288 [INFO] LogOutputStream:77 - [STDOUT_REDIRECT] 1 : Invalid condition id : UX_CORESTACK_Condition cause : null
2024-09-14 18:30:39,290 [INFO] LogOutputStream:77 - [STDOUT_REDIRECT] 1 : Invalid condition id : UX_CORESTACK_Condition cause : null
2024-09-14 18:30:39,291 [INFO] LogOutputStream:77 - [STDOUT_REDIRECT] 1 : Invalid condition id : UX_CORESTACK_Condition cause : null
2024-09-14 18:30:39,292 [INFO] LogOutputStream:77 - [STDOUT_REDIRECT] 1 : Invalid condition id : UX_CORESTACK_Condition cause : null
2024-09-14 18:30:39,296 [WARN] PackLoader:240 - Cannot read IP mode file for STMicroelectronics.X-CUBE-AZRTOS-WL.2.0.0
2024-09-14 18:30:39,310 [WARN] PackLoader:240 - Cannot read IP mode file for STMicroelectronics.FP-SNS-MOTENV1.5.0.0
2024-09-14 18:30:39,326 [WARN] PackLoader:240 - Cannot read IP mode file for WES.I-CUBE-Cesium.1.3.0
2024-09-14 18:30:39,341 [WARN] PackLoader:240 - Cannot read IP mode file for STMicroelectronics.X-CUBE-BLE2.3.3.0
2024-09-14 18:30:39,353 [WARN] PackLoader:240 - Cannot read IP mode file for STMicroelectronics.X-CUBE-TCPP.4.1.0
2024-09-14 18:30:39,369 [WARN] PackLoader:240 - Cannot read IP mode file for STMicroelectronics.X-CUBE-ALGOBUILD.1.3.0
2024-09-14 18:30:39,401 [WARN] PackLoader:240 - Cannot read IP mode file for STMicroelectronics.X-CUBE-AZRTOS-G0.1.1.0
2024-09-14 18:30:39,418 [WARN] PackLoader:240 - Cannot read IP mode file for STMicroelectronics.X-CUBE-SAFEA1.1.2.2
2024-09-14 18:30:39,431 [WARN] PackLoader:240 - Cannot read IP mode file for STMicroelectronics.X-CUBE-NFC4.3.0.0
2024-09-14 18:30:39,448 [WARN] PackLoader:240 - Cannot read IP mode file for STMicroelectronics.X-CUBE-BLEMGR.3.0.0
2024-09-14 18:30:39,458 [WARN] PackLoader:240 - Cannot read IP mode file for STMicroelectronics.FP-ATR-SIGFOX1.3.2.0
2024-09-14 18:30:39,470 [WARN] PackLoader:240 - Cannot read IP mode file for STMicroelectronics.X-CUBE-EEPRMA1.5.1.0
2024-09-14 18:30:39,516 [WARN] PackLoader:240 - Cannot read IP mode file for SEGGER.I-CUBE-embOS.1.3.1
2024-09-14 18:30:39,579 [WARN] PackLoader:240 - Cannot read IP mode file for STMicroelectronics.X-CUBE-GNSS1.6.0.0
2024-09-14 18:30:39,613 [WARN] PackLoader:240 - Cannot read IP mode file for STMicroelectronics.X-CUBE-AZRTOS-F4.1.1.0
2024-09-14 18:30:39,629 [WARN] PackLoader:240 - Cannot read IP mode file for wolfSSL.I-CUBE-wolfSSL.5.6.6
2024-09-14 18:30:39,677 [WARN] PackLoader:240 - Cannot read IP mode file for STMicroelectronics.X-CUBE-AZRTOS-L5.2.0.0
2024-09-14 18:30:39,705 [WARN] PackLoader:240 - Cannot read IP mode file for STMicroelectronics.X-CUBE-NFC6.3.1.0
2024-09-14 18:30:39,724 [WARN] PackLoader:240 - Cannot read IP mode file for ITTIA_DB.I-CUBE-ITTIADB.8.8.0
2024-09-14 18:30:39,740 [WARN] PackLoader:240 - Cannot read IP mode file for STMicroelectronics.X-CUBE-NFC7.1.0.1
2024-09-14 18:30:39,762 [WARN] PackLoader:240 - Cannot read IP mode file for STMicroelectronics.X-CUBE-NFC6.3.0.0
2024-09-14 18:30:39,779 [WARN] PackLoader:240 - Cannot read IP mode file for STMicroelectronics.X-CUBE-AI.8.1.0
2024-09-14 18:30:39,854 [WARN] ConditionMgr:438 - getConditionDescription Invalid condition id : LAN8742 Phy interface Condition cause : null
2024-09-14 18:30:39,855 [WARN] PackLoader:240 - Cannot read IP mode file for STMicroelectronics.X-CUBE-AZRTOS-L4.2.0.0
2024-09-14 18:30:39,857 [WARN] ConditionMgr:1039 - genDependencies : Invalid condition id : LAN8742 Phy interface Condition cause : null
2024-09-14 18:30:39,858 [WARN] ConditionMgr:1039 - genDependencies : Invalid condition id : LAN8742 Phy interface Condition cause : null
2024-09-14 18:30:39,859 [WARN] ConditionMgr:1039 - genDependencies : Invalid condition id : LAN8742 Phy interface Condition cause : null
2024-09-14 18:30:39,881 [WARN] PackLoader:240 - Cannot read IP mode file for STMicroelectronics.X-CUBE-SFXS2LP1.4.0.0
2024-09-14 18:30:39,917 [WARN] ConditionMgr:438 - getConditionDescription Invalid condition id : UX DEVICE CLASS RTOS Condition cause : null
2024-09-14 18:30:39,917 [WARN] ConditionMgr:438 - getConditionDescription Invalid condition id : UX DEVICE CLASS RTOS Condition cause : null
2024-09-14 18:30:39,919 [WARN] PackLoader:240 - Cannot read IP mode file for STMicroelectronics.X-CUBE-AZRTOS-WB.2.0.0
2024-09-14 18:30:39,920 [WARN] ConditionMgr:1039 - genDependencies : Invalid condition id : UX DEVICE CLASS RTOS Condition cause : null
2024-09-14 18:30:39,920 [WARN] ConditionMgr:1039 - genDependencies : Invalid condition id : UX DEVICE CLASS RTOS Condition cause : null
2024-09-14 18:30:39,920 [WARN] ConditionMgr:1039 - genDependencies : Invalid condition id : UX DEVICE CLASS RTOS Condition cause : null
2024-09-14 18:30:39,921 [WARN] ConditionMgr:1039 - genDependencies : Invalid condition id : UX DEVICE CLASS RTOS Condition cause : null
2024-09-14 18:30:39,921 [WARN] ConditionMgr:1039 - genDependencies : Invalid condition id : UX DEVICE CLASS RTOS Condition cause : null
2024-09-14 18:30:39,940 [WARN] PackLoader:240 - Cannot read IP mode file for STMicroelectronics.X-CUBE-SUBG2.5.0.0
2024-09-14 18:30:39,975 [WARN] PackLoader:240 - Cannot read IP mode file for STMicroelectronics.X-CUBE-AZRTOS-G4.2.0.0
2024-09-14 18:30:39,998 [WARN] PackLoader:240 - Cannot read IP mode file for Infineon.AIROC-Wi-Fi-Bluetooth-STM32.1.5.1
2024-09-14 18:30:40,012 [WARN] PackLoader:240 - Cannot read IP mode file for STMicroelectronics.FP-SNS-MOTENVWB1.1.3.1
2024-09-14 18:30:40,022 [WARN] PackLoader:240 - Cannot read IP mode file for STMicroelectronics.X-CUBE-ISPU.2.0.0
2024-09-14 18:30:40,090 [WARN] PackLoader:240 - Cannot read IP mode file for STMicroelectronics.X-CUBE-MEMS1.10.0.0
2024-09-14 18:30:40,277 [WARN] PackLoader:240 - Cannot read IP mode file for STMicroelectronics.X-CUBE-FREERTOS.1.1.0
2024-09-14 18:30:40,294 [WARN] PackLoader:240 - Cannot read IP mode file for portGmbH.I-Cube-SoM-uGOAL.1.1.0
2024-09-14 18:30:40,304 [WARN] PackLoader:240 - Cannot read IP mode file for STMicroelectronics.X-CUBE-ALS.1.0.1
2024-09-14 18:30:40,312 [WARN] PackLoader:240 - Cannot read IP mode file for STMicroelectronics.FP-ATR-ASTRA1.2.0.0
2024-09-14 18:30:40,335 [WARN] PackLoader:240 - Cannot read IP mode file for STMicroelectronics.X-CUBE-TOF1.3.4.0
2024-09-14 18:30:40,365 [WARN] PackLoader:240 - Cannot read IP mode file for STMicroelectronics.X-CUBE-TOF1.3.4.1
2024-09-14 18:30:40,424 [WARN] PackLoader:240 - Cannot read IP mode file for STMicroelectronics.X-CUBE-AZRTOS-H7.3.2.0
2024-09-14 18:30:40,429 [INFO] ThirdParty:978 - Integrity check success = true
2024-09-14 18:30:40,429 [INFO] IntegrityCheckThread:100 - exiting critical section [integrity check]
2024-09-14 18:30:40,429 [INFO] IntegrityCheckThread:103 - End integrity checks thread
2024-09-14 18:30:58,454 [ERROR] LogOutputStream:75 - [STDERR_REDIRECT] SLF4J: Failed to load class "org.slf4j.impl.StaticLoggerBinder".
2024-09-14 18:30:58,455 [ERROR] LogOutputStream:75 - [STDERR_REDIRECT] SLF4J: Defaulting to no-operation (NOP) logger implementation
2024-09-14 18:30:58,456 [ERROR] LogOutputStream:75 - [STDERR_REDIRECT] SLF4J: See http://www.slf4j.org/codes.html#StaticLoggerBinder for further details.
2024-09-14 22:21:53,470 [ERROR] ConfigurationRetriever:142 - IOException on connection: sw-center.st.com
2024-09-14 22:21:53,471 [ERROR] ConfigurationRetriever:142 - IOException on connection: sw-center.st.com
2024-09-14 22:21:53,472 [ERROR] ConfigurationRetriever:142 - IOException on connection: sw-center.st.com
2024-09-14 22:21:53,499 [ERROR] ConfigurationRetriever:142 - IOException on connection: sw-center.st.com
2024-09-14 22:21:53,500 [ERROR] ConfigurationRetriever:142 - IOException on connection: sw-center.st.com
2024-09-14 22:21:53,500 [ERROR] ConfigurationRetriever:142 - IOException on connection: sw-center.st.com
2024-09-14 22:31:00,376 [ERROR] ConfigurationRetriever:142 - IOException on connection: sw-center.st.com
2024-09-14 22:31:00,378 [ERROR] ConfigurationRetriever:142 - IOException on connection: sw-center.st.com
2024-09-14 22:31:00,379 [ERROR] ConfigurationRetriever:142 - IOException on connection: sw-center.st.com
2024-09-14 23:26:47,839 [ERROR] LogOutputStream:75 - [STDERR_REDIRECT] 
