2024-09-07 16:59:26,742 [ERROR] CheckConnectionManager:249 - Problem, Http access forbiden
2024-09-07 16:59:26,746 [INFO] MainUpdater:2873 - connection check result : 22
2024-09-07 16:59:26,789 [INFO] MicroXplorer:468 - Change Database Path : 
2024-09-07 16:59:26,789 [INFO] MicroXplorer:498 - Change Database Version : DB.6.0.100
2024-09-07 16:59:26,799 [ERROR] ProjectManagerView:394 - 
java.lang.NullPointerException: Cannot invoke "javax.swing.JTextField.getText()" because the return value of "java.util.List.get(int)" is null
	at com.st.microxplorer.plugins.projectmanager.gui.ProjectChoiceTab$10.caretUpdate(ProjectChoiceTab.java:2493) ~[filemanager.jar:?]
	at javax.swing.text.JTextComponent.fireCaretUpdate(JTextComponent.java:412) ~[?:?]
	at javax.swing.text.JTextComponent$MutableCaretEvent.fire(JTextComponent.java:4491) ~[?:?]
	at javax.swing.text.JTextComponent$MutableCaretEvent.stateChanged(JTextComponent.java:4513) ~[?:?]
	at javax.swing.text.DefaultCaret.fireStateChanged(DefaultCaret.java:842) ~[?:?]
	at javax.swing.text.DefaultCaret.changeCaretPosition(DefaultCaret.java:1313) ~[?:?]
	at javax.swing.text.DefaultCaret.handleSetDot(DefaultCaret.java:1212) ~[?:?]
	at javax.swing.text.DefaultCaret.setDot(DefaultCaret.java:1193) ~[?:?]
	at javax.swing.text.DefaultCaret$Handler.insertUpdate(DefaultCaret.java:1789) ~[?:?]
	at javax.swing.text.AbstractDocument.fireInsertUpdate(AbstractDocument.java:226) ~[?:?]
	at javax.swing.text.AbstractDocument.handleInsertString(AbstractDocument.java:780) ~[?:?]
	at javax.swing.text.AbstractDocument.insertString(AbstractDocument.java:739) ~[?:?]
	at javax.swing.text.PlainDocument.insertString(PlainDocument.java:131) ~[?:?]
	at javax.swing.text.AbstractDocument.replace(AbstractDocument.java:698) ~[?:?]
	at javax.swing.text.JTextComponent.setText(JTextComponent.java:1729) ~[?:?]
	at com.st.microxplorer.plugins.projectmanager.gui.ProjectChoiceTab.createHeapStackFields(ProjectChoiceTab.java:933) ~[filemanager.jar:?]
	at com.st.microxplorer.plugins.projectmanager.gui.ProjectChoiceTab.buildLinkSettingsPanel(ProjectChoiceTab.java:3426) ~[filemanager.jar:?]
	at com.st.microxplorer.plugins.projectmanager.gui.ProjectChoiceTab.defineWindowsFields(ProjectChoiceTab.java:1813) ~[filemanager.jar:?]
	at com.st.microxplorer.plugins.projectmanager.gui.ProjectChoiceTab.updateSettings(ProjectChoiceTab.java:533) ~[filemanager.jar:?]
	at com.st.microxplorer.plugins.projectmanager.gui.ProjectSettingsPanel.UpdateDialog(ProjectSettingsPanel.java:244) ~[filemanager.jar:?]
	at com.st.microxplorer.plugins.projectmanager.ProjectManagerView.propertyChange(ProjectManagerView.java:391) ~[filemanager.jar:?]
	at java.beans.PropertyChangeSupport.fire(PropertyChangeSupport.java:343) ~[?:?]
	at java.beans.PropertyChangeSupport.firePropertyChange(PropertyChangeSupport.java:335) ~[?:?]
	at java.beans.PropertyChangeSupport.firePropertyChange(PropertyChangeSupport.java:268) ~[?:?]
	at com.st.microxplorer.util.MXPropertyChangeSupport.firePropertyChange(MXPropertyChangeSupport.java:54) ~[STM32CubeMX.jar:?]
	at com.st.microxplorer.mxsystem.MxSystem.closeConfig(MxSystem.java:900) ~[STM32CubeMX.jar:?]
	at com.st.microxplorer.maingui.MainPanel.closeConfig(MainPanel.java:776) ~[STM32CubeMX.jar:?]
	at com.st.microxplorer.plugins.filemanager.engine.OpenFileManager.loadConfigurationFile(OpenFileManager.java:245) ~[filemanager.jar:?]
	at com.st.microxplorer.plugins.filemanager.engine.MainFileManager.userLoadConfig(MainFileManager.java:290) ~[filemanager.jar:?]
	at com.st.microxplorer.plugins.filemanager.FileManagerView.getSpecificTask(FileManagerView.java:247) ~[filemanager.jar:?]
	at com.st.stm32cube.common.mx.editor.CubeMxEditor.getMxTabbedPaneInstance(CubeMxEditor.java:1184) ~[com.st.stm32cube.common.mx_6.10.0.202311202037/:?]
	at com.st.stm32cube.common.mx.editor.CubeMxEditor$12$1.createSwingComponent(CubeMxEditor.java:1065) ~[com.st.stm32cube.common.mx_6.10.0.202311202037/:?]
	at com.st.stm32cube.common.mx.oss.core.awtswtbridge.EmbeddedSwingComposite.doComponentCreation(EmbeddedSwingComposite.java:492) ~[com.st.stm32cube.common.mx.oss_6.10.0.202311202037/:?]
	at com.st.stm32cube.common.mx.oss.core.awtswtbridge.EmbeddedSwingComposite$4.run(EmbeddedSwingComposite.java:291) ~[com.st.stm32cube.common.mx.oss_6.10.0.202311202037/:?]
	at com.st.stm32cube.common.mx.oss.core.awtswtbridge.AwtEnvironment$2.run(AwtEnvironment.java:166) ~[com.st.stm32cube.common.mx.oss_6.10.0.202311202037/:?]
	at java.awt.event.InvocationEvent.dispatch(InvocationEvent.java:318) ~[?:?]
	at java.awt.EventQueue.dispatchEventImpl(EventQueue.java:773) ~[?:?]
	at java.awt.EventQueue$4.run(EventQueue.java:720) ~[?:?]
	at java.awt.EventQueue$4.run(EventQueue.java:714) ~[?:?]
	at java.security.AccessController.doPrivileged(AccessController.java:399) ~[?:?]
	at java.security.ProtectionDomain$JavaSecurityAccessImpl.doIntersectionPrivilege(ProtectionDomain.java:86) ~[?:?]
	at java.awt.EventQueue.dispatchEvent(EventQueue.java:742) ~[?:?]
	at java.awt.EventDispatchThread.pumpOneEventForFilters(EventDispatchThread.java:203) ~[?:?]
	at java.awt.EventDispatchThread.pumpEventsForFilter(EventDispatchThread.java:124) ~[?:?]
	at java.awt.EventDispatchThread.pumpEventsForHierarchy(EventDispatchThread.java:113) ~[?:?]
	at java.awt.EventDispatchThread.pumpEvents(EventDispatchThread.java:109) ~[?:?]
	at java.awt.EventDispatchThread.pumpEvents(EventDispatchThread.java:101) ~[?:?]
	at java.awt.EventDispatchThread.run(EventDispatchThread.java:90) ~[?:?]
2024-09-07 16:59:26,800 [WARN] ThirdParty:871 - waiting for thirdparty lock release [close project]
2024-09-07 16:59:26,800 [INFO] ThirdParty:873 - entering critical section [close project]
2024-09-07 16:59:26,800 [INFO] ThirdParty:883 - exiting critical section [close project]
2024-09-07 16:59:26,801 [INFO] PinOutPanel:1499 - setPackage(No Configuration,No Configuration)
2024-09-07 16:59:26,804 [WARN] IpParametersView:151 - Warning: This peripheral hasn't parameters
2024-09-07 16:59:26,806 [WARN] MainPanel:272 - <html><b><center>Warning: This peripheral has no parameters to be configured<br></b></html>
2024-09-07 16:59:26,820 [INFO] UtilMem:75 - Begin LoadConfig() Used Memory: 371445528 Bytes (1073741824)
2024-09-07 16:59:26,820 [INFO] MicroXplorer:468 - Change Database Path : 
2024-09-07 16:59:26,820 [INFO] MicroXplorer:498 - Change Database Version : DB.6.0.100
2024-09-07 16:59:26,821 [INFO] OpenFileManager:312 - Change cursor
2024-09-07 16:59:26,832 [INFO] RulesReader:64 - Compatibility file has been processed (297 Rules)
2024-09-07 16:59:26,837 [INFO] Mcu:2016 - Initializing MCU STM32F407V(E-G)Tx STM32F407VETx STM32F407VET6
2024-09-07 16:59:27,956 [INFO] Context:659 - Trying to add GPIOservice into a context  which must be forbidden
2024-09-07 16:59:28,187 [INFO] RtosManager:555 - Registered RTOS mode: class=CMSIS, group=RTOS, mode=CMSIS_V1, owner=FREERTOS
2024-09-07 16:59:28,188 [INFO] RtosManager:555 - Registered RTOS mode: class=CMSIS, group=RTOS2, mode=CMSIS_V2, owner=FREERTOS
2024-09-07 16:59:28,188 [INFO] RtosManager:555 - Registered RTOS mode: class=RTOS, group=Core, mode=CMSIS_V1, owner=FREERTOS
2024-09-07 16:59:28,188 [INFO] RtosManager:555 - Registered RTOS mode: class=RTOS, group=Core, mode=CMSIS_V2, owner=FREERTOS
2024-09-07 16:59:28,188 [WARN] ModelIntegratedComponent:184 - Missing modes for component STMicroelectronics:FreeRTOS:0.0.1:STMicroelectronics:RTOS:FreeRTOS:Core:::10.2.0:
2024-09-07 16:59:28,192 [WARN] ModelIntegratedComponent:63 - No mode defined for component null
2024-09-07 16:59:28,193 [WARN] ModelIntegratedComponent:63 - No mode defined for component null
2024-09-07 16:59:28,193 [WARN] ModelIntegratedComponent:63 - No mode defined for component null
2024-09-07 16:59:28,193 [WARN] ModelIntegratedComponent:63 - No mode defined for component null
2024-09-07 16:59:28,193 [WARN] ModelIntegratedComponent:63 - No mode defined for component null
2024-09-07 16:59:28,193 [WARN] ModelIntegratedComponent:63 - No mode defined for component null
2024-09-07 16:59:28,193 [WARN] ModelIntegratedComponent:63 - No mode defined for component null
2024-09-07 16:59:28,193 [WARN] ModelIntegratedComponent:63 - No mode defined for component null
2024-09-07 16:59:28,193 [WARN] ModelIntegratedComponent:63 - No mode defined for component null
2024-09-07 16:59:28,193 [WARN] ModelIntegratedComponent:63 - No mode defined for component null
2024-09-07 16:59:28,193 [WARN] ModelIntegratedComponent:63 - No mode defined for component null
2024-09-07 16:59:28,193 [WARN] ModelIntegratedComponent:63 - No mode defined for component null
2024-09-07 16:59:28,193 [WARN] ModelIntegratedComponent:63 - No mode defined for component null
2024-09-07 16:59:28,193 [WARN] ModelIntegratedComponent:63 - No mode defined for component null
2024-09-07 16:59:28,193 [WARN] ModelIntegratedComponent:63 - No mode defined for component null
2024-09-07 16:59:28,193 [WARN] ModelIntegratedComponent:63 - No mode defined for component null
2024-09-07 16:59:28,193 [WARN] ModelIntegratedComponent:63 - No mode defined for component null
2024-09-07 16:59:28,193 [WARN] ModelIntegratedComponent:63 - No mode defined for component null
2024-09-07 16:59:28,193 [WARN] ModelIntegratedComponent:63 - No mode defined for component null
2024-09-07 16:59:28,193 [WARN] ModelIntegratedComponent:63 - No mode defined for component null
2024-09-07 16:59:28,193 [WARN] ModelIntegratedComponent:63 - No mode defined for component null
2024-09-07 16:59:28,193 [WARN] ModelIntegratedComponent:63 - No mode defined for component null
2024-09-07 16:59:28,193 [WARN] ModelIntegratedComponent:63 - No mode defined for component null
2024-09-07 16:59:28,193 [WARN] ModelIntegratedComponent:63 - No mode defined for component null
2024-09-07 16:59:28,193 [WARN] ModelIntegratedComponent:63 - No mode defined for component null
2024-09-07 16:59:28,193 [WARN] ModelIntegratedComponent:63 - No mode defined for component null
2024-09-07 16:59:28,193 [WARN] ModelIntegratedComponent:63 - No mode defined for component null
2024-09-07 16:59:28,193 [WARN] ModelIntegratedComponent:63 - No mode defined for component null
2024-09-07 16:59:28,193 [WARN] ModelIntegratedComponent:63 - No mode defined for component null
2024-09-07 16:59:28,193 [WARN] ModelIntegratedComponent:63 - No mode defined for component null
2024-09-07 16:59:28,193 [WARN] ModelIntegratedComponent:63 - No mode defined for component null
2024-09-07 16:59:28,193 [WARN] ModelIntegratedComponent:63 - No mode defined for component null
2024-09-07 16:59:28,193 [WARN] ModelIntegratedComponent:63 - No mode defined for component null
2024-09-07 16:59:28,270 [INFO] ThirdPartyModel:298 - Start build external matchings
2024-09-07 16:59:28,632 [INFO] ThirdPartyModel:316 - End build external matchings
2024-09-07 16:59:28,639 [INFO] ImportTextPane:194 - (OptionalMessage_ERROR) IP (DMA) : Parameter (Instance) has Id (USART3_RX) currently not set
2024-09-07 16:59:28,639 [INFO] ImportTextPane:194 - (OptionalMessage_ERROR) IP (DMA) : Parameter (Channel) has Id (USART3_RX) currently not set
2024-09-07 16:59:28,639 [INFO] ImportTextPane:194 - (OptionalMessage_ERROR) IP (DMA) : Parameter (Direction) has Id (USART3_RX) currently not set
2024-09-07 16:59:28,639 [INFO] ImportTextPane:194 - (OptionalMessage_ERROR) IP (DMA) : Parameter (PeriphInc) has Id (USART3_RX) currently not set
2024-09-07 16:59:28,639 [INFO] ImportTextPane:194 - (OptionalMessage_ERROR) IP (DMA) : Parameter (MemInc) has Id (USART3_RX) currently not set
2024-09-07 16:59:28,639 [INFO] ImportTextPane:194 - (OptionalMessage_ERROR) IP (DMA) : Parameter (PeriphDataAlignment) has Id (USART3_RX) currently not set
2024-09-07 16:59:28,639 [INFO] ImportTextPane:194 - (OptionalMessage_ERROR) IP (DMA) : Parameter (MemDataAlignment) has Id (USART3_RX) currently not set
2024-09-07 16:59:28,639 [INFO] ImportTextPane:194 - (OptionalMessage_ERROR) IP (DMA) : Parameter (Mode) has Id (USART3_RX) currently not set
2024-09-07 16:59:28,639 [INFO] ImportTextPane:194 - (OptionalMessage_ERROR) IP (DMA) : Parameter (Priority) has Id (USART3_RX) currently not set
2024-09-07 16:59:28,639 [INFO] ImportTextPane:194 - (OptionalMessage_ERROR) IP (DMA) : Parameter (FIFOMode) has Id (USART3_RX) currently not set
2024-09-07 16:59:28,639 [INFO] ImportTextPane:194 - (OptionalMessage_ERROR) IP (DMA) : Parameter (Instance) has Id (USART3_TX) currently not set
2024-09-07 16:59:28,639 [INFO] ImportTextPane:194 - (OptionalMessage_ERROR) IP (DMA) : Parameter (Channel) has Id (USART3_TX) currently not set
2024-09-07 16:59:28,639 [INFO] ImportTextPane:194 - (OptionalMessage_ERROR) IP (DMA) : Parameter (Direction) has Id (USART3_TX) currently not set
2024-09-07 16:59:28,639 [INFO] ImportTextPane:194 - (OptionalMessage_ERROR) IP (DMA) : Parameter (PeriphInc) has Id (USART3_TX) currently not set
2024-09-07 16:59:28,639 [INFO] ImportTextPane:194 - (OptionalMessage_ERROR) IP (DMA) : Parameter (MemInc) has Id (USART3_TX) currently not set
2024-09-07 16:59:28,639 [INFO] ImportTextPane:194 - (OptionalMessage_ERROR) IP (DMA) : Parameter (PeriphDataAlignment) has Id (USART3_TX) currently not set
2024-09-07 16:59:28,639 [INFO] ImportTextPane:194 - (OptionalMessage_ERROR) IP (DMA) : Parameter (MemDataAlignment) has Id (USART3_TX) currently not set
2024-09-07 16:59:28,639 [INFO] ImportTextPane:194 - (OptionalMessage_ERROR) IP (DMA) : Parameter (Mode) has Id (USART3_TX) currently not set
2024-09-07 16:59:28,639 [INFO] ImportTextPane:194 - (OptionalMessage_ERROR) IP (DMA) : Parameter (Priority) has Id (USART3_TX) currently not set
2024-09-07 16:59:28,640 [INFO] ImportTextPane:194 - (OptionalMessage_ERROR) IP (DMA) : Parameter (FIFOMode) has Id (USART3_TX) currently not set
2024-09-07 16:59:28,640 [INFO] ImportTextPane:194 - (OptionalMessage_ERROR) IP (DMA) : Parameter (FIFOThreshold) has Id (USART3_TX) currently not set
2024-09-07 16:59:28,640 [INFO] ImportTextPane:194 - (OptionalMessage_ERROR) IP (DMA) : Parameter (FIFOThreshold) has invalid value (null)
2024-09-07 16:59:28,640 [INFO] ImportTextPane:194 - (OptionalMessage_ERROR) IP (DMA) : Parameter (MemBurst) has Id (USART3_TX) currently not set
2024-09-07 16:59:28,640 [INFO] ImportTextPane:194 - (OptionalMessage_ERROR) IP (DMA) : Parameter (MemBurst) has invalid value (null)
2024-09-07 16:59:28,640 [INFO] ImportTextPane:194 - (OptionalMessage_ERROR) IP (DMA) : Parameter (PeriphBurst) has Id (USART3_TX) currently not set
2024-09-07 16:59:28,640 [INFO] ImportTextPane:194 - (OptionalMessage_ERROR) IP (DMA) : Parameter (PeriphBurst) has invalid value (null)
2024-09-07 16:59:28,641 [WARN] IP:2119 - CMSIS_VERSION not found: check if there is a RefParameter without a condition.
2024-09-07 16:59:28,644 [WARN] IP:2119 - LWIP_NETIF_HOSTNAME not found: check if there is a RefParameter without a condition.
2024-09-07 16:59:28,665 [INFO] ImportTextPane:194 - (OptionalMessage_ERROR) IP (RCC) : Parameter (RTCHSEDivFreq_Value) has invalid value (12500000)
2024-09-07 16:59:28,665 [WARN] IP:2119 - DEVICE_SERIAL0_CDC_FS not found: check if there is a RefParameter without a condition.
2024-09-07 16:59:28,665 [WARN] IP:2119 - DEVICE_SERIAL1_CDC_FS not found: check if there is a RefParameter without a condition.
2024-09-07 16:59:28,665 [WARN] IP:2119 - DEVICE_SERIAL2_CDC_FS not found: check if there is a RefParameter without a condition.
2024-09-07 16:59:28,892 [INFO] UtilMem:75 - End LoadConfig() Used Memory: 889439832 Bytes (1073741824)
2024-09-07 16:59:28,929 [INFO] MicroXplorer:468 - Change Database Path : 
2024-09-07 16:59:28,929 [INFO] MicroXplorer:498 - Change Database Version : DB.6.0.100
2024-09-07 16:59:28,929 [WARN] ThirdParty:833 - waiting for thirdparty lock release [change project]
2024-09-07 16:59:28,929 [INFO] ThirdParty:835 - entering critical section [change project]
2024-09-07 16:59:28,930 [INFO] ThirdParty:1030 - CMSIS Pack Vendor :STMicroelectronics USBPD 4.1
2024-09-07 16:59:28,930 [INFO] ThirdParty:1030 - CMSIS Pack Vendor :STMicroelectronics X-CUBE-GNSS1 6.0.0
2024-09-07 16:59:28,930 [INFO] ThirdParty:1030 - CMSIS Pack Vendor :STMicroelectronics USB_HOST 2.0.0
2024-09-07 16:59:28,930 [INFO] ThirdParty:1030 - CMSIS Pack Vendor :STMicroelectronics X-CUBE-AZRTOS-F4 1.1.0
2024-09-07 16:59:28,930 [INFO] ThirdParty:1030 - CMSIS Pack Vendor :STMicroelectronics LIBJPEG 8.0.0
2024-09-07 16:59:28,930 [INFO] ThirdParty:1030 - CMSIS Pack Vendor :STMicroelectronics X-CUBE-SMBUS 2.1.0
2024-09-07 16:59:28,930 [INFO] ThirdParty:1030 - CMSIS Pack Vendor :STMicroelectronics USB_DEVICE 3.0.0
2024-09-07 16:59:28,930 [INFO] ThirdParty:1030 - CMSIS Pack Vendor :STMicroelectronics X-CUBE-TCPP 4.1.0
2024-09-07 16:59:28,930 [INFO] ThirdParty:1030 - CMSIS Pack Vendor :STMicroelectronics X-CUBE-AZRTOS-WB 2.0.0
2024-09-07 16:59:28,930 [INFO] ThirdParty:1030 - CMSIS Pack Vendor :wolfSSL I-CUBE-wolfSSL 5.6.6
2024-09-07 16:59:28,930 [INFO] ThirdParty:1030 - CMSIS Pack Vendor :STMicroelectronics X-CUBE-TOUCHGFX 4.23.0
2024-09-07 16:59:28,930 [INFO] ThirdParty:1030 - CMSIS Pack Vendor :STMicroelectronics X-CUBE-TOUCHGFX 4.23.2
2024-09-07 16:59:28,930 [INFO] ThirdParty:1030 - CMSIS Pack Vendor :STMicroelectronics X-CUBE-AZRTOS-F7 1.1.0
2024-09-07 16:59:28,930 [INFO] ThirdParty:1030 - CMSIS Pack Vendor :STMicroelectronics X-CUBE-AZRTOS-L5 2.0.0
2024-09-07 16:59:28,930 [INFO] ThirdParty:1030 - CMSIS Pack Vendor :STMicroelectronics USB_DEVICE 2.0.0
2024-09-07 16:59:28,930 [INFO] ThirdParty:1030 - CMSIS Pack Vendor :STMicroelectronics X-CUBE-NFC6 3.1.0
2024-09-07 16:59:28,930 [INFO] ThirdParty:1030 - CMSIS Pack Vendor :ITTIA_DB I-CUBE-ITTIADB 8.8.0
2024-09-07 16:59:28,930 [INFO] ThirdParty:1030 - CMSIS Pack Vendor :STMicroelectronics FP-SNS-MOTENV1 4.3.2
2024-09-07 16:59:28,930 [INFO] ThirdParty:1030 - CMSIS Pack Vendor :STMicroelectronics X-CUBE-ALGOBUILD 1.3.0
2024-09-07 16:59:28,930 [INFO] ThirdParty:1030 - CMSIS Pack Vendor :STMicroelectronics FreeRTOS 0.0.1
2024-09-07 16:59:28,930 [INFO] ThirdParty:1030 - CMSIS Pack Vendor :STMicroelectronics X-CUBE-AZRTOS-G0 1.1.0
2024-09-07 16:59:28,931 [INFO] ThirdParty:1030 - CMSIS Pack Vendor :STMicroelectronics X-CUBE-SAFEA1 1.2.2
2024-09-07 16:59:28,931 [INFO] ThirdParty:1030 - CMSIS Pack Vendor :STMicroelectronics X-CUBE-NFC4 3.0.0
2024-09-07 16:59:28,931 [INFO] ThirdParty:1030 - CMSIS Pack Vendor :STMicroelectronics X-CUBE-SUBG2 5.0.0
2024-09-07 16:59:28,931 [INFO] ThirdParty:1030 - CMSIS Pack Vendor :STMicroelectronics STM32_WPAN 1.0.0
2024-09-07 16:59:28,931 [INFO] ThirdParty:1030 - CMSIS Pack Vendor :STMicroelectronics lwIP 2.0.3
2024-09-07 16:59:28,931 [INFO] ThirdParty:1030 - CMSIS Pack Vendor :STMicroelectronics FP-SNS-FLIGHT1 5.0.2
2024-09-07 16:59:28,931 [INFO] ThirdParty:1030 - CMSIS Pack Vendor :STMicroelectronics USB_HOST 1.0.0
2024-09-07 16:59:28,931 [INFO] ThirdParty:1030 - CMSIS Pack Vendor :STMicroelectronics X-CUBE-AZRTOS-G4 2.0.0
2024-09-07 16:59:28,931 [INFO] ThirdParty:1030 - CMSIS Pack Vendor :STMicroelectronics PDM2PCM 3.1.0
2024-09-07 16:59:28,931 [INFO] ThirdParty:1030 - CMSIS Pack Vendor :Infineon AIROC-Wi-Fi-Bluetooth-STM32 1.5.1
2024-09-07 16:59:28,931 [INFO] ThirdParty:1030 - CMSIS Pack Vendor :STMicroelectronics X-CUBE-BLEMGR 3.0.0
2024-09-07 16:59:28,931 [INFO] ThirdParty:1030 - CMSIS Pack Vendor :STMicroelectronics PDM2PCM 3.3.0
2024-09-07 16:59:28,931 [INFO] ThirdParty:1030 - CMSIS Pack Vendor :STMicroelectronics X-CUBE-DISPLAY 3.0.0
2024-09-07 16:59:28,931 [INFO] ThirdParty:1030 - CMSIS Pack Vendor :STMicroelectronics FP-SNS-MOTENVWB1 1.3.1
2024-09-07 16:59:28,931 [INFO] ThirdParty:1030 - CMSIS Pack Vendor :STMicroelectronics X-CUBE-BLE1 7.0.0
2024-09-07 16:59:28,931 [INFO] ThirdParty:1030 - CMSIS Pack Vendor :STMicroelectronics FP-ATR-SIGFOX1 3.2.0
2024-09-07 16:59:28,931 [INFO] ThirdParty:1030 - CMSIS Pack Vendor :STMicroelectronics X-CUBE-ISPU 2.0.0
2024-09-07 16:59:28,931 [INFO] ThirdParty:1030 - CMSIS Pack Vendor :STMicroelectronics X-CUBE-EEPRMA1 5.1.0
2024-09-07 16:59:28,931 [INFO] ThirdParty:1030 - CMSIS Pack Vendor :STMicroelectronics HAL Drivers 0.0.0
2024-09-07 16:59:28,931 [INFO] ThirdParty:1030 - CMSIS Pack Vendor :STMicroelectronics MBEDTLS 2.16.2
2024-09-07 16:59:28,931 [INFO] ThirdParty:1030 - CMSIS Pack Vendor :emotas I-CUBE-CANOPEN 1.3.0
2024-09-07 16:59:28,932 [INFO] ThirdParty:1030 - CMSIS Pack Vendor :STMicroelectronics X-CUBE-MEMS1 10.0.0
2024-09-07 16:59:28,932 [INFO] ThirdParty:1030 - CMSIS Pack Vendor :STMicroelectronics X-CUBE-FREERTOS 1.1.0
2024-09-07 16:59:28,932 [INFO] ThirdParty:1030 - CMSIS Pack Vendor :STMicroelectronics X-CUBE-NFC7 1.0.1
2024-09-07 16:59:28,932 [INFO] ThirdParty:1030 - CMSIS Pack Vendor :STMicroelectronics MBEDTLS 2.14.1
2024-09-07 16:59:28,932 [INFO] ThirdParty:1030 - CMSIS Pack Vendor :STMicroelectronics X-CUBE-NFC6 3.0.0
2024-09-07 16:59:28,932 [INFO] ThirdParty:1030 - CMSIS Pack Vendor :portGmbH I-Cube-SoM-uGOAL 1.1.0
2024-09-07 16:59:28,932 [INFO] ThirdParty:1030 - CMSIS Pack Vendor :STMicroelectronics X-CUBE-ALS 1.0.1
2024-09-07 16:59:28,932 [INFO] ThirdParty:1030 - CMSIS Pack Vendor :STMicroelectronics X-CUBE-BLEMGR 3.1.0
2024-09-07 16:59:28,932 [INFO] ThirdParty:1030 - CMSIS Pack Vendor :STMicroelectronics ThreadX 1.0.0
2024-09-07 16:59:28,932 [INFO] ThirdParty:1030 - CMSIS Pack Vendor :STMicroelectronics FP-SNS-SMARTAG2 1.2.0
2024-09-07 16:59:28,932 [INFO] ThirdParty:1030 - CMSIS Pack Vendor :STMicroelectronics X-CUBE-AZRTOS-WL 2.0.0
2024-09-07 16:59:28,932 [INFO] ThirdParty:1030 - CMSIS Pack Vendor :SEGGER I-CUBE-embOS 1.3.1
2024-09-07 16:59:28,932 [INFO] ThirdParty:1030 - CMSIS Pack Vendor :STMicroelectronics FP-SNS-MOTENV1 5.0.0
2024-09-07 16:59:28,932 [INFO] ThirdParty:1030 - CMSIS Pack Vendor :STMicroelectronics USB_DEVICE 1.0.0
2024-09-07 16:59:28,932 [INFO] ThirdParty:1030 - CMSIS Pack Vendor :STMicroelectronics X-CUBE-AI 8.1.0
2024-09-07 16:59:28,932 [INFO] ThirdParty:1030 - CMSIS Pack Vendor :STMicroelectronics X-CUBE-AZRTOS-L4 2.0.0
2024-09-07 16:59:28,932 [INFO] ThirdParty:1030 - CMSIS Pack Vendor :STMicroelectronics ThreadX 0.0.2
2024-09-07 16:59:28,932 [INFO] ThirdParty:1030 - CMSIS Pack Vendor :WES I-CUBE-Cesium 1.3.0
2024-09-07 16:59:28,932 [INFO] ThirdParty:1030 - CMSIS Pack Vendor :STMicroelectronics FP-ATR-ASTRA1 2.0.0
2024-09-07 16:59:28,932 [INFO] ThirdParty:1030 - CMSIS Pack Vendor :STMicroelectronics lwIP 2.1.2
2024-09-07 16:59:28,932 [INFO] ThirdParty:1030 - CMSIS Pack Vendor :STMicroelectronics X-CUBE-SFXS2LP1 4.0.0
2024-09-07 16:59:28,932 [INFO] ThirdParty:1030 - CMSIS Pack Vendor :STMicroelectronics X-CUBE-BLE2 3.3.0
2024-09-07 16:59:28,932 [INFO] ThirdParty:1030 - CMSIS Pack Vendor :STMicroelectronics X-CUBE-TOF1 3.4.0
2024-09-07 16:59:28,932 [INFO] ThirdParty:1030 - CMSIS Pack Vendor :STMicroelectronics X-CUBE-TOF1 3.4.1
2024-09-07 16:59:28,932 [INFO] ThirdParty:1030 - CMSIS Pack Vendor :STMicroelectronics X-CUBE-AZRTOS-H7 3.2.0
2024-09-07 16:59:28,932 [INFO] ThirdParty:1030 - CMSIS Pack Vendor :STMicroelectronics PDM2PCM 3.2.0
2024-09-07 16:59:28,932 [INFO] ThirdParty:841 - exiting critical section [change project]
2024-09-07 16:59:29,140 [INFO] PinOutPanel:1499 - setPackage(No Configuration,No Configuration)
2024-09-07 16:59:29,140 [INFO] PinOutPanel:1499 - setPackage(STM32F407VETx,LQFP100)
2024-09-07 16:59:29,326 [INFO] UtilMem:75 - Before build in PCC Used Memory: 545980056 Bytes (1073741824)
2024-09-07 16:59:29,513 [INFO] UtilMem:75 - After build in PCC Used Memory: 589498008 Bytes (1073741824)
2024-09-07 16:59:29,517 [INFO] ApiDbMcu:508 - Load IP Config File for FATFS
2024-09-07 16:59:29,523 [INFO] ApiDbMcu:508 - Load IP Config File for LWIP
2024-09-07 16:59:29,530 [INFO] ApiDbMcu:508 - Load IP Config File for USB_DEVICE
2024-09-07 16:59:29,547 [INFO] IPUIPlugin:80 - create IPUIPlugin
2024-09-07 16:59:29,547 [INFO] IPUIPlugin:80 - create IPUIPlugin
2024-09-07 16:59:29,547 [INFO] IPUIPlugin:80 - create IPUIPlugin
2024-09-07 16:59:29,547 [INFO] IPUIPlugin:80 - create IPUIPlugin
2024-09-07 16:59:29,547 [INFO] IPUIPlugin:80 - create IPUIPlugin
2024-09-07 16:59:29,547 [INFO] IPUIPlugin:80 - create IPUIPlugin
2024-09-07 16:59:29,548 [INFO] IPUIPlugin:80 - create IPUIPlugin
2024-09-07 16:59:29,548 [INFO] IPUIPlugin:80 - create IPUIPlugin
2024-09-07 16:59:29,548 [INFO] IPUIPlugin:80 - create IPUIPlugin
2024-09-07 16:59:29,548 [INFO] IPUIPlugin:80 - create IPUIPlugin
2024-09-07 16:59:29,548 [INFO] IPUIPlugin:80 - create IPUIPlugin
2024-09-07 16:59:29,548 [INFO] IPUIPlugin:80 - create IPUIPlugin
2024-09-07 16:59:29,548 [INFO] IPUIPlugin:80 - create IPUIPlugin
2024-09-07 16:59:29,548 [INFO] IPUIPlugin:80 - create IPUIPlugin
2024-09-07 16:59:29,548 [INFO] IPUIPlugin:80 - create IPUIPlugin
2024-09-07 16:59:29,548 [INFO] IPUIPlugin:80 - create IPUIPlugin
2024-09-07 16:59:29,548 [INFO] IPUIPlugin:80 - create IPUIPlugin
2024-09-07 16:59:29,548 [INFO] IPUIPlugin:80 - create IPUIPlugin
2024-09-07 16:59:29,549 [INFO] IPUIPlugin:80 - create IPUIPlugin
2024-09-07 16:59:29,549 [INFO] IPUIPlugin:80 - create IPUIPlugin
2024-09-07 16:59:29,549 [INFO] IPUIPlugin:80 - create IPUIPlugin
2024-09-07 16:59:29,549 [INFO] IPUIPlugin:80 - create IPUIPlugin
2024-09-07 16:59:29,549 [INFO] IPUIPlugin:80 - create IPUIPlugin
2024-09-07 16:59:29,549 [INFO] IPUIPlugin:80 - create IPUIPlugin
2024-09-07 16:59:29,549 [INFO] IPUIPlugin:80 - create IPUIPlugin
2024-09-07 16:59:29,549 [INFO] IPUIPlugin:80 - create IPUIPlugin
2024-09-07 16:59:29,550 [INFO] IPUIPlugin:80 - create IPUIPlugin
2024-09-07 16:59:29,550 [INFO] IPUIPlugin:80 - create IPUIPlugin
2024-09-07 16:59:29,550 [INFO] IPUIPlugin:80 - create IPUIPlugin
2024-09-07 16:59:29,550 [INFO] IPUIPlugin:80 - create IPUIPlugin
2024-09-07 16:59:29,550 [INFO] IPUIPlugin:80 - create IPUIPlugin
2024-09-07 16:59:29,550 [INFO] IPUIPlugin:80 - create IPUIPlugin
2024-09-07 16:59:29,551 [INFO] IPUIPlugin:80 - create IPUIPlugin
2024-09-07 16:59:29,551 [INFO] IPUIPlugin:80 - create IPUIPlugin
2024-09-07 16:59:29,551 [INFO] IPUIPlugin:80 - create IPUIPlugin
2024-09-07 16:59:29,551 [INFO] IPUIPlugin:80 - create IPUIPlugin
2024-09-07 16:59:29,551 [INFO] IPUIPlugin:80 - create IPUIPlugin
2024-09-07 16:59:29,552 [INFO] IPUIPlugin:80 - create IPUIPlugin
2024-09-07 16:59:29,552 [INFO] IPUIPlugin:80 - create IPUIPlugin
2024-09-07 16:59:29,552 [INFO] IPUIPlugin:80 - create IPUIPlugin
2024-09-07 16:59:29,552 [INFO] IPUIPlugin:80 - create IPUIPlugin
2024-09-07 16:59:29,552 [INFO] IPUIPlugin:80 - create IPUIPlugin
2024-09-07 16:59:29,552 [INFO] IPUIPlugin:80 - create IPUIPlugin
2024-09-07 16:59:29,553 [INFO] IPUIPlugin:80 - create IPUIPlugin
2024-09-07 16:59:29,553 [INFO] IPUIPlugin:80 - create IPUIPlugin
2024-09-07 16:59:29,553 [INFO] IPUIPlugin:80 - create IPUIPlugin
2024-09-07 16:59:29,553 [INFO] IPUIPlugin:80 - create IPUIPlugin
2024-09-07 16:59:29,554 [INFO] IPUIPlugin:80 - create IPUIPlugin
2024-09-07 16:59:29,554 [INFO] IPUIPlugin:80 - create IPUIPlugin
2024-09-07 16:59:29,554 [INFO] IPUIPlugin:80 - create IPUIPlugin
2024-09-07 16:59:29,554 [INFO] IPUIPlugin:80 - create IPUIPlugin
2024-09-07 16:59:29,555 [INFO] IPUIPlugin:80 - create IPUIPlugin
2024-09-07 16:59:29,555 [INFO] IPUIPlugin:80 - create IPUIPlugin
2024-09-07 16:59:29,555 [INFO] IPUIPlugin:80 - create IPUIPlugin
2024-09-07 16:59:29,555 [INFO] IPUIPlugin:80 - create IPUIPlugin
2024-09-07 16:59:29,556 [INFO] IPUIPlugin:80 - create IPUIPlugin
2024-09-07 16:59:29,556 [INFO] IPUIPlugin:80 - create IPUIPlugin
2024-09-07 16:59:29,557 [INFO] IPUIPlugin:80 - create IPUIPlugin
2024-09-07 16:59:29,559 [INFO] ApiDbMcu:508 - Load IP Config File for PDM2PCM
2024-09-07 16:59:29,607 [INFO] CADModel:165 - CPN selected for project levelSTM32F407VET6
2024-09-07 16:59:29,607 [INFO] CADModel:114 - Register for checkConnection events
2024-09-07 16:59:29,650 [INFO] OpenFileManager:343 - Restore cursor
2024-09-07 16:59:29,776 [WARN] IP:2119 - DEVICE_SERIAL0_CDC_FS not found: check if there is a RefParameter without a condition.
2024-09-07 16:59:29,776 [WARN] IP:2119 - DEVICE_SERIAL1_CDC_FS not found: check if there is a RefParameter without a condition.
2024-09-07 16:59:29,776 [WARN] IP:2119 - DEVICE_SERIAL2_CDC_FS not found: check if there is a RefParameter without a condition.
2024-09-07 16:59:29,777 [WARN] IP:2119 - DEVICE_SERIAL0_CDC_FS not found: check if there is a RefParameter without a condition.
2024-09-07 16:59:29,777 [WARN] IP:2119 - DEVICE_SERIAL1_CDC_FS not found: check if there is a RefParameter without a condition.
2024-09-07 16:59:29,777 [WARN] IP:2119 - DEVICE_SERIAL2_CDC_FS not found: check if there is a RefParameter without a condition.
2024-09-07 16:59:29,796 [WARN] IP:2119 - CMSIS_VERSION not found: check if there is a RefParameter without a condition.
2024-09-07 16:59:29,799 [WARN] IP:2119 - LWIP_NETIF_HOSTNAME not found: check if there is a RefParameter without a condition.
2024-09-07 16:59:29,825 [WARN] IP:2119 - CMSIS_VERSION not found: check if there is a RefParameter without a condition.
2024-09-07 16:59:29,827 [WARN] IP:2119 - LWIP_NETIF_HOSTNAME not found: check if there is a RefParameter without a condition.
2024-09-07 17:00:39,376 [WARN] IP:2119 - DEVICE_SERIAL0_CDC_FS not found: check if there is a RefParameter without a condition.
2024-09-07 17:00:39,376 [WARN] IP:2119 - DEVICE_SERIAL1_CDC_FS not found: check if there is a RefParameter without a condition.
2024-09-07 17:00:39,376 [WARN] IP:2119 - DEVICE_SERIAL2_CDC_FS not found: check if there is a RefParameter without a condition.
2024-09-07 17:00:39,376 [WARN] IP:2119 - DEVICE_SERIAL0_CDC_FS not found: check if there is a RefParameter without a condition.
2024-09-07 17:00:39,376 [WARN] IP:2119 - DEVICE_SERIAL1_CDC_FS not found: check if there is a RefParameter without a condition.
2024-09-07 17:00:39,376 [WARN] IP:2119 - DEVICE_SERIAL2_CDC_FS not found: check if there is a RefParameter without a condition.
2024-09-07 17:00:39,395 [WARN] IP:2119 - CMSIS_VERSION not found: check if there is a RefParameter without a condition.
2024-09-07 17:00:39,398 [WARN] IP:2119 - LWIP_NETIF_HOSTNAME not found: check if there is a RefParameter without a condition.
2024-09-07 17:00:39,424 [WARN] IP:2119 - CMSIS_VERSION not found: check if there is a RefParameter without a condition.
2024-09-07 17:00:39,427 [WARN] IP:2119 - LWIP_NETIF_HOSTNAME not found: check if there is a RefParameter without a condition.
2024-09-07 17:01:26,571 [INFO] NvicIntPanel:101 - NVIC parent = com.st.microxplorer.plugins.ip.nvic.MultiNvicIntPanel[,0,0,561x386,layout=javax.swing.BoxLayout,alignmentX=0.0,alignmentY=0.0,border=,flags=9,maximumSize=,minimumSize=,preferredSize=]
2024-09-07 17:01:33,396 [INFO] UtilMem:75 - End SaveConfig() Used Memory: 527823904 Bytes (1073741824)
2024-09-07 17:01:34,541 [INFO] UtilMem:75 - End SaveConfig() Used Memory: 558754848 Bytes (1073741824)
2024-09-07 17:01:34,958 [INFO] UtilMem:75 - End SaveConfig() Used Memory: 661059120 Bytes (1073741824)
2024-09-07 17:01:35,152 [INFO] ProjectBuilder:2359 - IP not ready for code generation: FATFS
2024-09-07 17:01:36,299 [INFO] BlockDiagram:2759 - set Specific Code input for plugin: USB_OTG_HS
2024-09-07 17:01:36,299 [INFO] BlockDiagram:2759 - set Specific Code input for plugin: SDIO
2024-09-07 17:01:36,299 [INFO] BlockDiagram:2759 - set Specific Code input for plugin: USB_DEVICE
2024-09-07 17:01:36,299 [INFO] BlockDiagram:2759 - set Specific Code input for plugin: SYS
2024-09-07 17:01:36,299 [INFO] BlockDiagram:2759 - set Specific Code input for plugin: RCC
2024-09-07 17:01:36,299 [INFO] BlockDiagram:2759 - set Specific Code input for plugin: USB_OTG_FS
2024-09-07 17:01:36,299 [INFO] BlockDiagram:2759 - set Specific Code input for plugin: NVIC
2024-09-07 17:01:36,300 [INFO] BlockDiagram:2759 - set Specific Code input for plugin: LWIP
2024-09-07 17:01:36,300 [INFO] BlockDiagram:2759 - set Specific Code input for plugin: USART
2024-09-07 17:01:36,300 [INFO] BlockDiagram:2759 - set Specific Code input for plugin: DMA
2024-09-07 17:01:36,300 [INFO] BlockDiagram:2759 - set Specific Code input for plugin: GPIO
2024-09-07 17:01:36,300 [INFO] BlockDiagram:2759 - set Specific Code input for plugin: ETH
2024-09-07 17:01:36,300 [INFO] BlockDiagram:2759 - set Specific Code input for plugin: FATFS
2024-09-07 17:01:36,300 [INFO] CodeGenerator:807 - code generatio: config db path: E:\STM32CubeIDE_1.14.1\STM32CubeIDE\plugins\com.st.stm32cube.common.mx_6.10.0.202311202037\\db\
2024-09-07 17:01:36,307 [WARN] IP:2119 - CMSIS_VERSION not found: check if there is a RefParameter without a condition.
2024-09-07 17:01:36,309 [WARN] IP:2119 - LWIP_NETIF_HOSTNAME not found: check if there is a RefParameter without a condition.
2024-09-07 17:01:36,383 [INFO] Argument:325 - Argument : hdmavalue: null
2024-09-07 17:01:36,383 [INFO] Argument:327 - 	 sub Args: 
2024-09-07 17:01:36,383 [INFO] Argument:325 - Argument : Instancevalue: DMA1_Stream1
2024-09-07 17:01:36,383 [INFO] Argument:335 - Argument : Instancevalue: DMA1_Stream1
2024-09-07 17:01:36,383 [INFO] Argument:325 - Argument : Initvalue: null
2024-09-07 17:01:36,383 [INFO] Argument:327 - 	 sub Args: 
2024-09-07 17:01:36,383 [INFO] Argument:325 - Argument : Channelvalue: DMA_CHANNEL_4
2024-09-07 17:01:36,383 [INFO] Argument:335 - Argument : Channelvalue: DMA_CHANNEL_4
2024-09-07 17:01:36,383 [INFO] Argument:325 - Argument : Directionvalue: DMA_PERIPH_TO_MEMORY
2024-09-07 17:01:36,383 [INFO] Argument:335 - Argument : Directionvalue: DMA_PERIPH_TO_MEMORY
2024-09-07 17:01:36,383 [INFO] Argument:325 - Argument : PeriphIncvalue: DMA_PINC_DISABLE
2024-09-07 17:01:36,383 [INFO] Argument:335 - Argument : PeriphIncvalue: DMA_PINC_DISABLE
2024-09-07 17:01:36,383 [INFO] Argument:325 - Argument : MemIncvalue: DMA_MINC_ENABLE
2024-09-07 17:01:36,383 [INFO] Argument:335 - Argument : MemIncvalue: DMA_MINC_ENABLE
2024-09-07 17:01:36,383 [INFO] Argument:325 - Argument : PeriphDataAlignmentvalue: DMA_PDATAALIGN_BYTE
2024-09-07 17:01:36,383 [INFO] Argument:335 - Argument : PeriphDataAlignmentvalue: DMA_PDATAALIGN_BYTE
2024-09-07 17:01:36,383 [INFO] Argument:325 - Argument : MemDataAlignmentvalue: DMA_MDATAALIGN_BYTE
2024-09-07 17:01:36,383 [INFO] Argument:335 - Argument : MemDataAlignmentvalue: DMA_MDATAALIGN_BYTE
2024-09-07 17:01:36,383 [INFO] Argument:325 - Argument : Modevalue: DMA_NORMAL
2024-09-07 17:01:36,383 [INFO] Argument:335 - Argument : Modevalue: DMA_NORMAL
2024-09-07 17:01:36,383 [INFO] Argument:325 - Argument : Priorityvalue: DMA_PRIORITY_LOW
2024-09-07 17:01:36,383 [INFO] Argument:335 - Argument : Priorityvalue: DMA_PRIORITY_LOW
2024-09-07 17:01:36,383 [INFO] Argument:325 - Argument : FIFOModevalue: DMA_FIFOMODE_DISABLE
2024-09-07 17:01:36,383 [INFO] Argument:335 - Argument : FIFOModevalue: DMA_FIFOMODE_DISABLE
2024-09-07 17:01:36,383 [INFO] Argument:325 - Argument : FIFOThresholdvalue: null
2024-09-07 17:01:36,383 [INFO] Argument:335 - Argument : FIFOThresholdvalue: null
2024-09-07 17:01:36,383 [INFO] Argument:325 - Argument : MemBurstvalue: null
2024-09-07 17:01:36,383 [INFO] Argument:335 - Argument : MemBurstvalue: null
2024-09-07 17:01:36,383 [INFO] Argument:325 - Argument : PeriphBurstvalue: null
2024-09-07 17:01:36,383 [INFO] Argument:335 - Argument : PeriphBurstvalue: null
2024-09-07 17:01:36,383 [INFO] Argument:325 - Argument : Lockvalue: null
2024-09-07 17:01:36,383 [INFO] Argument:335 - Argument : Lockvalue: null
2024-09-07 17:01:36,383 [INFO] Argument:325 - Argument : Statevalue: null
2024-09-07 17:01:36,383 [INFO] Argument:335 - Argument : Statevalue: null
2024-09-07 17:01:36,383 [INFO] Argument:325 - Argument : Parentvalue: null
2024-09-07 17:01:36,383 [INFO] Argument:335 - Argument : Parentvalue: null
2024-09-07 17:01:36,383 [INFO] Argument:325 - Argument : XferCpltCallbackvalue: null
2024-09-07 17:01:36,383 [INFO] Argument:335 - Argument : XferCpltCallbackvalue: null
2024-09-07 17:01:36,383 [INFO] Argument:325 - Argument : XferHalfCpltCallbackvalue: null
2024-09-07 17:01:36,383 [INFO] Argument:335 - Argument : XferHalfCpltCallbackvalue: null
2024-09-07 17:01:36,383 [INFO] Argument:325 - Argument : XferM1CpltCallbackvalue: null
2024-09-07 17:01:36,383 [INFO] Argument:335 - Argument : XferM1CpltCallbackvalue: null
2024-09-07 17:01:36,383 [INFO] Argument:325 - Argument : XferErrorCallbackvalue: null
2024-09-07 17:01:36,383 [INFO] Argument:335 - Argument : XferErrorCallbackvalue: null
2024-09-07 17:01:36,383 [INFO] Argument:325 - Argument : ErrorCodevalue: null
2024-09-07 17:01:36,383 [INFO] Argument:335 - Argument : ErrorCodevalue: null
2024-09-07 17:01:36,384 [INFO] Argument:325 - Argument : hdmavalue: null
2024-09-07 17:01:36,384 [INFO] Argument:327 - 	 sub Args: 
2024-09-07 17:01:36,384 [INFO] Argument:325 - Argument : Instancevalue: DMA1_Stream3
2024-09-07 17:01:36,384 [INFO] Argument:335 - Argument : Instancevalue: DMA1_Stream3
2024-09-07 17:01:36,384 [INFO] Argument:325 - Argument : Initvalue: null
2024-09-07 17:01:36,384 [INFO] Argument:327 - 	 sub Args: 
2024-09-07 17:01:36,384 [INFO] Argument:325 - Argument : Channelvalue: DMA_CHANNEL_4
2024-09-07 17:01:36,384 [INFO] Argument:335 - Argument : Channelvalue: DMA_CHANNEL_4
2024-09-07 17:01:36,384 [INFO] Argument:325 - Argument : Directionvalue: DMA_MEMORY_TO_PERIPH
2024-09-07 17:01:36,384 [INFO] Argument:335 - Argument : Directionvalue: DMA_MEMORY_TO_PERIPH
2024-09-07 17:01:36,384 [INFO] Argument:325 - Argument : PeriphIncvalue: DMA_PINC_DISABLE
2024-09-07 17:01:36,384 [INFO] Argument:335 - Argument : PeriphIncvalue: DMA_PINC_DISABLE
2024-09-07 17:01:36,384 [INFO] Argument:325 - Argument : MemIncvalue: DMA_MINC_ENABLE
2024-09-07 17:01:36,384 [INFO] Argument:335 - Argument : MemIncvalue: DMA_MINC_ENABLE
2024-09-07 17:01:36,384 [INFO] Argument:325 - Argument : PeriphDataAlignmentvalue: DMA_PDATAALIGN_BYTE
2024-09-07 17:01:36,384 [INFO] Argument:335 - Argument : PeriphDataAlignmentvalue: DMA_PDATAALIGN_BYTE
2024-09-07 17:01:36,384 [INFO] Argument:325 - Argument : MemDataAlignmentvalue: DMA_MDATAALIGN_BYTE
2024-09-07 17:01:36,384 [INFO] Argument:335 - Argument : MemDataAlignmentvalue: DMA_MDATAALIGN_BYTE
2024-09-07 17:01:36,384 [INFO] Argument:325 - Argument : Modevalue: DMA_NORMAL
2024-09-07 17:01:36,384 [INFO] Argument:335 - Argument : Modevalue: DMA_NORMAL
2024-09-07 17:01:36,384 [INFO] Argument:325 - Argument : Priorityvalue: DMA_PRIORITY_LOW
2024-09-07 17:01:36,384 [INFO] Argument:335 - Argument : Priorityvalue: DMA_PRIORITY_LOW
2024-09-07 17:01:36,384 [INFO] Argument:325 - Argument : FIFOModevalue: DMA_FIFOMODE_ENABLE
2024-09-07 17:01:36,384 [INFO] Argument:335 - Argument : FIFOModevalue: DMA_FIFOMODE_ENABLE
2024-09-07 17:01:36,384 [INFO] Argument:325 - Argument : FIFOThresholdvalue: DMA_FIFO_THRESHOLD_FULL
2024-09-07 17:01:36,384 [INFO] Argument:335 - Argument : FIFOThresholdvalue: DMA_FIFO_THRESHOLD_FULL
2024-09-07 17:01:36,384 [INFO] Argument:325 - Argument : MemBurstvalue: DMA_MBURST_SINGLE
2024-09-07 17:01:36,384 [INFO] Argument:335 - Argument : MemBurstvalue: DMA_MBURST_SINGLE
2024-09-07 17:01:36,385 [INFO] Argument:325 - Argument : PeriphBurstvalue: DMA_PBURST_SINGLE
2024-09-07 17:01:36,385 [INFO] Argument:335 - Argument : PeriphBurstvalue: DMA_PBURST_SINGLE
2024-09-07 17:01:36,385 [INFO] Argument:325 - Argument : Lockvalue: null
2024-09-07 17:01:36,385 [INFO] Argument:335 - Argument : Lockvalue: null
2024-09-07 17:01:36,385 [INFO] Argument:325 - Argument : Statevalue: null
2024-09-07 17:01:36,385 [INFO] Argument:335 - Argument : Statevalue: null
2024-09-07 17:01:36,385 [INFO] Argument:325 - Argument : Parentvalue: null
2024-09-07 17:01:36,385 [INFO] Argument:335 - Argument : Parentvalue: null
2024-09-07 17:01:36,385 [INFO] Argument:325 - Argument : XferCpltCallbackvalue: null
2024-09-07 17:01:36,385 [INFO] Argument:335 - Argument : XferCpltCallbackvalue: null
2024-09-07 17:01:36,385 [INFO] Argument:325 - Argument : XferHalfCpltCallbackvalue: null
2024-09-07 17:01:36,385 [INFO] Argument:335 - Argument : XferHalfCpltCallbackvalue: null
2024-09-07 17:01:36,385 [INFO] Argument:325 - Argument : XferM1CpltCallbackvalue: null
2024-09-07 17:01:36,385 [INFO] Argument:335 - Argument : XferM1CpltCallbackvalue: null
2024-09-07 17:01:36,385 [INFO] Argument:325 - Argument : XferErrorCallbackvalue: null
2024-09-07 17:01:36,385 [INFO] Argument:335 - Argument : XferErrorCallbackvalue: null
2024-09-07 17:01:36,385 [INFO] Argument:325 - Argument : ErrorCodevalue: null
2024-09-07 17:01:36,385 [INFO] Argument:335 - Argument : ErrorCodevalue: null
2024-09-07 17:01:36,386 [WARN] IP:2119 - DEVICE_SERIAL0_CDC_FS not found: check if there is a RefParameter without a condition.
2024-09-07 17:01:36,386 [WARN] IP:2119 - DEVICE_SERIAL1_CDC_FS not found: check if there is a RefParameter without a condition.
2024-09-07 17:01:36,386 [WARN] IP:2119 - DEVICE_SERIAL2_CDC_FS not found: check if there is a RefParameter without a condition.
2024-09-07 17:01:36,563 [INFO] CodeEngine:255 - oldGeneratedFile, D:\STM32CubeIDE\Study\Study\MXTmpFiles\license.tmp_save
2024-09-07 17:01:36,638 [INFO] CodeEngine:279 - Generated code: D:\STM32CubeIDE\Study\Study\MXTmpFiles\license.tmp
2024-09-07 17:01:36,685 [INFO] CodeEngine:255 - oldGeneratedFile, D:\STM32CubeIDE\Study\Study\MXTmpFiles\gpio.tmp_save
2024-09-07 17:01:36,750 [INFO] CodeEngine:279 - Generated code: D:\STM32CubeIDE\Study\Study\MXTmpFiles\gpio.tmp
2024-09-07 17:01:36,828 [INFO] CodeEngine:255 - oldGeneratedFile, D:\STM32CubeIDE\Study\Study\MXTmpFiles\eth_vars.tmp_save
2024-09-07 17:01:36,940 [INFO] CodeEngine:279 - Generated code: D:\STM32CubeIDE\Study\Study\MXTmpFiles\eth_vars.tmp
2024-09-07 17:01:36,944 [INFO] CodeEngine:255 - oldGeneratedFile, D:\STM32CubeIDE\Study\Study\MXTmpFiles\eth_inc.tmp_save
2024-09-07 17:01:37,037 [INFO] CodeEngine:279 - Generated code: D:\STM32CubeIDE\Study\Study\MXTmpFiles\eth_inc.tmp
2024-09-07 17:01:37,040 [INFO] CodeEngine:255 - oldGeneratedFile, D:\STM32CubeIDE\Study\Study\MXTmpFiles\eth_HalInit.tmp_save
2024-09-07 17:01:37,125 [INFO] CodeEngine:279 - Generated code: D:\STM32CubeIDE\Study\Study\MXTmpFiles\eth_HalInit.tmp
2024-09-07 17:01:37,129 [INFO] CodeEngine:255 - oldGeneratedFile, D:\STM32CubeIDE\Study\Study\MXTmpFiles\eth_Msp.tmp_save
2024-09-07 17:01:37,200 [INFO] CodeEngine:279 - Generated code: D:\STM32CubeIDE\Study\Study\MXTmpFiles\eth_Msp.tmp
2024-09-07 17:01:37,206 [INFO] CodeEngine:255 - oldGeneratedFile, D:\STM32CubeIDE\Study\Study\MXTmpFiles\eth_vars.tmp_save
2024-09-07 17:01:37,259 [INFO] CodeEngine:279 - Generated code: D:\STM32CubeIDE\Study\Study\MXTmpFiles\eth_vars.tmp
2024-09-07 17:01:37,262 [INFO] CodeEngine:255 - oldGeneratedFile, D:\STM32CubeIDE\Study\Study\MXTmpFiles\eth_inc.tmp_save
2024-09-07 17:01:37,330 [INFO] CodeEngine:279 - Generated code: D:\STM32CubeIDE\Study\Study\MXTmpFiles\eth_inc.tmp
2024-09-07 17:01:37,335 [INFO] CodeEngine:255 - oldGeneratedFile, D:\STM32CubeIDE\Study\Study\MXTmpFiles\eth_HalInit.tmp_save
2024-09-07 17:01:37,400 [INFO] CodeEngine:279 - Generated code: D:\STM32CubeIDE\Study\Study\MXTmpFiles\eth_HalInit.tmp
2024-09-07 17:01:37,403 [INFO] CodeEngine:255 - oldGeneratedFile, D:\STM32CubeIDE\Study\Study\MXTmpFiles\eth_Msp.tmp_save
2024-09-07 17:01:37,481 [INFO] CodeEngine:279 - Generated code: D:\STM32CubeIDE\Study\Study\MXTmpFiles\eth_Msp.tmp
2024-09-07 17:01:37,517 [WARN] IPConfigManager:2946 - Warning: the RefConfig PWREx_EnableUSBVoltageDetector is not available in your config.xml file
2024-09-07 17:01:37,533 [WARN] IPConfigManager:2946 - Warning: the RefConfig PWREx_EnableUSBVoltageDetector is not available in your config.xml file
2024-09-07 17:01:37,538 [INFO] CodeEngine:255 - oldGeneratedFile, D:\STM32CubeIDE\Study\Study\MXTmpFiles\usb_otg_hs_vars.tmp_save
2024-09-07 17:01:37,596 [INFO] CodeEngine:279 - Generated code: D:\STM32CubeIDE\Study\Study\MXTmpFiles\usb_otg_hs_vars.tmp
2024-09-07 17:01:37,599 [INFO] CodeEngine:255 - oldGeneratedFile, D:\STM32CubeIDE\Study\Study\MXTmpFiles\usb_otg_hs_inc.tmp_save
2024-09-07 17:01:37,652 [INFO] CodeEngine:279 - Generated code: D:\STM32CubeIDE\Study\Study\MXTmpFiles\usb_otg_hs_inc.tmp
2024-09-07 17:01:37,654 [INFO] CodeEngine:255 - oldGeneratedFile, D:\STM32CubeIDE\Study\Study\MXTmpFiles\usb_otg_hs_HalInit.tmp_save
2024-09-07 17:01:37,718 [INFO] CodeEngine:279 - Generated code: D:\STM32CubeIDE\Study\Study\MXTmpFiles\usb_otg_hs_HalInit.tmp
2024-09-07 17:01:37,720 [INFO] CodeEngine:255 - oldGeneratedFile, D:\STM32CubeIDE\Study\Study\MXTmpFiles\usb_otg_hs_Msp.tmp_save
2024-09-07 17:01:37,787 [INFO] CodeEngine:279 - Generated code: D:\STM32CubeIDE\Study\Study\MXTmpFiles\usb_otg_hs_Msp.tmp
2024-09-07 17:01:37,819 [WARN] IPConfigManager:2946 - Warning: the RefConfig PWREx_EnableUSBVoltageDetector is not available in your config.xml file
2024-09-07 17:01:37,833 [WARN] IPConfigManager:2946 - Warning: the RefConfig PWREx_EnableUSBVoltageDetector is not available in your config.xml file
2024-09-07 17:01:37,839 [INFO] CodeEngine:255 - oldGeneratedFile, D:\STM32CubeIDE\Study\Study\MXTmpFiles\usb_otg_fs_vars.tmp_save
2024-09-07 17:01:37,892 [INFO] CodeEngine:279 - Generated code: D:\STM32CubeIDE\Study\Study\MXTmpFiles\usb_otg_fs_vars.tmp
2024-09-07 17:01:37,895 [INFO] CodeEngine:255 - oldGeneratedFile, D:\STM32CubeIDE\Study\Study\MXTmpFiles\usb_otg_fs_inc.tmp_save
2024-09-07 17:01:37,951 [INFO] CodeEngine:279 - Generated code: D:\STM32CubeIDE\Study\Study\MXTmpFiles\usb_otg_fs_inc.tmp
2024-09-07 17:01:37,953 [INFO] CodeEngine:255 - oldGeneratedFile, D:\STM32CubeIDE\Study\Study\MXTmpFiles\usb_otg_fs_HalInit.tmp_save
2024-09-07 17:01:38,022 [INFO] CodeEngine:279 - Generated code: D:\STM32CubeIDE\Study\Study\MXTmpFiles\usb_otg_fs_HalInit.tmp
2024-09-07 17:01:38,025 [INFO] CodeEngine:255 - oldGeneratedFile, D:\STM32CubeIDE\Study\Study\MXTmpFiles\usb_otg_fs_Msp.tmp_save
2024-09-07 17:01:38,096 [INFO] CodeEngine:279 - Generated code: D:\STM32CubeIDE\Study\Study\MXTmpFiles\usb_otg_fs_Msp.tmp
2024-09-07 17:01:38,317 [WARN] IPConfigManager:2946 - Warning: the RefConfig PWREx_EnableUSBVoltageDetector is not available in your config.xml file
2024-09-07 17:01:38,344 [WARN] IPConfigManager:2946 - Warning: the RefConfig PWREx_EnableUSBVoltageDetector is not available in your config.xml file
2024-09-07 17:01:38,359 [INFO] Middleware:1439 - No code input for Bsp Dependency
2024-09-07 17:01:38,367 [INFO] CodeEngine:255 - oldGeneratedFile, D:\STM32CubeIDE\Study\Study\MXTmpFiles\fatfs_HalInit.tmp_save
2024-09-07 17:01:38,433 [INFO] CodeEngine:279 - Generated code: D:\STM32CubeIDE\Study\Study\MXTmpFiles\fatfs_HalInit.tmp
2024-09-07 17:01:38,437 [INFO] CodeEngine:255 - oldGeneratedFile, D:\STM32CubeIDE\Study\Study\MXTmpFiles\fatfs_vars.tmp_save
2024-09-07 17:01:38,521 [INFO] CodeEngine:279 - Generated code: D:\STM32CubeIDE\Study\Study\MXTmpFiles\fatfs_vars.tmp
2024-09-07 17:01:38,525 [INFO] CodeEngine:255 - oldGeneratedFile, D:\STM32CubeIDE\Study\Study\MXTmpFiles\fatfs_ext_vars.tmp_save
2024-09-07 17:01:38,586 [INFO] CodeEngine:279 - Generated code: D:\STM32CubeIDE\Study\Study\MXTmpFiles\fatfs_ext_vars.tmp
2024-09-07 17:01:38,590 [INFO] CodeEngine:255 - oldGeneratedFile, D:\STM32CubeIDE\Study\Study\MXTmpFiles\fatfs_inc.tmp_save
2024-09-07 17:01:38,687 [INFO] CodeEngine:279 - Generated code: D:\STM32CubeIDE\Study\Study\MXTmpFiles\fatfs_inc.tmp
2024-09-07 17:01:38,701 [INFO] Middleware:1439 - No code input for Bsp Dependency
2024-09-07 17:01:38,716 [INFO] Middleware:1439 - No code input for Bsp Dependency
2024-09-07 17:01:38,724 [INFO] Middleware:1439 - No code input for Bsp Dependency
2024-09-07 17:01:38,775 [INFO] CodeEngine:255 - oldGeneratedFile, D:\STM32CubeIDE\Study\Study\MXTmpFiles\dma.tmp_save
2024-09-07 17:01:38,854 [INFO] CodeEngine:279 - Generated code: D:\STM32CubeIDE\Study\Study\MXTmpFiles\dma.tmp
2024-09-07 17:01:38,858 [INFO] CodeEngine:255 - oldGeneratedFile, D:\STM32CubeIDE\Study\Study\MXTmpFiles\dma_GV.tmp_save
2024-09-07 17:01:38,927 [INFO] CodeEngine:279 - Generated code: D:\STM32CubeIDE\Study\Study\MXTmpFiles\dma_GV.tmp
2024-09-07 17:01:38,929 [INFO] Middleware:1439 - No code input for Bsp Dependency
2024-09-07 17:01:38,935 [INFO] CodeEngine:255 - oldGeneratedFile, D:\STM32CubeIDE\Study\Study\MXTmpFiles\fatfs_HalInit.tmp_save
2024-09-07 17:01:39,007 [INFO] CodeEngine:279 - Generated code: D:\STM32CubeIDE\Study\Study\MXTmpFiles\fatfs_HalInit.tmp
2024-09-07 17:01:39,011 [INFO] CodeEngine:255 - oldGeneratedFile, D:\STM32CubeIDE\Study\Study\MXTmpFiles\fatfs_vars.tmp_save
2024-09-07 17:01:39,070 [INFO] CodeEngine:279 - Generated code: D:\STM32CubeIDE\Study\Study\MXTmpFiles\fatfs_vars.tmp
2024-09-07 17:01:39,074 [INFO] CodeEngine:255 - oldGeneratedFile, D:\STM32CubeIDE\Study\Study\MXTmpFiles\fatfs_ext_vars.tmp_save
2024-09-07 17:01:39,147 [INFO] CodeEngine:279 - Generated code: D:\STM32CubeIDE\Study\Study\MXTmpFiles\fatfs_ext_vars.tmp
2024-09-07 17:01:39,150 [INFO] CodeEngine:255 - oldGeneratedFile, D:\STM32CubeIDE\Study\Study\MXTmpFiles\fatfs_inc.tmp_save
2024-09-07 17:01:39,209 [INFO] CodeEngine:279 - Generated code: D:\STM32CubeIDE\Study\Study\MXTmpFiles\fatfs_inc.tmp
2024-09-07 17:01:39,214 [INFO] CodeEngine:255 - oldGeneratedFile, D:\STM32CubeIDE\Study\Study\FATFS\Target\ffconf.h_save
2024-09-07 17:01:39,295 [INFO] CodeEngine:279 - Generated code: D:\STM32CubeIDE\Study\Study\FATFS\Target\ffconf.h
2024-09-07 17:01:39,301 [INFO] CodeEngine:255 - oldGeneratedFile, D:\STM32CubeIDE\Study\Study\FATFS\Target\bsp_driver_sd.c_save
2024-09-07 17:01:39,383 [INFO] CodeEngine:279 - Generated code: D:\STM32CubeIDE\Study\Study\FATFS\Target\bsp_driver_sd.c
2024-09-07 17:01:39,387 [INFO] CodeEngine:255 - oldGeneratedFile, D:\STM32CubeIDE\Study\Study\FATFS\Target\bsp_driver_sd.h_save
2024-09-07 17:01:39,446 [INFO] CodeEngine:279 - Generated code: D:\STM32CubeIDE\Study\Study\FATFS\Target\bsp_driver_sd.h
2024-09-07 17:01:39,451 [INFO] CodeEngine:255 - oldGeneratedFile, D:\STM32CubeIDE\Study\Study\FATFS\Target\sd_diskio.h_save
2024-09-07 17:01:39,504 [INFO] CodeEngine:279 - Generated code: D:\STM32CubeIDE\Study\Study\FATFS\Target\sd_diskio.h
2024-09-07 17:01:39,509 [INFO] CodeEngine:255 - oldGeneratedFile, D:\STM32CubeIDE\Study\Study\FATFS\Target\sd_diskio.c_save
2024-09-07 17:01:39,569 [INFO] CodeEngine:279 - Generated code: D:\STM32CubeIDE\Study\Study\FATFS\Target\sd_diskio.c
2024-09-07 17:01:39,574 [INFO] CodeEngine:255 - oldGeneratedFile, D:\STM32CubeIDE\Study\Study\FATFS\App\fatfs.c_save
2024-09-07 17:01:39,626 [INFO] CodeEngine:279 - Generated code: D:\STM32CubeIDE\Study\Study\FATFS\App\fatfs.c
2024-09-07 17:01:39,631 [INFO] CodeEngine:255 - oldGeneratedFile, D:\STM32CubeIDE\Study\Study\FATFS\App\fatfs.h_save
2024-09-07 17:01:39,683 [INFO] CodeEngine:279 - Generated code: D:\STM32CubeIDE\Study\Study\FATFS\App\fatfs.h
2024-09-07 17:01:39,692 [INFO] Middleware:1439 - No code input for Bsp Dependency
2024-09-07 17:01:39,706 [INFO] CodeEngine:255 - oldGeneratedFile, D:\STM32CubeIDE\Study\Study\LWIP\App\lwip.c_save
2024-09-07 17:01:39,765 [INFO] CodeEngine:279 - Generated code: D:\STM32CubeIDE\Study\Study\LWIP\App\lwip.c
2024-09-07 17:01:39,769 [INFO] CodeEngine:255 - oldGeneratedFile, D:\STM32CubeIDE\Study\Study\LWIP\App\lwip.h_save
2024-09-07 17:01:39,823 [INFO] CodeEngine:279 - Generated code: D:\STM32CubeIDE\Study\Study\LWIP\App\lwip.h
2024-09-07 17:01:39,828 [INFO] CodeEngine:255 - oldGeneratedFile, D:\STM32CubeIDE\Study\Study\LWIP\Target\lwipopts.h_save
2024-09-07 17:01:39,979 [INFO] CodeEngine:279 - Generated code: D:\STM32CubeIDE\Study\Study\LWIP\Target\lwipopts.h
2024-09-07 17:01:39,984 [INFO] CodeEngine:255 - oldGeneratedFile, D:\STM32CubeIDE\Study\Study\LWIP\Target\ethernetif.c_save
2024-09-07 17:01:40,052 [INFO] CodeEngine:279 - Generated code: D:\STM32CubeIDE\Study\Study\LWIP\Target\ethernetif.c
2024-09-07 17:01:40,058 [INFO] CodeEngine:255 - oldGeneratedFile, D:\STM32CubeIDE\Study\Study\LWIP\Target\ethernetif.h_save
2024-09-07 17:01:40,109 [INFO] CodeEngine:279 - Generated code: D:\STM32CubeIDE\Study\Study\LWIP\Target\ethernetif.h
2024-09-07 17:01:40,117 [INFO] Middleware:1439 - No code input for Bsp Dependency
2024-09-07 17:01:40,121 [INFO] Middleware:1439 - No code input for Bsp Dependency
2024-09-07 17:01:40,128 [INFO] CodeEngine:255 - oldGeneratedFile, D:\STM32CubeIDE\Study\Study\USB_DEVICE\App\usb_device.c_save
2024-09-07 17:01:40,186 [INFO] CodeEngine:279 - Generated code: D:\STM32CubeIDE\Study\Study\USB_DEVICE\App\usb_device.c
2024-09-07 17:01:40,191 [INFO] CodeEngine:255 - oldGeneratedFile, D:\STM32CubeIDE\Study\Study\USB_DEVICE\App\usb_device.h_save
2024-09-07 17:01:40,256 [INFO] CodeEngine:279 - Generated code: D:\STM32CubeIDE\Study\Study\USB_DEVICE\App\usb_device.h
2024-09-07 17:01:40,262 [INFO] CodeEngine:255 - oldGeneratedFile, D:\STM32CubeIDE\Study\Study\USB_DEVICE\Target\usbd_conf.h_save
2024-09-07 17:01:40,330 [INFO] CodeEngine:279 - Generated code: D:\STM32CubeIDE\Study\Study\USB_DEVICE\Target\usbd_conf.h
2024-09-07 17:01:40,334 [INFO] CodeEngine:255 - oldGeneratedFile, D:\STM32CubeIDE\Study\Study\USB_DEVICE\Target\usbd_conf.c_save
2024-09-07 17:01:40,408 [INFO] CodeEngine:279 - Generated code: D:\STM32CubeIDE\Study\Study\USB_DEVICE\Target\usbd_conf.c
2024-09-07 17:01:40,413 [INFO] CodeEngine:255 - oldGeneratedFile, D:\STM32CubeIDE\Study\Study\USB_DEVICE\App\usbd_desc.h_save
2024-09-07 17:01:40,469 [INFO] CodeEngine:279 - Generated code: D:\STM32CubeIDE\Study\Study\USB_DEVICE\App\usbd_desc.h
2024-09-07 17:01:40,474 [INFO] CodeEngine:255 - oldGeneratedFile, D:\STM32CubeIDE\Study\Study\USB_DEVICE\App\usbd_desc.c_save
2024-09-07 17:01:40,551 [INFO] CodeEngine:279 - Generated code: D:\STM32CubeIDE\Study\Study\USB_DEVICE\App\usbd_desc.c
2024-09-07 17:01:40,557 [INFO] CodeEngine:255 - oldGeneratedFile, D:\STM32CubeIDE\Study\Study\USB_DEVICE\App\usbd_storage_if.h_save
2024-09-07 17:01:40,616 [INFO] CodeEngine:279 - Generated code: D:\STM32CubeIDE\Study\Study\USB_DEVICE\App\usbd_storage_if.h
2024-09-07 17:01:40,620 [INFO] CodeEngine:255 - oldGeneratedFile, D:\STM32CubeIDE\Study\Study\USB_DEVICE\App\usbd_storage_if.c_save
2024-09-07 17:01:40,688 [INFO] CodeEngine:279 - Generated code: D:\STM32CubeIDE\Study\Study\USB_DEVICE\App\usbd_storage_if.c
2024-09-07 17:01:40,694 [INFO] CodeEngine:255 - oldGeneratedFile, D:\STM32CubeIDE\Study\Study\USB_DEVICE\App\usbd_cdc_if.h_save
2024-09-07 17:01:40,753 [INFO] CodeEngine:279 - Generated code: D:\STM32CubeIDE\Study\Study\USB_DEVICE\App\usbd_cdc_if.h
2024-09-07 17:01:40,758 [INFO] CodeEngine:255 - oldGeneratedFile, D:\STM32CubeIDE\Study\Study\USB_DEVICE\App\usbd_cdc_if.c_save
2024-09-07 17:01:40,826 [INFO] CodeEngine:279 - Generated code: D:\STM32CubeIDE\Study\Study\USB_DEVICE\App\usbd_cdc_if.c
2024-09-07 17:01:40,843 [INFO] CodeEngine:255 - oldGeneratedFile, D:\STM32CubeIDE\Study\Study\Core\Src\stm32f4xx_it.c_save
2024-09-07 17:01:40,994 [INFO] CodeEngine:279 - Generated code: D:\STM32CubeIDE\Study\Study\Core\Src\stm32f4xx_it.c
2024-09-07 17:01:40,999 [INFO] CodeEngine:255 - oldGeneratedFile, D:\STM32CubeIDE\Study\Study\Core\Inc\stm32f4xx_it.h_save
2024-09-07 17:01:41,049 [INFO] CodeEngine:279 - Generated code: D:\STM32CubeIDE\Study\Study\Core\Inc\stm32f4xx_it.h
2024-09-07 17:01:41,061 [INFO] CodeEngine:255 - oldGeneratedFile, D:\STM32CubeIDE\Study\Study\Core\Src\stm32f4xx_hal_msp.c_save
2024-09-07 17:01:41,141 [INFO] CodeEngine:279 - Generated code: D:\STM32CubeIDE\Study\Study\Core\Src\stm32f4xx_hal_msp.c
2024-09-07 17:01:41,144 [INFO] CodeEngine:255 - oldGeneratedFile, D:\STM32CubeIDE\Study\Study\MXTmpFiles\system.tmp_save
2024-09-07 17:01:41,194 [INFO] CodeEngine:279 - Generated code: D:\STM32CubeIDE\Study\Study\MXTmpFiles\system.tmp
2024-09-07 17:01:41,201 [INFO] CodeEngine:311 - oldGeneratedFile, D:\STM32CubeIDE\Study\Study\Core\Inc\stm32f4xx_hal_conf.h_save
2024-09-07 17:01:41,267 [INFO] CodeEngine:335 - Generated code: D:\STM32CubeIDE\Study\Study\Core\Inc\stm32f4xx_hal_conf.h
2024-09-07 17:01:41,291 [INFO] CodeEngine:255 - oldGeneratedFile, D:\STM32CubeIDE\Study\Study\Core\Inc\main.h_save
2024-09-07 17:01:41,357 [INFO] CodeEngine:279 - Generated code: D:\STM32CubeIDE\Study\Study\Core\Inc\main.h
2024-09-07 17:01:41,361 [INFO] CodeEngine:255 - oldGeneratedFile, D:\STM32CubeIDE\Study\Study\Core\Src\main.c_save
2024-09-07 17:01:41,446 [INFO] CodeEngine:279 - Generated code: D:\STM32CubeIDE\Study\Study\Core\Src\main.c
2024-09-07 17:01:42,413 [INFO] ProjectBuilder:3076 - Time for Copy HAL[1] : 476mS.
2024-09-07 17:01:42,424 [INFO] ProjectBuilder:4485 - Project Generator version: 4.2.0-B44
2024-09-07 17:01:42,605 [INFO] ConfigFileManager:1495 - The Die is : DIE413
2024-09-07 17:01:42,610 [INFO] ApiDbMcu:508 - Load IP Config File for FREERTOS
2024-09-07 17:01:42,613 [INFO] ApiDbMcu:508 - Load IP Config File for LIBJPEG
2024-09-07 17:01:42,618 [INFO] ApiDbMcu:508 - Load IP Config File for MBEDTLS
2024-09-07 17:01:42,621 [INFO] ApiDbMcu:508 - Load IP Config File for USB_HOST
2024-09-07 17:01:44,807 [INFO] ProjectBuilder:4747 - Time for Generating toolchain IDE Files: 2383mS.
2024-09-07 17:01:44,808 [INFO] ProjectBuilder:2947 - Time for Copy CMSIS : 1mS.
2024-09-07 17:01:44,818 [INFO] ProjectBuilder:2947 - Time for Copy CMSIS : 0mS.
